17_05_11:09 openset_imagenet.binary_ensemble_combined_emnist INFO: ============ Data ============
17_05_11:09 openset_imagenet.binary_ensemble_combined_emnist INFO: train_len:28895, labels:30
17_05_11:09 openset_imagenet.binary_ensemble_combined_emnist INFO: val_len:7224, labels:30
17_05_11:09 openset_imagenet.binary_ensemble_combined_emnist INFO: Using Negatives for Training: False
17_05_11:09 openset_imagenet.binary_ensemble_combined_emnist INFO: ========== Training ==========
17_05_11:09 openset_imagenet.binary_ensemble_combined_emnist INFO: Initial epoch: 0
17_05_11:09 openset_imagenet.binary_ensemble_combined_emnist INFO: Last epoch: 100
17_05_11:09 openset_imagenet.binary_ensemble_combined_emnist INFO: Batch size: 32
17_05_11:09 openset_imagenet.binary_ensemble_combined_emnist INFO: workers: 4
17_05_11:09 openset_imagenet.binary_ensemble_combined_emnist INFO: Loss: bce
17_05_11:09 openset_imagenet.binary_ensemble_combined_emnist INFO: optimizer: adam
17_05_11:09 openset_imagenet.binary_ensemble_combined_emnist INFO: Learning rate: 0.001
17_05_11:09 openset_imagenet.binary_ensemble_combined_emnist INFO: Device: 4
17_05_11:09 openset_imagenet.binary_ensemble_combined_emnist INFO: Number of binary outputs: 10
17_05_11:09 openset_imagenet.binary_ensemble_combined_emnist INFO: Using following approach to generate sets: random
17_05_11:09 openset_imagenet.binary_ensemble_combined_emnist INFO: Training...
17_05_11:14 openset_imagenet.binary_ensemble_combined_emnist INFO: loss:bce protocol:2 ep:0 train:{'j': 0.694} val:{'j': 0.698, 'conf_kn': 0.517, 'conf_unk': 0.000} t:254.1s v:22.6s
17_05_11:14 openset_imagenet.binary_ensemble_combined_emnist INFO: Saving best model experiments/ex_5/net_6/bce_binary_ensemble_combined_imagenet_best.pth at epoch: 0
17_05_11:18 openset_imagenet.binary_ensemble_combined_emnist INFO: loss:bce protocol:2 ep:1 train:{'j': 0.687} val:{'j': 0.688, 'conf_kn': 0.548, 'conf_unk': 0.000} t:255.6s v:25.6s
17_05_11:18 openset_imagenet.binary_ensemble_combined_emnist INFO: Saving best model experiments/ex_5/net_6/bce_binary_ensemble_combined_imagenet_best.pth at epoch: 1
17_05_11:23 openset_imagenet.binary_ensemble_combined_emnist INFO: loss:bce protocol:2 ep:2 train:{'j': 0.685} val:{'j': 0.687, 'conf_kn': 0.546, 'conf_unk': 0.000} t:256.6s v:25.3s
17_05_11:28 openset_imagenet.binary_ensemble_combined_emnist INFO: loss:bce protocol:2 ep:3 train:{'j': 0.682} val:{'j': 0.688, 'conf_kn': 0.553, 'conf_unk': 0.000} t:255.3s v:22.9s
17_05_11:28 openset_imagenet.binary_ensemble_combined_emnist INFO: Saving best model experiments/ex_5/net_6/bce_binary_ensemble_combined_imagenet_best.pth at epoch: 3
17_05_11:32 openset_imagenet.binary_ensemble_combined_emnist INFO: loss:bce protocol:2 ep:4 train:{'j': 0.680} val:{'j': 0.682, 'conf_kn': 0.565, 'conf_unk': 0.000} t:254.6s v:25.0s
17_05_11:32 openset_imagenet.binary_ensemble_combined_emnist INFO: Saving best model experiments/ex_5/net_6/bce_binary_ensemble_combined_imagenet_best.pth at epoch: 4
17_05_11:37 openset_imagenet.binary_ensemble_combined_emnist INFO: loss:bce protocol:2 ep:5 train:{'j': 0.676} val:{'j': 0.680, 'conf_kn': 0.564, 'conf_unk': 0.000} t:252.9s v:25.4s
17_05_11:41 openset_imagenet.binary_ensemble_combined_emnist INFO: loss:bce protocol:2 ep:6 train:{'j': 0.673} val:{'j': 0.673, 'conf_kn': 0.578, 'conf_unk': 0.000} t:204.4s v:10.4s
17_05_11:41 openset_imagenet.binary_ensemble_combined_emnist INFO: Saving best model experiments/ex_5/net_6/bce_binary_ensemble_combined_imagenet_best.pth at epoch: 6
17_05_11:43 openset_imagenet.binary_ensemble_combined_emnist INFO: loss:bce protocol:2 ep:7 train:{'j': 0.668} val:{'j': 0.682, 'conf_kn': 0.570, 'conf_unk': 0.000} t:119.4s v:10.3s
17_05_11:45 openset_imagenet.binary_ensemble_combined_emnist INFO: loss:bce protocol:2 ep:8 train:{'j': 0.664} val:{'j': 0.671, 'conf_kn': 0.586, 'conf_unk': 0.000} t:119.4s v:10.7s
17_05_11:45 openset_imagenet.binary_ensemble_combined_emnist INFO: Saving best model experiments/ex_5/net_6/bce_binary_ensemble_combined_imagenet_best.pth at epoch: 8
17_05_11:47 openset_imagenet.binary_ensemble_combined_emnist INFO: loss:bce protocol:2 ep:9 train:{'j': 0.659} val:{'j': 0.655, 'conf_kn': 0.607, 'conf_unk': 0.000} t:119.2s v:10.4s
17_05_11:47 openset_imagenet.binary_ensemble_combined_emnist INFO: Saving best model experiments/ex_5/net_6/bce_binary_ensemble_combined_imagenet_best.pth at epoch: 9
17_05_11:49 openset_imagenet.binary_ensemble_combined_emnist INFO: loss:bce protocol:2 ep:10 train:{'j': 0.653} val:{'j': 0.649, 'conf_kn': 0.615, 'conf_unk': 0.000} t:119.7s v:10.4s
17_05_11:49 openset_imagenet.binary_ensemble_combined_emnist INFO: Saving best model experiments/ex_5/net_6/bce_binary_ensemble_combined_imagenet_best.pth at epoch: 10
17_05_11:52 openset_imagenet.binary_ensemble_combined_emnist INFO: loss:bce protocol:2 ep:11 train:{'j': 0.646} val:{'j': 0.651, 'conf_kn': 0.611, 'conf_unk': 0.000} t:119.1s v:10.5s
17_05_11:54 openset_imagenet.binary_ensemble_combined_emnist INFO: loss:bce protocol:2 ep:12 train:{'j': 0.638} val:{'j': 0.682, 'conf_kn': 0.570, 'conf_unk': 0.000} t:119.2s v:10.3s
17_05_11:56 openset_imagenet.binary_ensemble_combined_emnist INFO: loss:bce protocol:2 ep:13 train:{'j': 0.629} val:{'j': 0.700, 'conf_kn': 0.587, 'conf_unk': 0.000} t:119.0s v:10.6s
17_05_11:58 openset_imagenet.binary_ensemble_combined_emnist INFO: loss:bce protocol:2 ep:14 train:{'j': 0.619} val:{'j': 0.675, 'conf_kn': 0.607, 'conf_unk': 0.000} t:119.1s v:10.5s
17_05_12:00 openset_imagenet.binary_ensemble_combined_emnist INFO: loss:bce protocol:2 ep:15 train:{'j': 0.607} val:{'j': 0.653, 'conf_kn': 0.633, 'conf_unk': 0.000} t:119.2s v:10.7s
17_05_12:00 openset_imagenet.binary_ensemble_combined_emnist INFO: Saving best model experiments/ex_5/net_6/bce_binary_ensemble_combined_imagenet_best.pth at epoch: 15
17_05_12:03 openset_imagenet.binary_ensemble_combined_emnist INFO: loss:bce protocol:2 ep:16 train:{'j': 0.596} val:{'j': 0.683, 'conf_kn': 0.602, 'conf_unk': 0.000} t:119.1s v:10.5s
17_05_12:05 openset_imagenet.binary_ensemble_combined_emnist INFO: loss:bce protocol:2 ep:17 train:{'j': 0.585} val:{'j': 0.599, 'conf_kn': 0.673, 'conf_unk': 0.000} t:118.8s v:10.8s
17_05_12:05 openset_imagenet.binary_ensemble_combined_emnist INFO: Saving best model experiments/ex_5/net_6/bce_binary_ensemble_combined_imagenet_best.pth at epoch: 17
17_05_12:07 openset_imagenet.binary_ensemble_combined_emnist INFO: loss:bce protocol:2 ep:18 train:{'j': 0.574} val:{'j': 0.578, 'conf_kn': 0.693, 'conf_unk': 0.000} t:118.6s v:10.1s
17_05_12:07 openset_imagenet.binary_ensemble_combined_emnist INFO: Saving best model experiments/ex_5/net_6/bce_binary_ensemble_combined_imagenet_best.pth at epoch: 18
17_05_12:09 openset_imagenet.binary_ensemble_combined_emnist INFO: loss:bce protocol:2 ep:19 train:{'j': 0.564} val:{'j': 0.618, 'conf_kn': 0.669, 'conf_unk': 0.000} t:118.5s v:10.3s
17_05_12:11 openset_imagenet.binary_ensemble_combined_emnist INFO: loss:bce protocol:2 ep:20 train:{'j': 0.550} val:{'j': 0.573, 'conf_kn': 0.695, 'conf_unk': 0.000} t:118.5s v:10.1s
17_05_12:11 openset_imagenet.binary_ensemble_combined_emnist INFO: Saving best model experiments/ex_5/net_6/bce_binary_ensemble_combined_imagenet_best.pth at epoch: 20
17_05_12:13 openset_imagenet.binary_ensemble_combined_emnist INFO: loss:bce protocol:2 ep:21 train:{'j': 0.542} val:{'j': 0.569, 'conf_kn': 0.713, 'conf_unk': 0.000} t:118.5s v:10.2s
17_05_12:13 openset_imagenet.binary_ensemble_combined_emnist INFO: Saving best model experiments/ex_5/net_6/bce_binary_ensemble_combined_imagenet_best.pth at epoch: 21
17_05_12:16 openset_imagenet.binary_ensemble_combined_emnist INFO: loss:bce protocol:2 ep:22 train:{'j': 0.532} val:{'j': 0.596, 'conf_kn': 0.691, 'conf_unk': 0.000} t:118.3s v:10.5s
17_05_12:18 openset_imagenet.binary_ensemble_combined_emnist INFO: loss:bce protocol:2 ep:23 train:{'j': 0.523} val:{'j': 0.633, 'conf_kn': 0.655, 'conf_unk': 0.000} t:118.9s v:10.6s
17_05_12:20 openset_imagenet.binary_ensemble_combined_emnist INFO: loss:bce protocol:2 ep:24 train:{'j': 0.513} val:{'j': 0.533, 'conf_kn': 0.725, 'conf_unk': 0.000} t:118.9s v:10.2s
17_05_12:20 openset_imagenet.binary_ensemble_combined_emnist INFO: Saving best model experiments/ex_5/net_6/bce_binary_ensemble_combined_imagenet_best.pth at epoch: 24
17_05_12:22 openset_imagenet.binary_ensemble_combined_emnist INFO: loss:bce protocol:2 ep:25 train:{'j': 0.505} val:{'j': 0.658, 'conf_kn': 0.653, 'conf_unk': 0.000} t:118.2s v:10.1s
17_05_12:24 openset_imagenet.binary_ensemble_combined_emnist INFO: loss:bce protocol:2 ep:26 train:{'j': 0.495} val:{'j': 0.705, 'conf_kn': 0.637, 'conf_unk': 0.000} t:118.6s v:10.3s
17_05_12:26 openset_imagenet.binary_ensemble_combined_emnist INFO: loss:bce protocol:2 ep:27 train:{'j': 0.487} val:{'j': 0.496, 'conf_kn': 0.746, 'conf_unk': 0.000} t:118.7s v:10.5s
17_05_12:26 openset_imagenet.binary_ensemble_combined_emnist INFO: Saving best model experiments/ex_5/net_6/bce_binary_ensemble_combined_imagenet_best.pth at epoch: 27
17_05_12:29 openset_imagenet.binary_ensemble_combined_emnist INFO: loss:bce protocol:2 ep:28 train:{'j': 0.480} val:{'j': 0.544, 'conf_kn': 0.724, 'conf_unk': 0.000} t:118.7s v:10.2s
17_05_12:31 openset_imagenet.binary_ensemble_combined_emnist INFO: loss:bce protocol:2 ep:29 train:{'j': 0.469} val:{'j': 0.532, 'conf_kn': 0.733, 'conf_unk': 0.000} t:118.7s v:10.5s
17_05_12:33 openset_imagenet.binary_ensemble_combined_emnist INFO: loss:bce protocol:2 ep:30 train:{'j': 0.464} val:{'j': 0.820, 'conf_kn': 0.618, 'conf_unk': 0.000} t:118.8s v:10.2s
17_05_12:35 openset_imagenet.binary_ensemble_combined_emnist INFO: loss:bce protocol:2 ep:31 train:{'j': 0.458} val:{'j': 0.542, 'conf_kn': 0.734, 'conf_unk': 0.000} t:118.8s v:10.3s
17_05_12:37 openset_imagenet.binary_ensemble_combined_emnist INFO: loss:bce protocol:2 ep:32 train:{'j': 0.451} val:{'j': 0.617, 'conf_kn': 0.701, 'conf_unk': 0.000} t:118.7s v:10.2s
17_05_12:39 openset_imagenet.binary_ensemble_combined_emnist INFO: loss:bce protocol:2 ep:33 train:{'j': 0.443} val:{'j': 0.517, 'conf_kn': 0.743, 'conf_unk': 0.000} t:118.8s v:10.2s
17_05_12:41 openset_imagenet.binary_ensemble_combined_emnist INFO: loss:bce protocol:2 ep:34 train:{'j': 0.438} val:{'j': 0.520, 'conf_kn': 0.737, 'conf_unk': 0.000} t:118.8s v:10.3s
17_05_12:44 openset_imagenet.binary_ensemble_combined_emnist INFO: loss:bce protocol:2 ep:35 train:{'j': 0.431} val:{'j': 0.479, 'conf_kn': 0.762, 'conf_unk': 0.000} t:118.7s v:10.2s
17_05_12:44 openset_imagenet.binary_ensemble_combined_emnist INFO: Saving best model experiments/ex_5/net_6/bce_binary_ensemble_combined_imagenet_best.pth at epoch: 35
17_05_12:46 openset_imagenet.binary_ensemble_combined_emnist INFO: loss:bce protocol:2 ep:36 train:{'j': 0.424} val:{'j': 0.496, 'conf_kn': 0.757, 'conf_unk': 0.000} t:118.7s v:10.3s
17_05_12:48 openset_imagenet.binary_ensemble_combined_emnist INFO: loss:bce protocol:2 ep:37 train:{'j': 0.415} val:{'j': 0.510, 'conf_kn': 0.754, 'conf_unk': 0.000} t:118.7s v:10.3s
17_05_12:50 openset_imagenet.binary_ensemble_combined_emnist INFO: loss:bce protocol:2 ep:38 train:{'j': 0.413} val:{'j': 0.511, 'conf_kn': 0.749, 'conf_unk': 0.000} t:118.9s v:10.2s
17_05_12:52 openset_imagenet.binary_ensemble_combined_emnist INFO: loss:bce protocol:2 ep:39 train:{'j': 0.405} val:{'j': 0.469, 'conf_kn': 0.774, 'conf_unk': 0.000} t:118.7s v:10.1s
17_05_12:52 openset_imagenet.binary_ensemble_combined_emnist INFO: Saving best model experiments/ex_5/net_6/bce_binary_ensemble_combined_imagenet_best.pth at epoch: 39
17_05_12:54 openset_imagenet.binary_ensemble_combined_emnist INFO: loss:bce protocol:2 ep:40 train:{'j': 0.394} val:{'j': 0.464, 'conf_kn': 0.778, 'conf_unk': 0.000} t:118.7s v:10.2s
17_05_12:55 openset_imagenet.binary_ensemble_combined_emnist INFO: Saving best model experiments/ex_5/net_6/bce_binary_ensemble_combined_imagenet_best.pth at epoch: 40
17_05_12:57 openset_imagenet.binary_ensemble_combined_emnist INFO: loss:bce protocol:2 ep:41 train:{'j': 0.389} val:{'j': 0.629, 'conf_kn': 0.715, 'conf_unk': 0.000} t:118.6s v:10.1s
17_05_12:59 openset_imagenet.binary_ensemble_combined_emnist INFO: loss:bce protocol:2 ep:42 train:{'j': 0.386} val:{'j': 0.504, 'conf_kn': 0.760, 'conf_unk': 0.000} t:118.7s v:10.3s
17_05_13:01 openset_imagenet.binary_ensemble_combined_emnist INFO: loss:bce protocol:2 ep:43 train:{'j': 0.378} val:{'j': 0.468, 'conf_kn': 0.776, 'conf_unk': 0.000} t:118.8s v:10.7s
17_05_13:03 openset_imagenet.binary_ensemble_combined_emnist INFO: loss:bce protocol:2 ep:44 train:{'j': 0.370} val:{'j': 0.558, 'conf_kn': 0.742, 'conf_unk': 0.000} t:118.8s v:10.2s
17_05_13:05 openset_imagenet.binary_ensemble_combined_emnist INFO: loss:bce protocol:2 ep:45 train:{'j': 0.363} val:{'j': 0.615, 'conf_kn': 0.719, 'conf_unk': 0.000} t:118.4s v:10.2s
17_05_13:07 openset_imagenet.binary_ensemble_combined_emnist INFO: loss:bce protocol:2 ep:46 train:{'j': 0.358} val:{'j': 0.522, 'conf_kn': 0.754, 'conf_unk': 0.000} t:118.8s v:10.3s
17_05_13:10 openset_imagenet.binary_ensemble_combined_emnist INFO: loss:bce protocol:2 ep:47 train:{'j': 0.355} val:{'j': 0.538, 'conf_kn': 0.755, 'conf_unk': 0.000} t:118.6s v:10.1s
17_05_13:12 openset_imagenet.binary_ensemble_combined_emnist INFO: loss:bce protocol:2 ep:48 train:{'j': 0.344} val:{'j': 0.507, 'conf_kn': 0.765, 'conf_unk': 0.000} t:118.7s v:10.2s
17_05_13:14 openset_imagenet.binary_ensemble_combined_emnist INFO: loss:bce protocol:2 ep:49 train:{'j': 0.339} val:{'j': 0.569, 'conf_kn': 0.759, 'conf_unk': 0.000} t:118.8s v:10.3s
17_05_13:16 openset_imagenet.binary_ensemble_combined_emnist INFO: loss:bce protocol:2 ep:50 train:{'j': 0.332} val:{'j': 0.475, 'conf_kn': 0.786, 'conf_unk': 0.000} t:118.7s v:10.2s
17_05_13:16 openset_imagenet.binary_ensemble_combined_emnist INFO: Saving best model experiments/ex_5/net_6/bce_binary_ensemble_combined_imagenet_best.pth at epoch: 50
17_05_13:18 openset_imagenet.binary_ensemble_combined_emnist INFO: loss:bce protocol:2 ep:51 train:{'j': 0.325} val:{'j': 0.499, 'conf_kn': 0.763, 'conf_unk': 0.000} t:118.8s v:10.4s
17_05_13:20 openset_imagenet.binary_ensemble_combined_emnist INFO: loss:bce protocol:2 ep:52 train:{'j': 0.322} val:{'j': 0.444, 'conf_kn': 0.801, 'conf_unk': 0.000} t:118.9s v:10.5s
17_05_13:20 openset_imagenet.binary_ensemble_combined_emnist INFO: Saving best model experiments/ex_5/net_6/bce_binary_ensemble_combined_imagenet_best.pth at epoch: 52
17_05_13:23 openset_imagenet.binary_ensemble_combined_emnist INFO: loss:bce protocol:2 ep:53 train:{'j': 0.317} val:{'j': 0.549, 'conf_kn': 0.736, 'conf_unk': 0.000} t:118.7s v:10.2s
17_05_13:25 openset_imagenet.binary_ensemble_combined_emnist INFO: loss:bce protocol:2 ep:54 train:{'j': 0.312} val:{'j': 0.491, 'conf_kn': 0.768, 'conf_unk': 0.000} t:118.8s v:10.2s
17_05_13:27 openset_imagenet.binary_ensemble_combined_emnist INFO: loss:bce protocol:2 ep:55 train:{'j': 0.302} val:{'j': 0.532, 'conf_kn': 0.759, 'conf_unk': 0.000} t:118.8s v:10.2s
17_05_13:29 openset_imagenet.binary_ensemble_combined_emnist INFO: loss:bce protocol:2 ep:56 train:{'j': 0.311} val:{'j': 0.500, 'conf_kn': 0.795, 'conf_unk': 0.000} t:118.8s v:10.3s
17_05_13:31 openset_imagenet.binary_ensemble_combined_emnist INFO: loss:bce protocol:2 ep:57 train:{'j': 0.291} val:{'j': 0.506, 'conf_kn': 0.794, 'conf_unk': 0.000} t:118.7s v:10.3s
17_05_13:33 openset_imagenet.binary_ensemble_combined_emnist INFO: loss:bce protocol:2 ep:58 train:{'j': 0.284} val:{'j': 0.538, 'conf_kn': 0.770, 'conf_unk': 0.000} t:118.9s v:10.2s
17_05_13:36 openset_imagenet.binary_ensemble_combined_emnist INFO: loss:bce protocol:2 ep:59 train:{'j': 0.279} val:{'j': 0.593, 'conf_kn': 0.743, 'conf_unk': 0.000} t:118.7s v:10.4s
17_05_13:38 openset_imagenet.binary_ensemble_combined_emnist INFO: loss:bce protocol:2 ep:60 train:{'j': 0.278} val:{'j': 0.495, 'conf_kn': 0.785, 'conf_unk': 0.000} t:125.9s v:10.0s
17_05_13:40 openset_imagenet.binary_ensemble_combined_emnist INFO: loss:bce protocol:2 ep:61 train:{'j': 0.269} val:{'j': 0.612, 'conf_kn': 0.749, 'conf_unk': 0.000} t:118.3s v:10.1s
17_05_13:42 openset_imagenet.binary_ensemble_combined_emnist INFO: loss:bce protocol:2 ep:62 train:{'j': 0.263} val:{'j': 0.760, 'conf_kn': 0.796, 'conf_unk': 0.000} t:118.8s v:10.2s
17_05_13:44 openset_imagenet.binary_ensemble_combined_emnist INFO: loss:bce protocol:2 ep:63 train:{'j': 0.264} val:{'j': 0.521, 'conf_kn': 0.794, 'conf_unk': 0.000} t:118.6s v:10.1s
17_05_13:46 openset_imagenet.binary_ensemble_combined_emnist INFO: loss:bce protocol:2 ep:64 train:{'j': 0.254} val:{'j': 0.639, 'conf_kn': 0.744, 'conf_unk': 0.000} t:118.6s v:10.2s
17_05_13:49 openset_imagenet.binary_ensemble_combined_emnist INFO: loss:bce protocol:2 ep:65 train:{'j': 0.249} val:{'j': 0.494, 'conf_kn': 0.793, 'conf_unk': 0.000} t:129.7s v:10.5s
17_05_13:51 openset_imagenet.binary_ensemble_combined_emnist INFO: loss:bce protocol:2 ep:66 train:{'j': 0.244} val:{'j': 0.543, 'conf_kn': 0.777, 'conf_unk': 0.000} t:121.4s v:10.3s
17_05_13:53 openset_imagenet.binary_ensemble_combined_emnist INFO: loss:bce protocol:2 ep:67 train:{'j': 0.239} val:{'j': 0.666, 'conf_kn': 0.753, 'conf_unk': 0.000} t:121.2s v:10.3s
17_05_13:55 openset_imagenet.binary_ensemble_combined_emnist INFO: loss:bce protocol:2 ep:68 train:{'j': 0.233} val:{'j': 0.520, 'conf_kn': 0.799, 'conf_unk': 0.000} t:118.5s v:10.2s
17_05_13:58 openset_imagenet.binary_ensemble_combined_emnist INFO: loss:bce protocol:2 ep:69 train:{'j': 0.233} val:{'j': 0.568, 'conf_kn': 0.778, 'conf_unk': 0.000} t:118.6s v:10.2s
17_05_14:00 openset_imagenet.binary_ensemble_combined_emnist INFO: loss:bce protocol:2 ep:70 train:{'j': 0.222} val:{'j': 0.686, 'conf_kn': 0.749, 'conf_unk': 0.000} t:118.6s v:10.2s
17_05_14:02 openset_imagenet.binary_ensemble_combined_emnist INFO: loss:bce protocol:2 ep:71 train:{'j': 0.222} val:{'j': 0.504, 'conf_kn': 0.800, 'conf_unk': 0.000} t:119.1s v:10.2s
17_05_14:04 openset_imagenet.binary_ensemble_combined_emnist INFO: loss:bce protocol:2 ep:72 train:{'j': 0.212} val:{'j': 0.508, 'conf_kn': 0.799, 'conf_unk': 0.000} t:118.8s v:10.2s
17_05_14:06 openset_imagenet.binary_ensemble_combined_emnist INFO: loss:bce protocol:2 ep:73 train:{'j': 0.212} val:{'j': 0.509, 'conf_kn': 0.801, 'conf_unk': 0.000} t:119.5s v:10.4s
17_05_14:06 openset_imagenet.binary_ensemble_combined_emnist INFO: Saving best model experiments/ex_5/net_6/bce_binary_ensemble_combined_imagenet_best.pth at epoch: 73
17_05_14:08 openset_imagenet.binary_ensemble_combined_emnist INFO: loss:bce protocol:2 ep:74 train:{'j': 0.208} val:{'j': 0.552, 'conf_kn': 0.796, 'conf_unk': 0.000} t:120.6s v:10.2s
17_05_14:11 openset_imagenet.binary_ensemble_combined_emnist INFO: loss:bce protocol:2 ep:75 train:{'j': 0.200} val:{'j': 0.541, 'conf_kn': 0.789, 'conf_unk': 0.000} t:119.0s v:10.2s
17_05_14:13 openset_imagenet.binary_ensemble_combined_emnist INFO: loss:bce protocol:2 ep:76 train:{'j': 0.204} val:{'j': 0.555, 'conf_kn': 0.800, 'conf_unk': 0.000} t:127.9s v:11.9s
17_05_14:15 openset_imagenet.binary_ensemble_combined_emnist INFO: loss:bce protocol:2 ep:77 train:{'j': 0.192} val:{'j': 0.566, 'conf_kn': 0.791, 'conf_unk': 0.000} t:134.9s v:10.6s
17_05_14:18 openset_imagenet.binary_ensemble_combined_emnist INFO: loss:bce protocol:2 ep:78 train:{'j': 0.192} val:{'j': 0.552, 'conf_kn': 0.800, 'conf_unk': 0.000} t:133.0s v:11.5s
17_05_14:20 openset_imagenet.binary_ensemble_combined_emnist INFO: loss:bce protocol:2 ep:79 train:{'j': 0.184} val:{'j': 0.547, 'conf_kn': 0.796, 'conf_unk': 0.000} t:129.1s v:11.1s
17_05_14:22 openset_imagenet.binary_ensemble_combined_emnist INFO: loss:bce protocol:2 ep:80 train:{'j': 0.180} val:{'j': 0.650, 'conf_kn': 0.777, 'conf_unk': 0.000} t:127.8s v:10.6s
17_05_14:25 openset_imagenet.binary_ensemble_combined_emnist INFO: loss:bce protocol:2 ep:81 train:{'j': 0.180} val:{'j': 0.615, 'conf_kn': 0.766, 'conf_unk': 0.000} t:120.5s v:11.4s
17_05_14:27 openset_imagenet.binary_ensemble_combined_emnist INFO: loss:bce protocol:2 ep:82 train:{'j': 0.177} val:{'j': 0.724, 'conf_kn': 0.769, 'conf_unk': 0.000} t:124.7s v:10.7s
17_05_14:29 openset_imagenet.binary_ensemble_combined_emnist INFO: loss:bce protocol:2 ep:83 train:{'j': 0.175} val:{'j': 0.603, 'conf_kn': 0.772, 'conf_unk': 0.000} t:127.9s v:11.1s
17_05_14:32 openset_imagenet.binary_ensemble_combined_emnist INFO: loss:bce protocol:2 ep:84 train:{'j': 0.170} val:{'j': 0.630, 'conf_kn': 0.777, 'conf_unk': 0.000} t:124.9s v:10.4s
17_05_14:34 openset_imagenet.binary_ensemble_combined_emnist INFO: loss:bce protocol:2 ep:85 train:{'j': 0.163} val:{'j': 0.586, 'conf_kn': 0.776, 'conf_unk': 0.000} t:130.7s v:10.2s
17_05_14:36 openset_imagenet.binary_ensemble_combined_emnist INFO: loss:bce protocol:2 ep:86 train:{'j': 0.157} val:{'j': 0.606, 'conf_kn': 0.797, 'conf_unk': 0.000} t:121.2s v:11.2s
17_05_14:38 openset_imagenet.binary_ensemble_combined_emnist INFO: loss:bce protocol:2 ep:87 train:{'j': 0.169} val:{'j': 0.598, 'conf_kn': 0.801, 'conf_unk': 0.000} t:123.7s v:10.7s
17_05_14:38 openset_imagenet.binary_ensemble_combined_emnist INFO: Saving best model experiments/ex_5/net_6/bce_binary_ensemble_combined_imagenet_best.pth at epoch: 87
17_05_14:42 openset_imagenet.binary_ensemble_combined_emnist INFO: loss:bce protocol:2 ep:88 train:{'j': 0.155} val:{'j': 0.636, 'conf_kn': 0.806, 'conf_unk': 0.000} t:194.0s v:20.8s
17_05_14:42 openset_imagenet.binary_ensemble_combined_emnist INFO: Saving best model experiments/ex_5/net_6/bce_binary_ensemble_combined_imagenet_best.pth at epoch: 88
17_05_14:45 openset_imagenet.binary_ensemble_combined_emnist INFO: loss:bce protocol:2 ep:89 train:{'j': 0.154} val:{'j': 0.689, 'conf_kn': 0.778, 'conf_unk': 0.000} t:176.1s v:20.5s
17_05_14:49 openset_imagenet.binary_ensemble_combined_emnist INFO: loss:bce protocol:2 ep:90 train:{'j': 0.150} val:{'j': 0.618, 'conf_kn': 0.776, 'conf_unk': 0.000} t:191.9s v:17.9s
17_05_14:52 openset_imagenet.binary_ensemble_combined_emnist INFO: loss:bce protocol:2 ep:91 train:{'j': 0.148} val:{'j': 0.652, 'conf_kn': 0.781, 'conf_unk': 0.000} t:191.0s v:18.8s
17_05_14:56 openset_imagenet.binary_ensemble_combined_emnist INFO: loss:bce protocol:2 ep:92 train:{'j': 0.168} val:{'j': 0.592, 'conf_kn': 0.802, 'conf_unk': 0.000} t:187.2s v:20.6s
17_05_15:00 openset_imagenet.binary_ensemble_combined_emnist INFO: loss:bce protocol:2 ep:93 train:{'j': 0.136} val:{'j': 0.593, 'conf_kn': 0.802, 'conf_unk': 0.000} t:204.4s v:19.0s
17_05_15:03 openset_imagenet.binary_ensemble_combined_emnist INFO: loss:bce protocol:2 ep:94 train:{'j': 0.133} val:{'j': 0.618, 'conf_kn': 0.802, 'conf_unk': 0.000} t:206.9s v:18.9s
17_05_15:07 openset_imagenet.binary_ensemble_combined_emnist INFO: loss:bce protocol:2 ep:95 train:{'j': 0.132} val:{'j': 0.644, 'conf_kn': 0.799, 'conf_unk': 0.000} t:194.6s v:18.1s
17_05_15:11 openset_imagenet.binary_ensemble_combined_emnist INFO: loss:bce protocol:2 ep:96 train:{'j': 0.132} val:{'j': 0.651, 'conf_kn': 0.782, 'conf_unk': 0.000} t:209.9s v:18.8s
17_05_15:15 openset_imagenet.binary_ensemble_combined_emnist INFO: loss:bce protocol:2 ep:97 train:{'j': 0.128} val:{'j': 0.657, 'conf_kn': 0.801, 'conf_unk': 0.000} t:211.3s v:19.5s
17_05_15:18 openset_imagenet.binary_ensemble_combined_emnist INFO: loss:bce protocol:2 ep:98 train:{'j': 0.126} val:{'j': 0.725, 'conf_kn': 0.778, 'conf_unk': 0.000} t:205.1s v:20.6s
17_05_15:22 openset_imagenet.binary_ensemble_combined_emnist INFO: loss:bce protocol:2 ep:99 train:{'j': 0.125} val:{'j': 0.708, 'conf_kn': 0.773, 'conf_unk': 0.000} t:218.9s v:19.5s
17_05_15:22 openset_imagenet.binary_ensemble_combined_emnist INFO: Training finished
