19_05_17:51 openset_imagenet.binary_ensemble_combined_emnist INFO: ============ Data ============
19_05_17:51 openset_imagenet.binary_ensemble_combined_emnist INFO: train_len:28895, labels:30
19_05_17:51 openset_imagenet.binary_ensemble_combined_emnist INFO: val_len:15173, labels:31
19_05_17:51 openset_imagenet.binary_ensemble_combined_emnist INFO: Using Negatives for Training: False
19_05_17:51 openset_imagenet.binary_ensemble_combined_emnist INFO: ========== Training ==========
19_05_17:51 openset_imagenet.binary_ensemble_combined_emnist INFO: Initial epoch: 0
19_05_17:51 openset_imagenet.binary_ensemble_combined_emnist INFO: Last epoch: 300
19_05_17:51 openset_imagenet.binary_ensemble_combined_emnist INFO: Batch size: 32
19_05_17:51 openset_imagenet.binary_ensemble_combined_emnist INFO: workers: 4
19_05_17:51 openset_imagenet.binary_ensemble_combined_emnist INFO: Loss: bce
19_05_17:51 openset_imagenet.binary_ensemble_combined_emnist INFO: optimizer: sgd
19_05_17:51 openset_imagenet.binary_ensemble_combined_emnist INFO: Learning rate: 0.01
19_05_17:51 openset_imagenet.binary_ensemble_combined_emnist INFO: Device: 6
19_05_17:51 openset_imagenet.binary_ensemble_combined_emnist INFO: Number of binary outputs: 100
19_05_17:51 openset_imagenet.binary_ensemble_combined_emnist INFO: Using following approach to generate sets: random
19_05_17:51 openset_imagenet.binary_ensemble_combined_emnist INFO: Training...
19_05_17:55 openset_imagenet.binary_ensemble_combined_emnist INFO: loss:bce protocol:2 ep:0 train:{'j': 0.694} val:{'j': 0.686, 'conf_kn': 0.038, 'conf_unk': 0.483} t:175.6s v:63.0s
19_05_17:55 openset_imagenet.binary_ensemble_combined_emnist INFO: Saving best model experiments/ex_5/net_13/bce_binary_ensemble_combined_imagenet_best.pth at epoch: 0
19_05_18:00 openset_imagenet.binary_ensemble_combined_emnist INFO: loss:bce protocol:2 ep:1 train:{'j': 0.692} val:{'j': 0.700, 'conf_kn': 0.063, 'conf_unk': 0.480} t:179.7s v:65.5s
19_05_18:00 openset_imagenet.binary_ensemble_combined_emnist INFO: Saving best model experiments/ex_5/net_13/bce_binary_ensemble_combined_imagenet_best.pth at epoch: 1
19_05_18:04 openset_imagenet.binary_ensemble_combined_emnist INFO: loss:bce protocol:2 ep:2 train:{'j': 0.690} val:{'j': 0.685, 'conf_kn': 0.077, 'conf_unk': 0.474} t:176.0s v:65.8s
19_05_18:04 openset_imagenet.binary_ensemble_combined_emnist INFO: Saving best model experiments/ex_5/net_13/bce_binary_ensemble_combined_imagenet_best.pth at epoch: 2
19_05_18:07 openset_imagenet.binary_ensemble_combined_emnist INFO: loss:bce protocol:2 ep:3 train:{'j': 0.688} val:{'j': 0.677, 'conf_kn': 0.085, 'conf_unk': 0.473} t:170.8s v:60.2s
19_05_18:07 openset_imagenet.binary_ensemble_combined_emnist INFO: Saving best model experiments/ex_5/net_13/bce_binary_ensemble_combined_imagenet_best.pth at epoch: 3
19_05_18:11 openset_imagenet.binary_ensemble_combined_emnist INFO: loss:bce protocol:2 ep:4 train:{'j': 0.686} val:{'j': 0.683, 'conf_kn': 0.097, 'conf_unk': 0.469} t:176.1s v:60.6s
19_05_18:11 openset_imagenet.binary_ensemble_combined_emnist INFO: Saving best model experiments/ex_5/net_13/bce_binary_ensemble_combined_imagenet_best.pth at epoch: 4
19_05_18:15 openset_imagenet.binary_ensemble_combined_emnist INFO: loss:bce protocol:2 ep:5 train:{'j': 0.683} val:{'j': 0.708, 'conf_kn': 0.111, 'conf_unk': 0.458} t:166.9s v:62.4s
19_05_18:15 openset_imagenet.binary_ensemble_combined_emnist INFO: Saving best model experiments/ex_5/net_13/bce_binary_ensemble_combined_imagenet_best.pth at epoch: 5
19_05_18:19 openset_imagenet.binary_ensemble_combined_emnist INFO: loss:bce protocol:2 ep:6 train:{'j': 0.680} val:{'j': 0.699, 'conf_kn': 0.111, 'conf_unk': 0.456} t:181.9s v:63.9s
19_05_18:24 openset_imagenet.binary_ensemble_combined_emnist INFO: loss:bce protocol:2 ep:7 train:{'j': 0.678} val:{'j': 0.692, 'conf_kn': 0.132, 'conf_unk': 0.451} t:177.2s v:70.8s
19_05_18:24 openset_imagenet.binary_ensemble_combined_emnist INFO: Saving best model experiments/ex_5/net_13/bce_binary_ensemble_combined_imagenet_best.pth at epoch: 7
19_05_18:28 openset_imagenet.binary_ensemble_combined_emnist INFO: loss:bce protocol:2 ep:8 train:{'j': 0.675} val:{'j': 0.699, 'conf_kn': 0.133, 'conf_unk': 0.442} t:174.3s v:63.9s
19_05_18:31 openset_imagenet.binary_ensemble_combined_emnist INFO: loss:bce protocol:2 ep:9 train:{'j': 0.673} val:{'j': 0.684, 'conf_kn': 0.156, 'conf_unk': 0.444} t:174.4s v:64.1s
19_05_18:32 openset_imagenet.binary_ensemble_combined_emnist INFO: Saving best model experiments/ex_5/net_13/bce_binary_ensemble_combined_imagenet_best.pth at epoch: 9
19_05_18:35 openset_imagenet.binary_ensemble_combined_emnist INFO: loss:bce protocol:2 ep:10 train:{'j': 0.670} val:{'j': 0.693, 'conf_kn': 0.167, 'conf_unk': 0.447} t:175.4s v:62.5s
19_05_18:35 openset_imagenet.binary_ensemble_combined_emnist INFO: Saving best model experiments/ex_5/net_13/bce_binary_ensemble_combined_imagenet_best.pth at epoch: 10
19_05_18:39 openset_imagenet.binary_ensemble_combined_emnist INFO: loss:bce protocol:2 ep:11 train:{'j': 0.667} val:{'j': 0.695, 'conf_kn': 0.165, 'conf_unk': 0.421} t:170.4s v:58.8s
19_05_18:43 openset_imagenet.binary_ensemble_combined_emnist INFO: loss:bce protocol:2 ep:12 train:{'j': 0.663} val:{'j': 0.696, 'conf_kn': 0.180, 'conf_unk': 0.426} t:174.0s v:64.8s
19_05_18:47 openset_imagenet.binary_ensemble_combined_emnist INFO: loss:bce protocol:2 ep:13 train:{'j': 0.659} val:{'j': 0.683, 'conf_kn': 0.210, 'conf_unk': 0.430} t:169.4s v:61.4s
19_05_18:47 openset_imagenet.binary_ensemble_combined_emnist INFO: Saving best model experiments/ex_5/net_13/bce_binary_ensemble_combined_imagenet_best.pth at epoch: 13
19_05_18:51 openset_imagenet.binary_ensemble_combined_emnist INFO: loss:bce protocol:2 ep:14 train:{'j': 0.656} val:{'j': 0.706, 'conf_kn': 0.181, 'conf_unk': 0.420} t:171.1s v:62.2s
19_05_18:55 openset_imagenet.binary_ensemble_combined_emnist INFO: loss:bce protocol:2 ep:15 train:{'j': 0.652} val:{'j': 0.708, 'conf_kn': 0.183, 'conf_unk': 0.380} t:175.3s v:61.3s
19_05_18:59 openset_imagenet.binary_ensemble_combined_emnist INFO: loss:bce protocol:2 ep:16 train:{'j': 0.647} val:{'j': 0.687, 'conf_kn': 0.242, 'conf_unk': 0.409} t:171.3s v:63.6s
19_05_18:59 openset_imagenet.binary_ensemble_combined_emnist INFO: Saving best model experiments/ex_5/net_13/bce_binary_ensemble_combined_imagenet_best.pth at epoch: 16
19_05_19:03 openset_imagenet.binary_ensemble_combined_emnist INFO: loss:bce protocol:2 ep:17 train:{'j': 0.641} val:{'j': 0.678, 'conf_kn': 0.217, 'conf_unk': 0.409} t:172.5s v:62.8s
19_05_19:07 openset_imagenet.binary_ensemble_combined_emnist INFO: loss:bce protocol:2 ep:18 train:{'j': 0.636} val:{'j': 0.695, 'conf_kn': 0.278, 'conf_unk': 0.383} t:171.1s v:60.7s
19_05_19:07 openset_imagenet.binary_ensemble_combined_emnist INFO: Saving best model experiments/ex_5/net_13/bce_binary_ensemble_combined_imagenet_best.pth at epoch: 18
19_05_19:11 openset_imagenet.binary_ensemble_combined_emnist INFO: loss:bce protocol:2 ep:19 train:{'j': 0.630} val:{'j': 0.737, 'conf_kn': 0.176, 'conf_unk': 0.358} t:171.1s v:61.9s
19_05_19:15 openset_imagenet.binary_ensemble_combined_emnist INFO: loss:bce protocol:2 ep:20 train:{'j': 0.624} val:{'j': 0.874, 'conf_kn': 0.164, 'conf_unk': 0.320} t:172.2s v:62.9s
19_05_19:18 openset_imagenet.binary_ensemble_combined_emnist INFO: loss:bce protocol:2 ep:21 train:{'j': 0.616} val:{'j': 0.740, 'conf_kn': 0.263, 'conf_unk': 0.349} t:171.2s v:61.6s
19_05_19:23 openset_imagenet.binary_ensemble_combined_emnist INFO: loss:bce protocol:2 ep:22 train:{'j': 0.608} val:{'j': 0.701, 'conf_kn': 0.311, 'conf_unk': 0.374} t:175.6s v:66.3s
19_05_19:23 openset_imagenet.binary_ensemble_combined_emnist INFO: Saving best model experiments/ex_5/net_13/bce_binary_ensemble_combined_imagenet_best.pth at epoch: 22
19_05_19:26 openset_imagenet.binary_ensemble_combined_emnist INFO: loss:bce protocol:2 ep:23 train:{'j': 0.599} val:{'j': 0.707, 'conf_kn': 0.309, 'conf_unk': 0.358} t:171.3s v:58.9s
19_05_19:30 openset_imagenet.binary_ensemble_combined_emnist INFO: loss:bce protocol:2 ep:24 train:{'j': 0.593} val:{'j': 0.704, 'conf_kn': 0.316, 'conf_unk': 0.353} t:167.7s v:61.1s
19_05_19:34 openset_imagenet.binary_ensemble_combined_emnist INFO: loss:bce protocol:2 ep:25 train:{'j': 0.584} val:{'j': 0.752, 'conf_kn': 0.329, 'conf_unk': 0.342} t:172.1s v:59.6s
19_05_19:38 openset_imagenet.binary_ensemble_combined_emnist INFO: loss:bce protocol:2 ep:26 train:{'j': 0.575} val:{'j': 0.705, 'conf_kn': 0.371, 'conf_unk': 0.336} t:169.9s v:60.7s
19_05_19:38 openset_imagenet.binary_ensemble_combined_emnist INFO: Saving best model experiments/ex_5/net_13/bce_binary_ensemble_combined_imagenet_best.pth at epoch: 26
19_05_19:42 openset_imagenet.binary_ensemble_combined_emnist INFO: loss:bce protocol:2 ep:27 train:{'j': 0.567} val:{'j': 0.787, 'conf_kn': 0.291, 'conf_unk': 0.316} t:168.4s v:63.9s
19_05_19:46 openset_imagenet.binary_ensemble_combined_emnist INFO: loss:bce protocol:2 ep:28 train:{'j': 0.558} val:{'j': 0.687, 'conf_kn': 0.386, 'conf_unk': 0.345} t:171.9s v:58.3s
19_05_19:46 openset_imagenet.binary_ensemble_combined_emnist INFO: Saving best model experiments/ex_5/net_13/bce_binary_ensemble_combined_imagenet_best.pth at epoch: 28
19_05_19:49 openset_imagenet.binary_ensemble_combined_emnist INFO: loss:bce protocol:2 ep:29 train:{'j': 0.549} val:{'j': 0.754, 'conf_kn': 0.349, 'conf_unk': 0.334} t:164.1s v:55.6s
19_05_19:53 openset_imagenet.binary_ensemble_combined_emnist INFO: loss:bce protocol:2 ep:30 train:{'j': 0.539} val:{'j': 0.776, 'conf_kn': 0.436, 'conf_unk': 0.312} t:168.1s v:61.0s
19_05_19:53 openset_imagenet.binary_ensemble_combined_emnist INFO: Saving best model experiments/ex_5/net_13/bce_binary_ensemble_combined_imagenet_best.pth at epoch: 30
19_05_19:57 openset_imagenet.binary_ensemble_combined_emnist INFO: loss:bce protocol:2 ep:31 train:{'j': 0.532} val:{'j': 0.721, 'conf_kn': 0.319, 'conf_unk': 0.324} t:165.5s v:60.5s
19_05_20:01 openset_imagenet.binary_ensemble_combined_emnist INFO: loss:bce protocol:2 ep:32 train:{'j': 0.522} val:{'j': 0.718, 'conf_kn': 0.423, 'conf_unk': 0.318} t:170.0s v:59.3s
19_05_20:05 openset_imagenet.binary_ensemble_combined_emnist INFO: loss:bce protocol:2 ep:33 train:{'j': 0.515} val:{'j': 1.358, 'conf_kn': 0.132, 'conf_unk': 0.173} t:168.2s v:61.2s
19_05_20:08 openset_imagenet.binary_ensemble_combined_emnist INFO: loss:bce protocol:2 ep:34 train:{'j': 0.508} val:{'j': 0.745, 'conf_kn': 0.453, 'conf_unk': 0.317} t:169.1s v:62.6s
19_05_20:08 openset_imagenet.binary_ensemble_combined_emnist INFO: Saving best model experiments/ex_5/net_13/bce_binary_ensemble_combined_imagenet_best.pth at epoch: 34
19_05_20:12 openset_imagenet.binary_ensemble_combined_emnist INFO: loss:bce protocol:2 ep:35 train:{'j': 0.498} val:{'j': 0.710, 'conf_kn': 0.458, 'conf_unk': 0.300} t:169.0s v:61.3s
19_05_20:16 openset_imagenet.binary_ensemble_combined_emnist INFO: loss:bce protocol:2 ep:36 train:{'j': 0.487} val:{'j': 0.704, 'conf_kn': 0.425, 'conf_unk': 0.293} t:171.0s v:60.0s
19_05_20:20 openset_imagenet.binary_ensemble_combined_emnist INFO: loss:bce protocol:2 ep:37 train:{'j': 0.481} val:{'j': 0.799, 'conf_kn': 0.460, 'conf_unk': 0.283} t:163.2s v:55.6s
19_05_20:24 openset_imagenet.binary_ensemble_combined_emnist INFO: loss:bce protocol:2 ep:38 train:{'j': 0.471} val:{'j': 0.847, 'conf_kn': 0.413, 'conf_unk': 0.273} t:164.0s v:55.3s
19_05_20:27 openset_imagenet.binary_ensemble_combined_emnist INFO: loss:bce protocol:2 ep:39 train:{'j': 0.465} val:{'j': 0.965, 'conf_kn': 0.254, 'conf_unk': 0.233} t:162.2s v:54.9s
19_05_20:31 openset_imagenet.binary_ensemble_combined_emnist INFO: loss:bce protocol:2 ep:40 train:{'j': 0.454} val:{'j': 0.767, 'conf_kn': 0.528, 'conf_unk': 0.288} t:163.4s v:55.3s
19_05_20:31 openset_imagenet.binary_ensemble_combined_emnist INFO: Saving best model experiments/ex_5/net_13/bce_binary_ensemble_combined_imagenet_best.pth at epoch: 40
19_05_20:34 openset_imagenet.binary_ensemble_combined_emnist INFO: loss:bce protocol:2 ep:41 train:{'j': 0.447} val:{'j': 0.730, 'conf_kn': 0.534, 'conf_unk': 0.292} t:162.0s v:55.3s
19_05_20:34 openset_imagenet.binary_ensemble_combined_emnist INFO: Saving best model experiments/ex_5/net_13/bce_binary_ensemble_combined_imagenet_best.pth at epoch: 41
19_05_20:38 openset_imagenet.binary_ensemble_combined_emnist INFO: loss:bce protocol:2 ep:42 train:{'j': 0.440} val:{'j': 0.720, 'conf_kn': 0.557, 'conf_unk': 0.281} t:164.2s v:55.3s
19_05_20:38 openset_imagenet.binary_ensemble_combined_emnist INFO: Saving best model experiments/ex_5/net_13/bce_binary_ensemble_combined_imagenet_best.pth at epoch: 42
19_05_20:42 openset_imagenet.binary_ensemble_combined_emnist INFO: loss:bce protocol:2 ep:43 train:{'j': 0.431} val:{'j': 0.722, 'conf_kn': 0.525, 'conf_unk': 0.291} t:162.1s v:56.7s
19_05_20:45 openset_imagenet.binary_ensemble_combined_emnist INFO: loss:bce protocol:2 ep:44 train:{'j': 0.423} val:{'j': 1.279, 'conf_kn': 0.230, 'conf_unk': 0.193} t:162.6s v:55.1s
19_05_20:49 openset_imagenet.binary_ensemble_combined_emnist INFO: loss:bce protocol:2 ep:45 train:{'j': 0.416} val:{'j': 0.988, 'conf_kn': 0.461, 'conf_unk': 0.236} t:163.6s v:56.9s
19_05_20:53 openset_imagenet.binary_ensemble_combined_emnist INFO: loss:bce protocol:2 ep:46 train:{'j': 0.409} val:{'j': 0.819, 'conf_kn': 0.537, 'conf_unk': 0.264} t:176.1s v:63.4s
19_05_20:57 openset_imagenet.binary_ensemble_combined_emnist INFO: loss:bce protocol:2 ep:47 train:{'j': 0.402} val:{'j': 0.859, 'conf_kn': 0.534, 'conf_unk': 0.268} t:173.6s v:61.5s
19_05_21:01 openset_imagenet.binary_ensemble_combined_emnist INFO: loss:bce protocol:2 ep:48 train:{'j': 0.396} val:{'j': 0.716, 'conf_kn': 0.527, 'conf_unk': 0.271} t:169.9s v:62.4s
19_05_21:05 openset_imagenet.binary_ensemble_combined_emnist INFO: loss:bce protocol:2 ep:49 train:{'j': 0.386} val:{'j': 0.745, 'conf_kn': 0.552, 'conf_unk': 0.262} t:170.2s v:61.9s
19_05_21:09 openset_imagenet.binary_ensemble_combined_emnist INFO: loss:bce protocol:2 ep:50 train:{'j': 0.379} val:{'j': 0.780, 'conf_kn': 0.532, 'conf_unk': 0.262} t:170.0s v:60.2s
19_05_21:12 openset_imagenet.binary_ensemble_combined_emnist INFO: loss:bce protocol:2 ep:51 train:{'j': 0.374} val:{'j': 0.716, 'conf_kn': 0.601, 'conf_unk': 0.263} t:169.7s v:62.5s
19_05_21:12 openset_imagenet.binary_ensemble_combined_emnist INFO: Saving best model experiments/ex_5/net_13/bce_binary_ensemble_combined_imagenet_best.pth at epoch: 51
19_05_21:16 openset_imagenet.binary_ensemble_combined_emnist INFO: loss:bce protocol:2 ep:52 train:{'j': 0.368} val:{'j': 0.794, 'conf_kn': 0.508, 'conf_unk': 0.255} t:173.1s v:60.3s
19_05_21:20 openset_imagenet.binary_ensemble_combined_emnist INFO: loss:bce protocol:2 ep:53 train:{'j': 0.358} val:{'j': 0.751, 'conf_kn': 0.571, 'conf_unk': 0.254} t:172.2s v:59.8s
19_05_21:24 openset_imagenet.binary_ensemble_combined_emnist INFO: loss:bce protocol:2 ep:54 train:{'j': 0.354} val:{'j': 0.862, 'conf_kn': 0.553, 'conf_unk': 0.254} t:170.5s v:63.2s
19_05_21:28 openset_imagenet.binary_ensemble_combined_emnist INFO: loss:bce protocol:2 ep:55 train:{'j': 0.349} val:{'j': 0.828, 'conf_kn': 0.469, 'conf_unk': 0.273} t:169.6s v:63.4s
19_05_21:32 openset_imagenet.binary_ensemble_combined_emnist INFO: loss:bce protocol:2 ep:56 train:{'j': 0.342} val:{'j': 0.883, 'conf_kn': 0.559, 'conf_unk': 0.248} t:169.3s v:60.8s
19_05_21:36 openset_imagenet.binary_ensemble_combined_emnist INFO: loss:bce protocol:2 ep:57 train:{'j': 0.336} val:{'j': 0.845, 'conf_kn': 0.540, 'conf_unk': 0.250} t:172.2s v:62.3s
19_05_21:40 openset_imagenet.binary_ensemble_combined_emnist INFO: loss:bce protocol:2 ep:58 train:{'j': 0.329} val:{'j': 0.858, 'conf_kn': 0.389, 'conf_unk': 0.255} t:171.7s v:62.4s
19_05_21:44 openset_imagenet.binary_ensemble_combined_emnist INFO: loss:bce protocol:2 ep:59 train:{'j': 0.323} val:{'j': 0.812, 'conf_kn': 0.553, 'conf_unk': 0.253} t:171.0s v:66.6s
19_05_21:48 openset_imagenet.binary_ensemble_combined_emnist INFO: loss:bce protocol:2 ep:60 train:{'j': 0.316} val:{'j': 0.770, 'conf_kn': 0.577, 'conf_unk': 0.245} t:172.2s v:62.1s
19_05_21:52 openset_imagenet.binary_ensemble_combined_emnist INFO: loss:bce protocol:2 ep:61 train:{'j': 0.308} val:{'j': 0.835, 'conf_kn': 0.531, 'conf_unk': 0.237} t:177.6s v:59.1s
19_05_21:55 openset_imagenet.binary_ensemble_combined_emnist INFO: loss:bce protocol:2 ep:62 train:{'j': 0.308} val:{'j': 0.814, 'conf_kn': 0.596, 'conf_unk': 0.241} t:168.5s v:60.0s
19_05_21:59 openset_imagenet.binary_ensemble_combined_emnist INFO: loss:bce protocol:2 ep:63 train:{'j': 0.301} val:{'j': 0.760, 'conf_kn': 0.588, 'conf_unk': 0.258} t:172.9s v:59.6s
19_05_22:03 openset_imagenet.binary_ensemble_combined_emnist INFO: loss:bce protocol:2 ep:64 train:{'j': 0.294} val:{'j': 0.897, 'conf_kn': 0.464, 'conf_unk': 0.240} t:175.6s v:62.9s
19_05_22:07 openset_imagenet.binary_ensemble_combined_emnist INFO: loss:bce protocol:2 ep:65 train:{'j': 0.289} val:{'j': 0.957, 'conf_kn': 0.603, 'conf_unk': 0.219} t:172.5s v:62.4s
19_05_22:11 openset_imagenet.binary_ensemble_combined_emnist INFO: loss:bce protocol:2 ep:66 train:{'j': 0.280} val:{'j': 0.866, 'conf_kn': 0.486, 'conf_unk': 0.254} t:172.8s v:62.6s
19_05_22:15 openset_imagenet.binary_ensemble_combined_emnist INFO: loss:bce protocol:2 ep:67 train:{'j': 0.279} val:{'j': 0.815, 'conf_kn': 0.605, 'conf_unk': 0.236} t:170.8s v:64.9s
19_05_22:19 openset_imagenet.binary_ensemble_combined_emnist INFO: loss:bce protocol:2 ep:68 train:{'j': 0.273} val:{'j': 0.948, 'conf_kn': 0.535, 'conf_unk': 0.227} t:173.2s v:63.0s
19_05_22:23 openset_imagenet.binary_ensemble_combined_emnist INFO: loss:bce protocol:2 ep:69 train:{'j': 0.269} val:{'j': 0.963, 'conf_kn': 0.588, 'conf_unk': 0.218} t:169.8s v:59.9s
19_05_22:27 openset_imagenet.binary_ensemble_combined_emnist INFO: loss:bce protocol:2 ep:70 train:{'j': 0.264} val:{'j': 0.916, 'conf_kn': 0.599, 'conf_unk': 0.211} t:167.1s v:65.3s
19_05_22:31 openset_imagenet.binary_ensemble_combined_emnist INFO: loss:bce protocol:2 ep:71 train:{'j': 0.253} val:{'j': 0.981, 'conf_kn': 0.498, 'conf_unk': 0.220} t:174.5s v:65.5s
19_05_22:35 openset_imagenet.binary_ensemble_combined_emnist INFO: loss:bce protocol:2 ep:72 train:{'j': 0.256} val:{'j': 0.900, 'conf_kn': 0.570, 'conf_unk': 0.226} t:176.5s v:67.6s
19_05_22:39 openset_imagenet.binary_ensemble_combined_emnist INFO: loss:bce protocol:2 ep:73 train:{'j': 0.254} val:{'j': 1.011, 'conf_kn': 0.467, 'conf_unk': 0.210} t:168.8s v:63.3s
19_05_22:43 openset_imagenet.binary_ensemble_combined_emnist INFO: loss:bce protocol:2 ep:74 train:{'j': 0.241} val:{'j': 0.847, 'conf_kn': 0.608, 'conf_unk': 0.226} t:170.8s v:59.5s
19_05_22:46 openset_imagenet.binary_ensemble_combined_emnist INFO: loss:bce protocol:2 ep:75 train:{'j': 0.237} val:{'j': 0.924, 'conf_kn': 0.618, 'conf_unk': 0.227} t:166.5s v:60.8s
19_05_22:50 openset_imagenet.binary_ensemble_combined_emnist INFO: loss:bce protocol:2 ep:76 train:{'j': 0.238} val:{'j': 0.955, 'conf_kn': 0.565, 'conf_unk': 0.229} t:168.9s v:65.1s
19_05_22:54 openset_imagenet.binary_ensemble_combined_emnist INFO: loss:bce protocol:2 ep:77 train:{'j': 0.228} val:{'j': 0.930, 'conf_kn': 0.610, 'conf_unk': 0.224} t:174.0s v:61.9s
19_05_22:58 openset_imagenet.binary_ensemble_combined_emnist INFO: loss:bce protocol:2 ep:78 train:{'j': 0.226} val:{'j': 0.882, 'conf_kn': 0.610, 'conf_unk': 0.208} t:179.9s v:69.3s
19_05_23:02 openset_imagenet.binary_ensemble_combined_emnist INFO: loss:bce protocol:2 ep:79 train:{'j': 0.221} val:{'j': 1.088, 'conf_kn': 0.621, 'conf_unk': 0.196} t:177.6s v:62.5s
19_05_23:06 openset_imagenet.binary_ensemble_combined_emnist INFO: loss:bce protocol:2 ep:80 train:{'j': 0.218} val:{'j': 0.892, 'conf_kn': 0.589, 'conf_unk': 0.207} t:173.0s v:62.4s
19_05_23:10 openset_imagenet.binary_ensemble_combined_emnist INFO: loss:bce protocol:2 ep:81 train:{'j': 0.212} val:{'j': 0.959, 'conf_kn': 0.597, 'conf_unk': 0.214} t:169.4s v:59.7s
19_05_23:14 openset_imagenet.binary_ensemble_combined_emnist INFO: loss:bce protocol:2 ep:82 train:{'j': 0.211} val:{'j': 0.923, 'conf_kn': 0.613, 'conf_unk': 0.219} t:167.6s v:59.0s
19_05_23:18 openset_imagenet.binary_ensemble_combined_emnist INFO: loss:bce protocol:2 ep:83 train:{'j': 0.206} val:{'j': 1.039, 'conf_kn': 0.607, 'conf_unk': 0.197} t:168.8s v:60.6s
19_05_23:22 openset_imagenet.binary_ensemble_combined_emnist INFO: loss:bce protocol:2 ep:84 train:{'j': 0.200} val:{'j': 0.988, 'conf_kn': 0.626, 'conf_unk': 0.211} t:166.5s v:57.5s
19_05_23:25 openset_imagenet.binary_ensemble_combined_emnist INFO: loss:bce protocol:2 ep:85 train:{'j': 0.196} val:{'j': 1.032, 'conf_kn': 0.621, 'conf_unk': 0.199} t:167.2s v:57.8s
19_05_23:29 openset_imagenet.binary_ensemble_combined_emnist INFO: loss:bce protocol:2 ep:86 train:{'j': 0.195} val:{'j': 0.914, 'conf_kn': 0.582, 'conf_unk': 0.202} t:164.7s v:58.5s
19_05_23:33 openset_imagenet.binary_ensemble_combined_emnist INFO: loss:bce protocol:2 ep:87 train:{'j': 0.190} val:{'j': 0.972, 'conf_kn': 0.606, 'conf_unk': 0.195} t:165.8s v:57.9s
19_05_23:37 openset_imagenet.binary_ensemble_combined_emnist INFO: loss:bce protocol:2 ep:88 train:{'j': 0.184} val:{'j': 0.972, 'conf_kn': 0.606, 'conf_unk': 0.199} t:166.8s v:58.4s
19_05_23:40 openset_imagenet.binary_ensemble_combined_emnist INFO: loss:bce protocol:2 ep:89 train:{'j': 0.184} val:{'j': 0.961, 'conf_kn': 0.626, 'conf_unk': 0.207} t:165.7s v:58.2s
19_05_23:44 openset_imagenet.binary_ensemble_combined_emnist INFO: loss:bce protocol:2 ep:90 train:{'j': 0.179} val:{'j': 1.013, 'conf_kn': 0.609, 'conf_unk': 0.195} t:169.8s v:58.6s
19_05_23:48 openset_imagenet.binary_ensemble_combined_emnist INFO: loss:bce protocol:2 ep:91 train:{'j': 0.173} val:{'j': 1.001, 'conf_kn': 0.568, 'conf_unk': 0.199} t:167.0s v:58.3s
19_05_23:52 openset_imagenet.binary_ensemble_combined_emnist INFO: loss:bce protocol:2 ep:92 train:{'j': 0.171} val:{'j': 1.153, 'conf_kn': 0.630, 'conf_unk': 0.190} t:165.9s v:57.7s
19_05_23:56 openset_imagenet.binary_ensemble_combined_emnist INFO: loss:bce protocol:2 ep:93 train:{'j': 0.166} val:{'j': 1.075, 'conf_kn': 0.649, 'conf_unk': 0.185} t:171.2s v:61.6s
19_05_23:59 openset_imagenet.binary_ensemble_combined_emnist INFO: loss:bce protocol:2 ep:94 train:{'j': 0.166} val:{'j': 1.045, 'conf_kn': 0.616, 'conf_unk': 0.203} t:172.8s v:56.9s
20_05_00:03 openset_imagenet.binary_ensemble_combined_emnist INFO: loss:bce protocol:2 ep:95 train:{'j': 0.165} val:{'j': 1.012, 'conf_kn': 0.633, 'conf_unk': 0.200} t:161.9s v:54.9s
20_05_00:07 openset_imagenet.binary_ensemble_combined_emnist INFO: loss:bce protocol:2 ep:96 train:{'j': 0.160} val:{'j': 1.045, 'conf_kn': 0.618, 'conf_unk': 0.185} t:163.7s v:55.2s
20_05_00:10 openset_imagenet.binary_ensemble_combined_emnist INFO: loss:bce protocol:2 ep:97 train:{'j': 0.159} val:{'j': 1.120, 'conf_kn': 0.613, 'conf_unk': 0.189} t:162.1s v:54.7s
20_05_00:14 openset_imagenet.binary_ensemble_combined_emnist INFO: loss:bce protocol:2 ep:98 train:{'j': 0.155} val:{'j': 1.003, 'conf_kn': 0.632, 'conf_unk': 0.198} t:163.5s v:55.0s
20_05_00:18 openset_imagenet.binary_ensemble_combined_emnist INFO: loss:bce protocol:2 ep:99 train:{'j': 0.149} val:{'j': 1.150, 'conf_kn': 0.629, 'conf_unk': 0.184} t:162.1s v:54.5s
20_05_00:21 openset_imagenet.binary_ensemble_combined_emnist INFO: loss:bce protocol:2 ep:100 train:{'j': 0.148} val:{'j': 1.144, 'conf_kn': 0.601, 'conf_unk': 0.180} t:172.9s v:62.8s
20_05_00:25 openset_imagenet.binary_ensemble_combined_emnist INFO: loss:bce protocol:2 ep:101 train:{'j': 0.146} val:{'j': 1.149, 'conf_kn': 0.626, 'conf_unk': 0.183} t:173.5s v:62.0s
20_05_00:29 openset_imagenet.binary_ensemble_combined_emnist INFO: loss:bce protocol:2 ep:102 train:{'j': 0.142} val:{'j': 1.063, 'conf_kn': 0.654, 'conf_unk': 0.182} t:166.5s v:55.6s
20_05_00:33 openset_imagenet.binary_ensemble_combined_emnist INFO: loss:bce protocol:2 ep:103 train:{'j': 0.138} val:{'j': 1.062, 'conf_kn': 0.641, 'conf_unk': 0.188} t:163.4s v:55.5s
20_05_00:36 openset_imagenet.binary_ensemble_combined_emnist INFO: loss:bce protocol:2 ep:104 train:{'j': 0.136} val:{'j': 1.032, 'conf_kn': 0.610, 'conf_unk': 0.195} t:162.8s v:55.7s
20_05_00:40 openset_imagenet.binary_ensemble_combined_emnist INFO: loss:bce protocol:2 ep:105 train:{'j': 0.130} val:{'j': 1.113, 'conf_kn': 0.622, 'conf_unk': 0.182} t:167.7s v:58.8s
20_05_00:44 openset_imagenet.binary_ensemble_combined_emnist INFO: loss:bce protocol:2 ep:106 train:{'j': 0.131} val:{'j': 1.173, 'conf_kn': 0.453, 'conf_unk': 0.184} t:163.1s v:54.0s
20_05_00:47 openset_imagenet.binary_ensemble_combined_emnist INFO: loss:bce protocol:2 ep:107 train:{'j': 0.129} val:{'j': 1.091, 'conf_kn': 0.660, 'conf_unk': 0.178} t:159.9s v:57.0s
20_05_00:51 openset_imagenet.binary_ensemble_combined_emnist INFO: loss:bce protocol:2 ep:108 train:{'j': 0.126} val:{'j': 1.311, 'conf_kn': 0.626, 'conf_unk': 0.169} t:161.7s v:57.0s
20_05_00:55 openset_imagenet.binary_ensemble_combined_emnist INFO: loss:bce protocol:2 ep:109 train:{'j': 0.124} val:{'j': 1.051, 'conf_kn': 0.648, 'conf_unk': 0.179} t:162.2s v:57.6s
20_05_00:59 openset_imagenet.binary_ensemble_combined_emnist INFO: loss:bce protocol:2 ep:110 train:{'j': 0.117} val:{'j': 1.120, 'conf_kn': 0.639, 'conf_unk': 0.179} t:163.6s v:57.7s
20_05_01:02 openset_imagenet.binary_ensemble_combined_emnist INFO: loss:bce protocol:2 ep:111 train:{'j': 0.121} val:{'j': 1.178, 'conf_kn': 0.619, 'conf_unk': 0.174} t:165.2s v:57.1s
20_05_01:06 openset_imagenet.binary_ensemble_combined_emnist INFO: loss:bce protocol:2 ep:112 train:{'j': 0.121} val:{'j': 1.134, 'conf_kn': 0.644, 'conf_unk': 0.178} t:170.2s v:59.1s
20_05_01:10 openset_imagenet.binary_ensemble_combined_emnist INFO: loss:bce protocol:2 ep:113 train:{'j': 0.118} val:{'j': 1.153, 'conf_kn': 0.657, 'conf_unk': 0.172} t:169.0s v:57.6s
20_05_01:14 openset_imagenet.binary_ensemble_combined_emnist INFO: loss:bce protocol:2 ep:114 train:{'j': 0.112} val:{'j': 1.177, 'conf_kn': 0.643, 'conf_unk': 0.175} t:169.1s v:59.7s
20_05_01:17 openset_imagenet.binary_ensemble_combined_emnist INFO: loss:bce protocol:2 ep:115 train:{'j': 0.113} val:{'j': 1.111, 'conf_kn': 0.641, 'conf_unk': 0.178} t:169.2s v:59.1s
20_05_01:21 openset_imagenet.binary_ensemble_combined_emnist INFO: loss:bce protocol:2 ep:116 train:{'j': 0.107} val:{'j': 1.206, 'conf_kn': 0.655, 'conf_unk': 0.167} t:169.5s v:61.8s
20_05_01:25 openset_imagenet.binary_ensemble_combined_emnist INFO: loss:bce protocol:2 ep:117 train:{'j': 0.106} val:{'j': 1.322, 'conf_kn': 0.625, 'conf_unk': 0.149} t:172.3s v:60.6s
20_05_01:29 openset_imagenet.binary_ensemble_combined_emnist INFO: loss:bce protocol:2 ep:118 train:{'j': 0.109} val:{'j': 1.170, 'conf_kn': 0.639, 'conf_unk': 0.170} t:168.5s v:59.8s
20_05_01:33 openset_imagenet.binary_ensemble_combined_emnist INFO: loss:bce protocol:2 ep:119 train:{'j': 0.101} val:{'j': 1.101, 'conf_kn': 0.658, 'conf_unk': 0.182} t:167.2s v:60.3s
20_05_01:37 openset_imagenet.binary_ensemble_combined_emnist INFO: loss:bce protocol:2 ep:120 train:{'j': 0.098} val:{'j': 1.180, 'conf_kn': 0.643, 'conf_unk': 0.169} t:165.1s v:58.6s
20_05_01:41 openset_imagenet.binary_ensemble_combined_emnist INFO: loss:bce protocol:2 ep:121 train:{'j': 0.100} val:{'j': 1.208, 'conf_kn': 0.658, 'conf_unk': 0.168} t:170.1s v:65.9s
20_05_01:44 openset_imagenet.binary_ensemble_combined_emnist INFO: loss:bce protocol:2 ep:122 train:{'j': 0.097} val:{'j': 1.127, 'conf_kn': 0.634, 'conf_unk': 0.175} t:174.9s v:58.6s
20_05_01:48 openset_imagenet.binary_ensemble_combined_emnist INFO: loss:bce protocol:2 ep:123 train:{'j': 0.091} val:{'j': 1.156, 'conf_kn': 0.647, 'conf_unk': 0.168} t:165.1s v:60.3s
20_05_01:52 openset_imagenet.binary_ensemble_combined_emnist INFO: loss:bce protocol:2 ep:124 train:{'j': 0.098} val:{'j': 1.184, 'conf_kn': 0.596, 'conf_unk': 0.180} t:167.3s v:59.0s
20_05_01:56 openset_imagenet.binary_ensemble_combined_emnist INFO: loss:bce protocol:2 ep:125 train:{'j': 0.097} val:{'j': 1.233, 'conf_kn': 0.650, 'conf_unk': 0.159} t:169.5s v:60.8s
20_05_02:00 openset_imagenet.binary_ensemble_combined_emnist INFO: loss:bce protocol:2 ep:126 train:{'j': 0.091} val:{'j': 1.228, 'conf_kn': 0.657, 'conf_unk': 0.161} t:169.1s v:62.3s
20_05_02:04 openset_imagenet.binary_ensemble_combined_emnist INFO: loss:bce protocol:2 ep:127 train:{'j': 0.090} val:{'j': 1.339, 'conf_kn': 0.650, 'conf_unk': 0.159} t:169.2s v:58.8s
20_05_02:07 openset_imagenet.binary_ensemble_combined_emnist INFO: loss:bce protocol:2 ep:128 train:{'j': 0.087} val:{'j': 1.125, 'conf_kn': 0.658, 'conf_unk': 0.164} t:167.8s v:58.9s
20_05_02:11 openset_imagenet.binary_ensemble_combined_emnist INFO: loss:bce protocol:2 ep:129 train:{'j': 0.082} val:{'j': 1.203, 'conf_kn': 0.656, 'conf_unk': 0.163} t:168.5s v:62.2s
20_05_02:15 openset_imagenet.binary_ensemble_combined_emnist INFO: loss:bce protocol:2 ep:130 train:{'j': 0.086} val:{'j': 1.259, 'conf_kn': 0.648, 'conf_unk': 0.165} t:170.7s v:60.9s
20_05_02:19 openset_imagenet.binary_ensemble_combined_emnist INFO: loss:bce protocol:2 ep:131 train:{'j': 0.083} val:{'j': 1.374, 'conf_kn': 0.656, 'conf_unk': 0.149} t:167.3s v:64.7s
20_05_02:23 openset_imagenet.binary_ensemble_combined_emnist INFO: loss:bce protocol:2 ep:132 train:{'j': 0.079} val:{'j': 1.163, 'conf_kn': 0.656, 'conf_unk': 0.170} t:187.5s v:73.2s
20_05_02:27 openset_imagenet.binary_ensemble_combined_emnist INFO: loss:bce protocol:2 ep:133 train:{'j': 0.083} val:{'j': 1.336, 'conf_kn': 0.649, 'conf_unk': 0.153} t:181.4s v:64.7s
20_05_02:31 openset_imagenet.binary_ensemble_combined_emnist INFO: loss:bce protocol:2 ep:134 train:{'j': 0.079} val:{'j': 1.287, 'conf_kn': 0.650, 'conf_unk': 0.159} t:175.1s v:67.1s
20_05_02:36 openset_imagenet.binary_ensemble_combined_emnist INFO: loss:bce protocol:2 ep:135 train:{'j': 0.076} val:{'j': 1.187, 'conf_kn': 0.639, 'conf_unk': 0.175} t:183.5s v:68.2s
20_05_02:40 openset_imagenet.binary_ensemble_combined_emnist INFO: loss:bce protocol:2 ep:136 train:{'j': 0.078} val:{'j': 1.316, 'conf_kn': 0.644, 'conf_unk': 0.160} t:179.8s v:67.3s
20_05_02:44 openset_imagenet.binary_ensemble_combined_emnist INFO: loss:bce protocol:2 ep:137 train:{'j': 0.076} val:{'j': 1.262, 'conf_kn': 0.660, 'conf_unk': 0.157} t:171.3s v:63.2s
20_05_02:48 openset_imagenet.binary_ensemble_combined_emnist INFO: loss:bce protocol:2 ep:138 train:{'j': 0.077} val:{'j': 1.318, 'conf_kn': 0.641, 'conf_unk': 0.158} t:169.6s v:60.4s
20_05_02:51 openset_imagenet.binary_ensemble_combined_emnist INFO: loss:bce protocol:2 ep:139 train:{'j': 0.072} val:{'j': 1.337, 'conf_kn': 0.658, 'conf_unk': 0.152} t:166.5s v:63.5s
20_05_02:55 openset_imagenet.binary_ensemble_combined_emnist INFO: loss:bce protocol:2 ep:140 train:{'j': 0.070} val:{'j': 1.319, 'conf_kn': 0.642, 'conf_unk': 0.158} t:169.5s v:60.7s
20_05_02:59 openset_imagenet.binary_ensemble_combined_emnist INFO: loss:bce protocol:2 ep:141 train:{'j': 0.071} val:{'j': 1.311, 'conf_kn': 0.655, 'conf_unk': 0.154} t:171.4s v:61.6s
20_05_03:03 openset_imagenet.binary_ensemble_combined_emnist INFO: loss:bce protocol:2 ep:142 train:{'j': 0.068} val:{'j': 1.329, 'conf_kn': 0.637, 'conf_unk': 0.150} t:171.1s v:61.6s
20_05_03:07 openset_imagenet.binary_ensemble_combined_emnist INFO: loss:bce protocol:2 ep:143 train:{'j': 0.067} val:{'j': 1.187, 'conf_kn': 0.624, 'conf_unk': 0.169} t:169.1s v:56.4s
20_05_03:11 openset_imagenet.binary_ensemble_combined_emnist INFO: loss:bce protocol:2 ep:144 train:{'j': 0.072} val:{'j': 1.325, 'conf_kn': 0.653, 'conf_unk': 0.157} t:171.9s v:59.9s
20_05_03:15 openset_imagenet.binary_ensemble_combined_emnist INFO: loss:bce protocol:2 ep:145 train:{'j': 0.064} val:{'j': 1.390, 'conf_kn': 0.666, 'conf_unk': 0.151} t:178.3s v:66.8s
20_05_03:19 openset_imagenet.binary_ensemble_combined_emnist INFO: loss:bce protocol:2 ep:146 train:{'j': 0.062} val:{'j': 1.469, 'conf_kn': 0.554, 'conf_unk': 0.145} t:176.4s v:66.5s
20_05_03:23 openset_imagenet.binary_ensemble_combined_emnist INFO: loss:bce protocol:2 ep:147 train:{'j': 0.064} val:{'j': 1.390, 'conf_kn': 0.629, 'conf_unk': 0.161} t:173.7s v:67.9s
20_05_03:27 openset_imagenet.binary_ensemble_combined_emnist INFO: loss:bce protocol:2 ep:148 train:{'j': 0.068} val:{'j': 1.350, 'conf_kn': 0.660, 'conf_unk': 0.147} t:176.5s v:61.7s
20_05_03:31 openset_imagenet.binary_ensemble_combined_emnist INFO: loss:bce protocol:2 ep:149 train:{'j': 0.061} val:{'j': 1.410, 'conf_kn': 0.601, 'conf_unk': 0.148} t:172.4s v:58.4s
20_05_03:35 openset_imagenet.binary_ensemble_combined_emnist INFO: loss:bce protocol:2 ep:150 train:{'j': 0.064} val:{'j': 1.376, 'conf_kn': 0.663, 'conf_unk': 0.149} t:168.3s v:63.1s
20_05_03:38 openset_imagenet.binary_ensemble_combined_emnist INFO: loss:bce protocol:2 ep:151 train:{'j': 0.061} val:{'j': 1.273, 'conf_kn': 0.672, 'conf_unk': 0.156} t:167.3s v:60.7s
20_05_03:42 openset_imagenet.binary_ensemble_combined_emnist INFO: loss:bce protocol:2 ep:152 train:{'j': 0.062} val:{'j': 1.291, 'conf_kn': 0.642, 'conf_unk': 0.159} t:170.9s v:59.4s
20_05_03:46 openset_imagenet.binary_ensemble_combined_emnist INFO: loss:bce protocol:2 ep:153 train:{'j': 0.060} val:{'j': 1.532, 'conf_kn': 0.642, 'conf_unk': 0.136} t:170.1s v:60.8s
20_05_03:50 openset_imagenet.binary_ensemble_combined_emnist INFO: loss:bce protocol:2 ep:154 train:{'j': 0.063} val:{'j': 1.329, 'conf_kn': 0.637, 'conf_unk': 0.150} t:170.9s v:62.2s
20_05_03:54 openset_imagenet.binary_ensemble_combined_emnist INFO: loss:bce protocol:2 ep:155 train:{'j': 0.060} val:{'j': 1.212, 'conf_kn': 0.658, 'conf_unk': 0.156} t:176.8s v:63.4s
20_05_03:58 openset_imagenet.binary_ensemble_combined_emnist INFO: loss:bce protocol:2 ep:156 train:{'j': 0.051} val:{'j': 1.446, 'conf_kn': 0.656, 'conf_unk': 0.143} t:170.8s v:62.7s
20_05_04:02 openset_imagenet.binary_ensemble_combined_emnist INFO: loss:bce protocol:2 ep:157 train:{'j': 0.059} val:{'j': 1.378, 'conf_kn': 0.668, 'conf_unk': 0.153} t:171.7s v:59.7s
20_05_04:06 openset_imagenet.binary_ensemble_combined_emnist INFO: loss:bce protocol:2 ep:158 train:{'j': 0.054} val:{'j': 1.290, 'conf_kn': 0.645, 'conf_unk': 0.159} t:176.9s v:64.1s
20_05_04:10 openset_imagenet.binary_ensemble_combined_emnist INFO: loss:bce protocol:2 ep:159 train:{'j': 0.050} val:{'j': 1.355, 'conf_kn': 0.651, 'conf_unk': 0.147} t:175.4s v:69.5s
20_05_04:14 openset_imagenet.binary_ensemble_combined_emnist INFO: loss:bce protocol:2 ep:160 train:{'j': 0.053} val:{'j': 1.365, 'conf_kn': 0.663, 'conf_unk': 0.153} t:188.7s v:67.1s
20_05_04:19 openset_imagenet.binary_ensemble_combined_emnist INFO: loss:bce protocol:2 ep:161 train:{'j': 0.054} val:{'j': 1.364, 'conf_kn': 0.657, 'conf_unk': 0.148} t:184.7s v:75.7s
20_05_04:23 openset_imagenet.binary_ensemble_combined_emnist INFO: loss:bce protocol:2 ep:162 train:{'j': 0.055} val:{'j': 1.353, 'conf_kn': 0.663, 'conf_unk': 0.149} t:187.7s v:74.5s
20_05_04:27 openset_imagenet.binary_ensemble_combined_emnist INFO: loss:bce protocol:2 ep:163 train:{'j': 0.050} val:{'j': 1.414, 'conf_kn': 0.654, 'conf_unk': 0.154} t:192.5s v:72.6s
20_05_04:32 openset_imagenet.binary_ensemble_combined_emnist INFO: loss:bce protocol:2 ep:164 train:{'j': 0.050} val:{'j': 1.451, 'conf_kn': 0.613, 'conf_unk': 0.150} t:182.4s v:66.2s
20_05_04:35 openset_imagenet.binary_ensemble_combined_emnist INFO: loss:bce protocol:2 ep:165 train:{'j': 0.054} val:{'j': 1.451, 'conf_kn': 0.644, 'conf_unk': 0.153} t:168.1s v:59.8s
20_05_04:39 openset_imagenet.binary_ensemble_combined_emnist INFO: loss:bce protocol:2 ep:166 train:{'j': 0.052} val:{'j': 1.515, 'conf_kn': 0.656, 'conf_unk': 0.140} t:168.9s v:57.5s
20_05_04:43 openset_imagenet.binary_ensemble_combined_emnist INFO: loss:bce protocol:2 ep:167 train:{'j': 0.053} val:{'j': 1.457, 'conf_kn': 0.668, 'conf_unk': 0.142} t:179.3s v:64.8s
20_05_04:47 openset_imagenet.binary_ensemble_combined_emnist INFO: loss:bce protocol:2 ep:168 train:{'j': 0.052} val:{'j': 1.372, 'conf_kn': 0.658, 'conf_unk': 0.158} t:173.0s v:60.0s
20_05_04:51 openset_imagenet.binary_ensemble_combined_emnist INFO: loss:bce protocol:2 ep:169 train:{'j': 0.044} val:{'j': 1.338, 'conf_kn': 0.661, 'conf_unk': 0.147} t:169.0s v:61.3s
20_05_04:55 openset_imagenet.binary_ensemble_combined_emnist INFO: loss:bce protocol:2 ep:170 train:{'j': 0.045} val:{'j': 1.459, 'conf_kn': 0.655, 'conf_unk': 0.146} t:170.7s v:68.3s
20_05_04:59 openset_imagenet.binary_ensemble_combined_emnist INFO: loss:bce protocol:2 ep:171 train:{'j': 0.048} val:{'j': 1.335, 'conf_kn': 0.646, 'conf_unk': 0.156} t:179.0s v:62.7s
20_05_05:03 openset_imagenet.binary_ensemble_combined_emnist INFO: loss:bce protocol:2 ep:172 train:{'j': 0.045} val:{'j': 1.338, 'conf_kn': 0.667, 'conf_unk': 0.149} t:171.9s v:64.4s
20_05_05:07 openset_imagenet.binary_ensemble_combined_emnist INFO: loss:bce protocol:2 ep:173 train:{'j': 0.041} val:{'j': 1.438, 'conf_kn': 0.632, 'conf_unk': 0.144} t:178.1s v:63.4s
20_05_05:11 openset_imagenet.binary_ensemble_combined_emnist INFO: loss:bce protocol:2 ep:174 train:{'j': 0.050} val:{'j': 1.459, 'conf_kn': 0.640, 'conf_unk': 0.150} t:177.2s v:69.8s
20_05_05:15 openset_imagenet.binary_ensemble_combined_emnist INFO: loss:bce protocol:2 ep:175 train:{'j': 0.051} val:{'j': 1.336, 'conf_kn': 0.652, 'conf_unk': 0.150} t:183.2s v:69.5s
20_05_05:20 openset_imagenet.binary_ensemble_combined_emnist INFO: loss:bce protocol:2 ep:176 train:{'j': 0.041} val:{'j': 1.452, 'conf_kn': 0.664, 'conf_unk': 0.143} t:182.5s v:68.7s
20_05_05:24 openset_imagenet.binary_ensemble_combined_emnist INFO: loss:bce protocol:2 ep:177 train:{'j': 0.043} val:{'j': 1.401, 'conf_kn': 0.650, 'conf_unk': 0.148} t:174.2s v:65.9s
20_05_05:27 openset_imagenet.binary_ensemble_combined_emnist INFO: loss:bce protocol:2 ep:178 train:{'j': 0.044} val:{'j': 1.464, 'conf_kn': 0.662, 'conf_unk': 0.137} t:171.7s v:63.9s
20_05_05:31 openset_imagenet.binary_ensemble_combined_emnist INFO: loss:bce protocol:2 ep:179 train:{'j': 0.046} val:{'j': 1.480, 'conf_kn': 0.659, 'conf_unk': 0.137} t:167.6s v:60.9s
20_05_05:35 openset_imagenet.binary_ensemble_combined_emnist INFO: loss:bce protocol:2 ep:180 train:{'j': 0.041} val:{'j': 1.519, 'conf_kn': 0.656, 'conf_unk': 0.140} t:170.5s v:61.3s
20_05_05:39 openset_imagenet.binary_ensemble_combined_emnist INFO: loss:bce protocol:2 ep:181 train:{'j': 0.037} val:{'j': 1.499, 'conf_kn': 0.666, 'conf_unk': 0.137} t:168.7s v:58.6s
20_05_05:43 openset_imagenet.binary_ensemble_combined_emnist INFO: loss:bce protocol:2 ep:182 train:{'j': 0.037} val:{'j': 1.547, 'conf_kn': 0.659, 'conf_unk': 0.143} t:167.2s v:63.0s
20_05_05:47 openset_imagenet.binary_ensemble_combined_emnist INFO: loss:bce protocol:2 ep:183 train:{'j': 0.038} val:{'j': 1.506, 'conf_kn': 0.673, 'conf_unk': 0.141} t:171.2s v:56.6s
20_05_05:50 openset_imagenet.binary_ensemble_combined_emnist INFO: loss:bce protocol:2 ep:184 train:{'j': 0.042} val:{'j': 1.425, 'conf_kn': 0.654, 'conf_unk': 0.146} t:167.8s v:59.1s
20_05_05:54 openset_imagenet.binary_ensemble_combined_emnist INFO: loss:bce protocol:2 ep:185 train:{'j': 0.042} val:{'j': 1.395, 'conf_kn': 0.656, 'conf_unk': 0.148} t:169.3s v:67.3s
20_05_05:58 openset_imagenet.binary_ensemble_combined_emnist INFO: loss:bce protocol:2 ep:186 train:{'j': 0.042} val:{'j': 1.393, 'conf_kn': 0.648, 'conf_unk': 0.152} t:175.4s v:66.4s
20_05_06:02 openset_imagenet.binary_ensemble_combined_emnist INFO: loss:bce protocol:2 ep:187 train:{'j': 0.041} val:{'j': 1.623, 'conf_kn': 0.662, 'conf_unk': 0.134} t:177.5s v:65.4s
20_05_06:06 openset_imagenet.binary_ensemble_combined_emnist INFO: loss:bce protocol:2 ep:188 train:{'j': 0.037} val:{'j': 1.525, 'conf_kn': 0.660, 'conf_unk': 0.140} t:174.2s v:63.2s
20_05_06:10 openset_imagenet.binary_ensemble_combined_emnist INFO: loss:bce protocol:2 ep:189 train:{'j': 0.041} val:{'j': 1.403, 'conf_kn': 0.670, 'conf_unk': 0.142} t:168.3s v:61.0s
20_05_06:14 openset_imagenet.binary_ensemble_combined_emnist INFO: loss:bce protocol:2 ep:190 train:{'j': 0.038} val:{'j': 1.588, 'conf_kn': 0.650, 'conf_unk': 0.132} t:168.6s v:64.2s
20_05_06:18 openset_imagenet.binary_ensemble_combined_emnist INFO: loss:bce protocol:2 ep:191 train:{'j': 0.037} val:{'j': 1.515, 'conf_kn': 0.667, 'conf_unk': 0.136} t:171.5s v:62.1s
20_05_06:22 openset_imagenet.binary_ensemble_combined_emnist INFO: loss:bce protocol:2 ep:192 train:{'j': 0.035} val:{'j': 1.805, 'conf_kn': 0.631, 'conf_unk': 0.129} t:166.9s v:58.0s
20_05_06:26 openset_imagenet.binary_ensemble_combined_emnist INFO: loss:bce protocol:2 ep:193 train:{'j': 0.035} val:{'j': 1.503, 'conf_kn': 0.669, 'conf_unk': 0.144} t:171.6s v:60.7s
20_05_06:30 openset_imagenet.binary_ensemble_combined_emnist INFO: loss:bce protocol:2 ep:194 train:{'j': 0.034} val:{'j': 1.446, 'conf_kn': 0.662, 'conf_unk': 0.139} t:168.1s v:63.9s
20_05_06:33 openset_imagenet.binary_ensemble_combined_emnist INFO: loss:bce protocol:2 ep:195 train:{'j': 0.036} val:{'j': 1.467, 'conf_kn': 0.660, 'conf_unk': 0.143} t:173.5s v:58.5s
20_05_06:37 openset_imagenet.binary_ensemble_combined_emnist INFO: loss:bce protocol:2 ep:196 train:{'j': 0.039} val:{'j': 1.458, 'conf_kn': 0.680, 'conf_unk': 0.142} t:168.5s v:63.9s
20_05_06:41 openset_imagenet.binary_ensemble_combined_emnist INFO: loss:bce protocol:2 ep:197 train:{'j': 0.035} val:{'j': 1.507, 'conf_kn': 0.674, 'conf_unk': 0.136} t:173.7s v:69.3s
20_05_06:45 openset_imagenet.binary_ensemble_combined_emnist INFO: loss:bce protocol:2 ep:198 train:{'j': 0.038} val:{'j': 1.540, 'conf_kn': 0.660, 'conf_unk': 0.144} t:172.6s v:66.3s
20_05_06:49 openset_imagenet.binary_ensemble_combined_emnist INFO: loss:bce protocol:2 ep:199 train:{'j': 0.035} val:{'j': 1.613, 'conf_kn': 0.672, 'conf_unk': 0.135} t:174.7s v:65.2s
20_05_06:53 openset_imagenet.binary_ensemble_combined_emnist INFO: loss:bce protocol:2 ep:200 train:{'j': 0.038} val:{'j': 1.402, 'conf_kn': 0.663, 'conf_unk': 0.148} t:175.3s v:63.7s
20_05_06:58 openset_imagenet.binary_ensemble_combined_emnist INFO: loss:bce protocol:2 ep:201 train:{'j': 0.036} val:{'j': 1.577, 'conf_kn': 0.662, 'conf_unk': 0.135} t:178.4s v:68.3s
20_05_07:01 openset_imagenet.binary_ensemble_combined_emnist INFO: loss:bce protocol:2 ep:202 train:{'j': 0.037} val:{'j': 1.548, 'conf_kn': 0.670, 'conf_unk': 0.138} t:174.1s v:61.9s
20_05_07:05 openset_imagenet.binary_ensemble_combined_emnist INFO: loss:bce protocol:2 ep:203 train:{'j': 0.039} val:{'j': 1.510, 'conf_kn': 0.669, 'conf_unk': 0.139} t:169.6s v:56.4s
20_05_07:09 openset_imagenet.binary_ensemble_combined_emnist INFO: loss:bce protocol:2 ep:204 train:{'j': 0.029} val:{'j': 1.512, 'conf_kn': 0.645, 'conf_unk': 0.143} t:164.5s v:55.7s
20_05_07:13 openset_imagenet.binary_ensemble_combined_emnist INFO: loss:bce protocol:2 ep:205 train:{'j': 0.028} val:{'j': 1.537, 'conf_kn': 0.673, 'conf_unk': 0.140} t:166.4s v:60.9s
20_05_07:17 openset_imagenet.binary_ensemble_combined_emnist INFO: loss:bce protocol:2 ep:206 train:{'j': 0.028} val:{'j': 1.535, 'conf_kn': 0.660, 'conf_unk': 0.144} t:168.3s v:59.8s
20_05_07:20 openset_imagenet.binary_ensemble_combined_emnist INFO: loss:bce protocol:2 ep:207 train:{'j': 0.031} val:{'j': 1.651, 'conf_kn': 0.673, 'conf_unk': 0.135} t:166.1s v:54.7s
20_05_07:24 openset_imagenet.binary_ensemble_combined_emnist INFO: loss:bce protocol:2 ep:208 train:{'j': 0.032} val:{'j': 1.585, 'conf_kn': 0.672, 'conf_unk': 0.138} t:162.6s v:55.7s
20_05_07:28 openset_imagenet.binary_ensemble_combined_emnist INFO: loss:bce protocol:2 ep:209 train:{'j': 0.038} val:{'j': 1.505, 'conf_kn': 0.663, 'conf_unk': 0.141} t:168.4s v:65.4s
20_05_07:32 openset_imagenet.binary_ensemble_combined_emnist INFO: loss:bce protocol:2 ep:210 train:{'j': 0.031} val:{'j': 1.606, 'conf_kn': 0.672, 'conf_unk': 0.134} t:180.2s v:56.8s
20_05_07:36 openset_imagenet.binary_ensemble_combined_emnist INFO: loss:bce protocol:2 ep:211 train:{'j': 0.027} val:{'j': 1.559, 'conf_kn': 0.665, 'conf_unk': 0.131} t:181.4s v:68.4s
20_05_07:40 openset_imagenet.binary_ensemble_combined_emnist INFO: loss:bce protocol:2 ep:212 train:{'j': 0.029} val:{'j': 1.568, 'conf_kn': 0.662, 'conf_unk': 0.137} t:180.2s v:65.9s
20_05_07:44 openset_imagenet.binary_ensemble_combined_emnist INFO: loss:bce protocol:2 ep:213 train:{'j': 0.030} val:{'j': 1.533, 'conf_kn': 0.665, 'conf_unk': 0.135} t:172.8s v:65.0s
20_05_07:48 openset_imagenet.binary_ensemble_combined_emnist INFO: loss:bce protocol:2 ep:214 train:{'j': 0.030} val:{'j': 1.659, 'conf_kn': 0.662, 'conf_unk': 0.132} t:166.1s v:59.7s
20_05_07:52 openset_imagenet.binary_ensemble_combined_emnist INFO: loss:bce protocol:2 ep:215 train:{'j': 0.033} val:{'j': 1.556, 'conf_kn': 0.669, 'conf_unk': 0.138} t:168.5s v:59.8s
20_05_07:55 openset_imagenet.binary_ensemble_combined_emnist INFO: loss:bce protocol:2 ep:216 train:{'j': 0.032} val:{'j': 1.514, 'conf_kn': 0.649, 'conf_unk': 0.142} t:168.4s v:60.4s
20_05_07:59 openset_imagenet.binary_ensemble_combined_emnist INFO: loss:bce protocol:2 ep:217 train:{'j': 0.025} val:{'j': 1.595, 'conf_kn': 0.671, 'conf_unk': 0.133} t:169.3s v:61.3s
20_05_08:03 openset_imagenet.binary_ensemble_combined_emnist INFO: loss:bce protocol:2 ep:218 train:{'j': 0.025} val:{'j': 1.586, 'conf_kn': 0.683, 'conf_unk': 0.136} t:167.0s v:61.9s
20_05_08:07 openset_imagenet.binary_ensemble_combined_emnist INFO: loss:bce protocol:2 ep:219 train:{'j': 0.025} val:{'j': 1.703, 'conf_kn': 0.679, 'conf_unk': 0.132} t:171.3s v:61.3s
20_05_08:11 openset_imagenet.binary_ensemble_combined_emnist INFO: loss:bce protocol:2 ep:220 train:{'j': 0.030} val:{'j': 1.513, 'conf_kn': 0.679, 'conf_unk': 0.134} t:167.6s v:60.0s
20_05_08:15 openset_imagenet.binary_ensemble_combined_emnist INFO: loss:bce protocol:2 ep:221 train:{'j': 0.028} val:{'j': 1.613, 'conf_kn': 0.654, 'conf_unk': 0.134} t:167.3s v:63.8s
20_05_08:19 openset_imagenet.binary_ensemble_combined_emnist INFO: loss:bce protocol:2 ep:222 train:{'j': 0.022} val:{'j': 1.696, 'conf_kn': 0.683, 'conf_unk': 0.128} t:170.6s v:61.3s
20_05_08:23 openset_imagenet.binary_ensemble_combined_emnist INFO: loss:bce protocol:2 ep:223 train:{'j': 0.022} val:{'j': 1.526, 'conf_kn': 0.661, 'conf_unk': 0.139} t:177.1s v:65.6s
20_05_08:27 openset_imagenet.binary_ensemble_combined_emnist INFO: loss:bce protocol:2 ep:224 train:{'j': 0.025} val:{'j': 1.780, 'conf_kn': 0.670, 'conf_unk': 0.124} t:180.2s v:66.3s
20_05_08:31 openset_imagenet.binary_ensemble_combined_emnist INFO: loss:bce protocol:2 ep:225 train:{'j': 0.025} val:{'j': 1.621, 'conf_kn': 0.663, 'conf_unk': 0.127} t:178.4s v:64.2s
20_05_08:35 openset_imagenet.binary_ensemble_combined_emnist INFO: loss:bce protocol:2 ep:226 train:{'j': 0.024} val:{'j': 1.672, 'conf_kn': 0.680, 'conf_unk': 0.129} t:176.8s v:69.6s
20_05_08:39 openset_imagenet.binary_ensemble_combined_emnist INFO: loss:bce protocol:2 ep:227 train:{'j': 0.028} val:{'j': 1.666, 'conf_kn': 0.667, 'conf_unk': 0.132} t:181.0s v:67.8s
20_05_08:43 openset_imagenet.binary_ensemble_combined_emnist INFO: loss:bce protocol:2 ep:228 train:{'j': 0.026} val:{'j': 1.544, 'conf_kn': 0.669, 'conf_unk': 0.133} t:179.0s v:64.0s
20_05_08:47 openset_imagenet.binary_ensemble_combined_emnist INFO: loss:bce protocol:2 ep:229 train:{'j': 0.026} val:{'j': 1.674, 'conf_kn': 0.643, 'conf_unk': 0.136} t:179.9s v:64.2s
20_05_08:51 openset_imagenet.binary_ensemble_combined_emnist INFO: loss:bce protocol:2 ep:230 train:{'j': 0.027} val:{'j': 1.564, 'conf_kn': 0.675, 'conf_unk': 0.140} t:170.8s v:64.5s
20_05_08:55 openset_imagenet.binary_ensemble_combined_emnist INFO: loss:bce protocol:2 ep:231 train:{'j': 0.026} val:{'j': 1.513, 'conf_kn': 0.666, 'conf_unk': 0.142} t:174.7s v:63.1s
20_05_08:59 openset_imagenet.binary_ensemble_combined_emnist INFO: loss:bce protocol:2 ep:232 train:{'j': 0.027} val:{'j': 1.647, 'conf_kn': 0.637, 'conf_unk': 0.136} t:171.9s v:64.7s
20_05_09:03 openset_imagenet.binary_ensemble_combined_emnist INFO: loss:bce protocol:2 ep:233 train:{'j': 0.032} val:{'j': 1.662, 'conf_kn': 0.644, 'conf_unk': 0.132} t:170.7s v:59.4s
20_05_09:07 openset_imagenet.binary_ensemble_combined_emnist INFO: loss:bce protocol:2 ep:234 train:{'j': 0.029} val:{'j': 1.568, 'conf_kn': 0.662, 'conf_unk': 0.138} t:170.3s v:64.4s
20_05_09:11 openset_imagenet.binary_ensemble_combined_emnist INFO: loss:bce protocol:2 ep:235 train:{'j': 0.028} val:{'j': 1.497, 'conf_kn': 0.684, 'conf_unk': 0.133} t:170.0s v:64.2s
20_05_09:15 openset_imagenet.binary_ensemble_combined_emnist INFO: loss:bce protocol:2 ep:236 train:{'j': 0.022} val:{'j': 1.590, 'conf_kn': 0.676, 'conf_unk': 0.140} t:173.6s v:65.1s
20_05_09:19 openset_imagenet.binary_ensemble_combined_emnist INFO: loss:bce protocol:2 ep:237 train:{'j': 0.026} val:{'j': 1.666, 'conf_kn': 0.666, 'conf_unk': 0.132} t:179.1s v:67.9s
20_05_09:23 openset_imagenet.binary_ensemble_combined_emnist INFO: loss:bce protocol:2 ep:238 train:{'j': 0.026} val:{'j': 1.637, 'conf_kn': 0.674, 'conf_unk': 0.129} t:178.2s v:69.3s
20_05_09:27 openset_imagenet.binary_ensemble_combined_emnist INFO: loss:bce protocol:2 ep:239 train:{'j': 0.023} val:{'j': 1.658, 'conf_kn': 0.673, 'conf_unk': 0.131} t:181.8s v:69.5s
20_05_09:31 openset_imagenet.binary_ensemble_combined_emnist INFO: loss:bce protocol:2 ep:240 train:{'j': 0.022} val:{'j': 1.690, 'conf_kn': 0.686, 'conf_unk': 0.129} t:181.8s v:63.3s
20_05_09:35 openset_imagenet.binary_ensemble_combined_emnist INFO: loss:bce protocol:2 ep:241 train:{'j': 0.020} val:{'j': 1.658, 'conf_kn': 0.676, 'conf_unk': 0.132} t:167.9s v:66.3s
20_05_09:39 openset_imagenet.binary_ensemble_combined_emnist INFO: loss:bce protocol:2 ep:242 train:{'j': 0.022} val:{'j': 1.537, 'conf_kn': 0.678, 'conf_unk': 0.138} t:174.3s v:61.3s
20_05_09:43 openset_imagenet.binary_ensemble_combined_emnist INFO: loss:bce protocol:2 ep:243 train:{'j': 0.022} val:{'j': 1.673, 'conf_kn': 0.670, 'conf_unk': 0.132} t:174.5s v:61.0s
20_05_09:47 openset_imagenet.binary_ensemble_combined_emnist INFO: loss:bce protocol:2 ep:244 train:{'j': 0.018} val:{'j': 1.571, 'conf_kn': 0.671, 'conf_unk': 0.134} t:167.3s v:59.0s
20_05_09:54 openset_imagenet.binary_ensemble_combined_emnist INFO: loss:bce protocol:2 ep:245 train:{'j': 0.018} val:{'j': 1.742, 'conf_kn': 0.653, 'conf_unk': 0.133} t:301.4s v:95.9s
20_05_09:57 openset_imagenet.binary_ensemble_combined_emnist INFO: loss:bce protocol:2 ep:246 train:{'j': 0.023} val:{'j': 1.656, 'conf_kn': 0.679, 'conf_unk': 0.135} t:166.5s v:58.5s
20_05_10:01 openset_imagenet.binary_ensemble_combined_emnist INFO: loss:bce protocol:2 ep:247 train:{'j': 0.022} val:{'j': 1.710, 'conf_kn': 0.654, 'conf_unk': 0.130} t:163.6s v:57.2s
20_05_10:05 openset_imagenet.binary_ensemble_combined_emnist INFO: loss:bce protocol:2 ep:248 train:{'j': 0.023} val:{'j': 1.633, 'conf_kn': 0.671, 'conf_unk': 0.135} t:165.5s v:60.4s
20_05_10:09 openset_imagenet.binary_ensemble_combined_emnist INFO: loss:bce protocol:2 ep:249 train:{'j': 0.027} val:{'j': 1.704, 'conf_kn': 0.659, 'conf_unk': 0.136} t:198.4s v:69.9s
20_05_10:13 openset_imagenet.binary_ensemble_combined_emnist INFO: loss:bce protocol:2 ep:250 train:{'j': 0.029} val:{'j': 1.687, 'conf_kn': 0.666, 'conf_unk': 0.130} t:170.6s v:67.3s
20_05_10:17 openset_imagenet.binary_ensemble_combined_emnist INFO: loss:bce protocol:2 ep:251 train:{'j': 0.027} val:{'j': 1.544, 'conf_kn': 0.658, 'conf_unk': 0.136} t:170.5s v:60.1s
20_05_10:21 openset_imagenet.binary_ensemble_combined_emnist INFO: loss:bce protocol:2 ep:252 train:{'j': 0.025} val:{'j': 1.668, 'conf_kn': 0.674, 'conf_unk': 0.131} t:191.3s v:70.6s
20_05_10:25 openset_imagenet.binary_ensemble_combined_emnist INFO: loss:bce protocol:2 ep:253 train:{'j': 0.021} val:{'j': 1.616, 'conf_kn': 0.683, 'conf_unk': 0.130} t:168.5s v:60.5s
20_05_10:29 openset_imagenet.binary_ensemble_combined_emnist INFO: loss:bce protocol:2 ep:254 train:{'j': 0.021} val:{'j': 1.690, 'conf_kn': 0.684, 'conf_unk': 0.126} t:168.0s v:59.8s
20_05_10:33 openset_imagenet.binary_ensemble_combined_emnist INFO: loss:bce protocol:2 ep:255 train:{'j': 0.017} val:{'j': 1.624, 'conf_kn': 0.679, 'conf_unk': 0.133} t:170.8s v:63.0s
20_05_10:37 openset_imagenet.binary_ensemble_combined_emnist INFO: loss:bce protocol:2 ep:256 train:{'j': 0.017} val:{'j': 1.618, 'conf_kn': 0.680, 'conf_unk': 0.132} t:169.2s v:61.0s
20_05_10:41 openset_imagenet.binary_ensemble_combined_emnist INFO: loss:bce protocol:2 ep:257 train:{'j': 0.018} val:{'j': 1.653, 'conf_kn': 0.685, 'conf_unk': 0.130} t:168.5s v:60.7s
20_05_10:44 openset_imagenet.binary_ensemble_combined_emnist INFO: loss:bce protocol:2 ep:258 train:{'j': 0.022} val:{'j': 1.666, 'conf_kn': 0.679, 'conf_unk': 0.133} t:167.0s v:61.6s
20_05_10:48 openset_imagenet.binary_ensemble_combined_emnist INFO: loss:bce protocol:2 ep:259 train:{'j': 0.024} val:{'j': 1.588, 'conf_kn': 0.664, 'conf_unk': 0.137} t:168.6s v:61.3s
20_05_10:52 openset_imagenet.binary_ensemble_combined_emnist INFO: loss:bce protocol:2 ep:260 train:{'j': 0.024} val:{'j': 1.765, 'conf_kn': 0.672, 'conf_unk': 0.127} t:166.6s v:58.9s
20_05_10:56 openset_imagenet.binary_ensemble_combined_emnist INFO: loss:bce protocol:2 ep:261 train:{'j': 0.031} val:{'j': 1.688, 'conf_kn': 0.677, 'conf_unk': 0.124} t:164.9s v:61.3s
20_05_11:00 openset_imagenet.binary_ensemble_combined_emnist INFO: loss:bce protocol:2 ep:262 train:{'j': 0.022} val:{'j': 1.650, 'conf_kn': 0.681, 'conf_unk': 0.132} t:170.6s v:62.1s
20_05_11:04 openset_imagenet.binary_ensemble_combined_emnist INFO: loss:bce protocol:2 ep:263 train:{'j': 0.020} val:{'j': 1.536, 'conf_kn': 0.684, 'conf_unk': 0.135} t:169.8s v:60.7s
20_05_11:08 openset_imagenet.binary_ensemble_combined_emnist INFO: loss:bce protocol:2 ep:264 train:{'j': 0.023} val:{'j': 1.661, 'conf_kn': 0.673, 'conf_unk': 0.133} t:174.0s v:70.0s
20_05_11:12 openset_imagenet.binary_ensemble_combined_emnist INFO: loss:bce protocol:2 ep:265 train:{'j': 0.022} val:{'j': 1.747, 'conf_kn': 0.654, 'conf_unk': 0.133} t:171.9s v:68.6s
20_05_11:17 openset_imagenet.binary_ensemble_combined_emnist INFO: loss:bce protocol:2 ep:266 train:{'j': 0.028} val:{'j': 1.721, 'conf_kn': 0.659, 'conf_unk': 0.129} t:237.3s v:60.3s
20_05_11:21 openset_imagenet.binary_ensemble_combined_emnist INFO: loss:bce protocol:2 ep:267 train:{'j': 0.021} val:{'j': 1.567, 'conf_kn': 0.683, 'conf_unk': 0.133} t:169.9s v:61.9s
20_05_11:24 openset_imagenet.binary_ensemble_combined_emnist INFO: loss:bce protocol:2 ep:268 train:{'j': 0.016} val:{'j': 1.710, 'conf_kn': 0.680, 'conf_unk': 0.130} t:172.9s v:60.9s
20_05_11:28 openset_imagenet.binary_ensemble_combined_emnist INFO: loss:bce protocol:2 ep:269 train:{'j': 0.016} val:{'j': 1.675, 'conf_kn': 0.682, 'conf_unk': 0.125} t:175.6s v:61.8s
20_05_11:32 openset_imagenet.binary_ensemble_combined_emnist INFO: loss:bce protocol:2 ep:270 train:{'j': 0.020} val:{'j': 1.602, 'conf_kn': 0.666, 'conf_unk': 0.133} t:170.4s v:64.5s
20_05_11:36 openset_imagenet.binary_ensemble_combined_emnist INFO: loss:bce protocol:2 ep:271 train:{'j': 0.020} val:{'j': 1.696, 'conf_kn': 0.676, 'conf_unk': 0.136} t:169.1s v:61.2s
20_05_11:40 openset_imagenet.binary_ensemble_combined_emnist INFO: loss:bce protocol:2 ep:272 train:{'j': 0.015} val:{'j': 1.847, 'conf_kn': 0.682, 'conf_unk': 0.119} t:170.5s v:61.9s
20_05_11:44 openset_imagenet.binary_ensemble_combined_emnist INFO: loss:bce protocol:2 ep:273 train:{'j': 0.015} val:{'j': 1.639, 'conf_kn': 0.675, 'conf_unk': 0.131} t:172.0s v:62.1s
20_05_11:48 openset_imagenet.binary_ensemble_combined_emnist INFO: loss:bce protocol:2 ep:274 train:{'j': 0.020} val:{'j': 1.680, 'conf_kn': 0.665, 'conf_unk': 0.130} t:170.4s v:60.8s
20_05_11:52 openset_imagenet.binary_ensemble_combined_emnist INFO: loss:bce protocol:2 ep:275 train:{'j': 0.021} val:{'j': 1.644, 'conf_kn': 0.679, 'conf_unk': 0.128} t:170.2s v:60.8s
20_05_11:56 openset_imagenet.binary_ensemble_combined_emnist INFO: loss:bce protocol:2 ep:276 train:{'j': 0.019} val:{'j': 1.665, 'conf_kn': 0.679, 'conf_unk': 0.129} t:170.8s v:68.4s
20_05_12:00 openset_imagenet.binary_ensemble_combined_emnist INFO: loss:bce protocol:2 ep:277 train:{'j': 0.020} val:{'j': 1.693, 'conf_kn': 0.673, 'conf_unk': 0.135} t:171.6s v:63.9s
20_05_12:03 openset_imagenet.binary_ensemble_combined_emnist INFO: loss:bce protocol:2 ep:278 train:{'j': 0.018} val:{'j': 1.612, 'conf_kn': 0.685, 'conf_unk': 0.134} t:170.2s v:61.3s
20_05_12:07 openset_imagenet.binary_ensemble_combined_emnist INFO: loss:bce protocol:2 ep:279 train:{'j': 0.020} val:{'j': 1.762, 'conf_kn': 0.678, 'conf_unk': 0.132} t:169.7s v:63.1s
20_05_12:11 openset_imagenet.binary_ensemble_combined_emnist INFO: loss:bce protocol:2 ep:280 train:{'j': 0.018} val:{'j': 1.711, 'conf_kn': 0.682, 'conf_unk': 0.127} t:170.2s v:58.5s
20_05_12:15 openset_imagenet.binary_ensemble_combined_emnist INFO: loss:bce protocol:2 ep:281 train:{'j': 0.021} val:{'j': 1.767, 'conf_kn': 0.682, 'conf_unk': 0.129} t:168.1s v:57.6s
20_05_12:19 openset_imagenet.binary_ensemble_combined_emnist INFO: loss:bce protocol:2 ep:282 train:{'j': 0.017} val:{'j': 1.780, 'conf_kn': 0.685, 'conf_unk': 0.128} t:166.8s v:58.6s
20_05_12:22 openset_imagenet.binary_ensemble_combined_emnist INFO: loss:bce protocol:2 ep:283 train:{'j': 0.014} val:{'j': 1.740, 'conf_kn': 0.676, 'conf_unk': 0.128} t:165.5s v:57.3s
