07_06_12:15 openset_imagenet.binary_ensemble_combined_emnist INFO: ============ Data ============
07_06_12:15 openset_imagenet.binary_ensemble_combined_emnist INFO: train_len:116218, labels:116
07_06_12:15 openset_imagenet.binary_ensemble_combined_emnist INFO: val_len:46475, labels:117
07_06_12:15 openset_imagenet.binary_ensemble_combined_emnist INFO: Using Negatives for Training: False
07_06_12:15 openset_imagenet.binary_ensemble_combined_emnist INFO: ========== Training ==========
07_06_12:15 openset_imagenet.binary_ensemble_combined_emnist INFO: Initial epoch: 0
07_06_12:15 openset_imagenet.binary_ensemble_combined_emnist INFO: Last epoch: 120
07_06_12:15 openset_imagenet.binary_ensemble_combined_emnist INFO: Batch size: 32
07_06_12:15 openset_imagenet.binary_ensemble_combined_emnist INFO: workers: 4
07_06_12:15 openset_imagenet.binary_ensemble_combined_emnist INFO: Loss: bce
07_06_12:15 openset_imagenet.binary_ensemble_combined_emnist INFO: optimizer: adam
07_06_12:15 openset_imagenet.binary_ensemble_combined_emnist INFO: Learning rate: 0.001
07_06_12:15 openset_imagenet.binary_ensemble_combined_emnist INFO: Device: 7
07_06_12:15 openset_imagenet.binary_ensemble_combined_emnist INFO: Number of binary outputs: 40
07_06_12:15 openset_imagenet.binary_ensemble_combined_emnist INFO: Using following approach to generate sets: random
07_06_12:15 openset_imagenet.binary_ensemble_combined_emnist INFO: Using Model: resnet50Plus
07_06_12:15 openset_imagenet.binary_ensemble_combined_emnist INFO: Training...
07_06_12:28 openset_imagenet.binary_ensemble_combined_emnist INFO: loss:bce protocol:1 ep:0 train:{'j': 0.691} val:{'j': 0.689, 'conf_kn': 0.023, 'conf_unk': 0.484} t:568.9s v:182.8s
07_06_12:28 openset_imagenet.binary_ensemble_combined_emnist INFO: Saving best model experiments/ex_7/net_1/bce_binary_ensemble_combined_imagenet_best.pth at epoch: 0
07_06_12:41 openset_imagenet.binary_ensemble_combined_emnist INFO: loss:bce protocol:1 ep:1 train:{'j': 0.688} val:{'j': 0.702, 'conf_kn': 0.034, 'conf_unk': 0.477} t:583.0s v:212.3s
07_06_12:41 openset_imagenet.binary_ensemble_combined_emnist INFO: Saving best model experiments/ex_7/net_1/bce_binary_ensemble_combined_imagenet_best.pth at epoch: 1
07_06_12:55 openset_imagenet.binary_ensemble_combined_emnist INFO: loss:bce protocol:1 ep:2 train:{'j': 0.684} val:{'j': 0.678, 'conf_kn': 0.053, 'conf_unk': 0.472} t:602.1s v:223.7s
07_06_12:55 openset_imagenet.binary_ensemble_combined_emnist INFO: Saving best model experiments/ex_7/net_1/bce_binary_ensemble_combined_imagenet_best.pth at epoch: 2
07_06_13:07 openset_imagenet.binary_ensemble_combined_emnist INFO: loss:bce protocol:1 ep:3 train:{'j': 0.680} val:{'j': 0.676, 'conf_kn': 0.075, 'conf_unk': 0.462} t:583.7s v:182.4s
07_06_13:07 openset_imagenet.binary_ensemble_combined_emnist INFO: Saving best model experiments/ex_7/net_1/bce_binary_ensemble_combined_imagenet_best.pth at epoch: 3
07_06_13:20 openset_imagenet.binary_ensemble_combined_emnist INFO: loss:bce protocol:1 ep:4 train:{'j': 0.674} val:{'j': 0.675, 'conf_kn': 0.066, 'conf_unk': 0.463} t:574.5s v:186.9s
07_06_13:33 openset_imagenet.binary_ensemble_combined_emnist INFO: loss:bce protocol:1 ep:5 train:{'j': 0.669} val:{'j': 0.696, 'conf_kn': 0.100, 'conf_unk': 0.435} t:576.3s v:188.7s
07_06_13:46 openset_imagenet.binary_ensemble_combined_emnist INFO: loss:bce protocol:1 ep:6 train:{'j': 0.663} val:{'j': 0.683, 'conf_kn': 0.136, 'conf_unk': 0.442} t:586.0s v:185.4s
07_06_13:46 openset_imagenet.binary_ensemble_combined_emnist INFO: Saving best model experiments/ex_7/net_1/bce_binary_ensemble_combined_imagenet_best.pth at epoch: 6
07_06_13:59 openset_imagenet.binary_ensemble_combined_emnist INFO: loss:bce protocol:1 ep:7 train:{'j': 0.656} val:{'j': 0.679, 'conf_kn': 0.170, 'conf_unk': 0.443} t:577.6s v:188.1s
07_06_13:59 openset_imagenet.binary_ensemble_combined_emnist INFO: Saving best model experiments/ex_7/net_1/bce_binary_ensemble_combined_imagenet_best.pth at epoch: 7
07_06_14:12 openset_imagenet.binary_ensemble_combined_emnist INFO: loss:bce protocol:1 ep:8 train:{'j': 0.647} val:{'j': 0.673, 'conf_kn': 0.190, 'conf_unk': 0.446} t:584.3s v:215.2s
07_06_14:12 openset_imagenet.binary_ensemble_combined_emnist INFO: Saving best model experiments/ex_7/net_1/bce_binary_ensemble_combined_imagenet_best.pth at epoch: 8
07_06_14:25 openset_imagenet.binary_ensemble_combined_emnist INFO: loss:bce protocol:1 ep:9 train:{'j': 0.638} val:{'j': 0.667, 'conf_kn': 0.213, 'conf_unk': 0.439} t:593.4s v:212.7s
07_06_14:25 openset_imagenet.binary_ensemble_combined_emnist INFO: Saving best model experiments/ex_7/net_1/bce_binary_ensemble_combined_imagenet_best.pth at epoch: 9
07_06_14:39 openset_imagenet.binary_ensemble_combined_emnist INFO: loss:bce protocol:1 ep:10 train:{'j': 0.627} val:{'j': 0.671, 'conf_kn': 0.225, 'conf_unk': 0.429} t:596.0s v:219.9s
07_06_14:39 openset_imagenet.binary_ensemble_combined_emnist INFO: Saving best model experiments/ex_7/net_1/bce_binary_ensemble_combined_imagenet_best.pth at epoch: 10
07_06_14:53 openset_imagenet.binary_ensemble_combined_emnist INFO: loss:bce protocol:1 ep:11 train:{'j': 0.615} val:{'j': 0.677, 'conf_kn': 0.251, 'conf_unk': 0.416} t:599.5s v:214.2s
07_06_14:53 openset_imagenet.binary_ensemble_combined_emnist INFO: Saving best model experiments/ex_7/net_1/bce_binary_ensemble_combined_imagenet_best.pth at epoch: 11
07_06_15:06 openset_imagenet.binary_ensemble_combined_emnist INFO: loss:bce protocol:1 ep:12 train:{'j': 0.606} val:{'j': 0.646, 'conf_kn': 0.289, 'conf_unk': 0.426} t:596.3s v:217.0s
07_06_15:06 openset_imagenet.binary_ensemble_combined_emnist INFO: Saving best model experiments/ex_7/net_1/bce_binary_ensemble_combined_imagenet_best.pth at epoch: 12
07_06_15:20 openset_imagenet.binary_ensemble_combined_emnist INFO: loss:bce protocol:1 ep:13 train:{'j': 0.592} val:{'j': 0.654, 'conf_kn': 0.280, 'conf_unk': 0.403} t:597.6s v:209.2s
07_06_15:33 openset_imagenet.binary_ensemble_combined_emnist INFO: loss:bce protocol:1 ep:14 train:{'j': 0.577} val:{'j': 0.642, 'conf_kn': 0.343, 'conf_unk': 0.394} t:594.5s v:195.6s
07_06_15:33 openset_imagenet.binary_ensemble_combined_emnist INFO: Saving best model experiments/ex_7/net_1/bce_binary_ensemble_combined_imagenet_best.pth at epoch: 14
07_06_15:46 openset_imagenet.binary_ensemble_combined_emnist INFO: loss:bce protocol:1 ep:15 train:{'j': 0.564} val:{'j': 0.627, 'conf_kn': 0.363, 'conf_unk': 0.409} t:589.9s v:203.6s
07_06_15:46 openset_imagenet.binary_ensemble_combined_emnist INFO: Saving best model experiments/ex_7/net_1/bce_binary_ensemble_combined_imagenet_best.pth at epoch: 15
07_06_15:59 openset_imagenet.binary_ensemble_combined_emnist INFO: loss:bce protocol:1 ep:16 train:{'j': 0.553} val:{'j': 0.627, 'conf_kn': 0.399, 'conf_unk': 0.399} t:589.8s v:202.8s
07_06_15:59 openset_imagenet.binary_ensemble_combined_emnist INFO: Saving best model experiments/ex_7/net_1/bce_binary_ensemble_combined_imagenet_best.pth at epoch: 16
07_06_16:12 openset_imagenet.binary_ensemble_combined_emnist INFO: loss:bce protocol:1 ep:17 train:{'j': 0.540} val:{'j': 0.612, 'conf_kn': 0.404, 'conf_unk': 0.400} t:586.5s v:190.5s
07_06_16:12 openset_imagenet.binary_ensemble_combined_emnist INFO: Saving best model experiments/ex_7/net_1/bce_binary_ensemble_combined_imagenet_best.pth at epoch: 17
07_06_16:25 openset_imagenet.binary_ensemble_combined_emnist INFO: loss:bce protocol:1 ep:18 train:{'j': 0.532} val:{'j': 0.627, 'conf_kn': 0.404, 'conf_unk': 0.398} t:578.9s v:183.5s
07_06_16:38 openset_imagenet.binary_ensemble_combined_emnist INFO: loss:bce protocol:1 ep:19 train:{'j': 0.518} val:{'j': 0.605, 'conf_kn': 0.439, 'conf_unk': 0.390} t:574.4s v:189.4s
07_06_16:38 openset_imagenet.binary_ensemble_combined_emnist INFO: Saving best model experiments/ex_7/net_1/bce_binary_ensemble_combined_imagenet_best.pth at epoch: 19
07_06_16:51 openset_imagenet.binary_ensemble_combined_emnist INFO: loss:bce protocol:1 ep:20 train:{'j': 0.505} val:{'j': 0.609, 'conf_kn': 0.442, 'conf_unk': 0.395} t:577.6s v:186.1s
07_06_16:51 openset_imagenet.binary_ensemble_combined_emnist INFO: Saving best model experiments/ex_7/net_1/bce_binary_ensemble_combined_imagenet_best.pth at epoch: 20
07_06_17:03 openset_imagenet.binary_ensemble_combined_emnist INFO: loss:bce protocol:1 ep:21 train:{'j': 0.494} val:{'j': 0.594, 'conf_kn': 0.471, 'conf_unk': 0.374} t:578.2s v:181.5s
07_06_17:03 openset_imagenet.binary_ensemble_combined_emnist INFO: Saving best model experiments/ex_7/net_1/bce_binary_ensemble_combined_imagenet_best.pth at epoch: 21
07_06_17:16 openset_imagenet.binary_ensemble_combined_emnist INFO: loss:bce protocol:1 ep:22 train:{'j': 0.483} val:{'j': 0.594, 'conf_kn': 0.484, 'conf_unk': 0.383} t:572.8s v:183.6s
07_06_17:16 openset_imagenet.binary_ensemble_combined_emnist INFO: Saving best model experiments/ex_7/net_1/bce_binary_ensemble_combined_imagenet_best.pth at epoch: 22
07_06_17:29 openset_imagenet.binary_ensemble_combined_emnist INFO: loss:bce protocol:1 ep:23 train:{'j': 0.471} val:{'j': 0.626, 'conf_kn': 0.460, 'conf_unk': 0.371} t:572.9s v:184.6s
07_06_17:41 openset_imagenet.binary_ensemble_combined_emnist INFO: loss:bce protocol:1 ep:24 train:{'j': 0.461} val:{'j': 0.580, 'conf_kn': 0.500, 'conf_unk': 0.388} t:575.5s v:183.1s
07_06_17:41 openset_imagenet.binary_ensemble_combined_emnist INFO: Saving best model experiments/ex_7/net_1/bce_binary_ensemble_combined_imagenet_best.pth at epoch: 24
07_06_17:54 openset_imagenet.binary_ensemble_combined_emnist INFO: loss:bce protocol:1 ep:25 train:{'j': 0.455} val:{'j': 0.578, 'conf_kn': 0.510, 'conf_unk': 0.384} t:571.6s v:182.7s
07_06_17:54 openset_imagenet.binary_ensemble_combined_emnist INFO: Saving best model experiments/ex_7/net_1/bce_binary_ensemble_combined_imagenet_best.pth at epoch: 25
07_06_18:07 openset_imagenet.binary_ensemble_combined_emnist INFO: loss:bce protocol:1 ep:26 train:{'j': 0.443} val:{'j': 0.593, 'conf_kn': 0.525, 'conf_unk': 0.370} t:570.3s v:184.7s
07_06_18:07 openset_imagenet.binary_ensemble_combined_emnist INFO: Saving best model experiments/ex_7/net_1/bce_binary_ensemble_combined_imagenet_best.pth at epoch: 26
07_06_18:19 openset_imagenet.binary_ensemble_combined_emnist INFO: loss:bce protocol:1 ep:27 train:{'j': 0.437} val:{'j': 0.571, 'conf_kn': 0.530, 'conf_unk': 0.365} t:572.6s v:182.4s
07_06_18:32 openset_imagenet.binary_ensemble_combined_emnist INFO: loss:bce protocol:1 ep:28 train:{'j': 0.428} val:{'j': 0.557, 'conf_kn': 0.541, 'conf_unk': 0.371} t:571.1s v:183.8s
07_06_18:32 openset_imagenet.binary_ensemble_combined_emnist INFO: Saving best model experiments/ex_7/net_1/bce_binary_ensemble_combined_imagenet_best.pth at epoch: 28
07_06_18:45 openset_imagenet.binary_ensemble_combined_emnist INFO: loss:bce protocol:1 ep:29 train:{'j': 0.419} val:{'j': 0.597, 'conf_kn': 0.548, 'conf_unk': 0.346} t:573.0s v:183.5s
07_06_18:57 openset_imagenet.binary_ensemble_combined_emnist INFO: loss:bce protocol:1 ep:30 train:{'j': 0.410} val:{'j': 0.555, 'conf_kn': 0.561, 'conf_unk': 0.373} t:572.3s v:183.2s
07_06_18:57 openset_imagenet.binary_ensemble_combined_emnist INFO: Saving best model experiments/ex_7/net_1/bce_binary_ensemble_combined_imagenet_best.pth at epoch: 30
07_06_19:10 openset_imagenet.binary_ensemble_combined_emnist INFO: loss:bce protocol:1 ep:31 train:{'j': 0.403} val:{'j': 0.577, 'conf_kn': 0.553, 'conf_unk': 0.365} t:572.8s v:184.9s
07_06_19:23 openset_imagenet.binary_ensemble_combined_emnist INFO: loss:bce protocol:1 ep:32 train:{'j': 0.395} val:{'j': 0.574, 'conf_kn': 0.572, 'conf_unk': 0.364} t:573.5s v:183.6s
07_06_19:23 openset_imagenet.binary_ensemble_combined_emnist INFO: Saving best model experiments/ex_7/net_1/bce_binary_ensemble_combined_imagenet_best.pth at epoch: 32
07_06_19:35 openset_imagenet.binary_ensemble_combined_emnist INFO: loss:bce protocol:1 ep:33 train:{'j': 0.389} val:{'j': 0.576, 'conf_kn': 0.569, 'conf_unk': 0.358} t:572.9s v:183.9s
07_06_19:48 openset_imagenet.binary_ensemble_combined_emnist INFO: loss:bce protocol:1 ep:34 train:{'j': 0.381} val:{'j': 0.568, 'conf_kn': 0.573, 'conf_unk': 0.363} t:572.4s v:184.9s
07_06_19:48 openset_imagenet.binary_ensemble_combined_emnist INFO: Saving best model experiments/ex_7/net_1/bce_binary_ensemble_combined_imagenet_best.pth at epoch: 34
07_06_20:01 openset_imagenet.binary_ensemble_combined_emnist INFO: loss:bce protocol:1 ep:35 train:{'j': 0.375} val:{'j': 0.579, 'conf_kn': 0.551, 'conf_unk': 0.371} t:572.8s v:183.8s
07_06_20:13 openset_imagenet.binary_ensemble_combined_emnist INFO: loss:bce protocol:1 ep:36 train:{'j': 0.370} val:{'j': 0.579, 'conf_kn': 0.566, 'conf_unk': 0.360} t:573.8s v:185.5s
07_06_20:26 openset_imagenet.binary_ensemble_combined_emnist INFO: loss:bce protocol:1 ep:37 train:{'j': 0.363} val:{'j': 0.586, 'conf_kn': 0.577, 'conf_unk': 0.351} t:573.5s v:183.1s
07_06_20:39 openset_imagenet.binary_ensemble_combined_emnist INFO: loss:bce protocol:1 ep:38 train:{'j': 0.357} val:{'j': 0.608, 'conf_kn': 0.542, 'conf_unk': 0.354} t:573.4s v:185.6s
07_06_20:51 openset_imagenet.binary_ensemble_combined_emnist INFO: loss:bce protocol:1 ep:39 train:{'j': 0.348} val:{'j': 0.578, 'conf_kn': 0.573, 'conf_unk': 0.348} t:572.3s v:182.8s
07_06_21:04 openset_imagenet.binary_ensemble_combined_emnist INFO: loss:bce protocol:1 ep:40 train:{'j': 0.344} val:{'j': 0.567, 'conf_kn': 0.555, 'conf_unk': 0.360} t:571.7s v:182.7s
07_06_21:17 openset_imagenet.binary_ensemble_combined_emnist INFO: loss:bce protocol:1 ep:41 train:{'j': 0.341} val:{'j': 0.573, 'conf_kn': 0.599, 'conf_unk': 0.350} t:564.0s v:184.5s
07_06_21:17 openset_imagenet.binary_ensemble_combined_emnist INFO: Saving best model experiments/ex_7/net_1/bce_binary_ensemble_combined_imagenet_best.pth at epoch: 41
07_06_21:29 openset_imagenet.binary_ensemble_combined_emnist INFO: loss:bce protocol:1 ep:42 train:{'j': 0.332} val:{'j': 0.591, 'conf_kn': 0.571, 'conf_unk': 0.340} t:572.7s v:185.2s
07_06_21:42 openset_imagenet.binary_ensemble_combined_emnist INFO: loss:bce protocol:1 ep:43 train:{'j': 0.328} val:{'j': 0.593, 'conf_kn': 0.555, 'conf_unk': 0.361} t:572.5s v:182.9s
07_06_21:54 openset_imagenet.binary_ensemble_combined_emnist INFO: loss:bce protocol:1 ep:44 train:{'j': 0.331} val:{'j': 0.575, 'conf_kn': 0.592, 'conf_unk': 0.349} t:572.1s v:184.5s
07_06_22:07 openset_imagenet.binary_ensemble_combined_emnist INFO: loss:bce protocol:1 ep:45 train:{'j': 0.315} val:{'j': 0.614, 'conf_kn': 0.578, 'conf_unk': 0.342} t:573.4s v:184.2s
07_06_22:20 openset_imagenet.binary_ensemble_combined_emnist INFO: loss:bce protocol:1 ep:46 train:{'j': 0.314} val:{'j': 0.589, 'conf_kn': 0.599, 'conf_unk': 0.343} t:572.1s v:183.9s
07_06_22:32 openset_imagenet.binary_ensemble_combined_emnist INFO: loss:bce protocol:1 ep:47 train:{'j': 0.307} val:{'j': 0.608, 'conf_kn': 0.585, 'conf_unk': 0.345} t:572.7s v:184.3s
07_06_22:45 openset_imagenet.binary_ensemble_combined_emnist INFO: loss:bce protocol:1 ep:48 train:{'j': 0.302} val:{'j': 0.612, 'conf_kn': 0.595, 'conf_unk': 0.339} t:572.8s v:182.9s
07_06_22:58 openset_imagenet.binary_ensemble_combined_emnist INFO: loss:bce protocol:1 ep:49 train:{'j': 0.299} val:{'j': 0.621, 'conf_kn': 0.601, 'conf_unk': 0.331} t:572.4s v:185.1s
07_06_23:10 openset_imagenet.binary_ensemble_combined_emnist INFO: loss:bce protocol:1 ep:50 train:{'j': 0.294} val:{'j': 0.635, 'conf_kn': 0.586, 'conf_unk': 0.329} t:572.4s v:185.8s
07_06_23:23 openset_imagenet.binary_ensemble_combined_emnist INFO: loss:bce protocol:1 ep:51 train:{'j': 0.290} val:{'j': 0.608, 'conf_kn': 0.602, 'conf_unk': 0.329} t:573.0s v:183.4s
07_06_23:36 openset_imagenet.binary_ensemble_combined_emnist INFO: loss:bce protocol:1 ep:52 train:{'j': 0.284} val:{'j': 0.585, 'conf_kn': 0.615, 'conf_unk': 0.336} t:571.9s v:182.3s
07_06_23:36 openset_imagenet.binary_ensemble_combined_emnist INFO: Saving best model experiments/ex_7/net_1/bce_binary_ensemble_combined_imagenet_best.pth at epoch: 52
07_06_23:48 openset_imagenet.binary_ensemble_combined_emnist INFO: loss:bce protocol:1 ep:53 train:{'j': 0.280} val:{'j': 0.614, 'conf_kn': 0.601, 'conf_unk': 0.341} t:572.7s v:184.8s
08_06_00:01 openset_imagenet.binary_ensemble_combined_emnist INFO: loss:bce protocol:1 ep:54 train:{'j': 0.276} val:{'j': 0.611, 'conf_kn': 0.615, 'conf_unk': 0.327} t:570.0s v:182.5s
08_06_00:13 openset_imagenet.binary_ensemble_combined_emnist INFO: loss:bce protocol:1 ep:55 train:{'j': 0.271} val:{'j': 0.651, 'conf_kn': 0.604, 'conf_unk': 0.317} t:570.2s v:180.1s
08_06_00:26 openset_imagenet.binary_ensemble_combined_emnist INFO: loss:bce protocol:1 ep:56 train:{'j': 0.267} val:{'j': 0.613, 'conf_kn': 0.588, 'conf_unk': 0.337} t:570.1s v:185.5s
08_06_00:38 openset_imagenet.binary_ensemble_combined_emnist INFO: loss:bce protocol:1 ep:57 train:{'j': 0.285} val:{'j': 0.629, 'conf_kn': 0.621, 'conf_unk': 0.325} t:565.7s v:184.1s
08_06_00:56 openset_imagenet.binary_ensemble_combined_emnist INFO: loss:bce protocol:1 ep:58 train:{'j': 0.254} val:{'j': 0.673, 'conf_kn': 0.614, 'conf_unk': 0.313} t:900.7s v:182.0s
08_06_01:09 openset_imagenet.binary_ensemble_combined_emnist INFO: loss:bce protocol:1 ep:59 train:{'j': 0.253} val:{'j': 0.629, 'conf_kn': 0.613, 'conf_unk': 0.320} t:562.7s v:180.9s
08_06_01:21 openset_imagenet.binary_ensemble_combined_emnist INFO: loss:bce protocol:1 ep:60 train:{'j': 0.252} val:{'j': 0.624, 'conf_kn': 0.617, 'conf_unk': 0.325} t:570.6s v:182.4s
08_06_01:34 openset_imagenet.binary_ensemble_combined_emnist INFO: loss:bce protocol:1 ep:61 train:{'j': 0.251} val:{'j': 0.635, 'conf_kn': 0.619, 'conf_unk': 0.321} t:571.1s v:181.5s
08_06_01:47 openset_imagenet.binary_ensemble_combined_emnist INFO: loss:bce protocol:1 ep:62 train:{'j': 0.246} val:{'j': 0.648, 'conf_kn': 0.612, 'conf_unk': 0.322} t:571.1s v:181.4s
08_06_01:59 openset_imagenet.binary_ensemble_combined_emnist INFO: loss:bce protocol:1 ep:63 train:{'j': 0.242} val:{'j': 0.694, 'conf_kn': 0.619, 'conf_unk': 0.313} t:568.4s v:181.0s
08_06_02:12 openset_imagenet.binary_ensemble_combined_emnist INFO: loss:bce protocol:1 ep:64 train:{'j': 0.239} val:{'j': 0.620, 'conf_kn': 0.613, 'conf_unk': 0.332} t:568.4s v:182.1s
08_06_02:24 openset_imagenet.binary_ensemble_combined_emnist INFO: loss:bce protocol:1 ep:65 train:{'j': 0.235} val:{'j': 0.670, 'conf_kn': 0.607, 'conf_unk': 0.318} t:570.4s v:183.1s
08_06_02:37 openset_imagenet.binary_ensemble_combined_emnist INFO: loss:bce protocol:1 ep:66 train:{'j': 0.232} val:{'j': 0.646, 'conf_kn': 0.616, 'conf_unk': 0.324} t:570.2s v:182.5s
08_06_02:49 openset_imagenet.binary_ensemble_combined_emnist INFO: loss:bce protocol:1 ep:67 train:{'j': 0.228} val:{'j': 0.682, 'conf_kn': 0.605, 'conf_unk': 0.318} t:570.0s v:182.7s
08_06_03:02 openset_imagenet.binary_ensemble_combined_emnist INFO: loss:bce protocol:1 ep:68 train:{'j': 0.226} val:{'j': 0.637, 'conf_kn': 0.607, 'conf_unk': 0.326} t:570.8s v:182.3s
08_06_03:14 openset_imagenet.binary_ensemble_combined_emnist INFO: loss:bce protocol:1 ep:69 train:{'j': 0.222} val:{'j': 0.675, 'conf_kn': 0.615, 'conf_unk': 0.315} t:570.4s v:183.7s
08_06_03:27 openset_imagenet.binary_ensemble_combined_emnist INFO: loss:bce protocol:1 ep:70 train:{'j': 0.221} val:{'j': 0.651, 'conf_kn': 0.613, 'conf_unk': 0.314} t:570.7s v:180.6s
08_06_03:40 openset_imagenet.binary_ensemble_combined_emnist INFO: loss:bce protocol:1 ep:71 train:{'j': 0.215} val:{'j': 0.654, 'conf_kn': 0.609, 'conf_unk': 0.321} t:571.5s v:182.7s
08_06_03:52 openset_imagenet.binary_ensemble_combined_emnist INFO: loss:bce protocol:1 ep:72 train:{'j': 0.214} val:{'j': 0.700, 'conf_kn': 0.602, 'conf_unk': 0.320} t:570.7s v:182.8s
08_06_04:05 openset_imagenet.binary_ensemble_combined_emnist INFO: loss:bce protocol:1 ep:73 train:{'j': 0.212} val:{'j': 0.668, 'conf_kn': 0.605, 'conf_unk': 0.315} t:571.4s v:188.8s
08_06_04:17 openset_imagenet.binary_ensemble_combined_emnist INFO: loss:bce protocol:1 ep:74 train:{'j': 0.209} val:{'j': 0.668, 'conf_kn': 0.624, 'conf_unk': 0.311} t:572.6s v:181.3s
08_06_04:30 openset_imagenet.binary_ensemble_combined_emnist INFO: loss:bce protocol:1 ep:75 train:{'j': 0.207} val:{'j': 0.655, 'conf_kn': 0.624, 'conf_unk': 0.312} t:571.1s v:182.7s
08_06_04:42 openset_imagenet.binary_ensemble_combined_emnist INFO: loss:bce protocol:1 ep:76 train:{'j': 0.216} val:{'j': 0.695, 'conf_kn': 0.627, 'conf_unk': 0.306} t:570.2s v:181.6s
08_06_04:55 openset_imagenet.binary_ensemble_combined_emnist INFO: loss:bce protocol:1 ep:77 train:{'j': 0.192} val:{'j': 0.714, 'conf_kn': 0.622, 'conf_unk': 0.300} t:570.2s v:182.2s
08_06_05:08 openset_imagenet.binary_ensemble_combined_emnist INFO: loss:bce protocol:1 ep:78 train:{'j': 0.195} val:{'j': 0.707, 'conf_kn': 0.615, 'conf_unk': 0.306} t:571.5s v:181.0s
08_06_05:20 openset_imagenet.binary_ensemble_combined_emnist INFO: loss:bce protocol:1 ep:79 train:{'j': 0.196} val:{'j': 0.705, 'conf_kn': 0.620, 'conf_unk': 0.304} t:570.4s v:181.7s
08_06_05:33 openset_imagenet.binary_ensemble_combined_emnist INFO: loss:bce protocol:1 ep:80 train:{'j': 0.194} val:{'j': 0.801, 'conf_kn': 0.610, 'conf_unk': 0.299} t:572.9s v:181.6s
08_06_05:45 openset_imagenet.binary_ensemble_combined_emnist INFO: loss:bce protocol:1 ep:81 train:{'j': 0.191} val:{'j': 0.735, 'conf_kn': 0.616, 'conf_unk': 0.320} t:572.0s v:184.3s
08_06_05:58 openset_imagenet.binary_ensemble_combined_emnist INFO: loss:bce protocol:1 ep:82 train:{'j': 0.190} val:{'j': 0.727, 'conf_kn': 0.616, 'conf_unk': 0.315} t:570.5s v:183.1s
08_06_06:10 openset_imagenet.binary_ensemble_combined_emnist INFO: loss:bce protocol:1 ep:83 train:{'j': 0.189} val:{'j': 0.771, 'conf_kn': 0.623, 'conf_unk': 0.298} t:570.8s v:182.1s
08_06_06:23 openset_imagenet.binary_ensemble_combined_emnist INFO: loss:bce protocol:1 ep:84 train:{'j': 0.191} val:{'j': 0.665, 'conf_kn': 0.627, 'conf_unk': 0.299} t:570.2s v:182.7s
08_06_06:36 openset_imagenet.binary_ensemble_combined_emnist INFO: loss:bce protocol:1 ep:85 train:{'j': 0.178} val:{'j': 0.710, 'conf_kn': 0.613, 'conf_unk': 0.305} t:569.9s v:182.0s
08_06_06:48 openset_imagenet.binary_ensemble_combined_emnist INFO: loss:bce protocol:1 ep:86 train:{'j': 0.179} val:{'j': 0.687, 'conf_kn': 0.611, 'conf_unk': 0.312} t:572.3s v:181.2s
08_06_07:01 openset_imagenet.binary_ensemble_combined_emnist INFO: loss:bce protocol:1 ep:87 train:{'j': 0.181} val:{'j': 0.727, 'conf_kn': 0.628, 'conf_unk': 0.294} t:570.9s v:183.2s
08_06_07:13 openset_imagenet.binary_ensemble_combined_emnist INFO: loss:bce protocol:1 ep:88 train:{'j': 0.173} val:{'j': 0.698, 'conf_kn': 0.629, 'conf_unk': 0.305} t:567.7s v:181.4s
08_06_07:26 openset_imagenet.binary_ensemble_combined_emnist INFO: loss:bce protocol:1 ep:89 train:{'j': 0.173} val:{'j': 0.733, 'conf_kn': 0.628, 'conf_unk': 0.300} t:569.6s v:182.2s
08_06_07:38 openset_imagenet.binary_ensemble_combined_emnist INFO: loss:bce protocol:1 ep:90 train:{'j': 0.172} val:{'j': 0.715, 'conf_kn': 0.608, 'conf_unk': 0.302} t:570.7s v:182.7s
08_06_07:51 openset_imagenet.binary_ensemble_combined_emnist INFO: loss:bce protocol:1 ep:91 train:{'j': 0.170} val:{'j': 0.756, 'conf_kn': 0.629, 'conf_unk': 0.294} t:570.0s v:183.4s
08_06_08:04 openset_imagenet.binary_ensemble_combined_emnist INFO: loss:bce protocol:1 ep:92 train:{'j': 0.169} val:{'j': 0.714, 'conf_kn': 0.625, 'conf_unk': 0.302} t:571.2s v:184.0s
08_06_08:16 openset_imagenet.binary_ensemble_combined_emnist INFO: loss:bce protocol:1 ep:93 train:{'j': 0.164} val:{'j': 0.745, 'conf_kn': 0.622, 'conf_unk': 0.295} t:570.2s v:181.1s
08_06_08:29 openset_imagenet.binary_ensemble_combined_emnist INFO: loss:bce protocol:1 ep:94 train:{'j': 0.165} val:{'j': 0.690, 'conf_kn': 0.621, 'conf_unk': 0.309} t:571.5s v:182.0s
08_06_08:41 openset_imagenet.binary_ensemble_combined_emnist INFO: loss:bce protocol:1 ep:95 train:{'j': 0.162} val:{'j': 0.744, 'conf_kn': 0.627, 'conf_unk': 0.290} t:570.8s v:183.6s
08_06_08:54 openset_imagenet.binary_ensemble_combined_emnist INFO: loss:bce protocol:1 ep:96 train:{'j': 0.161} val:{'j': 0.716, 'conf_kn': 0.621, 'conf_unk': 0.297} t:571.0s v:180.6s
08_06_09:06 openset_imagenet.binary_ensemble_combined_emnist INFO: loss:bce protocol:1 ep:97 train:{'j': 0.158} val:{'j': 0.753, 'conf_kn': 0.624, 'conf_unk': 0.299} t:570.4s v:181.7s
08_06_09:19 openset_imagenet.binary_ensemble_combined_emnist INFO: loss:bce protocol:1 ep:98 train:{'j': 0.158} val:{'j': 0.778, 'conf_kn': 0.626, 'conf_unk': 0.290} t:569.9s v:181.4s
08_06_09:31 openset_imagenet.binary_ensemble_combined_emnist INFO: loss:bce protocol:1 ep:99 train:{'j': 0.157} val:{'j': 0.719, 'conf_kn': 0.618, 'conf_unk': 0.305} t:571.2s v:182.0s
08_06_09:44 openset_imagenet.binary_ensemble_combined_emnist INFO: loss:bce protocol:1 ep:100 train:{'j': 0.154} val:{'j': 0.774, 'conf_kn': 0.625, 'conf_unk': 0.292} t:570.4s v:180.4s
08_06_09:57 openset_imagenet.binary_ensemble_combined_emnist INFO: loss:bce protocol:1 ep:101 train:{'j': 0.151} val:{'j': 0.797, 'conf_kn': 0.618, 'conf_unk': 0.292} t:570.0s v:184.2s
08_06_10:09 openset_imagenet.binary_ensemble_combined_emnist INFO: loss:bce protocol:1 ep:102 train:{'j': 0.152} val:{'j': 0.880, 'conf_kn': 0.607, 'conf_unk': 0.290} t:572.0s v:182.0s
08_06_10:22 openset_imagenet.binary_ensemble_combined_emnist INFO: loss:bce protocol:1 ep:103 train:{'j': 0.149} val:{'j': 0.956, 'conf_kn': 0.616, 'conf_unk': 0.289} t:571.7s v:181.6s
08_06_10:34 openset_imagenet.binary_ensemble_combined_emnist INFO: loss:bce protocol:1 ep:104 train:{'j': 0.147} val:{'j': 0.817, 'conf_kn': 0.634, 'conf_unk': 0.276} t:570.2s v:181.2s
08_06_10:47 openset_imagenet.binary_ensemble_combined_emnist INFO: loss:bce protocol:1 ep:105 train:{'j': 0.145} val:{'j': 1.098, 'conf_kn': 0.620, 'conf_unk': 0.293} t:570.3s v:180.6s
08_06_10:59 openset_imagenet.binary_ensemble_combined_emnist INFO: loss:bce protocol:1 ep:106 train:{'j': 0.146} val:{'j': 0.850, 'conf_kn': 0.624, 'conf_unk': 0.277} t:570.7s v:181.3s
08_06_11:12 openset_imagenet.binary_ensemble_combined_emnist INFO: loss:bce protocol:1 ep:107 train:{'j': 0.143} val:{'j': 0.912, 'conf_kn': 0.615, 'conf_unk': 0.289} t:570.8s v:181.1s
08_06_11:24 openset_imagenet.binary_ensemble_combined_emnist INFO: loss:bce protocol:1 ep:108 train:{'j': 0.145} val:{'j': 0.874, 'conf_kn': 0.621, 'conf_unk': 0.278} t:569.2s v:182.3s
08_06_11:37 openset_imagenet.binary_ensemble_combined_emnist INFO: loss:bce protocol:1 ep:109 train:{'j': 0.140} val:{'j': 0.784, 'conf_kn': 0.615, 'conf_unk': 0.284} t:568.6s v:182.1s
08_06_11:49 openset_imagenet.binary_ensemble_combined_emnist INFO: loss:bce protocol:1 ep:110 train:{'j': 0.138} val:{'j': 0.806, 'conf_kn': 0.615, 'conf_unk': 0.285} t:570.7s v:181.5s
08_06_12:02 openset_imagenet.binary_ensemble_combined_emnist INFO: loss:bce protocol:1 ep:111 train:{'j': 0.137} val:{'j': 0.773, 'conf_kn': 0.618, 'conf_unk': 0.297} t:571.9s v:183.5s
08_06_12:15 openset_imagenet.binary_ensemble_combined_emnist INFO: loss:bce protocol:1 ep:112 train:{'j': 0.137} val:{'j': 0.823, 'conf_kn': 0.626, 'conf_unk': 0.286} t:571.2s v:181.4s
08_06_12:27 openset_imagenet.binary_ensemble_combined_emnist INFO: loss:bce protocol:1 ep:113 train:{'j': 0.136} val:{'j': 0.786, 'conf_kn': 0.629, 'conf_unk': 0.276} t:569.7s v:182.7s
08_06_12:40 openset_imagenet.binary_ensemble_combined_emnist INFO: loss:bce protocol:1 ep:114 train:{'j': 0.129} val:{'j': 0.793, 'conf_kn': 0.624, 'conf_unk': 0.286} t:570.4s v:181.5s
08_06_12:52 openset_imagenet.binary_ensemble_combined_emnist INFO: loss:bce protocol:1 ep:115 train:{'j': 0.132} val:{'j': 0.797, 'conf_kn': 0.623, 'conf_unk': 0.294} t:569.5s v:183.8s
08_06_13:05 openset_imagenet.binary_ensemble_combined_emnist INFO: loss:bce protocol:1 ep:116 train:{'j': 0.132} val:{'j': 0.786, 'conf_kn': 0.627, 'conf_unk': 0.289} t:568.0s v:180.6s
08_06_13:17 openset_imagenet.binary_ensemble_combined_emnist INFO: loss:bce protocol:1 ep:117 train:{'j': 0.129} val:{'j': 0.844, 'conf_kn': 0.627, 'conf_unk': 0.270} t:569.7s v:180.9s
08_06_13:30 openset_imagenet.binary_ensemble_combined_emnist INFO: loss:bce protocol:1 ep:118 train:{'j': 0.129} val:{'j': 0.816, 'conf_kn': 0.625, 'conf_unk': 0.283} t:570.2s v:181.0s
08_06_13:42 openset_imagenet.binary_ensemble_combined_emnist INFO: loss:bce protocol:1 ep:119 train:{'j': 0.129} val:{'j': 0.774, 'conf_kn': 0.618, 'conf_unk': 0.288} t:569.7s v:182.6s
08_06_13:42 openset_imagenet.binary_ensemble_combined_emnist INFO: Training finished
