09_05_12:57 openset_imagenet.binary_ensemble_combined_emnist INFO: Loaded initial model from filesystem
09_05_12:57 openset_imagenet.binary_ensemble_combined_emnist INFO: ============ Data ============
09_05_12:57 openset_imagenet.binary_ensemble_combined_emnist INFO: train_len:60000, labels:10
09_05_12:57 openset_imagenet.binary_ensemble_combined_emnist INFO: val_len:10000, labels:10
09_05_12:57 openset_imagenet.binary_ensemble_combined_emnist INFO: ========== Training ==========
09_05_12:57 openset_imagenet.binary_ensemble_combined_emnist INFO: Initial epoch: 0
09_05_12:57 openset_imagenet.binary_ensemble_combined_emnist INFO: Last epoch: 50
09_05_12:57 openset_imagenet.binary_ensemble_combined_emnist INFO: Batch size: 32
09_05_12:57 openset_imagenet.binary_ensemble_combined_emnist INFO: workers: 0
09_05_12:57 openset_imagenet.binary_ensemble_combined_emnist INFO: Loss: bce
09_05_12:57 openset_imagenet.binary_ensemble_combined_emnist INFO: optimizer: sgd
09_05_12:57 openset_imagenet.binary_ensemble_combined_emnist INFO: Learning rate: 0.001
09_05_12:57 openset_imagenet.binary_ensemble_combined_emnist INFO: Device: 6
09_05_12:57 openset_imagenet.binary_ensemble_combined_emnist INFO: Number of binary outputs: 40
09_05_12:57 openset_imagenet.binary_ensemble_combined_emnist INFO: Using following approach to generate sets: hamming
09_05_12:57 openset_imagenet.binary_ensemble_combined_emnist INFO: Training...
09_05_12:59 openset_imagenet.binary_ensemble_combined_emnist INFO: loss:bce protocol:2 ep:0 train:{'j': 0.693} val:{'j': 0.693, 'conf_kn': 0.510, 'conf_unk': 0.000} t:75.4s v:12.1s
09_05_12:59 openset_imagenet.binary_ensemble_combined_emnist INFO: Saving best model experiments/ex_1/net_5/bce_binary_ensemble_combined_emnist_best.pth at epoch: 0
09_05_13:00 openset_imagenet.binary_ensemble_combined_emnist INFO: loss:bce protocol:2 ep:1 train:{'j': 0.692} val:{'j': 0.692, 'conf_kn': 0.538, 'conf_unk': 0.000} t:79.5s v:12.5s
09_05_13:00 openset_imagenet.binary_ensemble_combined_emnist INFO: Saving best model experiments/ex_1/net_5/bce_binary_ensemble_combined_emnist_best.pth at epoch: 1
09_05_13:02 openset_imagenet.binary_ensemble_combined_emnist INFO: loss:bce protocol:2 ep:2 train:{'j': 0.691} val:{'j': 0.689, 'conf_kn': 0.576, 'conf_unk': 0.000} t:77.8s v:11.3s
09_05_13:02 openset_imagenet.binary_ensemble_combined_emnist INFO: Saving best model experiments/ex_1/net_5/bce_binary_ensemble_combined_emnist_best.pth at epoch: 2
09_05_13:03 openset_imagenet.binary_ensemble_combined_emnist INFO: loss:bce protocol:2 ep:3 train:{'j': 0.683} val:{'j': 0.666, 'conf_kn': 0.631, 'conf_unk': 0.000} t:72.8s v:11.3s
09_05_13:03 openset_imagenet.binary_ensemble_combined_emnist INFO: Saving best model experiments/ex_1/net_5/bce_binary_ensemble_combined_emnist_best.pth at epoch: 3
09_05_13:04 openset_imagenet.binary_ensemble_combined_emnist INFO: loss:bce protocol:2 ep:4 train:{'j': 0.581} val:{'j': 0.485, 'conf_kn': 0.767, 'conf_unk': 0.000} t:70.3s v:11.2s
09_05_13:04 openset_imagenet.binary_ensemble_combined_emnist INFO: Saving best model experiments/ex_1/net_5/bce_binary_ensemble_combined_emnist_best.pth at epoch: 4
09_05_13:06 openset_imagenet.binary_ensemble_combined_emnist INFO: loss:bce protocol:2 ep:5 train:{'j': 0.369} val:{'j': 0.275, 'conf_kn': 0.893, 'conf_unk': 0.000} t:73.0s v:11.2s
09_05_13:06 openset_imagenet.binary_ensemble_combined_emnist INFO: Saving best model experiments/ex_1/net_5/bce_binary_ensemble_combined_emnist_best.pth at epoch: 5
09_05_13:07 openset_imagenet.binary_ensemble_combined_emnist INFO: loss:bce protocol:2 ep:6 train:{'j': 0.217} val:{'j': 0.179, 'conf_kn': 0.934, 'conf_unk': 0.000} t:70.1s v:11.2s
09_05_13:07 openset_imagenet.binary_ensemble_combined_emnist INFO: Saving best model experiments/ex_1/net_5/bce_binary_ensemble_combined_emnist_best.pth at epoch: 6
09_05_13:09 openset_imagenet.binary_ensemble_combined_emnist INFO: loss:bce protocol:2 ep:7 train:{'j': 0.155} val:{'j': 0.137, 'conf_kn': 0.951, 'conf_unk': 0.000} t:69.8s v:11.4s
09_05_13:09 openset_imagenet.binary_ensemble_combined_emnist INFO: Saving best model experiments/ex_1/net_5/bce_binary_ensemble_combined_emnist_best.pth at epoch: 7
09_05_13:10 openset_imagenet.binary_ensemble_combined_emnist INFO: loss:bce protocol:2 ep:8 train:{'j': 0.121} val:{'j': 0.112, 'conf_kn': 0.960, 'conf_unk': 0.000} t:72.7s v:11.5s
09_05_13:10 openset_imagenet.binary_ensemble_combined_emnist INFO: Saving best model experiments/ex_1/net_5/bce_binary_ensemble_combined_emnist_best.pth at epoch: 8
09_05_13:11 openset_imagenet.binary_ensemble_combined_emnist INFO: loss:bce protocol:2 ep:9 train:{'j': 0.101} val:{'j': 0.098, 'conf_kn': 0.965, 'conf_unk': 0.000} t:70.3s v:11.3s
09_05_13:11 openset_imagenet.binary_ensemble_combined_emnist INFO: Saving best model experiments/ex_1/net_5/bce_binary_ensemble_combined_emnist_best.pth at epoch: 9
09_05_13:13 openset_imagenet.binary_ensemble_combined_emnist INFO: loss:bce protocol:2 ep:10 train:{'j': 0.087} val:{'j': 0.082, 'conf_kn': 0.972, 'conf_unk': 0.000} t:70.5s v:10.6s
09_05_13:13 openset_imagenet.binary_ensemble_combined_emnist INFO: Saving best model experiments/ex_1/net_5/bce_binary_ensemble_combined_emnist_best.pth at epoch: 10
09_05_13:14 openset_imagenet.binary_ensemble_combined_emnist INFO: loss:bce protocol:2 ep:11 train:{'j': 0.076} val:{'j': 0.073, 'conf_kn': 0.975, 'conf_unk': 0.000} t:66.0s v:10.5s
09_05_13:14 openset_imagenet.binary_ensemble_combined_emnist INFO: Saving best model experiments/ex_1/net_5/bce_binary_ensemble_combined_emnist_best.pth at epoch: 11
09_05_13:15 openset_imagenet.binary_ensemble_combined_emnist INFO: loss:bce protocol:2 ep:12 train:{'j': 0.067} val:{'j': 0.067, 'conf_kn': 0.977, 'conf_unk': 0.000} t:64.9s v:10.4s
09_05_13:15 openset_imagenet.binary_ensemble_combined_emnist INFO: Saving best model experiments/ex_1/net_5/bce_binary_ensemble_combined_emnist_best.pth at epoch: 12
09_05_13:17 openset_imagenet.binary_ensemble_combined_emnist INFO: loss:bce protocol:2 ep:13 train:{'j': 0.061} val:{'j': 0.060, 'conf_kn': 0.980, 'conf_unk': 0.000} t:68.5s v:10.4s
09_05_13:17 openset_imagenet.binary_ensemble_combined_emnist INFO: Saving best model experiments/ex_1/net_5/bce_binary_ensemble_combined_emnist_best.pth at epoch: 13
09_05_13:18 openset_imagenet.binary_ensemble_combined_emnist INFO: loss:bce protocol:2 ep:14 train:{'j': 0.056} val:{'j': 0.058, 'conf_kn': 0.980, 'conf_unk': 0.000} t:65.1s v:10.4s
09_05_13:18 openset_imagenet.binary_ensemble_combined_emnist INFO: Saving best model experiments/ex_1/net_5/bce_binary_ensemble_combined_emnist_best.pth at epoch: 14
09_05_13:19 openset_imagenet.binary_ensemble_combined_emnist INFO: loss:bce protocol:2 ep:15 train:{'j': 0.052} val:{'j': 0.052, 'conf_kn': 0.982, 'conf_unk': 0.000} t:64.5s v:12.7s
09_05_13:19 openset_imagenet.binary_ensemble_combined_emnist INFO: Saving best model experiments/ex_1/net_5/bce_binary_ensemble_combined_emnist_best.pth at epoch: 15
09_05_13:20 openset_imagenet.binary_ensemble_combined_emnist INFO: loss:bce protocol:2 ep:16 train:{'j': 0.048} val:{'j': 0.048, 'conf_kn': 0.983, 'conf_unk': 0.000} t:64.9s v:10.5s
09_05_13:20 openset_imagenet.binary_ensemble_combined_emnist INFO: Saving best model experiments/ex_1/net_5/bce_binary_ensemble_combined_emnist_best.pth at epoch: 16
09_05_13:22 openset_imagenet.binary_ensemble_combined_emnist INFO: loss:bce protocol:2 ep:17 train:{'j': 0.045} val:{'j': 0.046, 'conf_kn': 0.984, 'conf_unk': 0.000} t:66.2s v:10.5s
09_05_13:22 openset_imagenet.binary_ensemble_combined_emnist INFO: Saving best model experiments/ex_1/net_5/bce_binary_ensemble_combined_emnist_best.pth at epoch: 17
09_05_13:23 openset_imagenet.binary_ensemble_combined_emnist INFO: loss:bce protocol:2 ep:18 train:{'j': 0.043} val:{'j': 0.046, 'conf_kn': 0.985, 'conf_unk': 0.000} t:67.6s v:10.5s
09_05_13:23 openset_imagenet.binary_ensemble_combined_emnist INFO: Saving best model experiments/ex_1/net_5/bce_binary_ensemble_combined_emnist_best.pth at epoch: 18
09_05_13:24 openset_imagenet.binary_ensemble_combined_emnist INFO: loss:bce protocol:2 ep:19 train:{'j': 0.041} val:{'j': 0.041, 'conf_kn': 0.986, 'conf_unk': 0.000} t:65.4s v:10.5s
09_05_13:24 openset_imagenet.binary_ensemble_combined_emnist INFO: Saving best model experiments/ex_1/net_5/bce_binary_ensemble_combined_emnist_best.pth at epoch: 19
09_05_13:25 openset_imagenet.binary_ensemble_combined_emnist INFO: loss:bce protocol:2 ep:20 train:{'j': 0.039} val:{'j': 0.042, 'conf_kn': 0.985, 'conf_unk': 0.000} t:65.7s v:10.4s
09_05_13:27 openset_imagenet.binary_ensemble_combined_emnist INFO: loss:bce protocol:2 ep:21 train:{'j': 0.037} val:{'j': 0.040, 'conf_kn': 0.986, 'conf_unk': 0.000} t:74.9s v:18.2s
09_05_13:27 openset_imagenet.binary_ensemble_combined_emnist INFO: Saving best model experiments/ex_1/net_5/bce_binary_ensemble_combined_emnist_best.pth at epoch: 21
09_05_13:29 openset_imagenet.binary_ensemble_combined_emnist INFO: loss:bce protocol:2 ep:22 train:{'j': 0.036} val:{'j': 0.037, 'conf_kn': 0.988, 'conf_unk': 0.000} t:110.8s v:19.5s
09_05_13:29 openset_imagenet.binary_ensemble_combined_emnist INFO: Saving best model experiments/ex_1/net_5/bce_binary_ensemble_combined_emnist_best.pth at epoch: 22
09_05_13:31 openset_imagenet.binary_ensemble_combined_emnist INFO: loss:bce protocol:2 ep:23 train:{'j': 0.034} val:{'j': 0.035, 'conf_kn': 0.988, 'conf_unk': 0.000} t:114.6s v:19.7s
09_05_13:31 openset_imagenet.binary_ensemble_combined_emnist INFO: Saving best model experiments/ex_1/net_5/bce_binary_ensemble_combined_emnist_best.pth at epoch: 23
09_05_13:33 openset_imagenet.binary_ensemble_combined_emnist INFO: loss:bce protocol:2 ep:24 train:{'j': 0.033} val:{'j': 0.033, 'conf_kn': 0.989, 'conf_unk': 0.000} t:102.2s v:19.2s
09_05_13:33 openset_imagenet.binary_ensemble_combined_emnist INFO: Saving best model experiments/ex_1/net_5/bce_binary_ensemble_combined_emnist_best.pth at epoch: 24
09_05_13:35 openset_imagenet.binary_ensemble_combined_emnist INFO: loss:bce protocol:2 ep:25 train:{'j': 0.032} val:{'j': 0.035, 'conf_kn': 0.988, 'conf_unk': 0.000} t:95.4s v:13.5s
09_05_13:37 openset_imagenet.binary_ensemble_combined_emnist INFO: loss:bce protocol:2 ep:26 train:{'j': 0.031} val:{'j': 0.033, 'conf_kn': 0.989, 'conf_unk': 0.000} t:69.7s v:10.4s
09_05_13:37 openset_imagenet.binary_ensemble_combined_emnist INFO: Saving best model experiments/ex_1/net_5/bce_binary_ensemble_combined_emnist_best.pth at epoch: 26
09_05_13:38 openset_imagenet.binary_ensemble_combined_emnist INFO: loss:bce protocol:2 ep:27 train:{'j': 0.030} val:{'j': 0.031, 'conf_kn': 0.990, 'conf_unk': 0.000} t:65.3s v:10.5s
09_05_13:38 openset_imagenet.binary_ensemble_combined_emnist INFO: Saving best model experiments/ex_1/net_5/bce_binary_ensemble_combined_emnist_best.pth at epoch: 27
09_05_13:39 openset_imagenet.binary_ensemble_combined_emnist INFO: loss:bce protocol:2 ep:28 train:{'j': 0.029} val:{'j': 0.033, 'conf_kn': 0.989, 'conf_unk': 0.000} t:66.1s v:12.9s
09_05_13:40 openset_imagenet.binary_ensemble_combined_emnist INFO: loss:bce protocol:2 ep:29 train:{'j': 0.028} val:{'j': 0.032, 'conf_kn': 0.989, 'conf_unk': 0.000} t:65.8s v:10.6s
09_05_13:42 openset_imagenet.binary_ensemble_combined_emnist INFO: loss:bce protocol:2 ep:30 train:{'j': 0.027} val:{'j': 0.030, 'conf_kn': 0.990, 'conf_unk': 0.000} t:65.1s v:10.5s
09_05_13:42 openset_imagenet.binary_ensemble_combined_emnist INFO: Saving best model experiments/ex_1/net_5/bce_binary_ensemble_combined_emnist_best.pth at epoch: 30
09_05_13:43 openset_imagenet.binary_ensemble_combined_emnist INFO: loss:bce protocol:2 ep:31 train:{'j': 0.026} val:{'j': 0.029, 'conf_kn': 0.990, 'conf_unk': 0.000} t:68.4s v:10.4s
09_05_13:43 openset_imagenet.binary_ensemble_combined_emnist INFO: Saving best model experiments/ex_1/net_5/bce_binary_ensemble_combined_emnist_best.pth at epoch: 31
09_05_13:44 openset_imagenet.binary_ensemble_combined_emnist INFO: loss:bce protocol:2 ep:32 train:{'j': 0.025} val:{'j': 0.031, 'conf_kn': 0.989, 'conf_unk': 0.000} t:65.6s v:10.4s
09_05_13:46 openset_imagenet.binary_ensemble_combined_emnist INFO: loss:bce protocol:2 ep:33 train:{'j': 0.025} val:{'j': 0.028, 'conf_kn': 0.990, 'conf_unk': 0.000} t:66.0s v:10.5s
09_05_13:46 openset_imagenet.binary_ensemble_combined_emnist INFO: Saving best model experiments/ex_1/net_5/bce_binary_ensemble_combined_emnist_best.pth at epoch: 33
09_05_13:47 openset_imagenet.binary_ensemble_combined_emnist INFO: loss:bce protocol:2 ep:34 train:{'j': 0.024} val:{'j': 0.027, 'conf_kn': 0.991, 'conf_unk': 0.000} t:68.2s v:10.4s
09_05_13:47 openset_imagenet.binary_ensemble_combined_emnist INFO: Saving best model experiments/ex_1/net_5/bce_binary_ensemble_combined_emnist_best.pth at epoch: 34
09_05_13:48 openset_imagenet.binary_ensemble_combined_emnist INFO: loss:bce protocol:2 ep:35 train:{'j': 0.024} val:{'j': 0.028, 'conf_kn': 0.990, 'conf_unk': 0.000} t:66.1s v:10.6s
09_05_13:49 openset_imagenet.binary_ensemble_combined_emnist INFO: loss:bce protocol:2 ep:36 train:{'j': 0.023} val:{'j': 0.025, 'conf_kn': 0.991, 'conf_unk': 0.000} t:68.0s v:10.5s
09_05_13:49 openset_imagenet.binary_ensemble_combined_emnist INFO: Saving best model experiments/ex_1/net_5/bce_binary_ensemble_combined_emnist_best.pth at epoch: 36
09_05_13:51 openset_imagenet.binary_ensemble_combined_emnist INFO: loss:bce protocol:2 ep:37 train:{'j': 0.023} val:{'j': 0.025, 'conf_kn': 0.991, 'conf_unk': 0.000} t:65.8s v:11.4s
09_05_13:51 openset_imagenet.binary_ensemble_combined_emnist INFO: Saving best model experiments/ex_1/net_5/bce_binary_ensemble_combined_emnist_best.pth at epoch: 37
09_05_13:52 openset_imagenet.binary_ensemble_combined_emnist INFO: loss:bce protocol:2 ep:38 train:{'j': 0.022} val:{'j': 0.025, 'conf_kn': 0.991, 'conf_unk': 0.000} t:70.4s v:10.6s
09_05_13:53 openset_imagenet.binary_ensemble_combined_emnist INFO: loss:bce protocol:2 ep:39 train:{'j': 0.021} val:{'j': 0.025, 'conf_kn': 0.991, 'conf_unk': 0.000} t:71.3s v:10.4s
09_05_13:55 openset_imagenet.binary_ensemble_combined_emnist INFO: loss:bce protocol:2 ep:40 train:{'j': 0.021} val:{'j': 0.025, 'conf_kn': 0.992, 'conf_unk': 0.000} t:66.2s v:10.5s
09_05_13:55 openset_imagenet.binary_ensemble_combined_emnist INFO: Saving best model experiments/ex_1/net_5/bce_binary_ensemble_combined_emnist_best.pth at epoch: 40
09_05_13:56 openset_imagenet.binary_ensemble_combined_emnist INFO: loss:bce protocol:2 ep:41 train:{'j': 0.020} val:{'j': 0.023, 'conf_kn': 0.992, 'conf_unk': 0.000} t:68.3s v:10.6s
09_05_13:56 openset_imagenet.binary_ensemble_combined_emnist INFO: Saving best model experiments/ex_1/net_5/bce_binary_ensemble_combined_emnist_best.pth at epoch: 41
09_05_13:57 openset_imagenet.binary_ensemble_combined_emnist INFO: loss:bce protocol:2 ep:42 train:{'j': 0.020} val:{'j': 0.022, 'conf_kn': 0.992, 'conf_unk': 0.000} t:65.6s v:10.5s
09_05_13:57 openset_imagenet.binary_ensemble_combined_emnist INFO: Saving best model experiments/ex_1/net_5/bce_binary_ensemble_combined_emnist_best.pth at epoch: 42
09_05_13:59 openset_imagenet.binary_ensemble_combined_emnist INFO: loss:bce protocol:2 ep:43 train:{'j': 0.020} val:{'j': 0.025, 'conf_kn': 0.991, 'conf_unk': 0.000} t:65.2s v:10.5s
09_05_14:00 openset_imagenet.binary_ensemble_combined_emnist INFO: loss:bce protocol:2 ep:44 train:{'j': 0.019} val:{'j': 0.023, 'conf_kn': 0.992, 'conf_unk': 0.000} t:67.8s v:10.3s
09_05_14:01 openset_imagenet.binary_ensemble_combined_emnist INFO: loss:bce protocol:2 ep:45 train:{'j': 0.019} val:{'j': 0.023, 'conf_kn': 0.992, 'conf_unk': 0.000} t:66.5s v:11.0s
09_05_14:03 openset_imagenet.binary_ensemble_combined_emnist INFO: loss:bce protocol:2 ep:46 train:{'j': 0.018} val:{'j': 0.023, 'conf_kn': 0.992, 'conf_unk': 0.000} t:69.5s v:10.5s
09_05_14:03 openset_imagenet.binary_ensemble_combined_emnist INFO: Saving best model experiments/ex_1/net_5/bce_binary_ensemble_combined_emnist_best.pth at epoch: 46
09_05_14:04 openset_imagenet.binary_ensemble_combined_emnist INFO: loss:bce protocol:2 ep:47 train:{'j': 0.018} val:{'j': 0.021, 'conf_kn': 0.993, 'conf_unk': 0.000} t:68.6s v:10.5s
09_05_14:04 openset_imagenet.binary_ensemble_combined_emnist INFO: Saving best model experiments/ex_1/net_5/bce_binary_ensemble_combined_emnist_best.pth at epoch: 47
09_05_14:05 openset_imagenet.binary_ensemble_combined_emnist INFO: loss:bce protocol:2 ep:48 train:{'j': 0.017} val:{'j': 0.021, 'conf_kn': 0.993, 'conf_unk': 0.000} t:66.1s v:10.4s
09_05_14:06 openset_imagenet.binary_ensemble_combined_emnist INFO: loss:bce protocol:2 ep:49 train:{'j': 0.017} val:{'j': 0.022, 'conf_kn': 0.992, 'conf_unk': 0.000} t:66.8s v:10.0s
09_05_14:06 openset_imagenet.binary_ensemble_combined_emnist INFO: Training finished
