30_05_20:29 openset_imagenet.binary_ensemble_combined_emnist INFO: ============ Data ============
30_05_20:29 openset_imagenet.binary_ensemble_combined_emnist INFO: train_len:28895, labels:30
30_05_20:29 openset_imagenet.binary_ensemble_combined_emnist INFO: val_len:15173, labels:31
30_05_20:29 openset_imagenet.binary_ensemble_combined_emnist INFO: Using Negatives for Training: False
30_05_20:29 openset_imagenet.binary_ensemble_combined_emnist INFO: ========== Training ==========
30_05_20:29 openset_imagenet.binary_ensemble_combined_emnist INFO: Initial epoch: 0
30_05_20:29 openset_imagenet.binary_ensemble_combined_emnist INFO: Last epoch: 120
30_05_20:29 openset_imagenet.binary_ensemble_combined_emnist INFO: Batch size: 32
30_05_20:29 openset_imagenet.binary_ensemble_combined_emnist INFO: workers: 4
30_05_20:29 openset_imagenet.binary_ensemble_combined_emnist INFO: Loss: bce
30_05_20:29 openset_imagenet.binary_ensemble_combined_emnist INFO: optimizer: sgd
30_05_20:29 openset_imagenet.binary_ensemble_combined_emnist INFO: Learning rate: 0.01
30_05_20:29 openset_imagenet.binary_ensemble_combined_emnist INFO: Device: 7
30_05_20:29 openset_imagenet.binary_ensemble_combined_emnist INFO: Number of binary outputs: 500
30_05_20:29 openset_imagenet.binary_ensemble_combined_emnist INFO: Using following approach to generate sets: random
30_05_20:29 openset_imagenet.binary_ensemble_combined_emnist INFO: Training...
30_05_20:40 openset_imagenet.binary_ensemble_combined_emnist INFO: loss:bce protocol:2 ep:0 train:{'j': 0.693} val:{'j': 0.694, 'conf_kn': 0.037, 'conf_unk': 0.494} t:447.6s v:226.6s
30_05_20:40 openset_imagenet.binary_ensemble_combined_emnist INFO: Saving best model experiments/ex_5/net_14/bce_binary_ensemble_combined_imagenet_best.pth at epoch: 0
30_05_20:51 openset_imagenet.binary_ensemble_combined_emnist INFO: loss:bce protocol:2 ep:1 train:{'j': 0.693} val:{'j': 0.695, 'conf_kn': 0.050, 'conf_unk': 0.493} t:439.5s v:217.4s
30_05_20:51 openset_imagenet.binary_ensemble_combined_emnist INFO: Saving best model experiments/ex_5/net_14/bce_binary_ensemble_combined_imagenet_best.pth at epoch: 1
30_05_21:02 openset_imagenet.binary_ensemble_combined_emnist INFO: loss:bce protocol:2 ep:2 train:{'j': 0.692} val:{'j': 0.692, 'conf_kn': 0.053, 'conf_unk': 0.492} t:438.5s v:208.4s
30_05_21:02 openset_imagenet.binary_ensemble_combined_emnist INFO: Saving best model experiments/ex_5/net_14/bce_binary_ensemble_combined_imagenet_best.pth at epoch: 2
30_05_21:12 openset_imagenet.binary_ensemble_combined_emnist INFO: loss:bce protocol:2 ep:3 train:{'j': 0.691} val:{'j': 0.693, 'conf_kn': 0.062, 'conf_unk': 0.490} t:404.8s v:189.1s
30_05_21:12 openset_imagenet.binary_ensemble_combined_emnist INFO: Saving best model experiments/ex_5/net_14/bce_binary_ensemble_combined_imagenet_best.pth at epoch: 3
30_05_21:22 openset_imagenet.binary_ensemble_combined_emnist INFO: loss:bce protocol:2 ep:4 train:{'j': 0.690} val:{'j': 0.695, 'conf_kn': 0.067, 'conf_unk': 0.485} t:379.0s v:183.5s
30_05_21:22 openset_imagenet.binary_ensemble_combined_emnist INFO: Saving best model experiments/ex_5/net_14/bce_binary_ensemble_combined_imagenet_best.pth at epoch: 4
30_05_21:32 openset_imagenet.binary_ensemble_combined_emnist INFO: loss:bce protocol:2 ep:5 train:{'j': 0.688} val:{'j': 0.692, 'conf_kn': 0.083, 'conf_unk': 0.481} t:388.6s v:184.6s
30_05_21:32 openset_imagenet.binary_ensemble_combined_emnist INFO: Saving best model experiments/ex_5/net_14/bce_binary_ensemble_combined_imagenet_best.pth at epoch: 5
30_05_21:42 openset_imagenet.binary_ensemble_combined_emnist INFO: loss:bce protocol:2 ep:6 train:{'j': 0.686} val:{'j': 0.693, 'conf_kn': 0.084, 'conf_unk': 0.475} t:398.5s v:209.3s
30_05_21:52 openset_imagenet.binary_ensemble_combined_emnist INFO: loss:bce protocol:2 ep:7 train:{'j': 0.684} val:{'j': 0.697, 'conf_kn': 0.102, 'conf_unk': 0.467} t:379.9s v:185.4s
30_05_21:52 openset_imagenet.binary_ensemble_combined_emnist INFO: Saving best model experiments/ex_5/net_14/bce_binary_ensemble_combined_imagenet_best.pth at epoch: 7
30_05_22:01 openset_imagenet.binary_ensemble_combined_emnist INFO: loss:bce protocol:2 ep:8 train:{'j': 0.682} val:{'j': 0.696, 'conf_kn': 0.108, 'conf_unk': 0.468} t:382.0s v:182.1s
30_05_22:01 openset_imagenet.binary_ensemble_combined_emnist INFO: Saving best model experiments/ex_5/net_14/bce_binary_ensemble_combined_imagenet_best.pth at epoch: 8
30_05_22:11 openset_imagenet.binary_ensemble_combined_emnist INFO: loss:bce protocol:2 ep:9 train:{'j': 0.680} val:{'j': 0.695, 'conf_kn': 0.119, 'conf_unk': 0.460} t:378.6s v:185.1s
30_05_22:11 openset_imagenet.binary_ensemble_combined_emnist INFO: Saving best model experiments/ex_5/net_14/bce_binary_ensemble_combined_imagenet_best.pth at epoch: 9
30_05_22:20 openset_imagenet.binary_ensemble_combined_emnist INFO: loss:bce protocol:2 ep:10 train:{'j': 0.678} val:{'j': 0.710, 'conf_kn': 0.114, 'conf_unk': 0.434} t:376.2s v:182.0s
30_05_22:30 openset_imagenet.binary_ensemble_combined_emnist INFO: loss:bce protocol:2 ep:11 train:{'j': 0.677} val:{'j': 0.700, 'conf_kn': 0.119, 'conf_unk': 0.448} t:376.1s v:182.4s
30_05_22:39 openset_imagenet.binary_ensemble_combined_emnist INFO: loss:bce protocol:2 ep:12 train:{'j': 0.675} val:{'j': 0.696, 'conf_kn': 0.135, 'conf_unk': 0.444} t:379.9s v:181.9s
30_05_22:48 openset_imagenet.binary_ensemble_combined_emnist INFO: loss:bce protocol:2 ep:13 train:{'j': 0.673} val:{'j': 0.698, 'conf_kn': 0.139, 'conf_unk': 0.450} t:377.9s v:181.9s
30_05_22:48 openset_imagenet.binary_ensemble_combined_emnist INFO: Saving best model experiments/ex_5/net_14/bce_binary_ensemble_combined_imagenet_best.pth at epoch: 13
30_05_22:58 openset_imagenet.binary_ensemble_combined_emnist INFO: loss:bce protocol:2 ep:14 train:{'j': 0.672} val:{'j': 0.711, 'conf_kn': 0.125, 'conf_unk': 0.444} t:378.4s v:182.2s
30_05_23:07 openset_imagenet.binary_ensemble_combined_emnist INFO: loss:bce protocol:2 ep:15 train:{'j': 0.670} val:{'j': 0.721, 'conf_kn': 0.145, 'conf_unk': 0.421} t:377.9s v:181.6s
30_05_23:16 openset_imagenet.binary_ensemble_combined_emnist INFO: loss:bce protocol:2 ep:16 train:{'j': 0.668} val:{'j': 0.725, 'conf_kn': 0.128, 'conf_unk': 0.417} t:379.0s v:181.1s
30_05_23:26 openset_imagenet.binary_ensemble_combined_emnist INFO: loss:bce protocol:2 ep:17 train:{'j': 0.665} val:{'j': 0.708, 'conf_kn': 0.175, 'conf_unk': 0.428} t:379.6s v:183.4s
30_05_23:26 openset_imagenet.binary_ensemble_combined_emnist INFO: Saving best model experiments/ex_5/net_14/bce_binary_ensemble_combined_imagenet_best.pth at epoch: 17
30_05_23:35 openset_imagenet.binary_ensemble_combined_emnist INFO: loss:bce protocol:2 ep:18 train:{'j': 0.663} val:{'j': 0.713, 'conf_kn': 0.158, 'conf_unk': 0.427} t:382.5s v:183.5s
30_05_23:45 openset_imagenet.binary_ensemble_combined_emnist INFO: loss:bce protocol:2 ep:19 train:{'j': 0.660} val:{'j': 0.740, 'conf_kn': 0.152, 'conf_unk': 0.397} t:379.2s v:194.4s
30_05_23:54 openset_imagenet.binary_ensemble_combined_emnist INFO: loss:bce protocol:2 ep:20 train:{'j': 0.656} val:{'j': 0.702, 'conf_kn': 0.190, 'conf_unk': 0.426} t:384.0s v:182.5s
30_05_23:55 openset_imagenet.binary_ensemble_combined_emnist INFO: Saving best model experiments/ex_5/net_14/bce_binary_ensemble_combined_imagenet_best.pth at epoch: 20
31_05_00:04 openset_imagenet.binary_ensemble_combined_emnist INFO: loss:bce protocol:2 ep:21 train:{'j': 0.654} val:{'j': 0.717, 'conf_kn': 0.178, 'conf_unk': 0.408} t:380.2s v:181.8s
31_05_00:15 openset_imagenet.binary_ensemble_combined_emnist INFO: loss:bce protocol:2 ep:22 train:{'j': 0.650} val:{'j': 0.715, 'conf_kn': 0.210, 'conf_unk': 0.407} t:377.3s v:181.1s
31_05_00:15 openset_imagenet.binary_ensemble_combined_emnist INFO: Saving best model experiments/ex_5/net_14/bce_binary_ensemble_combined_imagenet_best.pth at epoch: 22
31_05_00:24 openset_imagenet.binary_ensemble_combined_emnist INFO: loss:bce protocol:2 ep:23 train:{'j': 0.646} val:{'j': 0.715, 'conf_kn': 0.226, 'conf_unk': 0.408} t:376.9s v:181.1s
31_05_00:24 openset_imagenet.binary_ensemble_combined_emnist INFO: Saving best model experiments/ex_5/net_14/bce_binary_ensemble_combined_imagenet_best.pth at epoch: 23
31_05_00:33 openset_imagenet.binary_ensemble_combined_emnist INFO: loss:bce protocol:2 ep:24 train:{'j': 0.642} val:{'j': 0.725, 'conf_kn': 0.173, 'conf_unk': 0.404} t:377.6s v:181.0s
31_05_00:43 openset_imagenet.binary_ensemble_combined_emnist INFO: loss:bce protocol:2 ep:25 train:{'j': 0.638} val:{'j': 0.715, 'conf_kn': 0.266, 'conf_unk': 0.399} t:375.8s v:181.9s
31_05_00:43 openset_imagenet.binary_ensemble_combined_emnist INFO: Saving best model experiments/ex_5/net_14/bce_binary_ensemble_combined_imagenet_best.pth at epoch: 25
31_05_00:53 openset_imagenet.binary_ensemble_combined_emnist INFO: loss:bce protocol:2 ep:26 train:{'j': 0.634} val:{'j': 0.710, 'conf_kn': 0.247, 'conf_unk': 0.382} t:376.8s v:188.9s
31_05_01:02 openset_imagenet.binary_ensemble_combined_emnist INFO: loss:bce protocol:2 ep:27 train:{'j': 0.629} val:{'j': 0.700, 'conf_kn': 0.218, 'conf_unk': 0.408} t:383.8s v:179.6s
31_05_01:11 openset_imagenet.binary_ensemble_combined_emnist INFO: loss:bce protocol:2 ep:28 train:{'j': 0.624} val:{'j': 0.714, 'conf_kn': 0.220, 'conf_unk': 0.403} t:372.3s v:179.5s
31_05_01:21 openset_imagenet.binary_ensemble_combined_emnist INFO: loss:bce protocol:2 ep:29 train:{'j': 0.618} val:{'j': 0.714, 'conf_kn': 0.226, 'conf_unk': 0.379} t:377.0s v:181.3s
31_05_01:30 openset_imagenet.binary_ensemble_combined_emnist INFO: loss:bce protocol:2 ep:30 train:{'j': 0.612} val:{'j': 0.774, 'conf_kn': 0.163, 'conf_unk': 0.372} t:374.4s v:180.4s
31_05_01:40 openset_imagenet.binary_ensemble_combined_emnist INFO: loss:bce protocol:2 ep:31 train:{'j': 0.606} val:{'j': 0.767, 'conf_kn': 0.229, 'conf_unk': 0.359} t:375.1s v:181.0s
31_05_01:49 openset_imagenet.binary_ensemble_combined_emnist INFO: loss:bce protocol:2 ep:32 train:{'j': 0.599} val:{'j': 0.743, 'conf_kn': 0.305, 'conf_unk': 0.357} t:375.1s v:182.2s
31_05_01:58 openset_imagenet.binary_ensemble_combined_emnist INFO: loss:bce protocol:2 ep:33 train:{'j': 0.592} val:{'j': 0.728, 'conf_kn': 0.298, 'conf_unk': 0.353} t:374.1s v:181.1s
31_05_02:08 openset_imagenet.binary_ensemble_combined_emnist INFO: loss:bce protocol:2 ep:34 train:{'j': 0.584} val:{'j': 0.723, 'conf_kn': 0.322, 'conf_unk': 0.368} t:375.9s v:180.9s
31_05_02:08 openset_imagenet.binary_ensemble_combined_emnist INFO: Saving best model experiments/ex_5/net_14/bce_binary_ensemble_combined_imagenet_best.pth at epoch: 34
31_05_02:17 openset_imagenet.binary_ensemble_combined_emnist INFO: loss:bce protocol:2 ep:35 train:{'j': 0.577} val:{'j': 0.740, 'conf_kn': 0.377, 'conf_unk': 0.347} t:375.9s v:181.2s
31_05_02:17 openset_imagenet.binary_ensemble_combined_emnist INFO: Saving best model experiments/ex_5/net_14/bce_binary_ensemble_combined_imagenet_best.pth at epoch: 35
31_05_02:26 openset_imagenet.binary_ensemble_combined_emnist INFO: loss:bce protocol:2 ep:36 train:{'j': 0.569} val:{'j': 0.771, 'conf_kn': 0.296, 'conf_unk': 0.330} t:377.5s v:181.4s
31_05_02:36 openset_imagenet.binary_ensemble_combined_emnist INFO: loss:bce protocol:2 ep:37 train:{'j': 0.561} val:{'j': 0.723, 'conf_kn': 0.411, 'conf_unk': 0.345} t:375.8s v:181.8s
31_05_02:36 openset_imagenet.binary_ensemble_combined_emnist INFO: Saving best model experiments/ex_5/net_14/bce_binary_ensemble_combined_imagenet_best.pth at epoch: 37
31_05_02:45 openset_imagenet.binary_ensemble_combined_emnist INFO: loss:bce protocol:2 ep:38 train:{'j': 0.554} val:{'j': 0.781, 'conf_kn': 0.368, 'conf_unk': 0.321} t:377.3s v:181.7s
31_05_02:54 openset_imagenet.binary_ensemble_combined_emnist INFO: loss:bce protocol:2 ep:39 train:{'j': 0.544} val:{'j': 0.747, 'conf_kn': 0.320, 'conf_unk': 0.333} t:376.1s v:181.8s
31_05_03:04 openset_imagenet.binary_ensemble_combined_emnist INFO: loss:bce protocol:2 ep:40 train:{'j': 0.536} val:{'j': 0.758, 'conf_kn': 0.369, 'conf_unk': 0.322} t:376.0s v:182.2s
31_05_03:13 openset_imagenet.binary_ensemble_combined_emnist INFO: loss:bce protocol:2 ep:41 train:{'j': 0.529} val:{'j': 0.795, 'conf_kn': 0.389, 'conf_unk': 0.301} t:375.9s v:181.8s
31_05_03:22 openset_imagenet.binary_ensemble_combined_emnist INFO: loss:bce protocol:2 ep:42 train:{'j': 0.518} val:{'j': 0.748, 'conf_kn': 0.463, 'conf_unk': 0.310} t:376.9s v:181.7s
31_05_03:22 openset_imagenet.binary_ensemble_combined_emnist INFO: Saving best model experiments/ex_5/net_14/bce_binary_ensemble_combined_imagenet_best.pth at epoch: 42
31_05_03:32 openset_imagenet.binary_ensemble_combined_emnist INFO: loss:bce protocol:2 ep:43 train:{'j': 0.512} val:{'j': 0.800, 'conf_kn': 0.382, 'conf_unk': 0.305} t:373.7s v:181.8s
31_05_03:41 openset_imagenet.binary_ensemble_combined_emnist INFO: loss:bce protocol:2 ep:44 train:{'j': 0.504} val:{'j': 0.781, 'conf_kn': 0.453, 'conf_unk': 0.293} t:375.8s v:181.4s
31_05_03:50 openset_imagenet.binary_ensemble_combined_emnist INFO: loss:bce protocol:2 ep:45 train:{'j': 0.494} val:{'j': 0.780, 'conf_kn': 0.403, 'conf_unk': 0.304} t:377.5s v:182.0s
31_05_04:00 openset_imagenet.binary_ensemble_combined_emnist INFO: loss:bce protocol:2 ep:46 train:{'j': 0.487} val:{'j': 0.711, 'conf_kn': 0.480, 'conf_unk': 0.316} t:377.4s v:182.3s
31_05_04:00 openset_imagenet.binary_ensemble_combined_emnist INFO: Saving best model experiments/ex_5/net_14/bce_binary_ensemble_combined_imagenet_best.pth at epoch: 46
31_05_04:09 openset_imagenet.binary_ensemble_combined_emnist INFO: loss:bce protocol:2 ep:47 train:{'j': 0.478} val:{'j': 0.838, 'conf_kn': 0.403, 'conf_unk': 0.285} t:376.6s v:182.3s
31_05_04:18 openset_imagenet.binary_ensemble_combined_emnist INFO: loss:bce protocol:2 ep:48 train:{'j': 0.472} val:{'j': 0.745, 'conf_kn': 0.457, 'conf_unk': 0.302} t:376.7s v:182.1s
31_05_04:28 openset_imagenet.binary_ensemble_combined_emnist INFO: loss:bce protocol:2 ep:49 train:{'j': 0.462} val:{'j': 0.749, 'conf_kn': 0.445, 'conf_unk': 0.307} t:377.0s v:181.8s
31_05_04:37 openset_imagenet.binary_ensemble_combined_emnist INFO: loss:bce protocol:2 ep:50 train:{'j': 0.456} val:{'j': 0.761, 'conf_kn': 0.370, 'conf_unk': 0.308} t:377.3s v:181.8s
31_05_04:46 openset_imagenet.binary_ensemble_combined_emnist INFO: loss:bce protocol:2 ep:51 train:{'j': 0.449} val:{'j': 1.079, 'conf_kn': 0.276, 'conf_unk': 0.249} t:375.9s v:182.3s
31_05_04:56 openset_imagenet.binary_ensemble_combined_emnist INFO: loss:bce protocol:2 ep:52 train:{'j': 0.442} val:{'j': 0.784, 'conf_kn': 0.529, 'conf_unk': 0.271} t:376.1s v:182.7s
31_05_04:56 openset_imagenet.binary_ensemble_combined_emnist INFO: Saving best model experiments/ex_5/net_14/bce_binary_ensemble_combined_imagenet_best.pth at epoch: 52
31_05_05:05 openset_imagenet.binary_ensemble_combined_emnist INFO: loss:bce protocol:2 ep:53 train:{'j': 0.435} val:{'j': 0.843, 'conf_kn': 0.418, 'conf_unk': 0.273} t:378.4s v:181.8s
31_05_05:14 openset_imagenet.binary_ensemble_combined_emnist INFO: loss:bce protocol:2 ep:54 train:{'j': 0.425} val:{'j': 0.759, 'conf_kn': 0.401, 'conf_unk': 0.331} t:380.5s v:181.3s
31_05_05:24 openset_imagenet.binary_ensemble_combined_emnist INFO: loss:bce protocol:2 ep:55 train:{'j': 0.419} val:{'j': 0.807, 'conf_kn': 0.564, 'conf_unk': 0.263} t:377.4s v:183.5s
31_05_05:24 openset_imagenet.binary_ensemble_combined_emnist INFO: Saving best model experiments/ex_5/net_14/bce_binary_ensemble_combined_imagenet_best.pth at epoch: 55
31_05_05:33 openset_imagenet.binary_ensemble_combined_emnist INFO: loss:bce protocol:2 ep:56 train:{'j': 0.411} val:{'j': 0.809, 'conf_kn': 0.545, 'conf_unk': 0.267} t:380.8s v:183.4s
31_05_05:42 openset_imagenet.binary_ensemble_combined_emnist INFO: loss:bce protocol:2 ep:57 train:{'j': 0.406} val:{'j': 0.886, 'conf_kn': 0.473, 'conf_unk': 0.256} t:377.8s v:180.1s
31_05_05:52 openset_imagenet.binary_ensemble_combined_emnist INFO: loss:bce protocol:2 ep:58 train:{'j': 0.397} val:{'j': 0.760, 'conf_kn': 0.473, 'conf_unk': 0.285} t:377.4s v:182.9s
31_05_06:01 openset_imagenet.binary_ensemble_combined_emnist INFO: loss:bce protocol:2 ep:59 train:{'j': 0.392} val:{'j': 0.876, 'conf_kn': 0.329, 'conf_unk': 0.260} t:378.6s v:180.7s
31_05_06:10 openset_imagenet.binary_ensemble_combined_emnist INFO: loss:bce protocol:2 ep:60 train:{'j': 0.385} val:{'j': 0.765, 'conf_kn': 0.564, 'conf_unk': 0.279} t:377.8s v:182.0s
31_05_06:10 openset_imagenet.binary_ensemble_combined_emnist INFO: Saving best model experiments/ex_5/net_14/bce_binary_ensemble_combined_imagenet_best.pth at epoch: 60
31_05_06:20 openset_imagenet.binary_ensemble_combined_emnist INFO: loss:bce protocol:2 ep:61 train:{'j': 0.376} val:{'j': 0.816, 'conf_kn': 0.568, 'conf_unk': 0.256} t:378.7s v:181.1s
31_05_06:29 openset_imagenet.binary_ensemble_combined_emnist INFO: loss:bce protocol:2 ep:62 train:{'j': 0.371} val:{'j': 0.820, 'conf_kn': 0.523, 'conf_unk': 0.269} t:376.5s v:180.4s
31_05_06:38 openset_imagenet.binary_ensemble_combined_emnist INFO: loss:bce protocol:2 ep:63 train:{'j': 0.365} val:{'j': 0.787, 'conf_kn': 0.573, 'conf_unk': 0.263} t:376.2s v:180.8s
31_05_06:48 openset_imagenet.binary_ensemble_combined_emnist INFO: loss:bce protocol:2 ep:64 train:{'j': 0.358} val:{'j': 0.865, 'conf_kn': 0.466, 'conf_unk': 0.261} t:379.4s v:179.9s
31_05_06:57 openset_imagenet.binary_ensemble_combined_emnist INFO: loss:bce protocol:2 ep:65 train:{'j': 0.354} val:{'j': 0.815, 'conf_kn': 0.569, 'conf_unk': 0.254} t:377.1s v:183.0s
31_05_07:06 openset_imagenet.binary_ensemble_combined_emnist INFO: loss:bce protocol:2 ep:66 train:{'j': 0.344} val:{'j': 0.852, 'conf_kn': 0.534, 'conf_unk': 0.254} t:375.8s v:183.1s
31_05_07:16 openset_imagenet.binary_ensemble_combined_emnist INFO: loss:bce protocol:2 ep:67 train:{'j': 0.341} val:{'j': 0.926, 'conf_kn': 0.485, 'conf_unk': 0.228} t:377.5s v:182.6s
31_05_07:25 openset_imagenet.binary_ensemble_combined_emnist INFO: loss:bce protocol:2 ep:68 train:{'j': 0.336} val:{'j': 0.804, 'conf_kn': 0.526, 'conf_unk': 0.270} t:376.1s v:182.1s
31_05_07:34 openset_imagenet.binary_ensemble_combined_emnist INFO: loss:bce protocol:2 ep:69 train:{'j': 0.328} val:{'j': 0.806, 'conf_kn': 0.557, 'conf_unk': 0.260} t:378.9s v:180.7s
31_05_07:44 openset_imagenet.binary_ensemble_combined_emnist INFO: loss:bce protocol:2 ep:70 train:{'j': 0.322} val:{'j': 0.871, 'conf_kn': 0.533, 'conf_unk': 0.251} t:376.4s v:183.9s
31_05_07:53 openset_imagenet.binary_ensemble_combined_emnist INFO: loss:bce protocol:2 ep:71 train:{'j': 0.316} val:{'j': 0.844, 'conf_kn': 0.600, 'conf_unk': 0.242} t:378.8s v:183.5s
31_05_08:02 openset_imagenet.binary_ensemble_combined_emnist INFO: loss:bce protocol:2 ep:72 train:{'j': 0.310} val:{'j': 0.798, 'conf_kn': 0.581, 'conf_unk': 0.257} t:379.0s v:182.6s
31_05_08:12 openset_imagenet.binary_ensemble_combined_emnist INFO: loss:bce protocol:2 ep:73 train:{'j': 0.306} val:{'j': 1.008, 'conf_kn': 0.469, 'conf_unk': 0.224} t:377.2s v:181.7s
31_05_08:21 openset_imagenet.binary_ensemble_combined_emnist INFO: loss:bce protocol:2 ep:74 train:{'j': 0.302} val:{'j': 0.836, 'conf_kn': 0.584, 'conf_unk': 0.249} t:378.4s v:183.7s
31_05_08:30 openset_imagenet.binary_ensemble_combined_emnist INFO: loss:bce protocol:2 ep:75 train:{'j': 0.296} val:{'j': 0.852, 'conf_kn': 0.618, 'conf_unk': 0.242} t:377.6s v:181.9s
31_05_08:30 openset_imagenet.binary_ensemble_combined_emnist INFO: Saving best model experiments/ex_5/net_14/bce_binary_ensemble_combined_imagenet_best.pth at epoch: 75
31_05_08:40 openset_imagenet.binary_ensemble_combined_emnist INFO: loss:bce protocol:2 ep:76 train:{'j': 0.287} val:{'j': 0.856, 'conf_kn': 0.604, 'conf_unk': 0.234} t:375.8s v:180.9s
31_05_08:49 openset_imagenet.binary_ensemble_combined_emnist INFO: loss:bce protocol:2 ep:77 train:{'j': 0.288} val:{'j': 0.848, 'conf_kn': 0.582, 'conf_unk': 0.244} t:377.5s v:184.5s
31_05_08:58 openset_imagenet.binary_ensemble_combined_emnist INFO: loss:bce protocol:2 ep:78 train:{'j': 0.279} val:{'j': 0.846, 'conf_kn': 0.571, 'conf_unk': 0.242} t:378.6s v:180.9s
31_05_09:08 openset_imagenet.binary_ensemble_combined_emnist INFO: loss:bce protocol:2 ep:79 train:{'j': 0.279} val:{'j': 0.855, 'conf_kn': 0.609, 'conf_unk': 0.235} t:383.1s v:183.9s
31_05_09:19 openset_imagenet.binary_ensemble_combined_emnist INFO: loss:bce protocol:2 ep:80 train:{'j': 0.271} val:{'j': 0.876, 'conf_kn': 0.569, 'conf_unk': 0.238} t:436.4s v:215.4s
31_05_09:29 openset_imagenet.binary_ensemble_combined_emnist INFO: loss:bce protocol:2 ep:81 train:{'j': 0.267} val:{'j': 0.977, 'conf_kn': 0.639, 'conf_unk': 0.205} t:412.2s v:202.1s
31_05_09:39 openset_imagenet.binary_ensemble_combined_emnist INFO: loss:bce protocol:2 ep:82 train:{'j': 0.263} val:{'j': 0.939, 'conf_kn': 0.615, 'conf_unk': 0.217} t:381.8s v:186.5s
31_05_09:49 openset_imagenet.binary_ensemble_combined_emnist INFO: loss:bce protocol:2 ep:83 train:{'j': 0.259} val:{'j': 0.900, 'conf_kn': 0.593, 'conf_unk': 0.229} t:425.0s v:207.7s
31_05_09:59 openset_imagenet.binary_ensemble_combined_emnist INFO: loss:bce protocol:2 ep:84 train:{'j': 0.253} val:{'j': 0.902, 'conf_kn': 0.584, 'conf_unk': 0.227} t:399.4s v:186.0s
31_05_10:09 openset_imagenet.binary_ensemble_combined_emnist INFO: loss:bce protocol:2 ep:85 train:{'j': 0.247} val:{'j': 0.943, 'conf_kn': 0.620, 'conf_unk': 0.223} t:388.3s v:189.6s
31_05_10:18 openset_imagenet.binary_ensemble_combined_emnist INFO: loss:bce protocol:2 ep:86 train:{'j': 0.247} val:{'j': 0.896, 'conf_kn': 0.616, 'conf_unk': 0.228} t:400.8s v:197.0s
31_05_10:28 openset_imagenet.binary_ensemble_combined_emnist INFO: loss:bce protocol:2 ep:87 train:{'j': 0.237} val:{'j': 0.948, 'conf_kn': 0.584, 'conf_unk': 0.215} t:392.9s v:188.2s
31_05_10:38 openset_imagenet.binary_ensemble_combined_emnist INFO: loss:bce protocol:2 ep:88 train:{'j': 0.235} val:{'j': 0.939, 'conf_kn': 0.625, 'conf_unk': 0.224} t:388.1s v:184.8s
31_05_10:48 openset_imagenet.binary_ensemble_combined_emnist INFO: loss:bce protocol:2 ep:89 train:{'j': 0.230} val:{'j': 1.052, 'conf_kn': 0.478, 'conf_unk': 0.214} t:406.0s v:195.0s
31_05_10:57 openset_imagenet.binary_ensemble_combined_emnist INFO: loss:bce protocol:2 ep:90 train:{'j': 0.228} val:{'j': 0.903, 'conf_kn': 0.594, 'conf_unk': 0.226} t:382.7s v:187.2s
31_05_11:07 openset_imagenet.binary_ensemble_combined_emnist INFO: loss:bce protocol:2 ep:91 train:{'j': 0.225} val:{'j': 0.935, 'conf_kn': 0.629, 'conf_unk': 0.219} t:381.9s v:193.1s
31_05_11:16 openset_imagenet.binary_ensemble_combined_emnist INFO: loss:bce protocol:2 ep:92 train:{'j': 0.217} val:{'j': 0.936, 'conf_kn': 0.629, 'conf_unk': 0.217} t:386.6s v:182.2s
31_05_11:26 openset_imagenet.binary_ensemble_combined_emnist INFO: loss:bce protocol:2 ep:93 train:{'j': 0.214} val:{'j': 1.016, 'conf_kn': 0.644, 'conf_unk': 0.202} t:392.5s v:195.6s
31_05_11:36 openset_imagenet.binary_ensemble_combined_emnist INFO: loss:bce protocol:2 ep:94 train:{'j': 0.214} val:{'j': 0.946, 'conf_kn': 0.646, 'conf_unk': 0.210} t:395.6s v:196.0s
31_05_11:46 openset_imagenet.binary_ensemble_combined_emnist INFO: loss:bce protocol:2 ep:95 train:{'j': 0.207} val:{'j': 1.032, 'conf_kn': 0.618, 'conf_unk': 0.200} t:399.8s v:188.4s
31_05_11:56 openset_imagenet.binary_ensemble_combined_emnist INFO: loss:bce protocol:2 ep:96 train:{'j': 0.203} val:{'j': 0.986, 'conf_kn': 0.624, 'conf_unk': 0.207} t:403.9s v:200.7s
31_05_12:06 openset_imagenet.binary_ensemble_combined_emnist INFO: loss:bce protocol:2 ep:97 train:{'j': 0.202} val:{'j': 1.000, 'conf_kn': 0.628, 'conf_unk': 0.204} t:419.5s v:196.8s
31_05_12:16 openset_imagenet.binary_ensemble_combined_emnist INFO: loss:bce protocol:2 ep:98 train:{'j': 0.194} val:{'j': 0.953, 'conf_kn': 0.620, 'conf_unk': 0.216} t:405.4s v:182.8s
31_05_12:26 openset_imagenet.binary_ensemble_combined_emnist INFO: loss:bce protocol:2 ep:99 train:{'j': 0.192} val:{'j': 0.971, 'conf_kn': 0.623, 'conf_unk': 0.215} t:393.6s v:187.6s
31_05_12:35 openset_imagenet.binary_ensemble_combined_emnist INFO: loss:bce protocol:2 ep:100 train:{'j': 0.188} val:{'j': 1.010, 'conf_kn': 0.633, 'conf_unk': 0.202} t:377.5s v:181.9s
31_05_12:45 openset_imagenet.binary_ensemble_combined_emnist INFO: loss:bce protocol:2 ep:101 train:{'j': 0.184} val:{'j': 1.062, 'conf_kn': 0.620, 'conf_unk': 0.192} t:385.1s v:193.7s
31_05_12:55 openset_imagenet.binary_ensemble_combined_emnist INFO: loss:bce protocol:2 ep:102 train:{'j': 0.182} val:{'j': 0.964, 'conf_kn': 0.571, 'conf_unk': 0.224} t:417.1s v:199.3s
31_05_13:05 openset_imagenet.binary_ensemble_combined_emnist INFO: loss:bce protocol:2 ep:103 train:{'j': 0.178} val:{'j': 0.989, 'conf_kn': 0.621, 'conf_unk': 0.201} t:401.4s v:200.2s
31_05_13:15 openset_imagenet.binary_ensemble_combined_emnist INFO: loss:bce protocol:2 ep:104 train:{'j': 0.182} val:{'j': 1.007, 'conf_kn': 0.642, 'conf_unk': 0.205} t:390.9s v:180.9s
31_05_13:24 openset_imagenet.binary_ensemble_combined_emnist INFO: loss:bce protocol:2 ep:105 train:{'j': 0.174} val:{'j': 1.003, 'conf_kn': 0.613, 'conf_unk': 0.208} t:373.8s v:183.4s
31_05_13:33 openset_imagenet.binary_ensemble_combined_emnist INFO: loss:bce protocol:2 ep:106 train:{'j': 0.170} val:{'j': 1.067, 'conf_kn': 0.635, 'conf_unk': 0.193} t:377.2s v:182.5s
31_05_13:43 openset_imagenet.binary_ensemble_combined_emnist INFO: loss:bce protocol:2 ep:107 train:{'j': 0.167} val:{'j': 1.003, 'conf_kn': 0.655, 'conf_unk': 0.199} t:431.4s v:179.9s
31_05_13:53 openset_imagenet.binary_ensemble_combined_emnist INFO: loss:bce protocol:2 ep:108 train:{'j': 0.161} val:{'j': 1.016, 'conf_kn': 0.639, 'conf_unk': 0.200} t:380.6s v:179.9s
31_05_14:02 openset_imagenet.binary_ensemble_combined_emnist INFO: loss:bce protocol:2 ep:109 train:{'j': 0.159} val:{'j': 1.070, 'conf_kn': 0.632, 'conf_unk': 0.189} t:372.6s v:180.5s
31_05_14:11 openset_imagenet.binary_ensemble_combined_emnist INFO: loss:bce protocol:2 ep:110 train:{'j': 0.160} val:{'j': 0.992, 'conf_kn': 0.632, 'conf_unk': 0.204} t:377.0s v:187.5s
31_05_14:21 openset_imagenet.binary_ensemble_combined_emnist INFO: loss:bce protocol:2 ep:111 train:{'j': 0.156} val:{'j': 1.091, 'conf_kn': 0.633, 'conf_unk': 0.190} t:376.6s v:180.1s
31_05_14:30 openset_imagenet.binary_ensemble_combined_emnist INFO: loss:bce protocol:2 ep:112 train:{'j': 0.152} val:{'j': 0.961, 'conf_kn': 0.543, 'conf_unk': 0.219} t:374.5s v:180.1s
31_05_14:39 openset_imagenet.binary_ensemble_combined_emnist INFO: loss:bce protocol:2 ep:113 train:{'j': 0.149} val:{'j': 1.104, 'conf_kn': 0.620, 'conf_unk': 0.181} t:380.1s v:186.1s
31_05_14:49 openset_imagenet.binary_ensemble_combined_emnist INFO: loss:bce protocol:2 ep:114 train:{'j': 0.152} val:{'j': 1.044, 'conf_kn': 0.599, 'conf_unk': 0.205} t:408.5s v:186.1s
31_05_14:59 openset_imagenet.binary_ensemble_combined_emnist INFO: loss:bce protocol:2 ep:115 train:{'j': 0.145} val:{'j': 1.057, 'conf_kn': 0.654, 'conf_unk': 0.192} t:402.4s v:199.9s
31_05_15:10 openset_imagenet.binary_ensemble_combined_emnist INFO: loss:bce protocol:2 ep:116 train:{'j': 0.146} val:{'j': 0.987, 'conf_kn': 0.579, 'conf_unk': 0.209} t:413.2s v:199.8s
31_05_15:20 openset_imagenet.binary_ensemble_combined_emnist INFO: loss:bce protocol:2 ep:117 train:{'j': 0.134} val:{'j': 1.061, 'conf_kn': 0.612, 'conf_unk': 0.197} t:411.4s v:195.4s
31_05_15:29 openset_imagenet.binary_ensemble_combined_emnist INFO: loss:bce protocol:2 ep:118 train:{'j': 0.135} val:{'j': 1.151, 'conf_kn': 0.662, 'conf_unk': 0.176} t:394.5s v:186.9s
31_05_15:39 openset_imagenet.binary_ensemble_combined_emnist INFO: loss:bce protocol:2 ep:119 train:{'j': 0.132} val:{'j': 1.145, 'conf_kn': 0.661, 'conf_unk': 0.178} t:380.1s v:181.7s
31_05_15:39 openset_imagenet.binary_ensemble_combined_emnist INFO: Training finished
