07_06_12:20 openset_imagenet.binary_ensemble_combined_emnist INFO: ============ Data ============
07_06_12:20 openset_imagenet.binary_ensemble_combined_emnist INFO: train_len:154522, labels:151
07_06_12:20 openset_imagenet.binary_ensemble_combined_emnist INFO: val_len:63182, labels:152
07_06_12:20 openset_imagenet.binary_ensemble_combined_emnist INFO: Using Negatives for Training: False
07_06_12:20 openset_imagenet.binary_ensemble_combined_emnist INFO: ========== Training ==========
07_06_12:20 openset_imagenet.binary_ensemble_combined_emnist INFO: Initial epoch: 0
07_06_12:20 openset_imagenet.binary_ensemble_combined_emnist INFO: Last epoch: 120
07_06_12:20 openset_imagenet.binary_ensemble_combined_emnist INFO: Batch size: 32
07_06_12:20 openset_imagenet.binary_ensemble_combined_emnist INFO: workers: 4
07_06_12:20 openset_imagenet.binary_ensemble_combined_emnist INFO: Loss: bce
07_06_12:20 openset_imagenet.binary_ensemble_combined_emnist INFO: optimizer: adam
07_06_12:20 openset_imagenet.binary_ensemble_combined_emnist INFO: Learning rate: 0.001
07_06_12:20 openset_imagenet.binary_ensemble_combined_emnist INFO: Device: 0
07_06_12:20 openset_imagenet.binary_ensemble_combined_emnist INFO: Number of binary outputs: 40
07_06_12:20 openset_imagenet.binary_ensemble_combined_emnist INFO: Using following approach to generate sets: random
07_06_12:20 openset_imagenet.binary_ensemble_combined_emnist INFO: Using Model: resnet50Plus
07_06_12:20 openset_imagenet.binary_ensemble_combined_emnist INFO: Training...
07_06_12:38 openset_imagenet.binary_ensemble_combined_emnist INFO: loss:bce protocol:3 ep:0 train:{'j': 0.689} val:{'j': 0.730, 'conf_kn': 0.042, 'conf_unk': 0.458} t:798.0s v:298.1s
07_06_12:38 openset_imagenet.binary_ensemble_combined_emnist INFO: Saving best model experiments/ex_7/net_9/bce_binary_ensemble_combined_imagenet_best.pth at epoch: 0
07_06_12:57 openset_imagenet.binary_ensemble_combined_emnist INFO: loss:bce protocol:3 ep:1 train:{'j': 0.679} val:{'j': 0.708, 'conf_kn': 0.079, 'conf_unk': 0.455} t:821.5s v:324.6s
07_06_12:57 openset_imagenet.binary_ensemble_combined_emnist INFO: Saving best model experiments/ex_7/net_9/bce_binary_ensemble_combined_imagenet_best.pth at epoch: 1
07_06_13:15 openset_imagenet.binary_ensemble_combined_emnist INFO: loss:bce protocol:3 ep:2 train:{'j': 0.667} val:{'j': 0.701, 'conf_kn': 0.115, 'conf_unk': 0.423} t:775.2s v:293.6s
07_06_13:15 openset_imagenet.binary_ensemble_combined_emnist INFO: Saving best model experiments/ex_7/net_9/bce_binary_ensemble_combined_imagenet_best.pth at epoch: 2
07_06_13:33 openset_imagenet.binary_ensemble_combined_emnist INFO: loss:bce protocol:3 ep:3 train:{'j': 0.652} val:{'j': 0.686, 'conf_kn': 0.160, 'conf_unk': 0.429} t:804.5s v:290.9s
07_06_13:33 openset_imagenet.binary_ensemble_combined_emnist INFO: Saving best model experiments/ex_7/net_9/bce_binary_ensemble_combined_imagenet_best.pth at epoch: 3
07_06_13:51 openset_imagenet.binary_ensemble_combined_emnist INFO: loss:bce protocol:3 ep:4 train:{'j': 0.635} val:{'j': 0.676, 'conf_kn': 0.224, 'conf_unk': 0.416} t:791.0s v:289.3s
07_06_13:51 openset_imagenet.binary_ensemble_combined_emnist INFO: Saving best model experiments/ex_7/net_9/bce_binary_ensemble_combined_imagenet_best.pth at epoch: 4
07_06_14:10 openset_imagenet.binary_ensemble_combined_emnist INFO: loss:bce protocol:3 ep:5 train:{'j': 0.614} val:{'j': 0.671, 'conf_kn': 0.254, 'conf_unk': 0.405} t:808.3s v:317.8s
07_06_14:10 openset_imagenet.binary_ensemble_combined_emnist INFO: Saving best model experiments/ex_7/net_9/bce_binary_ensemble_combined_imagenet_best.pth at epoch: 5
07_06_14:29 openset_imagenet.binary_ensemble_combined_emnist INFO: loss:bce protocol:3 ep:6 train:{'j': 0.590} val:{'j': 0.668, 'conf_kn': 0.280, 'conf_unk': 0.402} t:815.5s v:327.1s
07_06_14:29 openset_imagenet.binary_ensemble_combined_emnist INFO: Saving best model experiments/ex_7/net_9/bce_binary_ensemble_combined_imagenet_best.pth at epoch: 6
07_06_14:49 openset_imagenet.binary_ensemble_combined_emnist INFO: loss:bce protocol:3 ep:7 train:{'j': 0.565} val:{'j': 0.699, 'conf_kn': 0.319, 'conf_unk': 0.377} t:823.9s v:346.8s
07_06_14:49 openset_imagenet.binary_ensemble_combined_emnist INFO: Saving best model experiments/ex_7/net_9/bce_binary_ensemble_combined_imagenet_best.pth at epoch: 7
07_06_15:09 openset_imagenet.binary_ensemble_combined_emnist INFO: loss:bce protocol:3 ep:8 train:{'j': 0.548} val:{'j': 0.668, 'conf_kn': 0.399, 'conf_unk': 0.372} t:873.8s v:343.7s
07_06_15:09 openset_imagenet.binary_ensemble_combined_emnist INFO: Saving best model experiments/ex_7/net_9/bce_binary_ensemble_combined_imagenet_best.pth at epoch: 8
07_06_15:28 openset_imagenet.binary_ensemble_combined_emnist INFO: loss:bce protocol:3 ep:9 train:{'j': 0.523} val:{'j': 0.664, 'conf_kn': 0.419, 'conf_unk': 0.352} t:839.7s v:311.6s
07_06_15:28 openset_imagenet.binary_ensemble_combined_emnist INFO: Saving best model experiments/ex_7/net_9/bce_binary_ensemble_combined_imagenet_best.pth at epoch: 9
07_06_15:47 openset_imagenet.binary_ensemble_combined_emnist INFO: loss:bce protocol:3 ep:10 train:{'j': 0.503} val:{'j': 0.662, 'conf_kn': 0.446, 'conf_unk': 0.356} t:840.7s v:301.4s
07_06_15:47 openset_imagenet.binary_ensemble_combined_emnist INFO: Saving best model experiments/ex_7/net_9/bce_binary_ensemble_combined_imagenet_best.pth at epoch: 10
07_06_16:06 openset_imagenet.binary_ensemble_combined_emnist INFO: loss:bce protocol:3 ep:11 train:{'j': 0.480} val:{'j': 0.657, 'conf_kn': 0.500, 'conf_unk': 0.344} t:845.8s v:299.7s
07_06_16:06 openset_imagenet.binary_ensemble_combined_emnist INFO: Saving best model experiments/ex_7/net_9/bce_binary_ensemble_combined_imagenet_best.pth at epoch: 11
07_06_16:25 openset_imagenet.binary_ensemble_combined_emnist INFO: loss:bce protocol:3 ep:12 train:{'j': 0.465} val:{'j': 0.656, 'conf_kn': 0.520, 'conf_unk': 0.331} t:834.4s v:280.8s
07_06_16:25 openset_imagenet.binary_ensemble_combined_emnist INFO: Saving best model experiments/ex_7/net_9/bce_binary_ensemble_combined_imagenet_best.pth at epoch: 12
07_06_16:43 openset_imagenet.binary_ensemble_combined_emnist INFO: loss:bce protocol:3 ep:13 train:{'j': 0.449} val:{'j': 0.675, 'conf_kn': 0.511, 'conf_unk': 0.320} t:781.7s v:288.7s
07_06_17:01 openset_imagenet.binary_ensemble_combined_emnist INFO: loss:bce protocol:3 ep:14 train:{'j': 0.434} val:{'j': 0.676, 'conf_kn': 0.555, 'conf_unk': 0.312} t:791.4s v:281.2s
07_06_17:01 openset_imagenet.binary_ensemble_combined_emnist INFO: Saving best model experiments/ex_7/net_9/bce_binary_ensemble_combined_imagenet_best.pth at epoch: 14
07_06_17:18 openset_imagenet.binary_ensemble_combined_emnist INFO: loss:bce protocol:3 ep:15 train:{'j': 0.417} val:{'j': 0.676, 'conf_kn': 0.576, 'conf_unk': 0.307} t:772.1s v:282.1s
07_06_17:18 openset_imagenet.binary_ensemble_combined_emnist INFO: Saving best model experiments/ex_7/net_9/bce_binary_ensemble_combined_imagenet_best.pth at epoch: 15
07_06_17:45 openset_imagenet.binary_ensemble_combined_emnist INFO: loss:bce protocol:3 ep:16 train:{'j': 0.404} val:{'j': 0.667, 'conf_kn': 0.596, 'conf_unk': 0.302} t:1121.6s v:451.3s
07_06_17:45 openset_imagenet.binary_ensemble_combined_emnist INFO: Saving best model experiments/ex_7/net_9/bce_binary_ensemble_combined_imagenet_best.pth at epoch: 16
07_06_18:22 openset_imagenet.binary_ensemble_combined_emnist INFO: loss:bce protocol:3 ep:17 train:{'j': 0.390} val:{'j': 0.683, 'conf_kn': 0.610, 'conf_unk': 0.287} t:1764.7s v:460.0s
07_06_18:22 openset_imagenet.binary_ensemble_combined_emnist INFO: Saving best model experiments/ex_7/net_9/bce_binary_ensemble_combined_imagenet_best.pth at epoch: 17
07_06_18:59 openset_imagenet.binary_ensemble_combined_emnist INFO: loss:bce protocol:3 ep:18 train:{'j': 0.383} val:{'j': 0.689, 'conf_kn': 0.611, 'conf_unk': 0.293} t:1770.4s v:461.7s
07_06_18:59 openset_imagenet.binary_ensemble_combined_emnist INFO: Saving best model experiments/ex_7/net_9/bce_binary_ensemble_combined_imagenet_best.pth at epoch: 18
07_06_19:36 openset_imagenet.binary_ensemble_combined_emnist INFO: loss:bce protocol:3 ep:19 train:{'j': 0.365} val:{'j': 0.664, 'conf_kn': 0.640, 'conf_unk': 0.283} t:1774.4s v:456.8s
07_06_19:36 openset_imagenet.binary_ensemble_combined_emnist INFO: Saving best model experiments/ex_7/net_9/bce_binary_ensemble_combined_imagenet_best.pth at epoch: 19
07_06_20:12 openset_imagenet.binary_ensemble_combined_emnist INFO: loss:bce protocol:3 ep:20 train:{'j': 0.356} val:{'j': 0.684, 'conf_kn': 0.631, 'conf_unk': 0.284} t:1716.1s v:453.5s
07_06_20:51 openset_imagenet.binary_ensemble_combined_emnist INFO: loss:bce protocol:3 ep:21 train:{'j': 0.346} val:{'j': 0.673, 'conf_kn': 0.646, 'conf_unk': 0.279} t:1829.2s v:482.3s
07_06_20:51 openset_imagenet.binary_ensemble_combined_emnist INFO: Saving best model experiments/ex_7/net_9/bce_binary_ensemble_combined_imagenet_best.pth at epoch: 21
07_06_21:28 openset_imagenet.binary_ensemble_combined_emnist INFO: loss:bce protocol:3 ep:22 train:{'j': 0.338} val:{'j': 0.702, 'conf_kn': 0.643, 'conf_unk': 0.272} t:1762.3s v:449.5s
07_06_22:03 openset_imagenet.binary_ensemble_combined_emnist INFO: loss:bce protocol:3 ep:23 train:{'j': 0.323} val:{'j': 0.640, 'conf_kn': 0.668, 'conf_unk': 0.283} t:1663.6s v:447.3s
07_06_22:03 openset_imagenet.binary_ensemble_combined_emnist INFO: Saving best model experiments/ex_7/net_9/bce_binary_ensemble_combined_imagenet_best.pth at epoch: 23
07_06_22:38 openset_imagenet.binary_ensemble_combined_emnist INFO: loss:bce protocol:3 ep:24 train:{'j': 0.317} val:{'j': 0.726, 'conf_kn': 0.658, 'conf_unk': 0.264} t:1617.0s v:456.7s
07_06_23:14 openset_imagenet.binary_ensemble_combined_emnist INFO: loss:bce protocol:3 ep:25 train:{'j': 0.311} val:{'j': 0.710, 'conf_kn': 0.666, 'conf_unk': 0.267} t:1717.0s v:449.6s
07_06_23:50 openset_imagenet.binary_ensemble_combined_emnist INFO: loss:bce protocol:3 ep:26 train:{'j': 0.301} val:{'j': 0.698, 'conf_kn': 0.666, 'conf_unk': 0.263} t:1720.9s v:450.4s
08_06_00:26 openset_imagenet.binary_ensemble_combined_emnist INFO: loss:bce protocol:3 ep:27 train:{'j': 0.292} val:{'j': 0.740, 'conf_kn': 0.672, 'conf_unk': 0.260} t:1713.2s v:457.5s
08_06_01:05 openset_imagenet.binary_ensemble_combined_emnist INFO: loss:bce protocol:3 ep:28 train:{'j': 0.289} val:{'j': 0.809, 'conf_kn': 0.679, 'conf_unk': 0.240} t:1886.7s v:429.7s
08_06_01:38 openset_imagenet.binary_ensemble_combined_emnist INFO: loss:bce protocol:3 ep:29 train:{'j': 0.283} val:{'j': 0.721, 'conf_kn': 0.688, 'conf_unk': 0.250} t:1543.2s v:431.9s
08_06_02:11 openset_imagenet.binary_ensemble_combined_emnist INFO: loss:bce protocol:3 ep:30 train:{'j': 0.269} val:{'j': 0.777, 'conf_kn': 0.678, 'conf_unk': 0.250} t:1561.0s v:424.9s
08_06_02:44 openset_imagenet.binary_ensemble_combined_emnist INFO: loss:bce protocol:3 ep:31 train:{'j': 0.267} val:{'j': 0.744, 'conf_kn': 0.688, 'conf_unk': 0.248} t:1575.8s v:430.5s
08_06_03:18 openset_imagenet.binary_ensemble_combined_emnist INFO: loss:bce protocol:3 ep:32 train:{'j': 0.259} val:{'j': 0.796, 'conf_kn': 0.675, 'conf_unk': 0.245} t:1575.2s v:429.5s
08_06_03:52 openset_imagenet.binary_ensemble_combined_emnist INFO: loss:bce protocol:3 ep:33 train:{'j': 0.257} val:{'j': 0.755, 'conf_kn': 0.700, 'conf_unk': 0.238} t:1596.3s v:447.2s
08_06_04:27 openset_imagenet.binary_ensemble_combined_emnist INFO: loss:bce protocol:3 ep:34 train:{'j': 0.245} val:{'j': 0.773, 'conf_kn': 0.712, 'conf_unk': 0.237} t:1641.8s v:445.9s
08_06_05:01 openset_imagenet.binary_ensemble_combined_emnist INFO: loss:bce protocol:3 ep:35 train:{'j': 0.242} val:{'j': 0.826, 'conf_kn': 0.705, 'conf_unk': 0.231} t:1624.4s v:446.1s
08_06_05:36 openset_imagenet.binary_ensemble_combined_emnist INFO: loss:bce protocol:3 ep:36 train:{'j': 0.234} val:{'j': 0.805, 'conf_kn': 0.714, 'conf_unk': 0.230} t:1628.3s v:440.1s
08_06_06:08 openset_imagenet.binary_ensemble_combined_emnist INFO: loss:bce protocol:3 ep:37 train:{'j': 0.231} val:{'j': 0.819, 'conf_kn': 0.713, 'conf_unk': 0.225} t:1516.2s v:424.0s
08_06_06:40 openset_imagenet.binary_ensemble_combined_emnist INFO: loss:bce protocol:3 ep:38 train:{'j': 0.222} val:{'j': 0.831, 'conf_kn': 0.701, 'conf_unk': 0.229} t:1475.1s v:414.6s
08_06_07:11 openset_imagenet.binary_ensemble_combined_emnist INFO: loss:bce protocol:3 ep:39 train:{'j': 0.220} val:{'j': 0.834, 'conf_kn': 0.727, 'conf_unk': 0.217} t:1465.3s v:418.6s
08_06_07:43 openset_imagenet.binary_ensemble_combined_emnist INFO: loss:bce protocol:3 ep:40 train:{'j': 0.216} val:{'j': 0.805, 'conf_kn': 0.706, 'conf_unk': 0.229} t:1491.8s v:420.5s
08_06_08:15 openset_imagenet.binary_ensemble_combined_emnist INFO: loss:bce protocol:3 ep:41 train:{'j': 0.210} val:{'j': 0.766, 'conf_kn': 0.706, 'conf_unk': 0.225} t:1504.3s v:421.9s
08_06_08:47 openset_imagenet.binary_ensemble_combined_emnist INFO: loss:bce protocol:3 ep:42 train:{'j': 0.209} val:{'j': 0.852, 'conf_kn': 0.729, 'conf_unk': 0.215} t:1479.9s v:426.5s
08_06_09:20 openset_imagenet.binary_ensemble_combined_emnist INFO: loss:bce protocol:3 ep:43 train:{'j': 0.200} val:{'j': 0.842, 'conf_kn': 0.718, 'conf_unk': 0.222} t:1543.3s v:431.4s
08_06_09:53 openset_imagenet.binary_ensemble_combined_emnist INFO: loss:bce protocol:3 ep:44 train:{'j': 0.203} val:{'j': 0.877, 'conf_kn': 0.724, 'conf_unk': 0.214} t:1550.1s v:427.1s
08_06_10:26 openset_imagenet.binary_ensemble_combined_emnist INFO: loss:bce protocol:3 ep:45 train:{'j': 0.194} val:{'j': 0.830, 'conf_kn': 0.729, 'conf_unk': 0.217} t:1553.6s v:437.4s
08_06_10:59 openset_imagenet.binary_ensemble_combined_emnist INFO: loss:bce protocol:3 ep:46 train:{'j': 0.189} val:{'j': 0.865, 'conf_kn': 0.710, 'conf_unk': 0.216} t:1542.7s v:420.3s
08_06_11:28 openset_imagenet.binary_ensemble_combined_emnist INFO: loss:bce protocol:3 ep:47 train:{'j': 0.188} val:{'j': 0.902, 'conf_kn': 0.719, 'conf_unk': 0.211} t:1380.3s v:409.0s
08_06_11:58 openset_imagenet.binary_ensemble_combined_emnist INFO: loss:bce protocol:3 ep:48 train:{'j': 0.183} val:{'j': 0.864, 'conf_kn': 0.732, 'conf_unk': 0.215} t:1406.2s v:392.2s
