05_06_11:44 openset_imagenet.train INFO: ============ Data ============
05_06_11:44 openset_imagenet.train INFO: train_len:154522, labels:151
05_06_11:44 openset_imagenet.train INFO: val_len:63182, labels:152
05_06_11:44 openset_imagenet.train INFO: ========== Training ==========
05_06_11:44 openset_imagenet.train INFO: Initial epoch: 0
05_06_11:44 openset_imagenet.train INFO: Last epoch: 120
05_06_11:44 openset_imagenet.train INFO: Batch size: 32
05_06_11:44 openset_imagenet.train INFO: workers: 4
05_06_11:44 openset_imagenet.train INFO: Loss: softmax
05_06_11:44 openset_imagenet.train INFO: optimizer: adam
05_06_11:44 openset_imagenet.train INFO: Learning rate: 0.001
05_06_11:44 openset_imagenet.train INFO: Device: 2
05_06_11:44 openset_imagenet.train INFO: Training...
05_06_12:02 openset_imagenet.train INFO: loss:softmax protocol:3 ep:0 train:{'j': 4.109} val:{'j': 3.490, 'conf_kn': 0.091, 'conf_unk': 0.837} t:963.5s v:131.5s
05_06_12:02 openset_imagenet.train INFO: Saving best model experiments/ex_7/net_11/softmax_threshold_best.pth at epoch: 0
05_06_12:20 openset_imagenet.train INFO: loss:softmax protocol:3 ep:1 train:{'j': 3.028} val:{'j': 4.464, 'conf_kn': 0.161, 'conf_unk': 0.746} t:939.9s v:121.7s
05_06_12:38 openset_imagenet.train INFO: loss:softmax protocol:3 ep:2 train:{'j': 2.425} val:{'j': 2.111, 'conf_kn': 0.305, 'conf_unk': 0.682} t:956.9s v:119.1s
05_06_12:38 openset_imagenet.train INFO: Saving best model experiments/ex_7/net_11/softmax_threshold_best.pth at epoch: 2
05_06_12:57 openset_imagenet.train INFO: loss:softmax protocol:3 ep:3 train:{'j': 2.022} val:{'j': 3.014, 'conf_kn': 0.231, 'conf_unk': 0.674} t:986.6s v:139.0s
05_06_13:15 openset_imagenet.train INFO: loss:softmax protocol:3 ep:4 train:{'j': 1.787} val:{'j': 1.963, 'conf_kn': 0.397, 'conf_unk': 0.597} t:970.8s v:121.2s
05_06_13:15 openset_imagenet.train INFO: Saving best model experiments/ex_7/net_11/softmax_threshold_best.pth at epoch: 4
05_06_13:33 openset_imagenet.train INFO: loss:softmax protocol:3 ep:5 train:{'j': 1.594} val:{'j': 2.379, 'conf_kn': 0.437, 'conf_unk': 0.562} t:986.6s v:113.5s
05_06_13:33 openset_imagenet.train INFO: Saving best model experiments/ex_7/net_11/softmax_threshold_best.pth at epoch: 5
05_06_13:52 openset_imagenet.train INFO: loss:softmax protocol:3 ep:6 train:{'j': 1.453} val:{'j': 2.334, 'conf_kn': 0.498, 'conf_unk': 0.547} t:993.3s v:107.9s
05_06_13:52 openset_imagenet.train INFO: Saving best model experiments/ex_7/net_11/softmax_threshold_best.pth at epoch: 6
05_06_14:10 openset_imagenet.train INFO: loss:softmax protocol:3 ep:7 train:{'j': 1.327} val:{'j': 1.734, 'conf_kn': 0.509, 'conf_unk': 0.507} t:995.4s v:106.6s
05_06_14:29 openset_imagenet.train INFO: loss:softmax protocol:3 ep:8 train:{'j': 1.276} val:{'j': 4.544, 'conf_kn': 0.418, 'conf_unk': 0.541} t:991.9s v:116.7s
05_06_14:47 openset_imagenet.train INFO: loss:softmax protocol:3 ep:9 train:{'j': 1.175} val:{'j': 1.455, 'conf_kn': 0.563, 'conf_unk': 0.494} t:985.0s v:115.7s
05_06_14:47 openset_imagenet.train INFO: Saving best model experiments/ex_7/net_11/softmax_threshold_best.pth at epoch: 9
05_06_15:06 openset_imagenet.train INFO: loss:softmax protocol:3 ep:10 train:{'j': 1.091} val:{'j': 1.446, 'conf_kn': 0.594, 'conf_unk': 0.469} t:981.9s v:118.3s
05_06_15:06 openset_imagenet.train INFO: Saving best model experiments/ex_7/net_11/softmax_threshold_best.pth at epoch: 10
05_06_15:24 openset_imagenet.train INFO: loss:softmax protocol:3 ep:11 train:{'j': 1.037} val:{'j': 1.687, 'conf_kn': 0.580, 'conf_unk': 0.453} t:976.7s v:122.5s
05_06_15:42 openset_imagenet.train INFO: loss:softmax protocol:3 ep:12 train:{'j': 0.972} val:{'j': 1.469, 'conf_kn': 0.598, 'conf_unk': 0.466} t:976.0s v:126.8s
05_06_15:42 openset_imagenet.train INFO: Saving best model experiments/ex_7/net_11/softmax_threshold_best.pth at epoch: 12
05_06_16:01 openset_imagenet.train INFO: loss:softmax protocol:3 ep:13 train:{'j': 0.919} val:{'j': 1.810, 'conf_kn': 0.591, 'conf_unk': 0.443} t:966.9s v:125.4s
05_06_16:19 openset_imagenet.train INFO: loss:softmax protocol:3 ep:14 train:{'j': 0.863} val:{'j': 1.305, 'conf_kn': 0.618, 'conf_unk': 0.447} t:962.9s v:125.1s
05_06_16:19 openset_imagenet.train INFO: Saving best model experiments/ex_7/net_11/softmax_threshold_best.pth at epoch: 14
05_06_16:37 openset_imagenet.train INFO: loss:softmax protocol:3 ep:15 train:{'j': 0.817} val:{'j': 2.646, 'conf_kn': 0.647, 'conf_unk': 0.417} t:977.6s v:131.8s
05_06_16:56 openset_imagenet.train INFO: loss:softmax protocol:3 ep:16 train:{'j': 0.766} val:{'j': 1.673, 'conf_kn': 0.661, 'conf_unk': 0.397} t:983.5s v:130.6s
05_06_17:15 openset_imagenet.train INFO: loss:softmax protocol:3 ep:17 train:{'j': 0.731} val:{'j': 1.107, 'conf_kn': 0.661, 'conf_unk': 0.398} t:975.8s v:132.2s
05_06_17:33 openset_imagenet.train INFO: loss:softmax protocol:3 ep:18 train:{'j': 0.691} val:{'j': 1.137, 'conf_kn': 0.668, 'conf_unk': 0.399} t:982.5s v:132.6s
05_06_17:33 openset_imagenet.train INFO: Saving best model experiments/ex_7/net_11/softmax_threshold_best.pth at epoch: 18
05_06_17:52 openset_imagenet.train INFO: loss:softmax protocol:3 ep:19 train:{'j': 0.659} val:{'j': 1.188, 'conf_kn': 0.679, 'conf_unk': 0.382} t:970.3s v:130.9s
05_06_18:10 openset_imagenet.train INFO: loss:softmax protocol:3 ep:20 train:{'j': 0.622} val:{'j': 1.093, 'conf_kn': 0.677, 'conf_unk': 0.383} t:975.9s v:132.9s
05_06_18:29 openset_imagenet.train INFO: loss:softmax protocol:3 ep:21 train:{'j': 0.592} val:{'j': 1.033, 'conf_kn': 0.682, 'conf_unk': 0.373} t:977.9s v:133.1s
05_06_18:47 openset_imagenet.train INFO: loss:softmax protocol:3 ep:22 train:{'j': 0.561} val:{'j': 1.097, 'conf_kn': 0.695, 'conf_unk': 0.358} t:980.4s v:131.5s
05_06_19:06 openset_imagenet.train INFO: loss:softmax protocol:3 ep:23 train:{'j': 0.535} val:{'j': 1.069, 'conf_kn': 0.698, 'conf_unk': 0.344} t:978.4s v:132.8s
05_06_19:24 openset_imagenet.train INFO: loss:softmax protocol:3 ep:24 train:{'j': 0.518} val:{'j': 1.613, 'conf_kn': 0.698, 'conf_unk': 0.335} t:988.1s v:133.7s
05_06_19:43 openset_imagenet.train INFO: loss:softmax protocol:3 ep:25 train:{'j': 0.481} val:{'j': 1.072, 'conf_kn': 0.713, 'conf_unk': 0.322} t:987.2s v:132.9s
05_06_20:02 openset_imagenet.train INFO: loss:softmax protocol:3 ep:26 train:{'j': 0.459} val:{'j': 1.243, 'conf_kn': 0.675, 'conf_unk': 0.343} t:985.6s v:132.7s
05_06_20:21 openset_imagenet.train INFO: loss:softmax protocol:3 ep:27 train:{'j': 0.452} val:{'j': 1.122, 'conf_kn': 0.711, 'conf_unk': 0.312} t:986.6s v:133.4s
05_06_20:39 openset_imagenet.train INFO: loss:softmax protocol:3 ep:28 train:{'j': 0.424} val:{'j': 1.608, 'conf_kn': 0.714, 'conf_unk': 0.298} t:987.1s v:130.0s
05_06_20:58 openset_imagenet.train INFO: loss:softmax protocol:3 ep:29 train:{'j': 0.402} val:{'j': 1.151, 'conf_kn': 0.708, 'conf_unk': 0.314} t:988.0s v:124.5s
05_06_21:16 openset_imagenet.train INFO: loss:softmax protocol:3 ep:30 train:{'j': 0.386} val:{'j': 1.422, 'conf_kn': 0.693, 'conf_unk': 0.312} t:987.8s v:120.1s
05_06_21:35 openset_imagenet.train INFO: loss:softmax protocol:3 ep:31 train:{'j': 0.367} val:{'j': 1.254, 'conf_kn': 0.716, 'conf_unk': 0.305} t:995.4s v:116.0s
05_06_21:53 openset_imagenet.train INFO: loss:softmax protocol:3 ep:32 train:{'j': 0.364} val:{'j': 1.177, 'conf_kn': 0.702, 'conf_unk': 0.324} t:1002.3s v:110.4s
05_06_22:12 openset_imagenet.train INFO: loss:softmax protocol:3 ep:33 train:{'j': 0.345} val:{'j': 1.275, 'conf_kn': 0.732, 'conf_unk': 0.269} t:1005.3s v:109.4s
05_06_22:30 openset_imagenet.train INFO: loss:softmax protocol:3 ep:34 train:{'j': 0.338} val:{'j': 1.154, 'conf_kn': 0.714, 'conf_unk': 0.297} t:1000.0s v:113.3s
05_06_22:49 openset_imagenet.train INFO: loss:softmax protocol:3 ep:35 train:{'j': 0.319} val:{'j': 1.369, 'conf_kn': 0.719, 'conf_unk': 0.279} t:989.5s v:98.6s
05_06_23:03 openset_imagenet.train INFO: loss:softmax protocol:3 ep:36 train:{'j': 0.314} val:{'j': 1.425, 'conf_kn': 0.716, 'conf_unk': 0.285} t:691.9s v:144.5s
05_06_23:23 openset_imagenet.train INFO: loss:softmax protocol:3 ep:37 train:{'j': 0.294} val:{'j': 1.881, 'conf_kn': 0.708, 'conf_unk': 0.262} t:1069.0s v:144.1s
05_06_23:42 openset_imagenet.train INFO: loss:softmax protocol:3 ep:38 train:{'j': 0.296} val:{'j': 1.401, 'conf_kn': 0.722, 'conf_unk': 0.274} t:1028.6s v:149.3s
06_06_00:03 openset_imagenet.train INFO: loss:softmax protocol:3 ep:39 train:{'j': 0.278} val:{'j': 1.626, 'conf_kn': 0.725, 'conf_unk': 0.247} t:1051.8s v:148.1s
06_06_00:23 openset_imagenet.train INFO: loss:softmax protocol:3 ep:40 train:{'j': 0.276} val:{'j': 1.330, 'conf_kn': 0.732, 'conf_unk': 0.255} t:1078.9s v:147.7s
06_06_00:44 openset_imagenet.train INFO: loss:softmax protocol:3 ep:41 train:{'j': 0.261} val:{'j': 1.355, 'conf_kn': 0.720, 'conf_unk': 0.281} t:1106.7s v:149.0s
06_06_01:04 openset_imagenet.train INFO: loss:softmax protocol:3 ep:42 train:{'j': 0.253} val:{'j': 1.714, 'conf_kn': 0.723, 'conf_unk': 0.267} t:1083.3s v:149.2s
06_06_01:25 openset_imagenet.train INFO: loss:softmax protocol:3 ep:43 train:{'j': 0.245} val:{'j': 1.620, 'conf_kn': 0.713, 'conf_unk': 0.255} t:1100.8s v:148.3s
06_06_01:46 openset_imagenet.train INFO: loss:softmax protocol:3 ep:44 train:{'j': 0.242} val:{'j': 1.471, 'conf_kn': 0.720, 'conf_unk': 0.268} t:1088.2s v:148.6s
06_06_02:07 openset_imagenet.train INFO: loss:softmax protocol:3 ep:45 train:{'j': 0.236} val:{'j': 1.505, 'conf_kn': 0.685, 'conf_unk': 0.289} t:1108.5s v:149.6s
06_06_02:28 openset_imagenet.train INFO: loss:softmax protocol:3 ep:46 train:{'j': 0.229} val:{'j': 1.721, 'conf_kn': 0.724, 'conf_unk': 0.245} t:1085.3s v:149.4s
06_06_02:48 openset_imagenet.train INFO: loss:softmax protocol:3 ep:47 train:{'j': 0.235} val:{'j': 1.702, 'conf_kn': 0.729, 'conf_unk': 0.241} t:1104.4s v:148.4s
06_06_03:09 openset_imagenet.train INFO: loss:softmax protocol:3 ep:48 train:{'j': 0.236} val:{'j': 1.291, 'conf_kn': 0.743, 'conf_unk': 0.241} t:1081.9s v:148.2s
06_06_03:30 openset_imagenet.train INFO: loss:softmax protocol:3 ep:49 train:{'j': 0.217} val:{'j': 1.357, 'conf_kn': 0.733, 'conf_unk': 0.234} t:1101.5s v:149.0s
06_06_03:50 openset_imagenet.train INFO: loss:softmax protocol:3 ep:50 train:{'j': 0.210} val:{'j': 1.435, 'conf_kn': 0.714, 'conf_unk': 0.252} t:1084.0s v:148.6s
06_06_04:11 openset_imagenet.train INFO: loss:softmax protocol:3 ep:51 train:{'j': 0.206} val:{'j': 1.386, 'conf_kn': 0.717, 'conf_unk': 0.250} t:1107.2s v:149.5s
06_06_04:32 openset_imagenet.train INFO: loss:softmax protocol:3 ep:52 train:{'j': 0.202} val:{'j': 1.361, 'conf_kn': 0.740, 'conf_unk': 0.241} t:1084.7s v:149.6s
06_06_04:53 openset_imagenet.train INFO: loss:softmax protocol:3 ep:53 train:{'j': 0.198} val:{'j': 1.456, 'conf_kn': 0.733, 'conf_unk': 0.235} t:1106.9s v:148.5s
06_06_05:13 openset_imagenet.train INFO: loss:softmax protocol:3 ep:54 train:{'j': 0.195} val:{'j': 1.864, 'conf_kn': 0.728, 'conf_unk': 0.233} t:1087.0s v:148.7s
06_06_05:34 openset_imagenet.train INFO: loss:softmax protocol:3 ep:55 train:{'j': 0.194} val:{'j': 6.211, 'conf_kn': 0.714, 'conf_unk': 0.243} t:1105.9s v:149.4s
06_06_05:55 openset_imagenet.train INFO: loss:softmax protocol:3 ep:56 train:{'j': 0.194} val:{'j': 1.754, 'conf_kn': 0.735, 'conf_unk': 0.230} t:1088.6s v:148.7s
06_06_06:16 openset_imagenet.train INFO: loss:softmax protocol:3 ep:57 train:{'j': 0.175} val:{'j': 1.375, 'conf_kn': 0.731, 'conf_unk': 0.245} t:1105.8s v:149.3s
06_06_06:37 openset_imagenet.train INFO: loss:softmax protocol:3 ep:58 train:{'j': 0.177} val:{'j': 1.682, 'conf_kn': 0.737, 'conf_unk': 0.223} t:1087.7s v:149.3s
06_06_06:58 openset_imagenet.train INFO: loss:softmax protocol:3 ep:59 train:{'j': 0.180} val:{'j': 1.436, 'conf_kn': 0.733, 'conf_unk': 0.231} t:1108.4s v:150.1s
06_06_07:18 openset_imagenet.train INFO: loss:softmax protocol:3 ep:60 train:{'j': 0.176} val:{'j': 1.309, 'conf_kn': 0.741, 'conf_unk': 0.231} t:1084.6s v:149.0s
06_06_07:39 openset_imagenet.train INFO: loss:softmax protocol:3 ep:61 train:{'j': 0.172} val:{'j': 1.663, 'conf_kn': 0.735, 'conf_unk': 0.232} t:1103.1s v:149.2s
06_06_08:00 openset_imagenet.train INFO: loss:softmax protocol:3 ep:62 train:{'j': 0.163} val:{'j': 1.608, 'conf_kn': 0.715, 'conf_unk': 0.226} t:1084.9s v:149.1s
06_06_08:20 openset_imagenet.train INFO: loss:softmax protocol:3 ep:63 train:{'j': 0.163} val:{'j': 1.404, 'conf_kn': 0.744, 'conf_unk': 0.206} t:1095.1s v:153.1s
06_06_08:41 openset_imagenet.train INFO: loss:softmax protocol:3 ep:64 train:{'j': 0.165} val:{'j': 1.607, 'conf_kn': 0.741, 'conf_unk': 0.213} t:1093.0s v:148.6s
06_06_09:02 openset_imagenet.train INFO: loss:softmax protocol:3 ep:65 train:{'j': 0.164} val:{'j': 1.509, 'conf_kn': 0.742, 'conf_unk': 0.214} t:1087.5s v:159.3s
06_06_09:23 openset_imagenet.train INFO: loss:softmax protocol:3 ep:66 train:{'j': 0.157} val:{'j': 1.492, 'conf_kn': 0.740, 'conf_unk': 0.218} t:1084.7s v:149.1s
06_06_09:43 openset_imagenet.train INFO: loss:softmax protocol:3 ep:67 train:{'j': 0.156} val:{'j': 1.342, 'conf_kn': 0.743, 'conf_unk': 0.230} t:1082.9s v:149.0s
06_06_10:04 openset_imagenet.train INFO: loss:softmax protocol:3 ep:68 train:{'j': 0.152} val:{'j': 1.565, 'conf_kn': 0.738, 'conf_unk': 0.211} t:1097.8s v:148.4s
06_06_10:24 openset_imagenet.train INFO: loss:softmax protocol:3 ep:69 train:{'j': 0.146} val:{'j': 1.473, 'conf_kn': 0.742, 'conf_unk': 0.214} t:1081.6s v:148.7s
06_06_10:45 openset_imagenet.train INFO: loss:softmax protocol:3 ep:70 train:{'j': 0.151} val:{'j': 1.523, 'conf_kn': 0.745, 'conf_unk': 0.206} t:1103.9s v:148.2s
06_06_11:06 openset_imagenet.train INFO: loss:softmax protocol:3 ep:71 train:{'j': 0.146} val:{'j': 1.440, 'conf_kn': 0.738, 'conf_unk': 0.220} t:1090.4s v:148.6s
06_06_11:27 openset_imagenet.train INFO: loss:softmax protocol:3 ep:72 train:{'j': 0.148} val:{'j': 1.492, 'conf_kn': 0.744, 'conf_unk': 0.204} t:1106.1s v:148.8s
06_06_11:47 openset_imagenet.train INFO: loss:softmax protocol:3 ep:73 train:{'j': 0.143} val:{'j': 1.798, 'conf_kn': 0.732, 'conf_unk': 0.207} t:1079.3s v:148.6s
06_06_12:08 openset_imagenet.train INFO: loss:softmax protocol:3 ep:74 train:{'j': 0.146} val:{'j': 1.452, 'conf_kn': 0.738, 'conf_unk': 0.218} t:1107.7s v:149.1s
06_06_12:29 openset_imagenet.train INFO: loss:softmax protocol:3 ep:75 train:{'j': 0.140} val:{'j': 1.480, 'conf_kn': 0.737, 'conf_unk': 0.224} t:1085.8s v:149.7s
06_06_12:50 openset_imagenet.train INFO: loss:softmax protocol:3 ep:76 train:{'j': 0.140} val:{'j': 1.657, 'conf_kn': 0.746, 'conf_unk': 0.210} t:1115.2s v:148.2s
06_06_13:11 openset_imagenet.train INFO: loss:softmax protocol:3 ep:77 train:{'j': 0.140} val:{'j': 1.371, 'conf_kn': 0.744, 'conf_unk': 0.223} t:1097.8s v:148.2s
06_06_13:31 openset_imagenet.train INFO: loss:softmax protocol:3 ep:78 train:{'j': 0.138} val:{'j': 1.698, 'conf_kn': 0.735, 'conf_unk': 0.207} t:1098.8s v:146.8s
06_06_13:52 openset_imagenet.train INFO: loss:softmax protocol:3 ep:79 train:{'j': 0.140} val:{'j': 1.436, 'conf_kn': 0.740, 'conf_unk': 0.224} t:1077.9s v:144.4s
06_06_14:12 openset_imagenet.train INFO: loss:softmax protocol:3 ep:80 train:{'j': 0.134} val:{'j': 1.539, 'conf_kn': 0.745, 'conf_unk': 0.205} t:1090.6s v:145.2s
06_06_14:33 openset_imagenet.train INFO: loss:softmax protocol:3 ep:81 train:{'j': 0.134} val:{'j': 1.561, 'conf_kn': 0.741, 'conf_unk': 0.209} t:1070.1s v:145.6s
06_06_14:53 openset_imagenet.train INFO: loss:softmax protocol:3 ep:82 train:{'j': 0.132} val:{'j': 2.071, 'conf_kn': 0.743, 'conf_unk': 0.217} t:1087.6s v:145.7s
06_06_15:14 openset_imagenet.train INFO: loss:softmax protocol:3 ep:83 train:{'j': 0.136} val:{'j': 2.146, 'conf_kn': 0.736, 'conf_unk': 0.203} t:1071.8s v:144.8s
06_06_15:34 openset_imagenet.train INFO: loss:softmax protocol:3 ep:84 train:{'j': 0.127} val:{'j': 1.827, 'conf_kn': 0.741, 'conf_unk': 0.203} t:1089.6s v:143.0s
06_06_15:54 openset_imagenet.train INFO: loss:softmax protocol:3 ep:85 train:{'j': 0.126} val:{'j': 1.694, 'conf_kn': 0.744, 'conf_unk': 0.211} t:1067.0s v:144.8s
06_06_16:15 openset_imagenet.train INFO: loss:softmax protocol:3 ep:86 train:{'j': 0.123} val:{'j': 1.621, 'conf_kn': 0.741, 'conf_unk': 0.211} t:1071.8s v:143.5s
06_06_16:35 openset_imagenet.train INFO: loss:softmax protocol:3 ep:87 train:{'j': 0.123} val:{'j': 1.424, 'conf_kn': 0.751, 'conf_unk': 0.203} t:1048.5s v:144.4s
06_06_16:55 openset_imagenet.train INFO: loss:softmax protocol:3 ep:88 train:{'j': 0.124} val:{'j': 2.230, 'conf_kn': 0.660, 'conf_unk': 0.246} t:1073.0s v:144.2s
06_06_17:15 openset_imagenet.train INFO: loss:softmax protocol:3 ep:89 train:{'j': 0.117} val:{'j': 1.447, 'conf_kn': 0.750, 'conf_unk': 0.201} t:1054.1s v:145.8s
06_06_17:35 openset_imagenet.train INFO: loss:softmax protocol:3 ep:90 train:{'j': 0.122} val:{'j': 1.675, 'conf_kn': 0.733, 'conf_unk': 0.203} t:1086.3s v:145.1s
06_06_17:56 openset_imagenet.train INFO: loss:softmax protocol:3 ep:91 train:{'j': 0.136} val:{'j': 2.159, 'conf_kn': 0.740, 'conf_unk': 0.207} t:1062.9s v:146.2s
06_06_18:17 openset_imagenet.train INFO: loss:softmax protocol:3 ep:92 train:{'j': 0.126} val:{'j': 1.795, 'conf_kn': 0.746, 'conf_unk': 0.192} t:1109.8s v:155.7s
06_06_18:37 openset_imagenet.train INFO: loss:softmax protocol:3 ep:93 train:{'j': 0.124} val:{'j': 1.641, 'conf_kn': 0.750, 'conf_unk': 0.201} t:1084.0s v:147.0s
06_06_18:58 openset_imagenet.train INFO: loss:softmax protocol:3 ep:94 train:{'j': 0.123} val:{'j': 1.642, 'conf_kn': 0.752, 'conf_unk': 0.189} t:1073.9s v:156.6s
06_06_19:18 openset_imagenet.train INFO: loss:softmax protocol:3 ep:95 train:{'j': 0.117} val:{'j': 1.557, 'conf_kn': 0.750, 'conf_unk': 0.200} t:1069.5s v:147.0s
06_06_19:38 openset_imagenet.train INFO: loss:softmax protocol:3 ep:96 train:{'j': 0.125} val:{'j': 1.710, 'conf_kn': 0.740, 'conf_unk': 0.203} t:1072.5s v:152.0s
06_06_19:59 openset_imagenet.train INFO: loss:softmax protocol:3 ep:97 train:{'j': 0.120} val:{'j': 1.623, 'conf_kn': 0.750, 'conf_unk': 0.200} t:1080.9s v:146.4s
06_06_20:19 openset_imagenet.train INFO: loss:softmax protocol:3 ep:98 train:{'j': 0.118} val:{'j': 1.982, 'conf_kn': 0.741, 'conf_unk': 0.190} t:1068.3s v:146.5s
06_06_20:40 openset_imagenet.train INFO: loss:softmax protocol:3 ep:99 train:{'j': 0.122} val:{'j': 2.725, 'conf_kn': 0.746, 'conf_unk': 0.186} t:1082.2s v:144.9s
06_06_21:00 openset_imagenet.train INFO: loss:softmax protocol:3 ep:100 train:{'j': 0.122} val:{'j': 1.893, 'conf_kn': 0.751, 'conf_unk': 0.195} t:1058.4s v:145.0s
06_06_21:20 openset_imagenet.train INFO: loss:softmax protocol:3 ep:101 train:{'j': 0.118} val:{'j': 3.904, 'conf_kn': 0.742, 'conf_unk': 0.197} t:1079.3s v:145.2s
06_06_21:40 openset_imagenet.train INFO: loss:softmax protocol:3 ep:102 train:{'j': 0.133} val:{'j': 2.233, 'conf_kn': 0.739, 'conf_unk': 0.201} t:1070.0s v:147.3s
06_06_22:01 openset_imagenet.train INFO: loss:softmax protocol:3 ep:103 train:{'j': 0.112} val:{'j': 1.666, 'conf_kn': 0.749, 'conf_unk': 0.192} t:1099.3s v:146.8s
06_06_22:22 openset_imagenet.train INFO: loss:softmax protocol:3 ep:104 train:{'j': 0.114} val:{'j': 2.065, 'conf_kn': 0.661, 'conf_unk': 0.230} t:1075.0s v:146.9s
06_06_22:42 openset_imagenet.train INFO: loss:softmax protocol:3 ep:105 train:{'j': 0.113} val:{'j': 1.712, 'conf_kn': 0.744, 'conf_unk': 0.201} t:1097.5s v:147.5s
06_06_23:03 openset_imagenet.train INFO: loss:softmax protocol:3 ep:106 train:{'j': 0.113} val:{'j': 5.185, 'conf_kn': 0.741, 'conf_unk': 0.182} t:1074.2s v:146.5s
06_06_23:23 openset_imagenet.train INFO: loss:softmax protocol:3 ep:107 train:{'j': 0.110} val:{'j': 2.108, 'conf_kn': 0.749, 'conf_unk': 0.189} t:1093.0s v:146.5s
06_06_23:44 openset_imagenet.train INFO: loss:softmax protocol:3 ep:108 train:{'j': 0.122} val:{'j': 1.614, 'conf_kn': 0.753, 'conf_unk': 0.188} t:1067.9s v:146.0s
07_06_00:04 openset_imagenet.train INFO: loss:softmax protocol:3 ep:109 train:{'j': 0.105} val:{'j': 2.182, 'conf_kn': 0.731, 'conf_unk': 0.197} t:1087.1s v:145.9s
07_06_00:24 openset_imagenet.train INFO: loss:softmax protocol:3 ep:110 train:{'j': 0.110} val:{'j': 2.131, 'conf_kn': 0.741, 'conf_unk': 0.196} t:1069.1s v:146.4s
07_06_00:46 openset_imagenet.train INFO: loss:softmax protocol:3 ep:111 train:{'j': 0.113} val:{'j': 1.781, 'conf_kn': 0.750, 'conf_unk': 0.190} t:1140.3s v:175.5s
07_06_01:07 openset_imagenet.train INFO: loss:softmax protocol:3 ep:112 train:{'j': 0.120} val:{'j': 2.041, 'conf_kn': 0.750, 'conf_unk': 0.181} t:1060.7s v:144.7s
07_06_01:27 openset_imagenet.train INFO: loss:softmax protocol:3 ep:113 train:{'j': 0.102} val:{'j': 1.890, 'conf_kn': 0.749, 'conf_unk': 0.182} t:1056.4s v:147.1s
07_06_01:46 openset_imagenet.train INFO: loss:softmax protocol:3 ep:114 train:{'j': 0.113} val:{'j': 2.408, 'conf_kn': 0.741, 'conf_unk': 0.201} t:1048.3s v:136.6s
07_06_02:05 openset_imagenet.train INFO: loss:softmax protocol:3 ep:115 train:{'j': 0.113} val:{'j': 1.728, 'conf_kn': 0.755, 'conf_unk': 0.186} t:997.6s v:135.7s
07_06_02:24 openset_imagenet.train INFO: loss:softmax protocol:3 ep:116 train:{'j': 0.103} val:{'j': 2.552, 'conf_kn': 0.745, 'conf_unk': 0.178} t:1016.2s v:136.0s
07_06_02:43 openset_imagenet.train INFO: loss:softmax protocol:3 ep:117 train:{'j': 0.105} val:{'j': 1.930, 'conf_kn': 0.748, 'conf_unk': 0.188} t:997.1s v:134.7s
07_06_03:03 openset_imagenet.train INFO: loss:softmax protocol:3 ep:118 train:{'j': 0.102} val:{'j': 3.969, 'conf_kn': 0.742, 'conf_unk': 0.187} t:1016.7s v:134.7s
07_06_03:21 openset_imagenet.train INFO: loss:softmax protocol:3 ep:119 train:{'j': 0.101} val:{'j': 2.373, 'conf_kn': 0.746, 'conf_unk': 0.182} t:996.7s v:135.0s
07_06_03:21 openset_imagenet.train INFO: Training finished
