17_05_09:50 openset_imagenet.binary_ensemble_combined_emnist INFO: ============ Data ============
17_05_09:50 openset_imagenet.binary_ensemble_combined_emnist INFO: train_len:28895, labels:30
17_05_09:50 openset_imagenet.binary_ensemble_combined_emnist INFO: val_len:7224, labels:30
17_05_09:50 openset_imagenet.binary_ensemble_combined_emnist INFO: Using Negatives for Training: False
17_05_09:50 openset_imagenet.binary_ensemble_combined_emnist INFO: ========== Training ==========
17_05_09:50 openset_imagenet.binary_ensemble_combined_emnist INFO: Initial epoch: 0
17_05_09:50 openset_imagenet.binary_ensemble_combined_emnist INFO: Last epoch: 100
17_05_09:50 openset_imagenet.binary_ensemble_combined_emnist INFO: Batch size: 32
17_05_09:50 openset_imagenet.binary_ensemble_combined_emnist INFO: workers: 4
17_05_09:50 openset_imagenet.binary_ensemble_combined_emnist INFO: Loss: bce
17_05_09:50 openset_imagenet.binary_ensemble_combined_emnist INFO: optimizer: sgd
17_05_09:50 openset_imagenet.binary_ensemble_combined_emnist INFO: Learning rate: 0.001
17_05_09:50 openset_imagenet.binary_ensemble_combined_emnist INFO: Device: 6
17_05_09:50 openset_imagenet.binary_ensemble_combined_emnist INFO: Number of binary outputs: 100
17_05_09:50 openset_imagenet.binary_ensemble_combined_emnist INFO: Using following approach to generate sets: random
17_05_09:50 openset_imagenet.binary_ensemble_combined_emnist INFO: Training...
17_05_09:53 openset_imagenet.binary_ensemble_combined_emnist INFO: loss:bce protocol:2 ep:0 train:{'j': 0.694} val:{'j': 0.697, 'conf_kn': 0.508, 'conf_unk': 0.000} t:168.6s v:23.3s
17_05_09:53 openset_imagenet.binary_ensemble_combined_emnist INFO: Saving best model experiments/ex_5/net_4/bce_binary_ensemble_combined_emnist_best.pth at epoch: 0
17_05_09:56 openset_imagenet.binary_ensemble_combined_emnist INFO: loss:bce protocol:2 ep:1 train:{'j': 0.693} val:{'j': 0.693, 'conf_kn': 0.513, 'conf_unk': 0.000} t:164.4s v:23.1s
17_05_09:56 openset_imagenet.binary_ensemble_combined_emnist INFO: Saving best model experiments/ex_5/net_4/bce_binary_ensemble_combined_emnist_best.pth at epoch: 1
17_05_09:59 openset_imagenet.binary_ensemble_combined_emnist INFO: loss:bce protocol:2 ep:2 train:{'j': 0.693} val:{'j': 0.693, 'conf_kn': 0.513, 'conf_unk': 0.000} t:163.3s v:22.5s
17_05_09:59 openset_imagenet.binary_ensemble_combined_emnist INFO: Saving best model experiments/ex_5/net_4/bce_binary_ensemble_combined_emnist_best.pth at epoch: 2
17_05_10:02 openset_imagenet.binary_ensemble_combined_emnist INFO: loss:bce protocol:2 ep:3 train:{'j': 0.693} val:{'j': 0.693, 'conf_kn': 0.515, 'conf_unk': 0.000} t:164.2s v:23.1s
17_05_10:02 openset_imagenet.binary_ensemble_combined_emnist INFO: Saving best model experiments/ex_5/net_4/bce_binary_ensemble_combined_emnist_best.pth at epoch: 3
17_05_10:05 openset_imagenet.binary_ensemble_combined_emnist INFO: loss:bce protocol:2 ep:4 train:{'j': 0.693} val:{'j': 0.693, 'conf_kn': 0.515, 'conf_unk': 0.000} t:165.5s v:22.4s
17_05_10:05 openset_imagenet.binary_ensemble_combined_emnist INFO: Saving best model experiments/ex_5/net_4/bce_binary_ensemble_combined_emnist_best.pth at epoch: 4
17_05_10:10 openset_imagenet.binary_ensemble_combined_emnist INFO: loss:bce protocol:2 ep:5 train:{'j': 0.693} val:{'j': 0.692, 'conf_kn': 0.516, 'conf_unk': 0.000} t:215.3s v:42.0s
17_05_10:10 openset_imagenet.binary_ensemble_combined_emnist INFO: Saving best model experiments/ex_5/net_4/bce_binary_ensemble_combined_emnist_best.pth at epoch: 5
17_05_10:13 openset_imagenet.binary_ensemble_combined_emnist INFO: loss:bce protocol:2 ep:6 train:{'j': 0.692} val:{'j': 0.692, 'conf_kn': 0.517, 'conf_unk': 0.000} t:187.7s v:21.9s
17_05_10:13 openset_imagenet.binary_ensemble_combined_emnist INFO: Saving best model experiments/ex_5/net_4/bce_binary_ensemble_combined_emnist_best.pth at epoch: 6
17_05_10:20 openset_imagenet.binary_ensemble_combined_emnist INFO: loss:bce protocol:2 ep:7 train:{'j': 0.692} val:{'j': 0.692, 'conf_kn': 0.518, 'conf_unk': 0.000} t:333.3s v:77.9s
17_05_10:20 openset_imagenet.binary_ensemble_combined_emnist INFO: Saving best model experiments/ex_5/net_4/bce_binary_ensemble_combined_emnist_best.pth at epoch: 7
17_05_10:27 openset_imagenet.binary_ensemble_combined_emnist INFO: loss:bce protocol:2 ep:8 train:{'j': 0.692} val:{'j': 0.692, 'conf_kn': 0.519, 'conf_unk': 0.000} t:388.3s v:57.6s
17_05_10:27 openset_imagenet.binary_ensemble_combined_emnist INFO: Saving best model experiments/ex_5/net_4/bce_binary_ensemble_combined_emnist_best.pth at epoch: 8
17_05_10:34 openset_imagenet.binary_ensemble_combined_emnist INFO: loss:bce protocol:2 ep:9 train:{'j': 0.692} val:{'j': 0.692, 'conf_kn': 0.519, 'conf_unk': 0.000} t:313.4s v:55.1s
17_05_10:34 openset_imagenet.binary_ensemble_combined_emnist INFO: Saving best model experiments/ex_5/net_4/bce_binary_ensemble_combined_emnist_best.pth at epoch: 9
17_05_10:40 openset_imagenet.binary_ensemble_combined_emnist INFO: loss:bce protocol:2 ep:10 train:{'j': 0.692} val:{'j': 0.692, 'conf_kn': 0.522, 'conf_unk': 0.000} t:338.3s v:40.7s
17_05_10:40 openset_imagenet.binary_ensemble_combined_emnist INFO: Saving best model experiments/ex_5/net_4/bce_binary_ensemble_combined_emnist_best.pth at epoch: 10
17_05_10:47 openset_imagenet.binary_ensemble_combined_emnist INFO: loss:bce protocol:2 ep:11 train:{'j': 0.692} val:{'j': 0.692, 'conf_kn': 0.522, 'conf_unk': 0.000} t:340.4s v:61.5s
17_05_10:53 openset_imagenet.binary_ensemble_combined_emnist INFO: loss:bce protocol:2 ep:12 train:{'j': 0.692} val:{'j': 0.692, 'conf_kn': 0.522, 'conf_unk': 0.000} t:321.7s v:58.2s
17_05_10:59 openset_imagenet.binary_ensemble_combined_emnist INFO: loss:bce protocol:2 ep:13 train:{'j': 0.692} val:{'j': 0.691, 'conf_kn': 0.523, 'conf_unk': 0.000} t:318.6s v:60.2s
17_05_10:59 openset_imagenet.binary_ensemble_combined_emnist INFO: Saving best model experiments/ex_5/net_4/bce_binary_ensemble_combined_emnist_best.pth at epoch: 13
17_05_11:06 openset_imagenet.binary_ensemble_combined_emnist INFO: loss:bce protocol:2 ep:14 train:{'j': 0.691} val:{'j': 0.691, 'conf_kn': 0.524, 'conf_unk': 0.000} t:335.6s v:41.4s
17_05_11:06 openset_imagenet.binary_ensemble_combined_emnist INFO: Saving best model experiments/ex_5/net_4/bce_binary_ensemble_combined_emnist_best.pth at epoch: 14
17_05_11:12 openset_imagenet.binary_ensemble_combined_emnist INFO: loss:bce protocol:2 ep:15 train:{'j': 0.691} val:{'j': 0.691, 'conf_kn': 0.524, 'conf_unk': 0.000} t:334.9s v:63.9s
17_05_11:18 openset_imagenet.binary_ensemble_combined_emnist INFO: loss:bce protocol:2 ep:16 train:{'j': 0.691} val:{'j': 0.691, 'conf_kn': 0.525, 'conf_unk': 0.000} t:315.3s v:45.5s
17_05_11:18 openset_imagenet.binary_ensemble_combined_emnist INFO: Saving best model experiments/ex_5/net_4/bce_binary_ensemble_combined_emnist_best.pth at epoch: 16
17_05_11:25 openset_imagenet.binary_ensemble_combined_emnist INFO: loss:bce protocol:2 ep:17 train:{'j': 0.691} val:{'j': 0.691, 'conf_kn': 0.525, 'conf_unk': 0.000} t:320.4s v:63.3s
17_05_11:31 openset_imagenet.binary_ensemble_combined_emnist INFO: loss:bce protocol:2 ep:18 train:{'j': 0.691} val:{'j': 0.691, 'conf_kn': 0.527, 'conf_unk': 0.000} t:312.3s v:44.3s
17_05_11:31 openset_imagenet.binary_ensemble_combined_emnist INFO: Saving best model experiments/ex_5/net_4/bce_binary_ensemble_combined_emnist_best.pth at epoch: 18
17_05_11:37 openset_imagenet.binary_ensemble_combined_emnist INFO: loss:bce protocol:2 ep:19 train:{'j': 0.691} val:{'j': 0.691, 'conf_kn': 0.527, 'conf_unk': 0.000} t:311.3s v:63.6s
17_05_11:37 openset_imagenet.binary_ensemble_combined_emnist INFO: Saving best model experiments/ex_5/net_4/bce_binary_ensemble_combined_emnist_best.pth at epoch: 19
17_05_11:41 openset_imagenet.binary_ensemble_combined_emnist INFO: loss:bce protocol:2 ep:20 train:{'j': 0.690} val:{'j': 0.690, 'conf_kn': 0.529, 'conf_unk': 0.000} t:236.1s v:24.4s
17_05_11:41 openset_imagenet.binary_ensemble_combined_emnist INFO: Saving best model experiments/ex_5/net_4/bce_binary_ensemble_combined_emnist_best.pth at epoch: 20
17_05_11:45 openset_imagenet.binary_ensemble_combined_emnist INFO: loss:bce protocol:2 ep:21 train:{'j': 0.690} val:{'j': 0.690, 'conf_kn': 0.530, 'conf_unk': 0.000} t:171.3s v:23.0s
17_05_11:45 openset_imagenet.binary_ensemble_combined_emnist INFO: Saving best model experiments/ex_5/net_4/bce_binary_ensemble_combined_emnist_best.pth at epoch: 21
17_05_11:48 openset_imagenet.binary_ensemble_combined_emnist INFO: loss:bce protocol:2 ep:22 train:{'j': 0.690} val:{'j': 0.690, 'conf_kn': 0.532, 'conf_unk': 0.000} t:170.9s v:22.8s
17_05_11:48 openset_imagenet.binary_ensemble_combined_emnist INFO: Saving best model experiments/ex_5/net_4/bce_binary_ensemble_combined_emnist_best.pth at epoch: 22
17_05_11:51 openset_imagenet.binary_ensemble_combined_emnist INFO: loss:bce protocol:2 ep:23 train:{'j': 0.689} val:{'j': 0.689, 'conf_kn': 0.534, 'conf_unk': 0.000} t:174.2s v:22.2s
17_05_11:51 openset_imagenet.binary_ensemble_combined_emnist INFO: Saving best model experiments/ex_5/net_4/bce_binary_ensemble_combined_emnist_best.pth at epoch: 23
17_05_11:54 openset_imagenet.binary_ensemble_combined_emnist INFO: loss:bce protocol:2 ep:24 train:{'j': 0.689} val:{'j': 0.689, 'conf_kn': 0.536, 'conf_unk': 0.000} t:168.7s v:23.6s
17_05_11:54 openset_imagenet.binary_ensemble_combined_emnist INFO: Saving best model experiments/ex_5/net_4/bce_binary_ensemble_combined_emnist_best.pth at epoch: 24
17_05_11:58 openset_imagenet.binary_ensemble_combined_emnist INFO: loss:bce protocol:2 ep:25 train:{'j': 0.689} val:{'j': 0.689, 'conf_kn': 0.536, 'conf_unk': 0.000} t:167.1s v:23.9s
17_05_11:58 openset_imagenet.binary_ensemble_combined_emnist INFO: Saving best model experiments/ex_5/net_4/bce_binary_ensemble_combined_emnist_best.pth at epoch: 25
17_05_12:01 openset_imagenet.binary_ensemble_combined_emnist INFO: loss:bce protocol:2 ep:26 train:{'j': 0.689} val:{'j': 0.688, 'conf_kn': 0.537, 'conf_unk': 0.000} t:166.7s v:24.0s
17_05_12:01 openset_imagenet.binary_ensemble_combined_emnist INFO: Saving best model experiments/ex_5/net_4/bce_binary_ensemble_combined_emnist_best.pth at epoch: 26
17_05_12:04 openset_imagenet.binary_ensemble_combined_emnist INFO: loss:bce protocol:2 ep:27 train:{'j': 0.688} val:{'j': 0.688, 'conf_kn': 0.537, 'conf_unk': 0.000} t:166.0s v:22.5s
17_05_12:07 openset_imagenet.binary_ensemble_combined_emnist INFO: loss:bce protocol:2 ep:28 train:{'j': 0.688} val:{'j': 0.687, 'conf_kn': 0.541, 'conf_unk': 0.000} t:165.7s v:22.0s
17_05_12:07 openset_imagenet.binary_ensemble_combined_emnist INFO: Saving best model experiments/ex_5/net_4/bce_binary_ensemble_combined_emnist_best.pth at epoch: 28
17_05_12:10 openset_imagenet.binary_ensemble_combined_emnist INFO: loss:bce protocol:2 ep:29 train:{'j': 0.688} val:{'j': 0.687, 'conf_kn': 0.541, 'conf_unk': 0.000} t:164.3s v:21.6s
17_05_12:10 openset_imagenet.binary_ensemble_combined_emnist INFO: Saving best model experiments/ex_5/net_4/bce_binary_ensemble_combined_emnist_best.pth at epoch: 29
17_05_12:13 openset_imagenet.binary_ensemble_combined_emnist INFO: loss:bce protocol:2 ep:30 train:{'j': 0.687} val:{'j': 0.687, 'conf_kn': 0.542, 'conf_unk': 0.000} t:164.9s v:22.2s
17_05_12:13 openset_imagenet.binary_ensemble_combined_emnist INFO: Saving best model experiments/ex_5/net_4/bce_binary_ensemble_combined_emnist_best.pth at epoch: 30
17_05_12:16 openset_imagenet.binary_ensemble_combined_emnist INFO: loss:bce protocol:2 ep:31 train:{'j': 0.687} val:{'j': 0.686, 'conf_kn': 0.544, 'conf_unk': 0.000} t:165.9s v:22.7s
17_05_12:16 openset_imagenet.binary_ensemble_combined_emnist INFO: Saving best model experiments/ex_5/net_4/bce_binary_ensemble_combined_emnist_best.pth at epoch: 31
17_05_12:20 openset_imagenet.binary_ensemble_combined_emnist INFO: loss:bce protocol:2 ep:32 train:{'j': 0.686} val:{'j': 0.685, 'conf_kn': 0.546, 'conf_unk': 0.000} t:171.1s v:23.8s
17_05_12:20 openset_imagenet.binary_ensemble_combined_emnist INFO: Saving best model experiments/ex_5/net_4/bce_binary_ensemble_combined_emnist_best.pth at epoch: 32
17_05_12:23 openset_imagenet.binary_ensemble_combined_emnist INFO: loss:bce protocol:2 ep:33 train:{'j': 0.686} val:{'j': 0.685, 'conf_kn': 0.547, 'conf_unk': 0.000} t:167.3s v:21.7s
17_05_12:23 openset_imagenet.binary_ensemble_combined_emnist INFO: Saving best model experiments/ex_5/net_4/bce_binary_ensemble_combined_emnist_best.pth at epoch: 33
17_05_12:26 openset_imagenet.binary_ensemble_combined_emnist INFO: loss:bce protocol:2 ep:34 train:{'j': 0.685} val:{'j': 0.685, 'conf_kn': 0.548, 'conf_unk': 0.000} t:165.4s v:23.3s
17_05_12:26 openset_imagenet.binary_ensemble_combined_emnist INFO: Saving best model experiments/ex_5/net_4/bce_binary_ensemble_combined_emnist_best.pth at epoch: 34
17_05_12:29 openset_imagenet.binary_ensemble_combined_emnist INFO: loss:bce protocol:2 ep:35 train:{'j': 0.685} val:{'j': 0.684, 'conf_kn': 0.548, 'conf_unk': 0.000} t:165.7s v:24.1s
17_05_12:29 openset_imagenet.binary_ensemble_combined_emnist INFO: Saving best model experiments/ex_5/net_4/bce_binary_ensemble_combined_emnist_best.pth at epoch: 35
17_05_12:32 openset_imagenet.binary_ensemble_combined_emnist INFO: loss:bce protocol:2 ep:36 train:{'j': 0.684} val:{'j': 0.684, 'conf_kn': 0.549, 'conf_unk': 0.000} t:164.8s v:23.4s
17_05_12:32 openset_imagenet.binary_ensemble_combined_emnist INFO: Saving best model experiments/ex_5/net_4/bce_binary_ensemble_combined_emnist_best.pth at epoch: 36
17_05_12:36 openset_imagenet.binary_ensemble_combined_emnist INFO: loss:bce protocol:2 ep:37 train:{'j': 0.684} val:{'j': 0.683, 'conf_kn': 0.552, 'conf_unk': 0.000} t:165.0s v:22.5s
17_05_12:36 openset_imagenet.binary_ensemble_combined_emnist INFO: Saving best model experiments/ex_5/net_4/bce_binary_ensemble_combined_emnist_best.pth at epoch: 37
17_05_12:39 openset_imagenet.binary_ensemble_combined_emnist INFO: loss:bce protocol:2 ep:38 train:{'j': 0.684} val:{'j': 0.683, 'conf_kn': 0.553, 'conf_unk': 0.000} t:166.1s v:21.6s
17_05_12:39 openset_imagenet.binary_ensemble_combined_emnist INFO: Saving best model experiments/ex_5/net_4/bce_binary_ensemble_combined_emnist_best.pth at epoch: 38
17_05_12:42 openset_imagenet.binary_ensemble_combined_emnist INFO: loss:bce protocol:2 ep:39 train:{'j': 0.683} val:{'j': 0.682, 'conf_kn': 0.554, 'conf_unk': 0.000} t:165.9s v:22.7s
17_05_12:42 openset_imagenet.binary_ensemble_combined_emnist INFO: Saving best model experiments/ex_5/net_4/bce_binary_ensemble_combined_emnist_best.pth at epoch: 39
17_05_12:45 openset_imagenet.binary_ensemble_combined_emnist INFO: loss:bce protocol:2 ep:40 train:{'j': 0.683} val:{'j': 0.682, 'conf_kn': 0.555, 'conf_unk': 0.000} t:166.0s v:21.9s
17_05_12:45 openset_imagenet.binary_ensemble_combined_emnist INFO: Saving best model experiments/ex_5/net_4/bce_binary_ensemble_combined_emnist_best.pth at epoch: 40
17_05_12:48 openset_imagenet.binary_ensemble_combined_emnist INFO: loss:bce protocol:2 ep:41 train:{'j': 0.682} val:{'j': 0.681, 'conf_kn': 0.557, 'conf_unk': 0.000} t:165.5s v:21.9s
17_05_12:48 openset_imagenet.binary_ensemble_combined_emnist INFO: Saving best model experiments/ex_5/net_4/bce_binary_ensemble_combined_emnist_best.pth at epoch: 41
17_05_12:51 openset_imagenet.binary_ensemble_combined_emnist INFO: loss:bce protocol:2 ep:42 train:{'j': 0.682} val:{'j': 0.681, 'conf_kn': 0.557, 'conf_unk': 0.000} t:166.0s v:23.2s
17_05_12:51 openset_imagenet.binary_ensemble_combined_emnist INFO: Saving best model experiments/ex_5/net_4/bce_binary_ensemble_combined_emnist_best.pth at epoch: 42
17_05_12:54 openset_imagenet.binary_ensemble_combined_emnist INFO: loss:bce protocol:2 ep:43 train:{'j': 0.682} val:{'j': 0.681, 'conf_kn': 0.557, 'conf_unk': 0.000} t:165.9s v:22.2s
17_05_12:58 openset_imagenet.binary_ensemble_combined_emnist INFO: loss:bce protocol:2 ep:44 train:{'j': 0.681} val:{'j': 0.680, 'conf_kn': 0.559, 'conf_unk': 0.000} t:166.4s v:22.7s
17_05_12:58 openset_imagenet.binary_ensemble_combined_emnist INFO: Saving best model experiments/ex_5/net_4/bce_binary_ensemble_combined_emnist_best.pth at epoch: 44
17_05_13:01 openset_imagenet.binary_ensemble_combined_emnist INFO: loss:bce protocol:2 ep:45 train:{'j': 0.681} val:{'j': 0.680, 'conf_kn': 0.560, 'conf_unk': 0.000} t:166.2s v:21.9s
17_05_13:01 openset_imagenet.binary_ensemble_combined_emnist INFO: Saving best model experiments/ex_5/net_4/bce_binary_ensemble_combined_emnist_best.pth at epoch: 45
17_05_13:04 openset_imagenet.binary_ensemble_combined_emnist INFO: loss:bce protocol:2 ep:46 train:{'j': 0.681} val:{'j': 0.679, 'conf_kn': 0.561, 'conf_unk': 0.000} t:166.6s v:22.7s
17_05_13:04 openset_imagenet.binary_ensemble_combined_emnist INFO: Saving best model experiments/ex_5/net_4/bce_binary_ensemble_combined_emnist_best.pth at epoch: 46
17_05_13:07 openset_imagenet.binary_ensemble_combined_emnist INFO: loss:bce protocol:2 ep:47 train:{'j': 0.680} val:{'j': 0.678, 'conf_kn': 0.562, 'conf_unk': 0.000} t:166.3s v:22.7s
17_05_13:07 openset_imagenet.binary_ensemble_combined_emnist INFO: Saving best model experiments/ex_5/net_4/bce_binary_ensemble_combined_emnist_best.pth at epoch: 47
17_05_13:10 openset_imagenet.binary_ensemble_combined_emnist INFO: loss:bce protocol:2 ep:48 train:{'j': 0.680} val:{'j': 0.678, 'conf_kn': 0.562, 'conf_unk': 0.000} t:166.0s v:21.9s
17_05_13:10 openset_imagenet.binary_ensemble_combined_emnist INFO: Saving best model experiments/ex_5/net_4/bce_binary_ensemble_combined_emnist_best.pth at epoch: 48
17_05_13:13 openset_imagenet.binary_ensemble_combined_emnist INFO: loss:bce protocol:2 ep:49 train:{'j': 0.679} val:{'j': 0.678, 'conf_kn': 0.563, 'conf_unk': 0.000} t:166.6s v:22.5s
17_05_13:13 openset_imagenet.binary_ensemble_combined_emnist INFO: Saving best model experiments/ex_5/net_4/bce_binary_ensemble_combined_emnist_best.pth at epoch: 49
17_05_13:17 openset_imagenet.binary_ensemble_combined_emnist INFO: loss:bce protocol:2 ep:50 train:{'j': 0.679} val:{'j': 0.678, 'conf_kn': 0.562, 'conf_unk': 0.000} t:166.4s v:21.9s
17_05_13:20 openset_imagenet.binary_ensemble_combined_emnist INFO: loss:bce protocol:2 ep:51 train:{'j': 0.679} val:{'j': 0.678, 'conf_kn': 0.564, 'conf_unk': 0.000} t:165.8s v:23.0s
17_05_13:20 openset_imagenet.binary_ensemble_combined_emnist INFO: Saving best model experiments/ex_5/net_4/bce_binary_ensemble_combined_emnist_best.pth at epoch: 51
17_05_13:23 openset_imagenet.binary_ensemble_combined_emnist INFO: loss:bce protocol:2 ep:52 train:{'j': 0.678} val:{'j': 0.677, 'conf_kn': 0.565, 'conf_unk': 0.000} t:165.0s v:23.5s
17_05_13:23 openset_imagenet.binary_ensemble_combined_emnist INFO: Saving best model experiments/ex_5/net_4/bce_binary_ensemble_combined_emnist_best.pth at epoch: 52
17_05_13:26 openset_imagenet.binary_ensemble_combined_emnist INFO: loss:bce protocol:2 ep:53 train:{'j': 0.677} val:{'j': 0.675, 'conf_kn': 0.566, 'conf_unk': 0.000} t:164.6s v:22.6s
17_05_13:26 openset_imagenet.binary_ensemble_combined_emnist INFO: Saving best model experiments/ex_5/net_4/bce_binary_ensemble_combined_emnist_best.pth at epoch: 53
17_05_13:29 openset_imagenet.binary_ensemble_combined_emnist INFO: loss:bce protocol:2 ep:54 train:{'j': 0.677} val:{'j': 0.675, 'conf_kn': 0.566, 'conf_unk': 0.000} t:167.2s v:21.9s
17_05_13:32 openset_imagenet.binary_ensemble_combined_emnist INFO: loss:bce protocol:2 ep:55 train:{'j': 0.677} val:{'j': 0.674, 'conf_kn': 0.568, 'conf_unk': 0.000} t:166.8s v:23.5s
17_05_13:32 openset_imagenet.binary_ensemble_combined_emnist INFO: Saving best model experiments/ex_5/net_4/bce_binary_ensemble_combined_emnist_best.pth at epoch: 55
17_05_13:35 openset_imagenet.binary_ensemble_combined_emnist INFO: loss:bce protocol:2 ep:56 train:{'j': 0.676} val:{'j': 0.677, 'conf_kn': 0.565, 'conf_unk': 0.000} t:166.4s v:22.4s
17_05_13:39 openset_imagenet.binary_ensemble_combined_emnist INFO: loss:bce protocol:2 ep:57 train:{'j': 0.676} val:{'j': 0.673, 'conf_kn': 0.570, 'conf_unk': 0.000} t:191.7s v:22.9s
17_05_13:39 openset_imagenet.binary_ensemble_combined_emnist INFO: Saving best model experiments/ex_5/net_4/bce_binary_ensemble_combined_emnist_best.pth at epoch: 57
17_05_13:42 openset_imagenet.binary_ensemble_combined_emnist INFO: loss:bce protocol:2 ep:58 train:{'j': 0.675} val:{'j': 0.673, 'conf_kn': 0.570, 'conf_unk': 0.000} t:163.4s v:23.3s
17_05_13:42 openset_imagenet.binary_ensemble_combined_emnist INFO: Saving best model experiments/ex_5/net_4/bce_binary_ensemble_combined_emnist_best.pth at epoch: 58
17_05_13:45 openset_imagenet.binary_ensemble_combined_emnist INFO: loss:bce protocol:2 ep:59 train:{'j': 0.675} val:{'j': 0.673, 'conf_kn': 0.570, 'conf_unk': 0.000} t:165.2s v:21.8s
17_05_13:45 openset_imagenet.binary_ensemble_combined_emnist INFO: Saving best model experiments/ex_5/net_4/bce_binary_ensemble_combined_emnist_best.pth at epoch: 59
17_05_13:49 openset_imagenet.binary_ensemble_combined_emnist INFO: loss:bce protocol:2 ep:60 train:{'j': 0.674} val:{'j': 0.672, 'conf_kn': 0.572, 'conf_unk': 0.000} t:193.2s v:30.0s
17_05_13:49 openset_imagenet.binary_ensemble_combined_emnist INFO: Saving best model experiments/ex_5/net_4/bce_binary_ensemble_combined_emnist_best.pth at epoch: 60
17_05_13:53 openset_imagenet.binary_ensemble_combined_emnist INFO: loss:bce protocol:2 ep:61 train:{'j': 0.674} val:{'j': 0.672, 'conf_kn': 0.572, 'conf_unk': 0.000} t:200.6s v:22.0s
17_05_13:53 openset_imagenet.binary_ensemble_combined_emnist INFO: Saving best model experiments/ex_5/net_4/bce_binary_ensemble_combined_emnist_best.pth at epoch: 61
17_05_13:56 openset_imagenet.binary_ensemble_combined_emnist INFO: loss:bce protocol:2 ep:62 train:{'j': 0.673} val:{'j': 0.671, 'conf_kn': 0.574, 'conf_unk': 0.000} t:164.1s v:23.4s
17_05_13:56 openset_imagenet.binary_ensemble_combined_emnist INFO: Saving best model experiments/ex_5/net_4/bce_binary_ensemble_combined_emnist_best.pth at epoch: 62
17_05_13:59 openset_imagenet.binary_ensemble_combined_emnist INFO: loss:bce protocol:2 ep:63 train:{'j': 0.673} val:{'j': 0.671, 'conf_kn': 0.575, 'conf_unk': 0.000} t:165.0s v:23.0s
17_05_13:59 openset_imagenet.binary_ensemble_combined_emnist INFO: Saving best model experiments/ex_5/net_4/bce_binary_ensemble_combined_emnist_best.pth at epoch: 63
17_05_14:02 openset_imagenet.binary_ensemble_combined_emnist INFO: loss:bce protocol:2 ep:64 train:{'j': 0.673} val:{'j': 0.671, 'conf_kn': 0.575, 'conf_unk': 0.000} t:166.5s v:24.5s
17_05_14:02 openset_imagenet.binary_ensemble_combined_emnist INFO: Saving best model experiments/ex_5/net_4/bce_binary_ensemble_combined_emnist_best.pth at epoch: 64
17_05_14:05 openset_imagenet.binary_ensemble_combined_emnist INFO: loss:bce protocol:2 ep:65 train:{'j': 0.672} val:{'j': 0.670, 'conf_kn': 0.576, 'conf_unk': 0.000} t:166.1s v:23.4s
17_05_14:05 openset_imagenet.binary_ensemble_combined_emnist INFO: Saving best model experiments/ex_5/net_4/bce_binary_ensemble_combined_emnist_best.pth at epoch: 65
17_05_14:09 openset_imagenet.binary_ensemble_combined_emnist INFO: loss:bce protocol:2 ep:66 train:{'j': 0.672} val:{'j': 0.671, 'conf_kn': 0.576, 'conf_unk': 0.000} t:170.9s v:22.8s
17_05_14:09 openset_imagenet.binary_ensemble_combined_emnist INFO: Saving best model experiments/ex_5/net_4/bce_binary_ensemble_combined_emnist_best.pth at epoch: 66
17_05_14:12 openset_imagenet.binary_ensemble_combined_emnist INFO: loss:bce protocol:2 ep:67 train:{'j': 0.671} val:{'j': 0.669, 'conf_kn': 0.577, 'conf_unk': 0.000} t:171.8s v:29.9s
17_05_14:12 openset_imagenet.binary_ensemble_combined_emnist INFO: Saving best model experiments/ex_5/net_4/bce_binary_ensemble_combined_emnist_best.pth at epoch: 67
17_05_14:17 openset_imagenet.binary_ensemble_combined_emnist INFO: loss:bce protocol:2 ep:68 train:{'j': 0.671} val:{'j': 0.683, 'conf_kn': 0.572, 'conf_unk': 0.000} t:231.2s v:43.0s
17_05_14:21 openset_imagenet.binary_ensemble_combined_emnist INFO: loss:bce protocol:2 ep:69 train:{'j': 0.670} val:{'j': 0.672, 'conf_kn': 0.577, 'conf_unk': 0.000} t:229.3s v:37.5s
17_05_14:25 openset_imagenet.binary_ensemble_combined_emnist INFO: loss:bce protocol:2 ep:70 train:{'j': 0.670} val:{'j': 0.672, 'conf_kn': 0.577, 'conf_unk': 0.000} t:204.8s v:26.2s
17_05_14:29 openset_imagenet.binary_ensemble_combined_emnist INFO: loss:bce protocol:2 ep:71 train:{'j': 0.669} val:{'j': 0.667, 'conf_kn': 0.581, 'conf_unk': 0.000} t:227.8s v:29.8s
17_05_14:29 openset_imagenet.binary_ensemble_combined_emnist INFO: Saving best model experiments/ex_5/net_4/bce_binary_ensemble_combined_emnist_best.pth at epoch: 71
17_05_14:33 openset_imagenet.binary_ensemble_combined_emnist INFO: loss:bce protocol:2 ep:72 train:{'j': 0.669} val:{'j': 0.666, 'conf_kn': 0.583, 'conf_unk': 0.000} t:213.5s v:33.0s
17_05_14:33 openset_imagenet.binary_ensemble_combined_emnist INFO: Saving best model experiments/ex_5/net_4/bce_binary_ensemble_combined_emnist_best.pth at epoch: 72
17_05_14:37 openset_imagenet.binary_ensemble_combined_emnist INFO: loss:bce protocol:2 ep:73 train:{'j': 0.669} val:{'j': 0.671, 'conf_kn': 0.580, 'conf_unk': 0.000} t:197.6s v:43.0s
17_05_14:43 openset_imagenet.binary_ensemble_combined_emnist INFO: loss:bce protocol:2 ep:74 train:{'j': 0.668} val:{'j': 0.667, 'conf_kn': 0.584, 'conf_unk': 0.000} t:288.7s v:40.2s
17_05_14:43 openset_imagenet.binary_ensemble_combined_emnist INFO: Saving best model experiments/ex_5/net_4/bce_binary_ensemble_combined_emnist_best.pth at epoch: 74
17_05_14:48 openset_imagenet.binary_ensemble_combined_emnist INFO: loss:bce protocol:2 ep:75 train:{'j': 0.668} val:{'j': 0.667, 'conf_kn': 0.582, 'conf_unk': 0.000} t:272.8s v:35.4s
17_05_14:54 openset_imagenet.binary_ensemble_combined_emnist INFO: loss:bce protocol:2 ep:76 train:{'j': 0.667} val:{'j': 0.666, 'conf_kn': 0.584, 'conf_unk': 0.000} t:301.5s v:35.5s
17_05_14:54 openset_imagenet.binary_ensemble_combined_emnist INFO: Saving best model experiments/ex_5/net_4/bce_binary_ensemble_combined_emnist_best.pth at epoch: 76
17_05_15:00 openset_imagenet.binary_ensemble_combined_emnist INFO: loss:bce protocol:2 ep:77 train:{'j': 0.667} val:{'j': 0.664, 'conf_kn': 0.587, 'conf_unk': 0.000} t:311.2s v:43.4s
17_05_15:00 openset_imagenet.binary_ensemble_combined_emnist INFO: Saving best model experiments/ex_5/net_4/bce_binary_ensemble_combined_emnist_best.pth at epoch: 77
17_05_15:06 openset_imagenet.binary_ensemble_combined_emnist INFO: loss:bce protocol:2 ep:78 train:{'j': 0.667} val:{'j': 0.666, 'conf_kn': 0.586, 'conf_unk': 0.000} t:317.4s v:43.2s
17_05_15:11 openset_imagenet.binary_ensemble_combined_emnist INFO: loss:bce protocol:2 ep:79 train:{'j': 0.666} val:{'j': 0.662, 'conf_kn': 0.589, 'conf_unk': 0.000} t:290.8s v:40.7s
17_05_15:11 openset_imagenet.binary_ensemble_combined_emnist INFO: Saving best model experiments/ex_5/net_4/bce_binary_ensemble_combined_emnist_best.pth at epoch: 79
17_05_15:16 openset_imagenet.binary_ensemble_combined_emnist INFO: loss:bce protocol:2 ep:80 train:{'j': 0.666} val:{'j': 0.674, 'conf_kn': 0.584, 'conf_unk': 0.000} t:271.5s v:37.1s
17_05_15:22 openset_imagenet.binary_ensemble_combined_emnist INFO: loss:bce protocol:2 ep:81 train:{'j': 0.665} val:{'j': 0.666, 'conf_kn': 0.587, 'conf_unk': 0.000} t:271.9s v:40.5s
17_05_15:28 openset_imagenet.binary_ensemble_combined_emnist INFO: loss:bce protocol:2 ep:82 train:{'j': 0.665} val:{'j': 0.663, 'conf_kn': 0.589, 'conf_unk': 0.000} t:315.7s v:43.8s
17_05_15:28 openset_imagenet.binary_ensemble_combined_emnist INFO: Saving best model experiments/ex_5/net_4/bce_binary_ensemble_combined_emnist_best.pth at epoch: 82
17_05_15:33 openset_imagenet.binary_ensemble_combined_emnist INFO: loss:bce protocol:2 ep:83 train:{'j': 0.664} val:{'j': 0.662, 'conf_kn': 0.592, 'conf_unk': 0.000} t:300.3s v:43.8s
17_05_15:33 openset_imagenet.binary_ensemble_combined_emnist INFO: Saving best model experiments/ex_5/net_4/bce_binary_ensemble_combined_emnist_best.pth at epoch: 83
17_05_15:38 openset_imagenet.binary_ensemble_combined_emnist INFO: loss:bce protocol:2 ep:84 train:{'j': 0.664} val:{'j': 0.662, 'conf_kn': 0.592, 'conf_unk': 0.000} t:234.9s v:23.1s
17_05_15:41 openset_imagenet.binary_ensemble_combined_emnist INFO: loss:bce protocol:2 ep:85 train:{'j': 0.663} val:{'j': 0.660, 'conf_kn': 0.593, 'conf_unk': 0.000} t:163.7s v:21.8s
17_05_15:41 openset_imagenet.binary_ensemble_combined_emnist INFO: Saving best model experiments/ex_5/net_4/bce_binary_ensemble_combined_emnist_best.pth at epoch: 85
17_05_15:44 openset_imagenet.binary_ensemble_combined_emnist INFO: loss:bce protocol:2 ep:86 train:{'j': 0.663} val:{'j': 0.660, 'conf_kn': 0.594, 'conf_unk': 0.000} t:163.5s v:25.9s
17_05_15:44 openset_imagenet.binary_ensemble_combined_emnist INFO: Saving best model experiments/ex_5/net_4/bce_binary_ensemble_combined_emnist_best.pth at epoch: 86
17_05_15:48 openset_imagenet.binary_ensemble_combined_emnist INFO: loss:bce protocol:2 ep:87 train:{'j': 0.663} val:{'j': 0.663, 'conf_kn': 0.589, 'conf_unk': 0.000} t:195.3s v:21.4s
17_05_15:51 openset_imagenet.binary_ensemble_combined_emnist INFO: loss:bce protocol:2 ep:88 train:{'j': 0.662} val:{'j': 0.663, 'conf_kn': 0.591, 'conf_unk': 0.000} t:162.3s v:22.6s
17_05_15:54 openset_imagenet.binary_ensemble_combined_emnist INFO: loss:bce protocol:2 ep:89 train:{'j': 0.661} val:{'j': 0.661, 'conf_kn': 0.594, 'conf_unk': 0.000} t:162.6s v:22.5s
17_05_15:54 openset_imagenet.binary_ensemble_combined_emnist INFO: Saving best model experiments/ex_5/net_4/bce_binary_ensemble_combined_emnist_best.pth at epoch: 89
17_05_15:57 openset_imagenet.binary_ensemble_combined_emnist INFO: loss:bce protocol:2 ep:90 train:{'j': 0.661} val:{'j': 0.659, 'conf_kn': 0.594, 'conf_unk': 0.000} t:163.5s v:21.7s
17_05_16:00 openset_imagenet.binary_ensemble_combined_emnist INFO: loss:bce protocol:2 ep:91 train:{'j': 0.660} val:{'j': 0.658, 'conf_kn': 0.597, 'conf_unk': 0.000} t:167.9s v:23.9s
17_05_16:00 openset_imagenet.binary_ensemble_combined_emnist INFO: Saving best model experiments/ex_5/net_4/bce_binary_ensemble_combined_emnist_best.pth at epoch: 91
17_05_16:03 openset_imagenet.binary_ensemble_combined_emnist INFO: loss:bce protocol:2 ep:92 train:{'j': 0.660} val:{'j': 0.665, 'conf_kn': 0.591, 'conf_unk': 0.000} t:169.4s v:24.8s
17_05_16:07 openset_imagenet.binary_ensemble_combined_emnist INFO: loss:bce protocol:2 ep:93 train:{'j': 0.659} val:{'j': 0.670, 'conf_kn': 0.591, 'conf_unk': 0.000} t:175.2s v:26.5s
17_05_16:11 openset_imagenet.binary_ensemble_combined_emnist INFO: loss:bce protocol:2 ep:94 train:{'j': 0.658} val:{'j': 0.665, 'conf_kn': 0.593, 'conf_unk': 0.000} t:214.1s v:32.7s
17_05_16:15 openset_imagenet.binary_ensemble_combined_emnist INFO: loss:bce protocol:2 ep:95 train:{'j': 0.657} val:{'j': 0.661, 'conf_kn': 0.593, 'conf_unk': 0.000} t:213.9s v:33.7s
17_05_16:19 openset_imagenet.binary_ensemble_combined_emnist INFO: loss:bce protocol:2 ep:96 train:{'j': 0.657} val:{'j': 0.659, 'conf_kn': 0.596, 'conf_unk': 0.000} t:227.3s v:28.5s
17_05_16:23 openset_imagenet.binary_ensemble_combined_emnist INFO: loss:bce protocol:2 ep:97 train:{'j': 0.657} val:{'j': 0.655, 'conf_kn': 0.600, 'conf_unk': 0.000} t:220.6s v:24.4s
17_05_16:23 openset_imagenet.binary_ensemble_combined_emnist INFO: Saving best model experiments/ex_5/net_4/bce_binary_ensemble_combined_emnist_best.pth at epoch: 97
17_05_16:27 openset_imagenet.binary_ensemble_combined_emnist INFO: loss:bce protocol:2 ep:98 train:{'j': 0.656} val:{'j': 0.665, 'conf_kn': 0.595, 'conf_unk': 0.000} t:188.5s v:33.2s
17_05_16:32 openset_imagenet.binary_ensemble_combined_emnist INFO: loss:bce protocol:2 ep:99 train:{'j': 0.656} val:{'j': 0.659, 'conf_kn': 0.599, 'conf_unk': 0.000} t:234.2s v:29.5s
17_05_16:32 openset_imagenet.binary_ensemble_combined_emnist INFO: Training finished
