05_06_11:46 openset_imagenet.train INFO: ============ Data ============
05_06_11:46 openset_imagenet.train INFO: train_len:252724, labels:152
05_06_11:46 openset_imagenet.train INFO: val_len:63182, labels:152
05_06_11:46 openset_imagenet.train INFO: ========== Training ==========
05_06_11:46 openset_imagenet.train INFO: Initial epoch: 0
05_06_11:46 openset_imagenet.train INFO: Last epoch: 120
05_06_11:46 openset_imagenet.train INFO: Batch size: 32
05_06_11:46 openset_imagenet.train INFO: workers: 4
05_06_11:46 openset_imagenet.train INFO: Loss: entropic
05_06_11:46 openset_imagenet.train INFO: optimizer: adam
05_06_11:46 openset_imagenet.train INFO: Learning rate: 0.001
05_06_11:46 openset_imagenet.train INFO: Device: 4
05_06_11:46 openset_imagenet.train INFO: Training...
05_06_12:14 openset_imagenet.train INFO: loss:entropic protocol:3 ep:0 train:{'j': 4.710} val:{'j': 4.619, 'conf_kn': 0.045, 'conf_unk': 0.914} t:1513.7s v:110.6s
05_06_12:14 openset_imagenet.train INFO: Saving best model experiments/ex_7/net_12/entropic_threshold_best.pth at epoch: 0
05_06_12:40 openset_imagenet.train INFO: loss:entropic protocol:3 ep:1 train:{'j': 4.220} val:{'j': 4.260, 'conf_kn': 0.143, 'conf_unk': 0.884} t:1482.1s v:126.7s
05_06_12:40 openset_imagenet.train INFO: Saving best model experiments/ex_7/net_12/entropic_threshold_best.pth at epoch: 1
05_06_13:07 openset_imagenet.train INFO: loss:entropic protocol:3 ep:2 train:{'j': 3.914} val:{'j': 4.493, 'conf_kn': 0.219, 'conf_unk': 0.849} t:1479.9s v:126.5s
05_06_13:07 openset_imagenet.train INFO: Saving best model experiments/ex_7/net_12/entropic_threshold_best.pth at epoch: 2
05_06_13:34 openset_imagenet.train INFO: loss:entropic protocol:3 ep:3 train:{'j': 3.682} val:{'j': 3.700, 'conf_kn': 0.277, 'conf_unk': 0.846} t:1480.8s v:127.3s
05_06_13:34 openset_imagenet.train INFO: Saving best model experiments/ex_7/net_12/entropic_threshold_best.pth at epoch: 3
05_06_14:01 openset_imagenet.train INFO: loss:entropic protocol:3 ep:4 train:{'j': 3.530} val:{'j': 3.464, 'conf_kn': 0.318, 'conf_unk': 0.856} t:1482.8s v:112.4s
05_06_14:01 openset_imagenet.train INFO: Saving best model experiments/ex_7/net_12/entropic_threshold_best.pth at epoch: 4
05_06_14:28 openset_imagenet.train INFO: loss:entropic protocol:3 ep:5 train:{'j': 3.410} val:{'j': 3.632, 'conf_kn': 0.375, 'conf_unk': 0.807} t:1493.4s v:117.0s
05_06_14:28 openset_imagenet.train INFO: Saving best model experiments/ex_7/net_12/entropic_threshold_best.pth at epoch: 5
05_06_14:55 openset_imagenet.train INFO: loss:entropic protocol:3 ep:6 train:{'j': 3.344} val:{'j': 3.416, 'conf_kn': 0.401, 'conf_unk': 0.820} t:1482.8s v:127.0s
05_06_14:55 openset_imagenet.train INFO: Saving best model experiments/ex_7/net_12/entropic_threshold_best.pth at epoch: 6
05_06_15:22 openset_imagenet.train INFO: loss:entropic protocol:3 ep:7 train:{'j': 3.259} val:{'j': 3.802, 'conf_kn': 0.416, 'conf_unk': 0.829} t:1482.0s v:126.9s
05_06_15:22 openset_imagenet.train INFO: Saving best model experiments/ex_7/net_12/entropic_threshold_best.pth at epoch: 7
05_06_15:49 openset_imagenet.train INFO: loss:entropic protocol:3 ep:8 train:{'j': 3.182} val:{'j': 3.371, 'conf_kn': 0.456, 'conf_unk': 0.819} t:1478.9s v:126.9s
05_06_15:49 openset_imagenet.train INFO: Saving best model experiments/ex_7/net_12/entropic_threshold_best.pth at epoch: 8
05_06_16:15 openset_imagenet.train INFO: loss:entropic protocol:3 ep:9 train:{'j': 3.109} val:{'j': 4.050, 'conf_kn': 0.463, 'conf_unk': 0.828} t:1481.4s v:108.6s
05_06_16:15 openset_imagenet.train INFO: Saving best model experiments/ex_7/net_12/entropic_threshold_best.pth at epoch: 9
05_06_16:42 openset_imagenet.train INFO: loss:entropic protocol:3 ep:10 train:{'j': 3.081} val:{'j': 4.778, 'conf_kn': 0.483, 'conf_unk': 0.826} t:1484.0s v:111.3s
05_06_16:42 openset_imagenet.train INFO: Saving best model experiments/ex_7/net_12/entropic_threshold_best.pth at epoch: 10
05_06_17:09 openset_imagenet.train INFO: loss:entropic protocol:3 ep:11 train:{'j': 3.031} val:{'j': 4.412, 'conf_kn': 0.503, 'conf_unk': 0.809} t:1474.7s v:126.4s
05_06_17:09 openset_imagenet.train INFO: Saving best model experiments/ex_7/net_12/entropic_threshold_best.pth at epoch: 11
05_06_17:36 openset_imagenet.train INFO: loss:entropic protocol:3 ep:12 train:{'j': 2.975} val:{'j': 3.639, 'conf_kn': 0.493, 'conf_unk': 0.823} t:1476.7s v:127.0s
05_06_17:36 openset_imagenet.train INFO: Saving best model experiments/ex_7/net_12/entropic_threshold_best.pth at epoch: 12
05_06_18:02 openset_imagenet.train INFO: loss:entropic protocol:3 ep:13 train:{'j': 2.937} val:{'j': 3.625, 'conf_kn': 0.530, 'conf_unk': 0.821} t:1469.9s v:126.8s
05_06_18:02 openset_imagenet.train INFO: Saving best model experiments/ex_7/net_12/entropic_threshold_best.pth at epoch: 13
05_06_18:40 openset_imagenet.train INFO: loss:entropic protocol:3 ep:14 train:{'j': 2.917} val:{'j': 12.895, 'conf_kn': 0.534, 'conf_unk': 0.826} t:2069.8s v:211.7s
05_06_18:40 openset_imagenet.train INFO: Saving best model experiments/ex_7/net_12/entropic_threshold_best.pth at epoch: 14
05_06_19:26 openset_imagenet.train INFO: loss:entropic protocol:3 ep:15 train:{'j': 2.869} val:{'j': 3.377, 'conf_kn': 0.538, 'conf_unk': 0.821} t:2555.8s v:206.2s
05_06_20:13 openset_imagenet.train INFO: loss:entropic protocol:3 ep:16 train:{'j': 2.849} val:{'j': 3.330, 'conf_kn': 0.557, 'conf_unk': 0.826} t:2536.6s v:225.6s
05_06_20:13 openset_imagenet.train INFO: Saving best model experiments/ex_7/net_12/entropic_threshold_best.pth at epoch: 16
05_06_20:59 openset_imagenet.train INFO: loss:entropic protocol:3 ep:17 train:{'j': 2.809} val:{'j': 56.697, 'conf_kn': 0.552, 'conf_unk': 0.813} t:2533.8s v:223.8s
05_06_21:44 openset_imagenet.train INFO: loss:entropic protocol:3 ep:18 train:{'j': 2.801} val:{'j': 7.086, 'conf_kn': 0.561, 'conf_unk': 0.810} t:2527.1s v:216.4s
05_06_22:28 openset_imagenet.train INFO: loss:entropic protocol:3 ep:19 train:{'j': 2.773} val:{'j': 3.419, 'conf_kn': 0.560, 'conf_unk': 0.826} t:2453.8s v:189.3s
05_06_22:28 openset_imagenet.train INFO: Saving best model experiments/ex_7/net_12/entropic_threshold_best.pth at epoch: 19
05_06_23:12 openset_imagenet.train INFO: loss:entropic protocol:3 ep:20 train:{'j': 2.774} val:{'j': 2.977, 'conf_kn': 0.567, 'conf_unk': 0.830} t:2428.6s v:203.8s
05_06_23:12 openset_imagenet.train INFO: Saving best model experiments/ex_7/net_12/entropic_threshold_best.pth at epoch: 20
05_06_23:56 openset_imagenet.train INFO: loss:entropic protocol:3 ep:21 train:{'j': 2.727} val:{'j': 3.951, 'conf_kn': 0.552, 'conf_unk': 0.836} t:2418.9s v:213.7s
06_06_00:38 openset_imagenet.train INFO: loss:entropic protocol:3 ep:22 train:{'j': 2.700} val:{'j': 3.043, 'conf_kn': 0.586, 'conf_unk': 0.828} t:2375.5s v:137.9s
06_06_00:38 openset_imagenet.train INFO: Saving best model experiments/ex_7/net_12/entropic_threshold_best.pth at epoch: 22
06_06_00:57 openset_imagenet.train INFO: loss:entropic protocol:3 ep:23 train:{'j': 2.672} val:{'j': 3.100, 'conf_kn': 0.586, 'conf_unk': 0.835} t:1016.9s v:91.5s
06_06_00:57 openset_imagenet.train INFO: Saving best model experiments/ex_7/net_12/entropic_threshold_best.pth at epoch: 23
06_06_01:15 openset_imagenet.train INFO: loss:entropic protocol:3 ep:24 train:{'j': 2.644} val:{'j': 3.167, 'conf_kn': 0.589, 'conf_unk': 0.828} t:988.4s v:92.7s
06_06_01:33 openset_imagenet.train INFO: loss:entropic protocol:3 ep:25 train:{'j': 2.620} val:{'j': 2.883, 'conf_kn': 0.602, 'conf_unk': 0.834} t:988.1s v:99.6s
06_06_01:33 openset_imagenet.train INFO: Saving best model experiments/ex_7/net_12/entropic_threshold_best.pth at epoch: 25
06_06_01:51 openset_imagenet.train INFO: loss:entropic protocol:3 ep:26 train:{'j': 2.603} val:{'j': 2.997, 'conf_kn': 0.617, 'conf_unk': 0.812} t:990.3s v:94.7s
06_06_02:09 openset_imagenet.train INFO: loss:entropic protocol:3 ep:27 train:{'j': 2.579} val:{'j': 2.986, 'conf_kn': 0.583, 'conf_unk': 0.836} t:990.1s v:97.3s
06_06_02:27 openset_imagenet.train INFO: loss:entropic protocol:3 ep:28 train:{'j': 2.586} val:{'j': 2.862, 'conf_kn': 0.605, 'conf_unk': 0.846} t:988.8s v:103.4s
06_06_02:27 openset_imagenet.train INFO: Saving best model experiments/ex_7/net_12/entropic_threshold_best.pth at epoch: 28
06_06_02:45 openset_imagenet.train INFO: loss:entropic protocol:3 ep:29 train:{'j': 2.546} val:{'j': 7.402, 'conf_kn': 0.606, 'conf_unk': 0.825} t:988.6s v:92.5s
06_06_03:03 openset_imagenet.train INFO: loss:entropic protocol:3 ep:30 train:{'j': 2.526} val:{'j': 3.088, 'conf_kn': 0.614, 'conf_unk': 0.819} t:988.4s v:87.6s
06_06_03:21 openset_imagenet.train INFO: loss:entropic protocol:3 ep:31 train:{'j': 2.507} val:{'j': 3.249, 'conf_kn': 0.636, 'conf_unk': 0.804} t:987.3s v:96.9s
06_06_03:39 openset_imagenet.train INFO: loss:entropic protocol:3 ep:32 train:{'j': 2.493} val:{'j': 2.912, 'conf_kn': 0.623, 'conf_unk': 0.832} t:988.7s v:98.0s
06_06_03:39 openset_imagenet.train INFO: Saving best model experiments/ex_7/net_12/entropic_threshold_best.pth at epoch: 32
06_06_03:58 openset_imagenet.train INFO: loss:entropic protocol:3 ep:33 train:{'j': 2.477} val:{'j': 2.956, 'conf_kn': 0.604, 'conf_unk': 0.848} t:989.9s v:100.8s
06_06_04:16 openset_imagenet.train INFO: loss:entropic protocol:3 ep:34 train:{'j': 2.462} val:{'j': 3.715, 'conf_kn': 0.619, 'conf_unk': 0.839} t:988.8s v:98.9s
06_06_04:16 openset_imagenet.train INFO: Saving best model experiments/ex_7/net_12/entropic_threshold_best.pth at epoch: 34
06_06_04:34 openset_imagenet.train INFO: loss:entropic protocol:3 ep:35 train:{'j': 2.449} val:{'j': 3.076, 'conf_kn': 0.633, 'conf_unk': 0.824} t:988.4s v:99.2s
06_06_04:52 openset_imagenet.train INFO: loss:entropic protocol:3 ep:36 train:{'j': 2.439} val:{'j': 3.233, 'conf_kn': 0.613, 'conf_unk': 0.839} t:987.9s v:101.0s
06_06_05:10 openset_imagenet.train INFO: loss:entropic protocol:3 ep:37 train:{'j': 2.427} val:{'j': 3.191, 'conf_kn': 0.629, 'conf_unk': 0.821} t:989.8s v:101.5s
06_06_05:29 openset_imagenet.train INFO: loss:entropic protocol:3 ep:38 train:{'j': 2.407} val:{'j': 4.718, 'conf_kn': 0.629, 'conf_unk': 0.818} t:989.8s v:101.8s
06_06_05:47 openset_imagenet.train INFO: loss:entropic protocol:3 ep:39 train:{'j': 2.409} val:{'j': 3.158, 'conf_kn': 0.631, 'conf_unk': 0.835} t:988.9s v:98.8s
06_06_05:47 openset_imagenet.train INFO: Saving best model experiments/ex_7/net_12/entropic_threshold_best.pth at epoch: 39
06_06_06:05 openset_imagenet.train INFO: loss:entropic protocol:3 ep:40 train:{'j': 2.379} val:{'j': 2.922, 'conf_kn': 0.644, 'conf_unk': 0.821} t:988.8s v:99.3s
06_06_06:23 openset_imagenet.train INFO: loss:entropic protocol:3 ep:41 train:{'j': 2.378} val:{'j': 3.131, 'conf_kn': 0.632, 'conf_unk': 0.824} t:988.6s v:97.1s
06_06_06:41 openset_imagenet.train INFO: loss:entropic protocol:3 ep:42 train:{'j': 2.365} val:{'j': 3.502, 'conf_kn': 0.640, 'conf_unk': 0.810} t:989.4s v:95.1s
06_06_06:59 openset_imagenet.train INFO: loss:entropic protocol:3 ep:43 train:{'j': 2.352} val:{'j': 3.531, 'conf_kn': 0.633, 'conf_unk': 0.823} t:988.8s v:103.2s
06_06_07:17 openset_imagenet.train INFO: loss:entropic protocol:3 ep:44 train:{'j': 2.348} val:{'j': 3.068, 'conf_kn': 0.647, 'conf_unk': 0.818} t:989.1s v:104.1s
06_06_07:36 openset_imagenet.train INFO: loss:entropic protocol:3 ep:45 train:{'j': 2.334} val:{'j': 3.185, 'conf_kn': 0.646, 'conf_unk': 0.826} t:988.7s v:99.9s
06_06_07:36 openset_imagenet.train INFO: Saving best model experiments/ex_7/net_12/entropic_threshold_best.pth at epoch: 45
06_06_07:54 openset_imagenet.train INFO: loss:entropic protocol:3 ep:46 train:{'j': 2.325} val:{'j': 2.961, 'conf_kn': 0.649, 'conf_unk': 0.817} t:988.8s v:97.7s
06_06_08:12 openset_imagenet.train INFO: loss:entropic protocol:3 ep:47 train:{'j': 2.313} val:{'j': 2.951, 'conf_kn': 0.645, 'conf_unk': 0.826} t:988.4s v:98.7s
06_06_08:30 openset_imagenet.train INFO: loss:entropic protocol:3 ep:48 train:{'j': 2.302} val:{'j': 2.954, 'conf_kn': 0.649, 'conf_unk': 0.833} t:985.6s v:90.0s
06_06_08:30 openset_imagenet.train INFO: Saving best model experiments/ex_7/net_12/entropic_threshold_best.pth at epoch: 48
06_06_08:48 openset_imagenet.train INFO: loss:entropic protocol:3 ep:49 train:{'j': 2.290} val:{'j': 2.967, 'conf_kn': 0.636, 'conf_unk': 0.827} t:983.2s v:91.4s
06_06_09:06 openset_imagenet.train INFO: loss:entropic protocol:3 ep:50 train:{'j': 2.289} val:{'j': 2.959, 'conf_kn': 0.645, 'conf_unk': 0.832} t:983.6s v:91.0s
06_06_09:24 openset_imagenet.train INFO: loss:entropic protocol:3 ep:51 train:{'j': 2.281} val:{'j': 3.079, 'conf_kn': 0.631, 'conf_unk': 0.834} t:983.0s v:91.0s
06_06_09:54 openset_imagenet.train INFO: loss:entropic protocol:3 ep:52 train:{'j': 2.273} val:{'j': 2.990, 'conf_kn': 0.646, 'conf_unk': 0.818} t:1651.9s v:152.0s
06_06_10:29 openset_imagenet.train INFO: loss:entropic protocol:3 ep:53 train:{'j': 2.267} val:{'j': 3.276, 'conf_kn': 0.640, 'conf_unk': 0.840} t:1938.4s v:151.0s
06_06_10:56 openset_imagenet.train INFO: loss:entropic protocol:3 ep:54 train:{'j': 2.257} val:{'j': 14.050, 'conf_kn': 0.659, 'conf_unk': 0.815} t:1553.4s v:89.6s
06_06_11:28 openset_imagenet.train INFO: loss:entropic protocol:3 ep:55 train:{'j': 2.248} val:{'j': 2.966, 'conf_kn': 0.649, 'conf_unk': 0.833} t:1756.1s v:172.3s
06_06_11:28 openset_imagenet.train INFO: Saving best model experiments/ex_7/net_12/entropic_threshold_best.pth at epoch: 55
06_06_12:05 openset_imagenet.train INFO: loss:entropic protocol:3 ep:56 train:{'j': 2.243} val:{'j': 101.907, 'conf_kn': 0.581, 'conf_unk': 0.815} t:2037.3s v:169.7s
06_06_12:36 openset_imagenet.train INFO: loss:entropic protocol:3 ep:57 train:{'j': 2.236} val:{'j': 3.396, 'conf_kn': 0.634, 'conf_unk': 0.837} t:1753.6s v:139.2s
06_06_13:08 openset_imagenet.train INFO: loss:entropic protocol:3 ep:58 train:{'j': 2.234} val:{'j': 3.664, 'conf_kn': 0.652, 'conf_unk': 0.824} t:1732.1s v:154.1s
06_06_13:40 openset_imagenet.train INFO: loss:entropic protocol:3 ep:59 train:{'j': 2.234} val:{'j': 3.071, 'conf_kn': 0.651, 'conf_unk': 0.818} t:1788.3s v:147.6s
06_06_14:12 openset_imagenet.train INFO: loss:entropic protocol:3 ep:60 train:{'j': 2.226} val:{'j': 2.942, 'conf_kn': 0.648, 'conf_unk': 0.841} t:1736.3s v:168.1s
06_06_14:12 openset_imagenet.train INFO: Saving best model experiments/ex_7/net_12/entropic_threshold_best.pth at epoch: 60
06_06_14:43 openset_imagenet.train INFO: loss:entropic protocol:3 ep:61 train:{'j': 2.218} val:{'j': 2.986, 'conf_kn': 0.650, 'conf_unk': 0.834} t:1747.0s v:139.4s
06_06_15:14 openset_imagenet.train INFO: loss:entropic protocol:3 ep:62 train:{'j': 2.208} val:{'j': 52.518, 'conf_kn': 0.654, 'conf_unk': 0.827} t:1717.4s v:140.9s
06_06_15:46 openset_imagenet.train INFO: loss:entropic protocol:3 ep:63 train:{'j': 2.208} val:{'j': 4.720, 'conf_kn': 0.660, 'conf_unk': 0.824} t:1736.3s v:139.6s
06_06_16:12 openset_imagenet.train INFO: loss:entropic protocol:3 ep:64 train:{'j': 2.202} val:{'j': 3.031, 'conf_kn': 0.612, 'conf_unk': 0.843} t:1486.3s v:88.7s
06_06_16:30 openset_imagenet.train INFO: loss:entropic protocol:3 ep:65 train:{'j': 2.200} val:{'j': 13.916, 'conf_kn': 0.654, 'conf_unk': 0.832} t:991.6s v:85.7s
06_06_17:06 openset_imagenet.train INFO: loss:entropic protocol:3 ep:66 train:{'j': 2.198} val:{'j': 3.021, 'conf_kn': 0.659, 'conf_unk': 0.831} t:1974.6s v:175.7s
06_06_17:06 openset_imagenet.train INFO: Saving best model experiments/ex_7/net_12/entropic_threshold_best.pth at epoch: 66
06_06_17:43 openset_imagenet.train INFO: loss:entropic protocol:3 ep:67 train:{'j': 2.182} val:{'j': 39.242, 'conf_kn': 0.640, 'conf_unk': 0.828} t:2034.6s v:170.2s
06_06_18:20 openset_imagenet.train INFO: loss:entropic protocol:3 ep:68 train:{'j': 2.182} val:{'j': 3.431, 'conf_kn': 0.657, 'conf_unk': 0.831} t:2065.6s v:175.1s
06_06_18:45 openset_imagenet.train INFO: loss:entropic protocol:3 ep:69 train:{'j': 2.178} val:{'j': 314.382, 'conf_kn': 0.650, 'conf_unk': 0.829} t:1417.8s v:94.2s
06_06_19:03 openset_imagenet.train INFO: loss:entropic protocol:3 ep:70 train:{'j': 2.173} val:{'j': 53.569, 'conf_kn': 0.641, 'conf_unk': 0.848} t:991.7s v:87.9s
06_06_19:21 openset_imagenet.train INFO: loss:entropic protocol:3 ep:71 train:{'j': 2.173} val:{'j': 26.603, 'conf_kn': 0.652, 'conf_unk': 0.843} t:993.9s v:87.0s
06_06_19:21 openset_imagenet.train INFO: Saving best model experiments/ex_7/net_12/entropic_threshold_best.pth at epoch: 71
06_06_19:39 openset_imagenet.train INFO: loss:entropic protocol:3 ep:72 train:{'j': 2.175} val:{'j': 36.205, 'conf_kn': 0.643, 'conf_unk': 0.846} t:997.0s v:88.4s
06_06_19:57 openset_imagenet.train INFO: loss:entropic protocol:3 ep:73 train:{'j': 2.165} val:{'j': 6.084, 'conf_kn': 0.659, 'conf_unk': 0.827} t:991.5s v:89.6s
06_06_20:15 openset_imagenet.train INFO: loss:entropic protocol:3 ep:74 train:{'j': 2.165} val:{'j': 16.481, 'conf_kn': 0.656, 'conf_unk': 0.835} t:990.9s v:86.9s
06_06_20:33 openset_imagenet.train INFO: loss:entropic protocol:3 ep:75 train:{'j': 2.164} val:{'j': 85.529, 'conf_kn': 0.654, 'conf_unk': 0.839} t:987.6s v:87.0s
06_06_20:51 openset_imagenet.train INFO: loss:entropic protocol:3 ep:76 train:{'j': 2.164} val:{'j': 10.207, 'conf_kn': 0.659, 'conf_unk': 0.831} t:984.0s v:86.7s
06_06_21:09 openset_imagenet.train INFO: loss:entropic protocol:3 ep:77 train:{'j': 2.159} val:{'j': 51.001, 'conf_kn': 0.656, 'conf_unk': 0.831} t:983.5s v:86.5s
06_06_21:27 openset_imagenet.train INFO: loss:entropic protocol:3 ep:78 train:{'j': 2.157} val:{'j': 820.916, 'conf_kn': 0.645, 'conf_unk': 0.830} t:986.9s v:86.0s
06_06_21:45 openset_imagenet.train INFO: loss:entropic protocol:3 ep:79 train:{'j': 2.151} val:{'j': 3.685, 'conf_kn': 0.653, 'conf_unk': 0.838} t:994.0s v:87.3s
06_06_22:03 openset_imagenet.train INFO: loss:entropic protocol:3 ep:80 train:{'j': 2.151} val:{'j': 9.398, 'conf_kn': 0.637, 'conf_unk': 0.840} t:993.8s v:86.4s
06_06_22:21 openset_imagenet.train INFO: loss:entropic protocol:3 ep:81 train:{'j': 2.145} val:{'j': 10.149, 'conf_kn': 0.654, 'conf_unk': 0.823} t:993.1s v:89.2s
06_06_22:39 openset_imagenet.train INFO: loss:entropic protocol:3 ep:82 train:{'j': 2.143} val:{'j': 54.480, 'conf_kn': 0.644, 'conf_unk': 0.824} t:994.4s v:89.8s
06_06_22:57 openset_imagenet.train INFO: loss:entropic protocol:3 ep:83 train:{'j': 2.138} val:{'j': 79.474, 'conf_kn': 0.658, 'conf_unk': 0.824} t:993.9s v:89.1s
06_06_23:15 openset_imagenet.train INFO: loss:entropic protocol:3 ep:84 train:{'j': 2.139} val:{'j': 87.302, 'conf_kn': 0.661, 'conf_unk': 0.824} t:993.1s v:87.6s
06_06_23:33 openset_imagenet.train INFO: loss:entropic protocol:3 ep:85 train:{'j': 2.135} val:{'j': 155.107, 'conf_kn': 0.654, 'conf_unk': 0.832} t:994.2s v:85.7s
06_06_23:51 openset_imagenet.train INFO: loss:entropic protocol:3 ep:86 train:{'j': 2.131} val:{'j': 40.846, 'conf_kn': 0.645, 'conf_unk': 0.846} t:993.3s v:86.4s
07_06_00:09 openset_imagenet.train INFO: loss:entropic protocol:3 ep:87 train:{'j': 2.130} val:{'j': 187.985, 'conf_kn': 0.644, 'conf_unk': 0.848} t:994.2s v:86.3s
07_06_00:27 openset_imagenet.train INFO: loss:entropic protocol:3 ep:88 train:{'j': 2.126} val:{'j': 39.638, 'conf_kn': 0.658, 'conf_unk': 0.836} t:993.4s v:86.1s
07_06_00:49 openset_imagenet.train INFO: loss:entropic protocol:3 ep:89 train:{'j': 2.127} val:{'j': 30.292, 'conf_kn': 0.654, 'conf_unk': 0.829} t:1204.7s v:85.1s
07_06_01:06 openset_imagenet.train INFO: loss:entropic protocol:3 ep:90 train:{'j': 2.127} val:{'j': 5.964, 'conf_kn': 0.653, 'conf_unk': 0.838} t:983.0s v:87.9s
07_06_01:24 openset_imagenet.train INFO: loss:entropic protocol:3 ep:91 train:{'j': 2.150} val:{'j': 36.080, 'conf_kn': 0.669, 'conf_unk': 0.827} t:983.0s v:87.4s
07_06_01:24 openset_imagenet.train INFO: Saving best model experiments/ex_7/net_12/entropic_threshold_best.pth at epoch: 91
07_06_01:42 openset_imagenet.train INFO: loss:entropic protocol:3 ep:92 train:{'j': 2.119} val:{'j': 3.109, 'conf_kn': 0.655, 'conf_unk': 0.843} t:983.6s v:84.6s
07_06_01:42 openset_imagenet.train INFO: Saving best model experiments/ex_7/net_12/entropic_threshold_best.pth at epoch: 92
07_06_02:00 openset_imagenet.train INFO: loss:entropic protocol:3 ep:93 train:{'j': 2.136} val:{'j': 65.371, 'conf_kn': 0.662, 'conf_unk': 0.835} t:982.4s v:85.9s
07_06_02:18 openset_imagenet.train INFO: loss:entropic protocol:3 ep:94 train:{'j': 2.115} val:{'j': 28.507, 'conf_kn': 0.654, 'conf_unk': 0.842} t:982.8s v:86.7s
07_06_02:36 openset_imagenet.train INFO: loss:entropic protocol:3 ep:95 train:{'j': 2.120} val:{'j': 72.277, 'conf_kn': 0.654, 'conf_unk': 0.839} t:983.0s v:86.5s
07_06_02:54 openset_imagenet.train INFO: loss:entropic protocol:3 ep:96 train:{'j': 2.116} val:{'j': 12.476, 'conf_kn': 0.655, 'conf_unk': 0.840} t:983.5s v:86.7s
07_06_03:11 openset_imagenet.train INFO: loss:entropic protocol:3 ep:97 train:{'j': 2.118} val:{'j': 9.836, 'conf_kn': 0.662, 'conf_unk': 0.826} t:982.5s v:86.0s
07_06_03:29 openset_imagenet.train INFO: loss:entropic protocol:3 ep:98 train:{'j': 2.115} val:{'j': 10.880, 'conf_kn': 0.654, 'conf_unk': 0.817} t:982.5s v:85.5s
07_06_03:47 openset_imagenet.train INFO: loss:entropic protocol:3 ep:99 train:{'j': 2.113} val:{'j': 54.778, 'conf_kn': 0.651, 'conf_unk': 0.844} t:981.3s v:84.5s
07_06_04:05 openset_imagenet.train INFO: loss:entropic protocol:3 ep:100 train:{'j': 2.109} val:{'j': 4.395, 'conf_kn': 0.662, 'conf_unk': 0.831} t:980.1s v:86.0s
07_06_04:23 openset_imagenet.train INFO: loss:entropic protocol:3 ep:101 train:{'j': 2.108} val:{'j': 5.686, 'conf_kn': 0.663, 'conf_unk': 0.834} t:980.3s v:86.0s
07_06_04:40 openset_imagenet.train INFO: loss:entropic protocol:3 ep:102 train:{'j': 2.109} val:{'j': 80.171, 'conf_kn': 0.659, 'conf_unk': 0.839} t:979.9s v:84.8s
07_06_04:58 openset_imagenet.train INFO: loss:entropic protocol:3 ep:103 train:{'j': 2.106} val:{'j': 22.928, 'conf_kn': 0.665, 'conf_unk': 0.830} t:980.4s v:86.5s
07_06_05:16 openset_imagenet.train INFO: loss:entropic protocol:3 ep:104 train:{'j': 2.101} val:{'j': 3.325, 'conf_kn': 0.659, 'conf_unk': 0.846} t:978.1s v:85.2s
07_06_05:16 openset_imagenet.train INFO: Saving best model experiments/ex_7/net_12/entropic_threshold_best.pth at epoch: 104
07_06_05:34 openset_imagenet.train INFO: loss:entropic protocol:3 ep:105 train:{'j': 2.105} val:{'j': 3.227, 'conf_kn': 0.666, 'conf_unk': 0.834} t:978.2s v:84.1s
07_06_05:51 openset_imagenet.train INFO: loss:entropic protocol:3 ep:106 train:{'j': 2.103} val:{'j': 3.042, 'conf_kn': 0.668, 'conf_unk': 0.835} t:978.2s v:86.0s
07_06_06:09 openset_imagenet.train INFO: loss:entropic protocol:3 ep:107 train:{'j': 2.098} val:{'j': 3.034, 'conf_kn': 0.660, 'conf_unk': 0.843} t:978.3s v:85.6s
07_06_06:27 openset_imagenet.train INFO: loss:entropic protocol:3 ep:108 train:{'j': 2.095} val:{'j': 3.725, 'conf_kn': 0.660, 'conf_unk': 0.843} t:976.6s v:87.6s
07_06_06:45 openset_imagenet.train INFO: loss:entropic protocol:3 ep:109 train:{'j': 2.097} val:{'j': 3.064, 'conf_kn': 0.659, 'conf_unk': 0.840} t:979.6s v:86.5s
07_06_07:02 openset_imagenet.train INFO: loss:entropic protocol:3 ep:110 train:{'j': 2.096} val:{'j': 3.138, 'conf_kn': 0.659, 'conf_unk': 0.828} t:977.5s v:84.1s
07_06_07:20 openset_imagenet.train INFO: loss:entropic protocol:3 ep:111 train:{'j': 2.091} val:{'j': 13.715, 'conf_kn': 0.663, 'conf_unk': 0.835} t:976.6s v:85.4s
07_06_07:38 openset_imagenet.train INFO: loss:entropic protocol:3 ep:112 train:{'j': 2.094} val:{'j': 3.060, 'conf_kn': 0.674, 'conf_unk': 0.826} t:977.5s v:84.0s
07_06_07:55 openset_imagenet.train INFO: loss:entropic protocol:3 ep:113 train:{'j': 2.091} val:{'j': 13.310, 'conf_kn': 0.664, 'conf_unk': 0.833} t:977.4s v:84.5s
07_06_08:13 openset_imagenet.train INFO: loss:entropic protocol:3 ep:114 train:{'j': 2.094} val:{'j': 8.969, 'conf_kn': 0.668, 'conf_unk': 0.833} t:977.8s v:84.7s
07_06_08:31 openset_imagenet.train INFO: loss:entropic protocol:3 ep:115 train:{'j': 2.088} val:{'j': 4.875, 'conf_kn': 0.666, 'conf_unk': 0.817} t:977.4s v:86.0s
07_06_08:49 openset_imagenet.train INFO: loss:entropic protocol:3 ep:116 train:{'j': 2.086} val:{'j': 3.133, 'conf_kn': 0.659, 'conf_unk': 0.837} t:977.6s v:86.0s
07_06_09:06 openset_imagenet.train INFO: loss:entropic protocol:3 ep:117 train:{'j': 2.086} val:{'j': 3.047, 'conf_kn': 0.654, 'conf_unk': 0.850} t:977.3s v:86.5s
07_06_09:24 openset_imagenet.train INFO: loss:entropic protocol:3 ep:118 train:{'j': 2.083} val:{'j': 3.145, 'conf_kn': 0.669, 'conf_unk': 0.821} t:977.7s v:84.3s
07_06_09:42 openset_imagenet.train INFO: loss:entropic protocol:3 ep:119 train:{'j': 2.081} val:{'j': 3.128, 'conf_kn': 0.671, 'conf_unk': 0.819} t:980.8s v:85.4s
07_06_09:42 openset_imagenet.train INFO: Training finished
