02_06_09:38 openset_imagenet.binary_ensemble_combined_emnist INFO: ============ Data ============
02_06_09:38 openset_imagenet.binary_ensemble_combined_emnist INFO: train_len:28895, labels:30
02_06_09:38 openset_imagenet.binary_ensemble_combined_emnist INFO: val_len:15173, labels:31
02_06_09:38 openset_imagenet.binary_ensemble_combined_emnist INFO: Using Negatives for Training: False
02_06_09:38 openset_imagenet.binary_ensemble_combined_emnist INFO: ========== Training ==========
02_06_09:38 openset_imagenet.binary_ensemble_combined_emnist INFO: Initial epoch: 0
02_06_09:38 openset_imagenet.binary_ensemble_combined_emnist INFO: Last epoch: 120
02_06_09:38 openset_imagenet.binary_ensemble_combined_emnist INFO: Batch size: 32
02_06_09:38 openset_imagenet.binary_ensemble_combined_emnist INFO: workers: 4
02_06_09:38 openset_imagenet.binary_ensemble_combined_emnist INFO: Loss: bce
02_06_09:38 openset_imagenet.binary_ensemble_combined_emnist INFO: optimizer: sgd
02_06_09:38 openset_imagenet.binary_ensemble_combined_emnist INFO: Learning rate: 0.01
02_06_09:38 openset_imagenet.binary_ensemble_combined_emnist INFO: Device: 7
02_06_09:38 openset_imagenet.binary_ensemble_combined_emnist INFO: Number of binary outputs: 40
02_06_09:38 openset_imagenet.binary_ensemble_combined_emnist INFO: Using following approach to generate sets: random
02_06_09:38 openset_imagenet.binary_ensemble_combined_emnist INFO: Training...
02_06_09:41 openset_imagenet.binary_ensemble_combined_emnist INFO: loss:bce protocol:2 ep:0 train:{'j': 0.695} val:{'j': 0.715, 'conf_kn': 0.056, 'conf_unk': 0.479} t:136.5s v:36.6s
02_06_09:41 openset_imagenet.binary_ensemble_combined_emnist INFO: Saving best model experiments/ex_6/net_2/bce_binary_ensemble_combined_imagenet_best.pth at epoch: 0
02_06_09:44 openset_imagenet.binary_ensemble_combined_emnist INFO: loss:bce protocol:2 ep:1 train:{'j': 0.692} val:{'j': 0.687, 'conf_kn': 0.069, 'conf_unk': 0.476} t:135.8s v:39.9s
02_06_09:44 openset_imagenet.binary_ensemble_combined_emnist INFO: Saving best model experiments/ex_6/net_2/bce_binary_ensemble_combined_imagenet_best.pth at epoch: 1
02_06_09:47 openset_imagenet.binary_ensemble_combined_emnist INFO: loss:bce protocol:2 ep:2 train:{'j': 0.689} val:{'j': 0.726, 'conf_kn': 0.084, 'conf_unk': 0.465} t:135.0s v:36.6s
02_06_09:47 openset_imagenet.binary_ensemble_combined_emnist INFO: Saving best model experiments/ex_6/net_2/bce_binary_ensemble_combined_imagenet_best.pth at epoch: 2
02_06_09:50 openset_imagenet.binary_ensemble_combined_emnist INFO: loss:bce protocol:2 ep:3 train:{'j': 0.687} val:{'j': 0.730, 'conf_kn': 0.093, 'conf_unk': 0.461} t:137.4s v:40.4s
02_06_09:50 openset_imagenet.binary_ensemble_combined_emnist INFO: Saving best model experiments/ex_6/net_2/bce_binary_ensemble_combined_imagenet_best.pth at epoch: 3
02_06_09:53 openset_imagenet.binary_ensemble_combined_emnist INFO: loss:bce protocol:2 ep:4 train:{'j': 0.684} val:{'j': 0.701, 'conf_kn': 0.110, 'conf_unk': 0.455} t:133.9s v:39.0s
02_06_09:53 openset_imagenet.binary_ensemble_combined_emnist INFO: Saving best model experiments/ex_6/net_2/bce_binary_ensemble_combined_imagenet_best.pth at epoch: 4
02_06_09:56 openset_imagenet.binary_ensemble_combined_emnist INFO: loss:bce protocol:2 ep:5 train:{'j': 0.680} val:{'j': 0.715, 'conf_kn': 0.124, 'conf_unk': 0.451} t:137.3s v:39.4s
02_06_09:56 openset_imagenet.binary_ensemble_combined_emnist INFO: Saving best model experiments/ex_6/net_2/bce_binary_ensemble_combined_imagenet_best.pth at epoch: 5
02_06_09:59 openset_imagenet.binary_ensemble_combined_emnist INFO: loss:bce protocol:2 ep:6 train:{'j': 0.677} val:{'j': 0.709, 'conf_kn': 0.127, 'conf_unk': 0.447} t:133.9s v:40.7s
02_06_09:59 openset_imagenet.binary_ensemble_combined_emnist INFO: Saving best model experiments/ex_6/net_2/bce_binary_ensemble_combined_imagenet_best.pth at epoch: 6
02_06_10:02 openset_imagenet.binary_ensemble_combined_emnist INFO: loss:bce protocol:2 ep:7 train:{'j': 0.674} val:{'j': 0.700, 'conf_kn': 0.136, 'conf_unk': 0.428} t:138.3s v:36.5s
02_06_10:05 openset_imagenet.binary_ensemble_combined_emnist INFO: loss:bce protocol:2 ep:8 train:{'j': 0.671} val:{'j': 0.730, 'conf_kn': 0.141, 'conf_unk': 0.427} t:136.3s v:42.4s
02_06_10:08 openset_imagenet.binary_ensemble_combined_emnist INFO: loss:bce protocol:2 ep:9 train:{'j': 0.668} val:{'j': 0.722, 'conf_kn': 0.163, 'conf_unk': 0.429} t:136.8s v:36.6s
02_06_10:08 openset_imagenet.binary_ensemble_combined_emnist INFO: Saving best model experiments/ex_6/net_2/bce_binary_ensemble_combined_imagenet_best.pth at epoch: 9
02_06_10:11 openset_imagenet.binary_ensemble_combined_emnist INFO: loss:bce protocol:2 ep:10 train:{'j': 0.665} val:{'j': 0.677, 'conf_kn': 0.153, 'conf_unk': 0.431} t:137.3s v:40.8s
02_06_10:14 openset_imagenet.binary_ensemble_combined_emnist INFO: loss:bce protocol:2 ep:11 train:{'j': 0.661} val:{'j': 0.749, 'conf_kn': 0.178, 'conf_unk': 0.417} t:135.6s v:39.7s
02_06_10:14 openset_imagenet.binary_ensemble_combined_emnist INFO: Saving best model experiments/ex_6/net_2/bce_binary_ensemble_combined_imagenet_best.pth at epoch: 11
02_06_10:17 openset_imagenet.binary_ensemble_combined_emnist INFO: loss:bce protocol:2 ep:12 train:{'j': 0.658} val:{'j': 0.718, 'conf_kn': 0.196, 'conf_unk': 0.408} t:136.6s v:39.0s
02_06_10:17 openset_imagenet.binary_ensemble_combined_emnist INFO: Saving best model experiments/ex_6/net_2/bce_binary_ensemble_combined_imagenet_best.pth at epoch: 12
02_06_10:19 openset_imagenet.binary_ensemble_combined_emnist INFO: loss:bce protocol:2 ep:13 train:{'j': 0.654} val:{'j': 0.706, 'conf_kn': 0.208, 'conf_unk': 0.416} t:133.6s v:36.8s
02_06_10:19 openset_imagenet.binary_ensemble_combined_emnist INFO: Saving best model experiments/ex_6/net_2/bce_binary_ensemble_combined_imagenet_best.pth at epoch: 13
02_06_10:22 openset_imagenet.binary_ensemble_combined_emnist INFO: loss:bce protocol:2 ep:14 train:{'j': 0.650} val:{'j': 0.758, 'conf_kn': 0.154, 'conf_unk': 0.410} t:134.3s v:40.8s
02_06_10:25 openset_imagenet.binary_ensemble_combined_emnist INFO: loss:bce protocol:2 ep:15 train:{'j': 0.645} val:{'j': 0.758, 'conf_kn': 0.199, 'conf_unk': 0.375} t:135.0s v:36.4s
02_06_10:28 openset_imagenet.binary_ensemble_combined_emnist INFO: loss:bce protocol:2 ep:16 train:{'j': 0.639} val:{'j': 0.677, 'conf_kn': 0.190, 'conf_unk': 0.405} t:133.5s v:36.5s
02_06_10:31 openset_imagenet.binary_ensemble_combined_emnist INFO: loss:bce protocol:2 ep:17 train:{'j': 0.634} val:{'j': 0.692, 'conf_kn': 0.261, 'conf_unk': 0.398} t:133.1s v:36.6s
02_06_10:31 openset_imagenet.binary_ensemble_combined_emnist INFO: Saving best model experiments/ex_6/net_2/bce_binary_ensemble_combined_imagenet_best.pth at epoch: 17
02_06_10:34 openset_imagenet.binary_ensemble_combined_emnist INFO: loss:bce protocol:2 ep:18 train:{'j': 0.629} val:{'j': 0.826, 'conf_kn': 0.227, 'conf_unk': 0.382} t:133.7s v:36.5s
02_06_10:37 openset_imagenet.binary_ensemble_combined_emnist INFO: loss:bce protocol:2 ep:19 train:{'j': 0.622} val:{'j': 0.816, 'conf_kn': 0.185, 'conf_unk': 0.347} t:133.2s v:36.8s
02_06_10:39 openset_imagenet.binary_ensemble_combined_emnist INFO: loss:bce protocol:2 ep:20 train:{'j': 0.616} val:{'j': 0.821, 'conf_kn': 0.221, 'conf_unk': 0.360} t:133.3s v:36.9s
02_06_10:42 openset_imagenet.binary_ensemble_combined_emnist INFO: loss:bce protocol:2 ep:21 train:{'j': 0.608} val:{'j': 0.822, 'conf_kn': 0.298, 'conf_unk': 0.354} t:133.3s v:36.5s
02_06_10:45 openset_imagenet.binary_ensemble_combined_emnist INFO: loss:bce protocol:2 ep:22 train:{'j': 0.601} val:{'j': 0.749, 'conf_kn': 0.328, 'conf_unk': 0.358} t:133.2s v:36.5s
02_06_10:45 openset_imagenet.binary_ensemble_combined_emnist INFO: Saving best model experiments/ex_6/net_2/bce_binary_ensemble_combined_imagenet_best.pth at epoch: 22
02_06_10:48 openset_imagenet.binary_ensemble_combined_emnist INFO: loss:bce protocol:2 ep:23 train:{'j': 0.593} val:{'j': 0.810, 'conf_kn': 0.252, 'conf_unk': 0.317} t:133.2s v:36.7s
02_06_10:51 openset_imagenet.binary_ensemble_combined_emnist INFO: loss:bce protocol:2 ep:24 train:{'j': 0.584} val:{'j': 0.753, 'conf_kn': 0.228, 'conf_unk': 0.364} t:133.4s v:36.9s
02_06_10:54 openset_imagenet.binary_ensemble_combined_emnist INFO: loss:bce protocol:2 ep:25 train:{'j': 0.575} val:{'j': 0.775, 'conf_kn': 0.364, 'conf_unk': 0.327} t:133.4s v:36.6s
02_06_10:54 openset_imagenet.binary_ensemble_combined_emnist INFO: Saving best model experiments/ex_6/net_2/bce_binary_ensemble_combined_imagenet_best.pth at epoch: 25
02_06_10:57 openset_imagenet.binary_ensemble_combined_emnist INFO: loss:bce protocol:2 ep:26 train:{'j': 0.567} val:{'j': 0.708, 'conf_kn': 0.348, 'conf_unk': 0.350} t:133.8s v:36.8s
02_06_10:57 openset_imagenet.binary_ensemble_combined_emnist INFO: Saving best model experiments/ex_6/net_2/bce_binary_ensemble_combined_imagenet_best.pth at epoch: 26
02_06_10:59 openset_imagenet.binary_ensemble_combined_emnist INFO: loss:bce protocol:2 ep:27 train:{'j': 0.557} val:{'j': 1.077, 'conf_kn': 0.271, 'conf_unk': 0.315} t:133.8s v:37.6s
02_06_11:02 openset_imagenet.binary_ensemble_combined_emnist INFO: loss:bce protocol:2 ep:28 train:{'j': 0.548} val:{'j': 0.814, 'conf_kn': 0.331, 'conf_unk': 0.322} t:133.5s v:36.5s
02_06_11:05 openset_imagenet.binary_ensemble_combined_emnist INFO: loss:bce protocol:2 ep:29 train:{'j': 0.540} val:{'j': 0.772, 'conf_kn': 0.348, 'conf_unk': 0.336} t:133.5s v:36.8s
02_06_11:08 openset_imagenet.binary_ensemble_combined_emnist INFO: loss:bce protocol:2 ep:30 train:{'j': 0.531} val:{'j': 0.932, 'conf_kn': 0.339, 'conf_unk': 0.312} t:133.2s v:36.3s
02_06_11:11 openset_imagenet.binary_ensemble_combined_emnist INFO: loss:bce protocol:2 ep:31 train:{'j': 0.523} val:{'j': 0.947, 'conf_kn': 0.242, 'conf_unk': 0.266} t:133.4s v:36.8s
02_06_11:14 openset_imagenet.binary_ensemble_combined_emnist INFO: loss:bce protocol:2 ep:32 train:{'j': 0.513} val:{'j': 0.765, 'conf_kn': 0.330, 'conf_unk': 0.285} t:133.2s v:36.9s
02_06_11:16 openset_imagenet.binary_ensemble_combined_emnist INFO: loss:bce protocol:2 ep:33 train:{'j': 0.506} val:{'j': 0.763, 'conf_kn': 0.356, 'conf_unk': 0.302} t:133.5s v:37.1s
02_06_11:19 openset_imagenet.binary_ensemble_combined_emnist INFO: loss:bce protocol:2 ep:34 train:{'j': 0.497} val:{'j': 0.802, 'conf_kn': 0.454, 'conf_unk': 0.319} t:134.1s v:37.9s
02_06_11:19 openset_imagenet.binary_ensemble_combined_emnist INFO: Saving best model experiments/ex_6/net_2/bce_binary_ensemble_combined_imagenet_best.pth at epoch: 34
02_06_11:22 openset_imagenet.binary_ensemble_combined_emnist INFO: loss:bce protocol:2 ep:35 train:{'j': 0.489} val:{'j': 0.758, 'conf_kn': 0.298, 'conf_unk': 0.318} t:137.4s v:37.7s
02_06_11:25 openset_imagenet.binary_ensemble_combined_emnist INFO: loss:bce protocol:2 ep:36 train:{'j': 0.483} val:{'j': 0.774, 'conf_kn': 0.355, 'conf_unk': 0.319} t:133.5s v:36.5s
02_06_11:28 openset_imagenet.binary_ensemble_combined_emnist INFO: loss:bce protocol:2 ep:37 train:{'j': 0.472} val:{'j': 0.962, 'conf_kn': 0.418, 'conf_unk': 0.269} t:134.2s v:37.4s
02_06_11:31 openset_imagenet.binary_ensemble_combined_emnist INFO: loss:bce protocol:2 ep:38 train:{'j': 0.465} val:{'j': 0.805, 'conf_kn': 0.481, 'conf_unk': 0.286} t:133.9s v:37.1s
02_06_11:34 openset_imagenet.binary_ensemble_combined_emnist INFO: loss:bce protocol:2 ep:39 train:{'j': 0.456} val:{'j': 0.830, 'conf_kn': 0.478, 'conf_unk': 0.295} t:134.2s v:37.2s
02_06_11:34 openset_imagenet.binary_ensemble_combined_emnist INFO: Saving best model experiments/ex_6/net_2/bce_binary_ensemble_combined_imagenet_best.pth at epoch: 39
02_06_11:37 openset_imagenet.binary_ensemble_combined_emnist INFO: loss:bce protocol:2 ep:40 train:{'j': 0.448} val:{'j': 0.777, 'conf_kn': 0.486, 'conf_unk': 0.300} t:134.2s v:36.7s
02_06_11:37 openset_imagenet.binary_ensemble_combined_emnist INFO: Saving best model experiments/ex_6/net_2/bce_binary_ensemble_combined_imagenet_best.pth at epoch: 40
02_06_11:40 openset_imagenet.binary_ensemble_combined_emnist INFO: loss:bce protocol:2 ep:41 train:{'j': 0.442} val:{'j': 0.833, 'conf_kn': 0.472, 'conf_unk': 0.286} t:134.1s v:40.9s
02_06_11:42 openset_imagenet.binary_ensemble_combined_emnist INFO: loss:bce protocol:2 ep:42 train:{'j': 0.434} val:{'j': 0.965, 'conf_kn': 0.431, 'conf_unk': 0.223} t:134.0s v:37.4s
02_06_11:45 openset_imagenet.binary_ensemble_combined_emnist INFO: loss:bce protocol:2 ep:43 train:{'j': 0.425} val:{'j': 0.847, 'conf_kn': 0.499, 'conf_unk': 0.255} t:134.0s v:37.1s
02_06_11:48 openset_imagenet.binary_ensemble_combined_emnist INFO: loss:bce protocol:2 ep:44 train:{'j': 0.417} val:{'j': 0.849, 'conf_kn': 0.500, 'conf_unk': 0.276} t:134.1s v:37.3s
02_06_11:51 openset_imagenet.binary_ensemble_combined_emnist INFO: loss:bce protocol:2 ep:45 train:{'j': 0.412} val:{'j': 0.847, 'conf_kn': 0.493, 'conf_unk': 0.257} t:134.7s v:37.0s
02_06_11:54 openset_imagenet.binary_ensemble_combined_emnist INFO: loss:bce protocol:2 ep:46 train:{'j': 0.402} val:{'j': 0.824, 'conf_kn': 0.541, 'conf_unk': 0.286} t:134.0s v:37.0s
02_06_11:54 openset_imagenet.binary_ensemble_combined_emnist INFO: Saving best model experiments/ex_6/net_2/bce_binary_ensemble_combined_imagenet_best.pth at epoch: 46
02_06_11:57 openset_imagenet.binary_ensemble_combined_emnist INFO: loss:bce protocol:2 ep:47 train:{'j': 0.397} val:{'j': 0.850, 'conf_kn': 0.549, 'conf_unk': 0.280} t:133.6s v:36.7s
02_06_11:57 openset_imagenet.binary_ensemble_combined_emnist INFO: Saving best model experiments/ex_6/net_2/bce_binary_ensemble_combined_imagenet_best.pth at epoch: 47
02_06_12:00 openset_imagenet.binary_ensemble_combined_emnist INFO: loss:bce protocol:2 ep:48 train:{'j': 0.391} val:{'j': 0.894, 'conf_kn': 0.532, 'conf_unk': 0.278} t:133.9s v:37.2s
02_06_12:02 openset_imagenet.binary_ensemble_combined_emnist INFO: loss:bce protocol:2 ep:49 train:{'j': 0.384} val:{'j': 1.043, 'conf_kn': 0.459, 'conf_unk': 0.210} t:134.2s v:36.8s
02_06_12:05 openset_imagenet.binary_ensemble_combined_emnist INFO: loss:bce protocol:2 ep:50 train:{'j': 0.374} val:{'j': 0.947, 'conf_kn': 0.524, 'conf_unk': 0.260} t:133.9s v:37.4s
02_06_12:08 openset_imagenet.binary_ensemble_combined_emnist INFO: loss:bce protocol:2 ep:51 train:{'j': 0.365} val:{'j': 0.818, 'conf_kn': 0.591, 'conf_unk': 0.245} t:133.3s v:36.6s
02_06_12:08 openset_imagenet.binary_ensemble_combined_emnist INFO: Saving best model experiments/ex_6/net_2/bce_binary_ensemble_combined_imagenet_best.pth at epoch: 51
02_06_12:11 openset_imagenet.binary_ensemble_combined_emnist INFO: loss:bce protocol:2 ep:52 train:{'j': 0.363} val:{'j': 1.017, 'conf_kn': 0.354, 'conf_unk': 0.216} t:133.9s v:36.7s
02_06_12:14 openset_imagenet.binary_ensemble_combined_emnist INFO: loss:bce protocol:2 ep:53 train:{'j': 0.356} val:{'j': 1.069, 'conf_kn': 0.505, 'conf_unk': 0.244} t:134.5s v:38.1s
02_06_12:17 openset_imagenet.binary_ensemble_combined_emnist INFO: loss:bce protocol:2 ep:54 train:{'j': 0.349} val:{'j': 1.147, 'conf_kn': 0.281, 'conf_unk': 0.246} t:134.8s v:37.5s
02_06_12:20 openset_imagenet.binary_ensemble_combined_emnist INFO: loss:bce protocol:2 ep:55 train:{'j': 0.340} val:{'j': 1.016, 'conf_kn': 0.493, 'conf_unk': 0.236} t:133.8s v:37.3s
02_06_12:23 openset_imagenet.binary_ensemble_combined_emnist INFO: loss:bce protocol:2 ep:56 train:{'j': 0.334} val:{'j': 0.854, 'conf_kn': 0.599, 'conf_unk': 0.250} t:134.6s v:40.0s
02_06_12:23 openset_imagenet.binary_ensemble_combined_emnist INFO: Saving best model experiments/ex_6/net_2/bce_binary_ensemble_combined_imagenet_best.pth at epoch: 56
02_06_12:25 openset_imagenet.binary_ensemble_combined_emnist INFO: loss:bce protocol:2 ep:57 train:{'j': 0.327} val:{'j': 1.114, 'conf_kn': 0.561, 'conf_unk': 0.234} t:136.3s v:36.9s
02_06_12:28 openset_imagenet.binary_ensemble_combined_emnist INFO: loss:bce protocol:2 ep:58 train:{'j': 0.324} val:{'j': 0.942, 'conf_kn': 0.589, 'conf_unk': 0.245} t:135.0s v:37.2s
02_06_12:31 openset_imagenet.binary_ensemble_combined_emnist INFO: loss:bce protocol:2 ep:59 train:{'j': 0.318} val:{'j': 1.018, 'conf_kn': 0.591, 'conf_unk': 0.230} t:134.2s v:36.9s
02_06_12:34 openset_imagenet.binary_ensemble_combined_emnist INFO: loss:bce protocol:2 ep:60 train:{'j': 0.311} val:{'j': 0.725, 'conf_kn': 0.546, 'conf_unk': 0.256} t:133.6s v:36.8s
02_06_12:37 openset_imagenet.binary_ensemble_combined_emnist INFO: loss:bce protocol:2 ep:61 train:{'j': 0.306} val:{'j': 0.889, 'conf_kn': 0.594, 'conf_unk': 0.248} t:134.4s v:38.9s
02_06_12:40 openset_imagenet.binary_ensemble_combined_emnist INFO: loss:bce protocol:2 ep:62 train:{'j': 0.301} val:{'j': 0.860, 'conf_kn': 0.618, 'conf_unk': 0.230} t:134.9s v:38.7s
02_06_12:43 openset_imagenet.binary_ensemble_combined_emnist INFO: loss:bce protocol:2 ep:63 train:{'j': 0.293} val:{'j': 0.928, 'conf_kn': 0.557, 'conf_unk': 0.242} t:135.0s v:38.6s
02_06_12:46 openset_imagenet.binary_ensemble_combined_emnist INFO: loss:bce protocol:2 ep:64 train:{'j': 0.288} val:{'j': 1.019, 'conf_kn': 0.567, 'conf_unk': 0.228} t:135.6s v:39.3s
02_06_12:49 openset_imagenet.binary_ensemble_combined_emnist INFO: loss:bce protocol:2 ep:65 train:{'j': 0.284} val:{'j': 0.979, 'conf_kn': 0.580, 'conf_unk': 0.232} t:136.0s v:39.3s
02_06_12:52 openset_imagenet.binary_ensemble_combined_emnist INFO: loss:bce protocol:2 ep:66 train:{'j': 0.277} val:{'j': 1.004, 'conf_kn': 0.598, 'conf_unk': 0.228} t:135.6s v:38.7s
02_06_12:54 openset_imagenet.binary_ensemble_combined_emnist INFO: loss:bce protocol:2 ep:67 train:{'j': 0.271} val:{'j': 1.137, 'conf_kn': 0.600, 'conf_unk': 0.214} t:136.4s v:40.0s
02_06_12:57 openset_imagenet.binary_ensemble_combined_emnist INFO: loss:bce protocol:2 ep:68 train:{'j': 0.265} val:{'j': 0.945, 'conf_kn': 0.574, 'conf_unk': 0.234} t:136.1s v:38.6s
02_06_13:00 openset_imagenet.binary_ensemble_combined_emnist INFO: loss:bce protocol:2 ep:69 train:{'j': 0.267} val:{'j': 0.923, 'conf_kn': 0.569, 'conf_unk': 0.239} t:134.6s v:38.0s
02_06_13:03 openset_imagenet.binary_ensemble_combined_emnist INFO: loss:bce protocol:2 ep:70 train:{'j': 0.257} val:{'j': 0.997, 'conf_kn': 0.568, 'conf_unk': 0.221} t:136.0s v:41.0s
02_06_13:06 openset_imagenet.binary_ensemble_combined_emnist INFO: loss:bce protocol:2 ep:71 train:{'j': 0.251} val:{'j': 1.103, 'conf_kn': 0.616, 'conf_unk': 0.219} t:138.0s v:38.8s
02_06_13:09 openset_imagenet.binary_ensemble_combined_emnist INFO: loss:bce protocol:2 ep:72 train:{'j': 0.247} val:{'j': 0.899, 'conf_kn': 0.597, 'conf_unk': 0.228} t:135.8s v:38.0s
02_06_13:12 openset_imagenet.binary_ensemble_combined_emnist INFO: loss:bce protocol:2 ep:73 train:{'j': 0.241} val:{'j': 1.114, 'conf_kn': 0.452, 'conf_unk': 0.206} t:137.2s v:38.5s
02_06_13:15 openset_imagenet.binary_ensemble_combined_emnist INFO: loss:bce protocol:2 ep:74 train:{'j': 0.238} val:{'j': 1.254, 'conf_kn': 0.600, 'conf_unk': 0.214} t:136.0s v:39.0s
02_06_13:18 openset_imagenet.binary_ensemble_combined_emnist INFO: loss:bce protocol:2 ep:75 train:{'j': 0.232} val:{'j': 1.050, 'conf_kn': 0.585, 'conf_unk': 0.214} t:137.0s v:38.5s
02_06_13:21 openset_imagenet.binary_ensemble_combined_emnist INFO: loss:bce protocol:2 ep:76 train:{'j': 0.228} val:{'j': 0.990, 'conf_kn': 0.561, 'conf_unk': 0.228} t:136.9s v:38.6s
02_06_13:24 openset_imagenet.binary_ensemble_combined_emnist INFO: loss:bce protocol:2 ep:77 train:{'j': 0.225} val:{'j': 1.040, 'conf_kn': 0.498, 'conf_unk': 0.235} t:135.6s v:40.5s
02_06_13:27 openset_imagenet.binary_ensemble_combined_emnist INFO: loss:bce protocol:2 ep:78 train:{'j': 0.220} val:{'j': 0.939, 'conf_kn': 0.611, 'conf_unk': 0.209} t:137.9s v:39.8s
02_06_13:30 openset_imagenet.binary_ensemble_combined_emnist INFO: loss:bce protocol:2 ep:79 train:{'j': 0.220} val:{'j': 1.190, 'conf_kn': 0.602, 'conf_unk': 0.211} t:136.7s v:40.5s
02_06_13:33 openset_imagenet.binary_ensemble_combined_emnist INFO: loss:bce protocol:2 ep:80 train:{'j': 0.210} val:{'j': 1.022, 'conf_kn': 0.622, 'conf_unk': 0.206} t:136.8s v:40.2s
02_06_13:36 openset_imagenet.binary_ensemble_combined_emnist INFO: loss:bce protocol:2 ep:81 train:{'j': 0.209} val:{'j': 1.120, 'conf_kn': 0.574, 'conf_unk': 0.187} t:137.5s v:39.4s
02_06_13:39 openset_imagenet.binary_ensemble_combined_emnist INFO: loss:bce protocol:2 ep:82 train:{'j': 0.204} val:{'j': 1.375, 'conf_kn': 0.569, 'conf_unk': 0.193} t:137.6s v:39.8s
02_06_13:42 openset_imagenet.binary_ensemble_combined_emnist INFO: loss:bce protocol:2 ep:83 train:{'j': 0.200} val:{'j': 1.099, 'conf_kn': 0.617, 'conf_unk': 0.193} t:139.8s v:43.8s
02_06_13:45 openset_imagenet.binary_ensemble_combined_emnist INFO: loss:bce protocol:2 ep:84 train:{'j': 0.196} val:{'j': 1.356, 'conf_kn': 0.461, 'conf_unk': 0.173} t:138.1s v:41.2s
02_06_13:48 openset_imagenet.binary_ensemble_combined_emnist INFO: loss:bce protocol:2 ep:85 train:{'j': 0.188} val:{'j': 1.112, 'conf_kn': 0.617, 'conf_unk': 0.196} t:138.1s v:38.5s
02_06_13:51 openset_imagenet.binary_ensemble_combined_emnist INFO: loss:bce protocol:2 ep:86 train:{'j': 0.187} val:{'j': 1.269, 'conf_kn': 0.570, 'conf_unk': 0.194} t:133.4s v:39.1s
02_06_13:53 openset_imagenet.binary_ensemble_combined_emnist INFO: loss:bce protocol:2 ep:87 train:{'j': 0.185} val:{'j': 1.076, 'conf_kn': 0.640, 'conf_unk': 0.200} t:136.3s v:39.0s
02_06_13:56 openset_imagenet.binary_ensemble_combined_emnist INFO: loss:bce protocol:2 ep:88 train:{'j': 0.180} val:{'j': 1.113, 'conf_kn': 0.609, 'conf_unk': 0.198} t:136.7s v:39.7s
02_06_13:59 openset_imagenet.binary_ensemble_combined_emnist INFO: loss:bce protocol:2 ep:89 train:{'j': 0.176} val:{'j': 1.153, 'conf_kn': 0.643, 'conf_unk': 0.190} t:137.1s v:40.0s
02_06_14:02 openset_imagenet.binary_ensemble_combined_emnist INFO: loss:bce protocol:2 ep:90 train:{'j': 0.171} val:{'j': 1.022, 'conf_kn': 0.617, 'conf_unk': 0.211} t:137.2s v:39.1s
02_06_14:05 openset_imagenet.binary_ensemble_combined_emnist INFO: loss:bce protocol:2 ep:91 train:{'j': 0.168} val:{'j': 0.996, 'conf_kn': 0.620, 'conf_unk': 0.197} t:137.2s v:37.9s
02_06_14:08 openset_imagenet.binary_ensemble_combined_emnist INFO: loss:bce protocol:2 ep:92 train:{'j': 0.172} val:{'j': 1.293, 'conf_kn': 0.599, 'conf_unk': 0.188} t:135.1s v:39.8s
02_06_14:11 openset_imagenet.binary_ensemble_combined_emnist INFO: loss:bce protocol:2 ep:93 train:{'j': 0.163} val:{'j': 1.127, 'conf_kn': 0.633, 'conf_unk': 0.190} t:136.8s v:40.3s
02_06_14:14 openset_imagenet.binary_ensemble_combined_emnist INFO: loss:bce protocol:2 ep:94 train:{'j': 0.157} val:{'j': 1.136, 'conf_kn': 0.634, 'conf_unk': 0.179} t:135.1s v:36.7s
02_06_14:17 openset_imagenet.binary_ensemble_combined_emnist INFO: loss:bce protocol:2 ep:95 train:{'j': 0.159} val:{'j': 1.157, 'conf_kn': 0.614, 'conf_unk': 0.187} t:133.3s v:36.4s
02_06_14:20 openset_imagenet.binary_ensemble_combined_emnist INFO: loss:bce protocol:2 ep:96 train:{'j': 0.154} val:{'j': 1.065, 'conf_kn': 0.622, 'conf_unk': 0.189} t:133.8s v:36.8s
02_06_14:23 openset_imagenet.binary_ensemble_combined_emnist INFO: loss:bce protocol:2 ep:97 train:{'j': 0.148} val:{'j': 1.143, 'conf_kn': 0.644, 'conf_unk': 0.183} t:133.8s v:37.0s
02_06_14:25 openset_imagenet.binary_ensemble_combined_emnist INFO: loss:bce protocol:2 ep:98 train:{'j': 0.142} val:{'j': 1.238, 'conf_kn': 0.640, 'conf_unk': 0.190} t:134.0s v:36.8s
02_06_14:28 openset_imagenet.binary_ensemble_combined_emnist INFO: loss:bce protocol:2 ep:99 train:{'j': 0.143} val:{'j': 1.108, 'conf_kn': 0.610, 'conf_unk': 0.178} t:133.3s v:37.6s
02_06_14:31 openset_imagenet.binary_ensemble_combined_emnist INFO: loss:bce protocol:2 ep:100 train:{'j': 0.145} val:{'j': 1.254, 'conf_kn': 0.550, 'conf_unk': 0.192} t:135.6s v:36.6s
02_06_14:34 openset_imagenet.binary_ensemble_combined_emnist INFO: loss:bce protocol:2 ep:101 train:{'j': 0.139} val:{'j': 1.219, 'conf_kn': 0.618, 'conf_unk': 0.181} t:133.3s v:37.1s
02_06_14:37 openset_imagenet.binary_ensemble_combined_emnist INFO: loss:bce protocol:2 ep:102 train:{'j': 0.136} val:{'j': 1.090, 'conf_kn': 0.632, 'conf_unk': 0.185} t:133.6s v:36.4s
02_06_14:40 openset_imagenet.binary_ensemble_combined_emnist INFO: loss:bce protocol:2 ep:103 train:{'j': 0.131} val:{'j': 1.366, 'conf_kn': 0.620, 'conf_unk': 0.175} t:133.3s v:36.9s
02_06_14:43 openset_imagenet.binary_ensemble_combined_emnist INFO: loss:bce protocol:2 ep:104 train:{'j': 0.131} val:{'j': 1.275, 'conf_kn': 0.614, 'conf_unk': 0.180} t:133.2s v:36.7s
02_06_14:45 openset_imagenet.binary_ensemble_combined_emnist INFO: loss:bce protocol:2 ep:105 train:{'j': 0.129} val:{'j': 1.035, 'conf_kn': 0.609, 'conf_unk': 0.186} t:133.3s v:37.7s
02_06_14:48 openset_imagenet.binary_ensemble_combined_emnist INFO: loss:bce protocol:2 ep:106 train:{'j': 0.130} val:{'j': 1.277, 'conf_kn': 0.584, 'conf_unk': 0.186} t:135.5s v:38.0s
02_06_14:51 openset_imagenet.binary_ensemble_combined_emnist INFO: loss:bce protocol:2 ep:107 train:{'j': 0.127} val:{'j': 1.122, 'conf_kn': 0.637, 'conf_unk': 0.177} t:134.6s v:37.8s
02_06_14:54 openset_imagenet.binary_ensemble_combined_emnist INFO: loss:bce protocol:2 ep:108 train:{'j': 0.128} val:{'j': 1.405, 'conf_kn': 0.635, 'conf_unk': 0.178} t:134.9s v:39.2s
02_06_14:57 openset_imagenet.binary_ensemble_combined_emnist INFO: loss:bce protocol:2 ep:109 train:{'j': 0.115} val:{'j': 1.221, 'conf_kn': 0.548, 'conf_unk': 0.181} t:135.4s v:38.3s
02_06_15:00 openset_imagenet.binary_ensemble_combined_emnist INFO: loss:bce protocol:2 ep:110 train:{'j': 0.117} val:{'j': 1.217, 'conf_kn': 0.653, 'conf_unk': 0.181} t:134.9s v:37.9s
02_06_15:03 openset_imagenet.binary_ensemble_combined_emnist INFO: loss:bce protocol:2 ep:111 train:{'j': 0.117} val:{'j': 1.277, 'conf_kn': 0.638, 'conf_unk': 0.181} t:135.3s v:39.0s
02_06_15:06 openset_imagenet.binary_ensemble_combined_emnist INFO: loss:bce protocol:2 ep:112 train:{'j': 0.114} val:{'j': 1.289, 'conf_kn': 0.593, 'conf_unk': 0.177} t:138.1s v:37.0s
02_06_15:09 openset_imagenet.binary_ensemble_combined_emnist INFO: loss:bce protocol:2 ep:113 train:{'j': 0.114} val:{'j': 1.224, 'conf_kn': 0.647, 'conf_unk': 0.169} t:133.6s v:36.7s
02_06_15:11 openset_imagenet.binary_ensemble_combined_emnist INFO: loss:bce protocol:2 ep:114 train:{'j': 0.108} val:{'j': 1.145, 'conf_kn': 0.610, 'conf_unk': 0.169} t:133.5s v:36.2s
02_06_15:14 openset_imagenet.binary_ensemble_combined_emnist INFO: loss:bce protocol:2 ep:115 train:{'j': 0.105} val:{'j': 1.211, 'conf_kn': 0.632, 'conf_unk': 0.172} t:132.8s v:36.7s
02_06_15:17 openset_imagenet.binary_ensemble_combined_emnist INFO: loss:bce protocol:2 ep:116 train:{'j': 0.102} val:{'j': 1.377, 'conf_kn': 0.621, 'conf_unk': 0.174} t:133.0s v:37.1s
02_06_15:20 openset_imagenet.binary_ensemble_combined_emnist INFO: loss:bce protocol:2 ep:117 train:{'j': 0.108} val:{'j': 1.334, 'conf_kn': 0.591, 'conf_unk': 0.177} t:133.2s v:36.5s
02_06_15:23 openset_imagenet.binary_ensemble_combined_emnist INFO: loss:bce protocol:2 ep:118 train:{'j': 0.103} val:{'j': 1.363, 'conf_kn': 0.620, 'conf_unk': 0.174} t:133.9s v:38.8s
02_06_15:26 openset_imagenet.binary_ensemble_combined_emnist INFO: loss:bce protocol:2 ep:119 train:{'j': 0.100} val:{'j': 1.170, 'conf_kn': 0.607, 'conf_unk': 0.185} t:136.2s v:39.4s
02_06_15:26 openset_imagenet.binary_ensemble_combined_emnist INFO: Training finished
