07_05_16:30 openset_imagenet.binary_ensemble_combined_emnist INFO: ============ Data ============
07_05_16:30 openset_imagenet.binary_ensemble_combined_emnist INFO: train_len:60000, labels:10
07_05_16:30 openset_imagenet.binary_ensemble_combined_emnist INFO: val_len:10000, labels:10
07_05_16:30 openset_imagenet.binary_ensemble_combined_emnist INFO: ========== Training ==========
07_05_16:30 openset_imagenet.binary_ensemble_combined_emnist INFO: Initial epoch: 0
07_05_16:30 openset_imagenet.binary_ensemble_combined_emnist INFO: Last epoch: 50
07_05_16:30 openset_imagenet.binary_ensemble_combined_emnist INFO: Batch size: 32
07_05_16:30 openset_imagenet.binary_ensemble_combined_emnist INFO: workers: 0
07_05_16:30 openset_imagenet.binary_ensemble_combined_emnist INFO: Loss: bce
07_05_16:30 openset_imagenet.binary_ensemble_combined_emnist INFO: optimizer: sgd
07_05_16:30 openset_imagenet.binary_ensemble_combined_emnist INFO: Learning rate: 0.001
07_05_16:30 openset_imagenet.binary_ensemble_combined_emnist INFO: Device: 2
07_05_16:30 openset_imagenet.binary_ensemble_combined_emnist INFO: Number of binary outputs: 80
07_05_16:30 openset_imagenet.binary_ensemble_combined_emnist INFO: Using following approach to generate sets: random
07_05_16:30 openset_imagenet.binary_ensemble_combined_emnist INFO: Training...
07_05_16:32 openset_imagenet.binary_ensemble_combined_emnist INFO: loss:bce protocol:2 ep:0 train:{'j': 0.693} val:{'j': 0.693, 'conf_kn': 0.505, 'conf_unk': 0.000} t:126.8s v:20.6s
07_05_16:32 openset_imagenet.binary_ensemble_combined_emnist INFO: Saving best model experiments/ex_1/net_4/bce_binary_ensemble_combined_emnist_best.pth at epoch: 0
07_05_16:35 openset_imagenet.binary_ensemble_combined_emnist INFO: loss:bce protocol:2 ep:1 train:{'j': 0.693} val:{'j': 0.693, 'conf_kn': 0.513, 'conf_unk': 0.000} t:126.5s v:20.3s
07_05_16:35 openset_imagenet.binary_ensemble_combined_emnist INFO: Saving best model experiments/ex_1/net_4/bce_binary_ensemble_combined_emnist_best.pth at epoch: 1
07_05_16:37 openset_imagenet.binary_ensemble_combined_emnist INFO: loss:bce protocol:2 ep:2 train:{'j': 0.693} val:{'j': 0.692, 'conf_kn': 0.526, 'conf_unk': 0.000} t:127.3s v:20.6s
07_05_16:37 openset_imagenet.binary_ensemble_combined_emnist INFO: Saving best model experiments/ex_1/net_4/bce_binary_ensemble_combined_emnist_best.pth at epoch: 2
07_05_16:40 openset_imagenet.binary_ensemble_combined_emnist INFO: loss:bce protocol:2 ep:3 train:{'j': 0.692} val:{'j': 0.692, 'conf_kn': 0.543, 'conf_unk': 0.000} t:125.9s v:21.8s
07_05_16:40 openset_imagenet.binary_ensemble_combined_emnist INFO: Saving best model experiments/ex_1/net_4/bce_binary_ensemble_combined_emnist_best.pth at epoch: 3
07_05_16:42 openset_imagenet.binary_ensemble_combined_emnist INFO: loss:bce protocol:2 ep:4 train:{'j': 0.691} val:{'j': 0.690, 'conf_kn': 0.562, 'conf_unk': 0.000} t:137.4s v:23.9s
07_05_16:42 openset_imagenet.binary_ensemble_combined_emnist INFO: Saving best model experiments/ex_1/net_4/bce_binary_ensemble_combined_emnist_best.pth at epoch: 4
07_05_16:45 openset_imagenet.binary_ensemble_combined_emnist INFO: loss:bce protocol:2 ep:5 train:{'j': 0.687} val:{'j': 0.683, 'conf_kn': 0.589, 'conf_unk': 0.000} t:140.8s v:20.9s
07_05_16:45 openset_imagenet.binary_ensemble_combined_emnist INFO: Saving best model experiments/ex_1/net_4/bce_binary_ensemble_combined_emnist_best.pth at epoch: 5
07_05_16:48 openset_imagenet.binary_ensemble_combined_emnist INFO: loss:bce protocol:2 ep:6 train:{'j': 0.664} val:{'j': 0.624, 'conf_kn': 0.664, 'conf_unk': 0.000} t:128.8s v:21.0s
07_05_16:48 openset_imagenet.binary_ensemble_combined_emnist INFO: Saving best model experiments/ex_1/net_4/bce_binary_ensemble_combined_emnist_best.pth at epoch: 6
07_05_16:50 openset_imagenet.binary_ensemble_combined_emnist INFO: loss:bce protocol:2 ep:7 train:{'j': 0.541} val:{'j': 0.459, 'conf_kn': 0.784, 'conf_unk': 0.000} t:128.8s v:21.3s
07_05_16:50 openset_imagenet.binary_ensemble_combined_emnist INFO: Saving best model experiments/ex_1/net_4/bce_binary_ensemble_combined_emnist_best.pth at epoch: 7
07_05_16:53 openset_imagenet.binary_ensemble_combined_emnist INFO: loss:bce protocol:2 ep:8 train:{'j': 0.369} val:{'j': 0.292, 'conf_kn': 0.884, 'conf_unk': 0.000} t:130.2s v:21.3s
07_05_16:53 openset_imagenet.binary_ensemble_combined_emnist INFO: Saving best model experiments/ex_1/net_4/bce_binary_ensemble_combined_emnist_best.pth at epoch: 8
07_05_16:55 openset_imagenet.binary_ensemble_combined_emnist INFO: loss:bce protocol:2 ep:9 train:{'j': 0.233} val:{'j': 0.190, 'conf_kn': 0.931, 'conf_unk': 0.000} t:129.9s v:21.3s
07_05_16:55 openset_imagenet.binary_ensemble_combined_emnist INFO: Saving best model experiments/ex_1/net_4/bce_binary_ensemble_combined_emnist_best.pth at epoch: 9
07_05_16:58 openset_imagenet.binary_ensemble_combined_emnist INFO: loss:bce protocol:2 ep:10 train:{'j': 0.162} val:{'j': 0.143, 'conf_kn': 0.949, 'conf_unk': 0.000} t:129.4s v:21.1s
07_05_16:58 openset_imagenet.binary_ensemble_combined_emnist INFO: Saving best model experiments/ex_1/net_4/bce_binary_ensemble_combined_emnist_best.pth at epoch: 10
07_05_17:00 openset_imagenet.binary_ensemble_combined_emnist INFO: loss:bce protocol:2 ep:11 train:{'j': 0.126} val:{'j': 0.117, 'conf_kn': 0.959, 'conf_unk': 0.000} t:131.0s v:21.4s
07_05_17:00 openset_imagenet.binary_ensemble_combined_emnist INFO: Saving best model experiments/ex_1/net_4/bce_binary_ensemble_combined_emnist_best.pth at epoch: 11
07_05_17:03 openset_imagenet.binary_ensemble_combined_emnist INFO: loss:bce protocol:2 ep:12 train:{'j': 0.105} val:{'j': 0.099, 'conf_kn': 0.966, 'conf_unk': 0.000} t:130.5s v:21.2s
07_05_17:03 openset_imagenet.binary_ensemble_combined_emnist INFO: Saving best model experiments/ex_1/net_4/bce_binary_ensemble_combined_emnist_best.pth at epoch: 12
07_05_17:05 openset_imagenet.binary_ensemble_combined_emnist INFO: loss:bce protocol:2 ep:13 train:{'j': 0.090} val:{'j': 0.088, 'conf_kn': 0.970, 'conf_unk': 0.000} t:129.9s v:21.2s
07_05_17:05 openset_imagenet.binary_ensemble_combined_emnist INFO: Saving best model experiments/ex_1/net_4/bce_binary_ensemble_combined_emnist_best.pth at epoch: 13
07_05_17:08 openset_imagenet.binary_ensemble_combined_emnist INFO: loss:bce protocol:2 ep:14 train:{'j': 0.079} val:{'j': 0.079, 'conf_kn': 0.973, 'conf_unk': 0.000} t:130.7s v:21.1s
07_05_17:08 openset_imagenet.binary_ensemble_combined_emnist INFO: Saving best model experiments/ex_1/net_4/bce_binary_ensemble_combined_emnist_best.pth at epoch: 14
07_05_17:10 openset_imagenet.binary_ensemble_combined_emnist INFO: loss:bce protocol:2 ep:15 train:{'j': 0.071} val:{'j': 0.071, 'conf_kn': 0.976, 'conf_unk': 0.000} t:130.2s v:21.3s
07_05_17:10 openset_imagenet.binary_ensemble_combined_emnist INFO: Saving best model experiments/ex_1/net_4/bce_binary_ensemble_combined_emnist_best.pth at epoch: 15
07_05_17:13 openset_imagenet.binary_ensemble_combined_emnist INFO: loss:bce protocol:2 ep:16 train:{'j': 0.064} val:{'j': 0.064, 'conf_kn': 0.979, 'conf_unk': 0.000} t:130.8s v:21.3s
07_05_17:13 openset_imagenet.binary_ensemble_combined_emnist INFO: Saving best model experiments/ex_1/net_4/bce_binary_ensemble_combined_emnist_best.pth at epoch: 16
07_05_17:15 openset_imagenet.binary_ensemble_combined_emnist INFO: loss:bce protocol:2 ep:17 train:{'j': 0.059} val:{'j': 0.058, 'conf_kn': 0.981, 'conf_unk': 0.000} t:131.0s v:21.5s
07_05_17:15 openset_imagenet.binary_ensemble_combined_emnist INFO: Saving best model experiments/ex_1/net_4/bce_binary_ensemble_combined_emnist_best.pth at epoch: 17
07_05_17:18 openset_imagenet.binary_ensemble_combined_emnist INFO: loss:bce protocol:2 ep:18 train:{'j': 0.055} val:{'j': 0.060, 'conf_kn': 0.980, 'conf_unk': 0.000} t:130.6s v:21.6s
07_05_17:20 openset_imagenet.binary_ensemble_combined_emnist INFO: loss:bce protocol:2 ep:19 train:{'j': 0.051} val:{'j': 0.051, 'conf_kn': 0.983, 'conf_unk': 0.000} t:129.8s v:21.1s
07_05_17:20 openset_imagenet.binary_ensemble_combined_emnist INFO: Saving best model experiments/ex_1/net_4/bce_binary_ensemble_combined_emnist_best.pth at epoch: 19
07_05_17:23 openset_imagenet.binary_ensemble_combined_emnist INFO: loss:bce protocol:2 ep:20 train:{'j': 0.048} val:{'j': 0.050, 'conf_kn': 0.983, 'conf_unk': 0.000} t:129.1s v:21.1s
07_05_17:23 openset_imagenet.binary_ensemble_combined_emnist INFO: Saving best model experiments/ex_1/net_4/bce_binary_ensemble_combined_emnist_best.pth at epoch: 20
07_05_17:25 openset_imagenet.binary_ensemble_combined_emnist INFO: loss:bce protocol:2 ep:21 train:{'j': 0.046} val:{'j': 0.048, 'conf_kn': 0.984, 'conf_unk': 0.000} t:129.4s v:21.2s
07_05_17:25 openset_imagenet.binary_ensemble_combined_emnist INFO: Saving best model experiments/ex_1/net_4/bce_binary_ensemble_combined_emnist_best.pth at epoch: 21
07_05_17:28 openset_imagenet.binary_ensemble_combined_emnist INFO: loss:bce protocol:2 ep:22 train:{'j': 0.044} val:{'j': 0.044, 'conf_kn': 0.985, 'conf_unk': 0.000} t:129.9s v:21.8s
07_05_17:28 openset_imagenet.binary_ensemble_combined_emnist INFO: Saving best model experiments/ex_1/net_4/bce_binary_ensemble_combined_emnist_best.pth at epoch: 22
07_05_17:31 openset_imagenet.binary_ensemble_combined_emnist INFO: loss:bce protocol:2 ep:23 train:{'j': 0.042} val:{'j': 0.042, 'conf_kn': 0.986, 'conf_unk': 0.000} t:133.8s v:21.8s
07_05_17:31 openset_imagenet.binary_ensemble_combined_emnist INFO: Saving best model experiments/ex_1/net_4/bce_binary_ensemble_combined_emnist_best.pth at epoch: 23
07_05_17:33 openset_imagenet.binary_ensemble_combined_emnist INFO: loss:bce protocol:2 ep:24 train:{'j': 0.040} val:{'j': 0.040, 'conf_kn': 0.986, 'conf_unk': 0.000} t:134.4s v:21.8s
07_05_17:33 openset_imagenet.binary_ensemble_combined_emnist INFO: Saving best model experiments/ex_1/net_4/bce_binary_ensemble_combined_emnist_best.pth at epoch: 24
07_05_17:36 openset_imagenet.binary_ensemble_combined_emnist INFO: loss:bce protocol:2 ep:25 train:{'j': 0.038} val:{'j': 0.040, 'conf_kn': 0.986, 'conf_unk': 0.000} t:133.7s v:21.9s
07_05_17:36 openset_imagenet.binary_ensemble_combined_emnist INFO: Saving best model experiments/ex_1/net_4/bce_binary_ensemble_combined_emnist_best.pth at epoch: 25
07_05_17:38 openset_imagenet.binary_ensemble_combined_emnist INFO: loss:bce protocol:2 ep:26 train:{'j': 0.037} val:{'j': 0.039, 'conf_kn': 0.987, 'conf_unk': 0.000} t:132.8s v:20.8s
07_05_17:38 openset_imagenet.binary_ensemble_combined_emnist INFO: Saving best model experiments/ex_1/net_4/bce_binary_ensemble_combined_emnist_best.pth at epoch: 26
07_05_17:41 openset_imagenet.binary_ensemble_combined_emnist INFO: loss:bce protocol:2 ep:27 train:{'j': 0.036} val:{'j': 0.036, 'conf_kn': 0.988, 'conf_unk': 0.000} t:127.6s v:21.0s
07_05_17:41 openset_imagenet.binary_ensemble_combined_emnist INFO: Saving best model experiments/ex_1/net_4/bce_binary_ensemble_combined_emnist_best.pth at epoch: 27
07_05_17:43 openset_imagenet.binary_ensemble_combined_emnist INFO: loss:bce protocol:2 ep:28 train:{'j': 0.034} val:{'j': 0.036, 'conf_kn': 0.987, 'conf_unk': 0.000} t:127.6s v:20.7s
07_05_17:46 openset_imagenet.binary_ensemble_combined_emnist INFO: loss:bce protocol:2 ep:29 train:{'j': 0.033} val:{'j': 0.035, 'conf_kn': 0.988, 'conf_unk': 0.000} t:124.5s v:20.0s
07_05_17:46 openset_imagenet.binary_ensemble_combined_emnist INFO: Saving best model experiments/ex_1/net_4/bce_binary_ensemble_combined_emnist_best.pth at epoch: 29
07_05_17:48 openset_imagenet.binary_ensemble_combined_emnist INFO: loss:bce protocol:2 ep:30 train:{'j': 0.032} val:{'j': 0.035, 'conf_kn': 0.988, 'conf_unk': 0.000} t:119.1s v:19.0s
07_05_17:50 openset_imagenet.binary_ensemble_combined_emnist INFO: loss:bce protocol:2 ep:31 train:{'j': 0.031} val:{'j': 0.033, 'conf_kn': 0.989, 'conf_unk': 0.000} t:116.3s v:19.1s
07_05_17:50 openset_imagenet.binary_ensemble_combined_emnist INFO: Saving best model experiments/ex_1/net_4/bce_binary_ensemble_combined_emnist_best.pth at epoch: 31
07_05_17:52 openset_imagenet.binary_ensemble_combined_emnist INFO: loss:bce protocol:2 ep:32 train:{'j': 0.030} val:{'j': 0.036, 'conf_kn': 0.987, 'conf_unk': 0.000} t:116.3s v:19.1s
07_05_17:55 openset_imagenet.binary_ensemble_combined_emnist INFO: loss:bce protocol:2 ep:33 train:{'j': 0.029} val:{'j': 0.032, 'conf_kn': 0.989, 'conf_unk': 0.000} t:117.1s v:19.0s
07_05_17:55 openset_imagenet.binary_ensemble_combined_emnist INFO: Saving best model experiments/ex_1/net_4/bce_binary_ensemble_combined_emnist_best.pth at epoch: 33
07_05_17:57 openset_imagenet.binary_ensemble_combined_emnist INFO: loss:bce protocol:2 ep:34 train:{'j': 0.029} val:{'j': 0.031, 'conf_kn': 0.989, 'conf_unk': 0.000} t:115.6s v:18.8s
07_05_17:57 openset_imagenet.binary_ensemble_combined_emnist INFO: Saving best model experiments/ex_1/net_4/bce_binary_ensemble_combined_emnist_best.pth at epoch: 34
07_05_17:59 openset_imagenet.binary_ensemble_combined_emnist INFO: loss:bce protocol:2 ep:35 train:{'j': 0.028} val:{'j': 0.034, 'conf_kn': 0.988, 'conf_unk': 0.000} t:115.0s v:18.8s
07_05_18:01 openset_imagenet.binary_ensemble_combined_emnist INFO: loss:bce protocol:2 ep:36 train:{'j': 0.027} val:{'j': 0.029, 'conf_kn': 0.990, 'conf_unk': 0.000} t:115.3s v:18.9s
07_05_18:01 openset_imagenet.binary_ensemble_combined_emnist INFO: Saving best model experiments/ex_1/net_4/bce_binary_ensemble_combined_emnist_best.pth at epoch: 36
07_05_18:04 openset_imagenet.binary_ensemble_combined_emnist INFO: loss:bce protocol:2 ep:37 train:{'j': 0.027} val:{'j': 0.028, 'conf_kn': 0.990, 'conf_unk': 0.000} t:116.8s v:18.8s
07_05_18:04 openset_imagenet.binary_ensemble_combined_emnist INFO: Saving best model experiments/ex_1/net_4/bce_binary_ensemble_combined_emnist_best.pth at epoch: 37
07_05_18:06 openset_imagenet.binary_ensemble_combined_emnist INFO: loss:bce protocol:2 ep:38 train:{'j': 0.026} val:{'j': 0.028, 'conf_kn': 0.990, 'conf_unk': 0.000} t:120.0s v:19.6s
07_05_18:08 openset_imagenet.binary_ensemble_combined_emnist INFO: loss:bce protocol:2 ep:39 train:{'j': 0.025} val:{'j': 0.030, 'conf_kn': 0.990, 'conf_unk': 0.000} t:121.9s v:19.9s
07_05_18:11 openset_imagenet.binary_ensemble_combined_emnist INFO: loss:bce protocol:2 ep:40 train:{'j': 0.025} val:{'j': 0.029, 'conf_kn': 0.990, 'conf_unk': 0.000} t:122.4s v:19.7s
07_05_18:11 openset_imagenet.binary_ensemble_combined_emnist INFO: Saving best model experiments/ex_1/net_4/bce_binary_ensemble_combined_emnist_best.pth at epoch: 40
07_05_18:13 openset_imagenet.binary_ensemble_combined_emnist INFO: loss:bce protocol:2 ep:41 train:{'j': 0.024} val:{'j': 0.027, 'conf_kn': 0.991, 'conf_unk': 0.000} t:123.1s v:19.9s
07_05_18:13 openset_imagenet.binary_ensemble_combined_emnist INFO: Saving best model experiments/ex_1/net_4/bce_binary_ensemble_combined_emnist_best.pth at epoch: 41
07_05_18:16 openset_imagenet.binary_ensemble_combined_emnist INFO: loss:bce protocol:2 ep:42 train:{'j': 0.024} val:{'j': 0.026, 'conf_kn': 0.991, 'conf_unk': 0.000} t:122.4s v:19.8s
07_05_18:16 openset_imagenet.binary_ensemble_combined_emnist INFO: Saving best model experiments/ex_1/net_4/bce_binary_ensemble_combined_emnist_best.pth at epoch: 42
07_05_18:18 openset_imagenet.binary_ensemble_combined_emnist INFO: loss:bce protocol:2 ep:43 train:{'j': 0.023} val:{'j': 0.027, 'conf_kn': 0.990, 'conf_unk': 0.000} t:121.2s v:19.9s
07_05_18:20 openset_imagenet.binary_ensemble_combined_emnist INFO: loss:bce protocol:2 ep:44 train:{'j': 0.023} val:{'j': 0.026, 'conf_kn': 0.991, 'conf_unk': 0.000} t:122.5s v:19.8s
07_05_18:23 openset_imagenet.binary_ensemble_combined_emnist INFO: loss:bce protocol:2 ep:45 train:{'j': 0.022} val:{'j': 0.026, 'conf_kn': 0.991, 'conf_unk': 0.000} t:117.7s v:19.1s
07_05_18:23 openset_imagenet.binary_ensemble_combined_emnist INFO: Saving best model experiments/ex_1/net_4/bce_binary_ensemble_combined_emnist_best.pth at epoch: 45
07_05_18:25 openset_imagenet.binary_ensemble_combined_emnist INFO: loss:bce protocol:2 ep:46 train:{'j': 0.022} val:{'j': 0.025, 'conf_kn': 0.991, 'conf_unk': 0.000} t:116.8s v:19.1s
07_05_18:25 openset_imagenet.binary_ensemble_combined_emnist INFO: Saving best model experiments/ex_1/net_4/bce_binary_ensemble_combined_emnist_best.pth at epoch: 46
07_05_18:27 openset_imagenet.binary_ensemble_combined_emnist INFO: loss:bce protocol:2 ep:47 train:{'j': 0.021} val:{'j': 0.024, 'conf_kn': 0.991, 'conf_unk': 0.000} t:117.3s v:19.0s
07_05_18:29 openset_imagenet.binary_ensemble_combined_emnist INFO: loss:bce protocol:2 ep:48 train:{'j': 0.021} val:{'j': 0.024, 'conf_kn': 0.992, 'conf_unk': 0.000} t:116.7s v:19.1s
07_05_18:29 openset_imagenet.binary_ensemble_combined_emnist INFO: Saving best model experiments/ex_1/net_4/bce_binary_ensemble_combined_emnist_best.pth at epoch: 48
07_05_18:32 openset_imagenet.binary_ensemble_combined_emnist INFO: loss:bce protocol:2 ep:49 train:{'j': 0.020} val:{'j': 0.025, 'conf_kn': 0.992, 'conf_unk': 0.000} t:117.1s v:19.2s
07_05_18:32 openset_imagenet.binary_ensemble_combined_emnist INFO: Saving best model experiments/ex_1/net_4/bce_binary_ensemble_combined_emnist_best.pth at epoch: 49
07_05_18:32 openset_imagenet.binary_ensemble_combined_emnist INFO: Training finished
