07_06_12:21 openset_imagenet.binary_ensemble_combined_emnist INFO: ============ Data ============
07_06_12:21 openset_imagenet.binary_ensemble_combined_emnist INFO: train_len:252724, labels:152
07_06_12:21 openset_imagenet.binary_ensemble_combined_emnist INFO: val_len:63182, labels:152
07_06_12:21 openset_imagenet.binary_ensemble_combined_emnist INFO: Using Negatives for Training: True
07_06_12:21 openset_imagenet.binary_ensemble_combined_emnist INFO: ========== Training ==========
07_06_12:21 openset_imagenet.binary_ensemble_combined_emnist INFO: Initial epoch: 0
07_06_12:21 openset_imagenet.binary_ensemble_combined_emnist INFO: Last epoch: 120
07_06_12:21 openset_imagenet.binary_ensemble_combined_emnist INFO: Batch size: 32
07_06_12:21 openset_imagenet.binary_ensemble_combined_emnist INFO: workers: 4
07_06_12:21 openset_imagenet.binary_ensemble_combined_emnist INFO: Loss: bce
07_06_12:21 openset_imagenet.binary_ensemble_combined_emnist INFO: optimizer: adam
07_06_12:21 openset_imagenet.binary_ensemble_combined_emnist INFO: Learning rate: 0.001
07_06_12:21 openset_imagenet.binary_ensemble_combined_emnist INFO: Device: 5
07_06_12:21 openset_imagenet.binary_ensemble_combined_emnist INFO: Number of binary outputs: 40
07_06_12:21 openset_imagenet.binary_ensemble_combined_emnist INFO: Using following approach to generate sets: random
07_06_12:21 openset_imagenet.binary_ensemble_combined_emnist INFO: Using Model: resnet50Plus
07_06_12:21 openset_imagenet.binary_ensemble_combined_emnist INFO: Training...
07_06_12:55 openset_imagenet.binary_ensemble_combined_emnist INFO: loss:bce protocol:3 ep:0 train:{'j': 0.691} val:{'j': 0.690, 'conf_kn': 0.053, 'conf_unk': 0.481} t:1650.7s v:354.6s
07_06_12:55 openset_imagenet.binary_ensemble_combined_emnist INFO: Saving best model experiments/ex_7/net_10/bce_binary_ensemble_combined_imagenet_best.pth at epoch: 0
07_06_13:26 openset_imagenet.binary_ensemble_combined_emnist INFO: loss:bce protocol:3 ep:1 train:{'j': 0.687} val:{'j': 0.686, 'conf_kn': 0.089, 'conf_unk': 0.471} t:1375.2s v:485.4s
07_06_13:26 openset_imagenet.binary_ensemble_combined_emnist INFO: Saving best model experiments/ex_7/net_10/bce_binary_ensemble_combined_imagenet_best.pth at epoch: 1
07_06_14:21 openset_imagenet.binary_ensemble_combined_emnist INFO: loss:bce protocol:3 ep:2 train:{'j': 0.682} val:{'j': 0.677, 'conf_kn': 0.139, 'conf_unk': 0.466} t:2869.4s v:457.5s
07_06_14:21 openset_imagenet.binary_ensemble_combined_emnist INFO: Saving best model experiments/ex_7/net_10/bce_binary_ensemble_combined_imagenet_best.pth at epoch: 2
07_06_15:10 openset_imagenet.binary_ensemble_combined_emnist INFO: loss:bce protocol:3 ep:3 train:{'j': 0.676} val:{'j': 0.676, 'conf_kn': 0.167, 'conf_unk': 0.460} t:2443.2s v:469.4s
07_06_15:10 openset_imagenet.binary_ensemble_combined_emnist INFO: Saving best model experiments/ex_7/net_10/bce_binary_ensemble_combined_imagenet_best.pth at epoch: 3
07_06_15:45 openset_imagenet.binary_ensemble_combined_emnist INFO: loss:bce protocol:3 ep:4 train:{'j': 0.668} val:{'j': 0.666, 'conf_kn': 0.203, 'conf_unk': 0.452} t:1781.8s v:320.5s
07_06_15:45 openset_imagenet.binary_ensemble_combined_emnist INFO: Saving best model experiments/ex_7/net_10/bce_binary_ensemble_combined_imagenet_best.pth at epoch: 4
07_06_16:11 openset_imagenet.binary_ensemble_combined_emnist INFO: loss:bce protocol:3 ep:5 train:{'j': 0.660} val:{'j': 0.668, 'conf_kn': 0.244, 'conf_unk': 0.447} t:1290.9s v:288.1s
07_06_16:11 openset_imagenet.binary_ensemble_combined_emnist INFO: Saving best model experiments/ex_7/net_10/bce_binary_ensemble_combined_imagenet_best.pth at epoch: 5
07_06_16:37 openset_imagenet.binary_ensemble_combined_emnist INFO: loss:bce protocol:3 ep:6 train:{'j': 0.651} val:{'j': 0.672, 'conf_kn': 0.231, 'conf_unk': 0.448} t:1246.9s v:301.5s
07_06_17:03 openset_imagenet.binary_ensemble_combined_emnist INFO: loss:bce protocol:3 ep:7 train:{'j': 0.643} val:{'j': 0.638, 'conf_kn': 0.308, 'conf_unk': 0.448} t:1245.8s v:278.0s
07_06_17:03 openset_imagenet.binary_ensemble_combined_emnist INFO: Saving best model experiments/ex_7/net_10/bce_binary_ensemble_combined_imagenet_best.pth at epoch: 7
07_06_17:29 openset_imagenet.binary_ensemble_combined_emnist INFO: loss:bce protocol:3 ep:8 train:{'j': 0.634} val:{'j': 0.633, 'conf_kn': 0.325, 'conf_unk': 0.440} t:1234.7s v:321.5s
07_06_17:29 openset_imagenet.binary_ensemble_combined_emnist INFO: Saving best model experiments/ex_7/net_10/bce_binary_ensemble_combined_imagenet_best.pth at epoch: 8
07_06_18:22 openset_imagenet.binary_ensemble_combined_emnist INFO: loss:bce protocol:3 ep:9 train:{'j': 0.625} val:{'j': 0.617, 'conf_kn': 0.371, 'conf_unk': 0.435} t:2737.2s v:440.0s
07_06_18:22 openset_imagenet.binary_ensemble_combined_emnist INFO: Saving best model experiments/ex_7/net_10/bce_binary_ensemble_combined_imagenet_best.pth at epoch: 9
07_06_19:17 openset_imagenet.binary_ensemble_combined_emnist INFO: loss:bce protocol:3 ep:10 train:{'j': 0.616} val:{'j': 0.609, 'conf_kn': 0.399, 'conf_unk': 0.432} t:2852.5s v:439.3s
07_06_19:17 openset_imagenet.binary_ensemble_combined_emnist INFO: Saving best model experiments/ex_7/net_10/bce_binary_ensemble_combined_imagenet_best.pth at epoch: 10
07_06_20:10 openset_imagenet.binary_ensemble_combined_emnist INFO: loss:bce protocol:3 ep:11 train:{'j': 0.606} val:{'j': 0.602, 'conf_kn': 0.425, 'conf_unk': 0.431} t:2786.6s v:417.7s
07_06_20:10 openset_imagenet.binary_ensemble_combined_emnist INFO: Saving best model experiments/ex_7/net_10/bce_binary_ensemble_combined_imagenet_best.pth at epoch: 11
07_06_21:07 openset_imagenet.binary_ensemble_combined_emnist INFO: loss:bce protocol:3 ep:12 train:{'j': 0.597} val:{'j': 0.600, 'conf_kn': 0.454, 'conf_unk': 0.434} t:2976.2s v:423.6s
07_06_21:07 openset_imagenet.binary_ensemble_combined_emnist INFO: Saving best model experiments/ex_7/net_10/bce_binary_ensemble_combined_imagenet_best.pth at epoch: 12
07_06_21:59 openset_imagenet.binary_ensemble_combined_emnist INFO: loss:bce protocol:3 ep:13 train:{'j': 0.589} val:{'j': 0.589, 'conf_kn': 0.471, 'conf_unk': 0.429} t:2704.8s v:429.9s
07_06_21:59 openset_imagenet.binary_ensemble_combined_emnist INFO: Saving best model experiments/ex_7/net_10/bce_binary_ensemble_combined_imagenet_best.pth at epoch: 13
07_06_22:50 openset_imagenet.binary_ensemble_combined_emnist INFO: loss:bce protocol:3 ep:14 train:{'j': 0.581} val:{'j': 0.662, 'conf_kn': 0.484, 'conf_unk': 0.427} t:2660.9s v:416.1s
07_06_22:50 openset_imagenet.binary_ensemble_combined_emnist INFO: Saving best model experiments/ex_7/net_10/bce_binary_ensemble_combined_imagenet_best.pth at epoch: 14
07_06_23:43 openset_imagenet.binary_ensemble_combined_emnist INFO: loss:bce protocol:3 ep:15 train:{'j': 0.573} val:{'j': 0.583, 'conf_kn': 0.507, 'conf_unk': 0.424} t:2740.0s v:414.7s
07_06_23:43 openset_imagenet.binary_ensemble_combined_emnist INFO: Saving best model experiments/ex_7/net_10/bce_binary_ensemble_combined_imagenet_best.pth at epoch: 15
08_06_00:36 openset_imagenet.binary_ensemble_combined_emnist INFO: loss:bce protocol:3 ep:16 train:{'j': 0.565} val:{'j': 0.580, 'conf_kn': 0.535, 'conf_unk': 0.425} t:2766.2s v:425.4s
08_06_00:36 openset_imagenet.binary_ensemble_combined_emnist INFO: Saving best model experiments/ex_7/net_10/bce_binary_ensemble_combined_imagenet_best.pth at epoch: 16
08_06_01:29 openset_imagenet.binary_ensemble_combined_emnist INFO: loss:bce protocol:3 ep:17 train:{'j': 0.559} val:{'j': 0.571, 'conf_kn': 0.551, 'conf_unk': 0.425} t:2753.0s v:409.7s
08_06_01:29 openset_imagenet.binary_ensemble_combined_emnist INFO: Saving best model experiments/ex_7/net_10/bce_binary_ensemble_combined_imagenet_best.pth at epoch: 17
08_06_02:18 openset_imagenet.binary_ensemble_combined_emnist INFO: loss:bce protocol:3 ep:18 train:{'j': 0.551} val:{'j': 0.561, 'conf_kn': 0.564, 'conf_unk': 0.417} t:2524.8s v:405.6s
08_06_02:18 openset_imagenet.binary_ensemble_combined_emnist INFO: Saving best model experiments/ex_7/net_10/bce_binary_ensemble_combined_imagenet_best.pth at epoch: 18
08_06_03:07 openset_imagenet.binary_ensemble_combined_emnist INFO: loss:bce protocol:3 ep:19 train:{'j': 0.547} val:{'j': 0.556, 'conf_kn': 0.572, 'conf_unk': 0.425} t:2547.4s v:412.3s
08_06_03:07 openset_imagenet.binary_ensemble_combined_emnist INFO: Saving best model experiments/ex_7/net_10/bce_binary_ensemble_combined_imagenet_best.pth at epoch: 19
08_06_03:57 openset_imagenet.binary_ensemble_combined_emnist INFO: loss:bce protocol:3 ep:20 train:{'j': 0.541} val:{'j': 0.561, 'conf_kn': 0.580, 'conf_unk': 0.415} t:2574.4s v:426.7s
08_06_04:48 openset_imagenet.binary_ensemble_combined_emnist INFO: loss:bce protocol:3 ep:21 train:{'j': 0.533} val:{'j': 0.594, 'conf_kn': 0.590, 'conf_unk': 0.420} t:2626.0s v:414.7s
08_06_04:48 openset_imagenet.binary_ensemble_combined_emnist INFO: Saving best model experiments/ex_7/net_10/bce_binary_ensemble_combined_imagenet_best.pth at epoch: 21
08_06_05:39 openset_imagenet.binary_ensemble_combined_emnist INFO: loss:bce protocol:3 ep:22 train:{'j': 0.527} val:{'j': 0.577, 'conf_kn': 0.609, 'conf_unk': 0.420} t:2629.8s v:416.7s
08_06_05:39 openset_imagenet.binary_ensemble_combined_emnist INFO: Saving best model experiments/ex_7/net_10/bce_binary_ensemble_combined_imagenet_best.pth at epoch: 22
08_06_06:25 openset_imagenet.binary_ensemble_combined_emnist INFO: loss:bce protocol:3 ep:23 train:{'j': 0.523} val:{'j': 1.673, 'conf_kn': 0.586, 'conf_unk': 0.420} t:2408.9s v:387.8s
08_06_07:11 openset_imagenet.binary_ensemble_combined_emnist INFO: loss:bce protocol:3 ep:24 train:{'j': 0.517} val:{'j': 0.558, 'conf_kn': 0.628, 'conf_unk': 0.413} t:2333.3s v:411.7s
08_06_07:11 openset_imagenet.binary_ensemble_combined_emnist INFO: Saving best model experiments/ex_7/net_10/bce_binary_ensemble_combined_imagenet_best.pth at epoch: 24
08_06_07:58 openset_imagenet.binary_ensemble_combined_emnist INFO: loss:bce protocol:3 ep:25 train:{'j': 0.512} val:{'j': 0.559, 'conf_kn': 0.591, 'conf_unk': 0.428} t:2399.1s v:391.2s
08_06_08:45 openset_imagenet.binary_ensemble_combined_emnist INFO: loss:bce protocol:3 ep:26 train:{'j': 0.507} val:{'j': 0.533, 'conf_kn': 0.619, 'conf_unk': 0.432} t:2393.7s v:413.6s
08_06_08:45 openset_imagenet.binary_ensemble_combined_emnist INFO: Saving best model experiments/ex_7/net_10/bce_binary_ensemble_combined_imagenet_best.pth at epoch: 26
08_06_09:33 openset_imagenet.binary_ensemble_combined_emnist INFO: loss:bce protocol:3 ep:27 train:{'j': 0.503} val:{'j': 0.651, 'conf_kn': 0.638, 'conf_unk': 0.418} t:2474.4s v:407.9s
08_06_09:33 openset_imagenet.binary_ensemble_combined_emnist INFO: Saving best model experiments/ex_7/net_10/bce_binary_ensemble_combined_imagenet_best.pth at epoch: 27
08_06_10:21 openset_imagenet.binary_ensemble_combined_emnist INFO: loss:bce protocol:3 ep:28 train:{'j': 0.498} val:{'j': 0.529, 'conf_kn': 0.644, 'conf_unk': 0.423} t:2467.9s v:417.1s
08_06_10:21 openset_imagenet.binary_ensemble_combined_emnist INFO: Saving best model experiments/ex_7/net_10/bce_binary_ensemble_combined_imagenet_best.pth at epoch: 28
08_06_11:08 openset_imagenet.binary_ensemble_combined_emnist INFO: loss:bce protocol:3 ep:29 train:{'j': 0.494} val:{'j': 0.533, 'conf_kn': 0.641, 'conf_unk': 0.416} t:2464.2s v:364.6s
08_06_11:52 openset_imagenet.binary_ensemble_combined_emnist INFO: loss:bce protocol:3 ep:30 train:{'j': 0.489} val:{'j': 0.515, 'conf_kn': 0.666, 'conf_unk': 0.422} t:2230.7s v:397.1s
08_06_11:52 openset_imagenet.binary_ensemble_combined_emnist INFO: Saving best model experiments/ex_7/net_10/bce_binary_ensemble_combined_imagenet_best.pth at epoch: 30
