03_06_16:48 openset_imagenet.binary_ensemble_combined_emnist INFO: ============ Data ============
03_06_16:48 openset_imagenet.binary_ensemble_combined_emnist INFO: train_len:28895, labels:30
03_06_16:48 openset_imagenet.binary_ensemble_combined_emnist INFO: val_len:15173, labels:31
03_06_16:48 openset_imagenet.binary_ensemble_combined_emnist INFO: Using Negatives for Training: False
03_06_16:48 openset_imagenet.binary_ensemble_combined_emnist INFO: ========== Training ==========
03_06_16:48 openset_imagenet.binary_ensemble_combined_emnist INFO: Initial epoch: 0
03_06_16:48 openset_imagenet.binary_ensemble_combined_emnist INFO: Last epoch: 120
03_06_16:48 openset_imagenet.binary_ensemble_combined_emnist INFO: Batch size: 32
03_06_16:48 openset_imagenet.binary_ensemble_combined_emnist INFO: workers: 4
03_06_16:48 openset_imagenet.binary_ensemble_combined_emnist INFO: Loss: bce
03_06_16:48 openset_imagenet.binary_ensemble_combined_emnist INFO: optimizer: sgd
03_06_16:48 openset_imagenet.binary_ensemble_combined_emnist INFO: Learning rate: 0.01
03_06_16:48 openset_imagenet.binary_ensemble_combined_emnist INFO: Device: 7
03_06_16:48 openset_imagenet.binary_ensemble_combined_emnist INFO: Number of binary outputs: 40
03_06_16:48 openset_imagenet.binary_ensemble_combined_emnist INFO: Using following approach to generate sets: random
03_06_16:48 openset_imagenet.binary_ensemble_combined_emnist INFO: Using Model: resnet50Plus
03_06_16:48 openset_imagenet.binary_ensemble_combined_emnist INFO: Training...
03_06_16:51 openset_imagenet.binary_ensemble_combined_emnist INFO: loss:bce protocol:2 ep:0 train:{'j': 0.693} val:{'j': 0.707, 'conf_kn': 0.038, 'conf_unk': 0.491} t:147.6s v:37.5s
03_06_16:51 openset_imagenet.binary_ensemble_combined_emnist INFO: Saving best model experiments/ex_6/net_3/bce_binary_ensemble_combined_imagenet_best.pth at epoch: 0
03_06_16:55 openset_imagenet.binary_ensemble_combined_emnist INFO: loss:bce protocol:2 ep:1 train:{'j': 0.693} val:{'j': 0.687, 'conf_kn': 0.042, 'conf_unk': 0.485} t:144.1s v:42.8s
03_06_16:58 openset_imagenet.binary_ensemble_combined_emnist INFO: loss:bce protocol:2 ep:2 train:{'j': 0.692} val:{'j': 0.693, 'conf_kn': 0.049, 'conf_unk': 0.487} t:142.0s v:41.2s
03_06_16:58 openset_imagenet.binary_ensemble_combined_emnist INFO: Saving best model experiments/ex_6/net_3/bce_binary_ensemble_combined_imagenet_best.pth at epoch: 2
03_06_17:01 openset_imagenet.binary_ensemble_combined_emnist INFO: loss:bce protocol:2 ep:3 train:{'j': 0.691} val:{'j': 0.695, 'conf_kn': 0.059, 'conf_unk': 0.484} t:145.2s v:41.4s
03_06_17:01 openset_imagenet.binary_ensemble_combined_emnist INFO: Saving best model experiments/ex_6/net_3/bce_binary_ensemble_combined_imagenet_best.pth at epoch: 3
03_06_17:04 openset_imagenet.binary_ensemble_combined_emnist INFO: loss:bce protocol:2 ep:4 train:{'j': 0.690} val:{'j': 0.681, 'conf_kn': 0.066, 'conf_unk': 0.477} t:141.3s v:42.6s
03_06_17:07 openset_imagenet.binary_ensemble_combined_emnist INFO: loss:bce protocol:2 ep:5 train:{'j': 0.687} val:{'j': 0.685, 'conf_kn': 0.086, 'conf_unk': 0.472} t:145.8s v:42.8s
03_06_17:07 openset_imagenet.binary_ensemble_combined_emnist INFO: Saving best model experiments/ex_6/net_3/bce_binary_ensemble_combined_imagenet_best.pth at epoch: 5
03_06_17:10 openset_imagenet.binary_ensemble_combined_emnist INFO: loss:bce protocol:2 ep:6 train:{'j': 0.684} val:{'j': 0.713, 'conf_kn': 0.097, 'conf_unk': 0.465} t:142.9s v:44.3s
03_06_17:10 openset_imagenet.binary_ensemble_combined_emnist INFO: Saving best model experiments/ex_6/net_3/bce_binary_ensemble_combined_imagenet_best.pth at epoch: 6
03_06_17:13 openset_imagenet.binary_ensemble_combined_emnist INFO: loss:bce protocol:2 ep:7 train:{'j': 0.681} val:{'j': 0.734, 'conf_kn': 0.110, 'conf_unk': 0.446} t:142.5s v:41.1s
03_06_17:16 openset_imagenet.binary_ensemble_combined_emnist INFO: loss:bce protocol:2 ep:8 train:{'j': 0.678} val:{'j': 0.719, 'conf_kn': 0.115, 'conf_unk': 0.452} t:147.9s v:43.6s
03_06_17:16 openset_imagenet.binary_ensemble_combined_emnist INFO: Saving best model experiments/ex_6/net_3/bce_binary_ensemble_combined_imagenet_best.pth at epoch: 8
03_06_17:19 openset_imagenet.binary_ensemble_combined_emnist INFO: loss:bce protocol:2 ep:9 train:{'j': 0.676} val:{'j': 0.718, 'conf_kn': 0.121, 'conf_unk': 0.436} t:145.9s v:41.3s
03_06_17:23 openset_imagenet.binary_ensemble_combined_emnist INFO: loss:bce protocol:2 ep:10 train:{'j': 0.673} val:{'j': 0.690, 'conf_kn': 0.131, 'conf_unk': 0.433} t:142.8s v:41.4s
03_06_17:26 openset_imagenet.binary_ensemble_combined_emnist INFO: loss:bce protocol:2 ep:11 train:{'j': 0.670} val:{'j': 0.706, 'conf_kn': 0.142, 'conf_unk': 0.449} t:143.9s v:37.5s
03_06_17:26 openset_imagenet.binary_ensemble_combined_emnist INFO: Saving best model experiments/ex_6/net_3/bce_binary_ensemble_combined_imagenet_best.pth at epoch: 11
03_06_17:29 openset_imagenet.binary_ensemble_combined_emnist INFO: loss:bce protocol:2 ep:12 train:{'j': 0.667} val:{'j': 0.719, 'conf_kn': 0.131, 'conf_unk': 0.427} t:141.6s v:43.8s
03_06_17:32 openset_imagenet.binary_ensemble_combined_emnist INFO: loss:bce protocol:2 ep:13 train:{'j': 0.664} val:{'j': 0.703, 'conf_kn': 0.168, 'conf_unk': 0.435} t:150.3s v:38.6s
03_06_17:32 openset_imagenet.binary_ensemble_combined_emnist INFO: Saving best model experiments/ex_6/net_3/bce_binary_ensemble_combined_imagenet_best.pth at epoch: 13
03_06_17:35 openset_imagenet.binary_ensemble_combined_emnist INFO: loss:bce protocol:2 ep:14 train:{'j': 0.661} val:{'j': 0.745, 'conf_kn': 0.167, 'conf_unk': 0.409} t:143.4s v:45.2s
03_06_17:38 openset_imagenet.binary_ensemble_combined_emnist INFO: loss:bce protocol:2 ep:15 train:{'j': 0.657} val:{'j': 0.709, 'conf_kn': 0.146, 'conf_unk': 0.434} t:141.2s v:37.6s
03_06_17:41 openset_imagenet.binary_ensemble_combined_emnist INFO: loss:bce protocol:2 ep:16 train:{'j': 0.654} val:{'j': 0.736, 'conf_kn': 0.186, 'conf_unk': 0.413} t:142.1s v:41.1s
03_06_17:44 openset_imagenet.binary_ensemble_combined_emnist INFO: loss:bce protocol:2 ep:17 train:{'j': 0.650} val:{'j': 0.724, 'conf_kn': 0.136, 'conf_unk': 0.429} t:140.1s v:42.3s
03_06_17:47 openset_imagenet.binary_ensemble_combined_emnist INFO: loss:bce protocol:2 ep:18 train:{'j': 0.647} val:{'j': 0.788, 'conf_kn': 0.172, 'conf_unk': 0.365} t:141.0s v:37.8s
03_06_17:50 openset_imagenet.binary_ensemble_combined_emnist INFO: loss:bce protocol:2 ep:19 train:{'j': 0.643} val:{'j': 0.723, 'conf_kn': 0.225, 'conf_unk': 0.405} t:141.5s v:39.1s
03_06_17:50 openset_imagenet.binary_ensemble_combined_emnist INFO: Saving best model experiments/ex_6/net_3/bce_binary_ensemble_combined_imagenet_best.pth at epoch: 19
03_06_17:53 openset_imagenet.binary_ensemble_combined_emnist INFO: loss:bce protocol:2 ep:20 train:{'j': 0.638} val:{'j': 0.794, 'conf_kn': 0.223, 'conf_unk': 0.379} t:138.0s v:39.2s
03_06_17:56 openset_imagenet.binary_ensemble_combined_emnist INFO: loss:bce protocol:2 ep:21 train:{'j': 0.634} val:{'j': 0.757, 'conf_kn': 0.231, 'conf_unk': 0.383} t:141.3s v:36.9s
03_06_17:59 openset_imagenet.binary_ensemble_combined_emnist INFO: loss:bce protocol:2 ep:22 train:{'j': 0.629} val:{'j': 0.705, 'conf_kn': 0.198, 'conf_unk': 0.376} t:140.4s v:41.8s
03_06_18:02 openset_imagenet.binary_ensemble_combined_emnist INFO: loss:bce protocol:2 ep:23 train:{'j': 0.623} val:{'j': 0.702, 'conf_kn': 0.265, 'conf_unk': 0.383} t:140.2s v:38.5s
03_06_18:02 openset_imagenet.binary_ensemble_combined_emnist INFO: Saving best model experiments/ex_6/net_3/bce_binary_ensemble_combined_imagenet_best.pth at epoch: 23
03_06_18:05 openset_imagenet.binary_ensemble_combined_emnist INFO: loss:bce protocol:2 ep:24 train:{'j': 0.618} val:{'j': 0.677, 'conf_kn': 0.268, 'conf_unk': 0.378} t:144.7s v:38.9s
03_06_18:08 openset_imagenet.binary_ensemble_combined_emnist INFO: loss:bce protocol:2 ep:25 train:{'j': 0.612} val:{'j': 0.730, 'conf_kn': 0.260, 'conf_unk': 0.387} t:140.4s v:41.7s
03_06_18:11 openset_imagenet.binary_ensemble_combined_emnist INFO: loss:bce protocol:2 ep:26 train:{'j': 0.605} val:{'j': 0.734, 'conf_kn': 0.308, 'conf_unk': 0.364} t:139.7s v:38.2s
03_06_18:11 openset_imagenet.binary_ensemble_combined_emnist INFO: Saving best model experiments/ex_6/net_3/bce_binary_ensemble_combined_imagenet_best.pth at epoch: 26
03_06_18:14 openset_imagenet.binary_ensemble_combined_emnist INFO: loss:bce protocol:2 ep:27 train:{'j': 0.598} val:{'j': 0.711, 'conf_kn': 0.328, 'conf_unk': 0.363} t:142.6s v:38.3s
03_06_18:14 openset_imagenet.binary_ensemble_combined_emnist INFO: Saving best model experiments/ex_6/net_3/bce_binary_ensemble_combined_imagenet_best.pth at epoch: 27
03_06_18:17 openset_imagenet.binary_ensemble_combined_emnist INFO: loss:bce protocol:2 ep:28 train:{'j': 0.591} val:{'j': 0.752, 'conf_kn': 0.313, 'conf_unk': 0.355} t:142.4s v:42.8s
03_06_18:20 openset_imagenet.binary_ensemble_combined_emnist INFO: loss:bce protocol:2 ep:29 train:{'j': 0.583} val:{'j': 0.720, 'conf_kn': 0.353, 'conf_unk': 0.348} t:141.5s v:38.4s
03_06_18:20 openset_imagenet.binary_ensemble_combined_emnist INFO: Saving best model experiments/ex_6/net_3/bce_binary_ensemble_combined_imagenet_best.pth at epoch: 29
03_06_18:23 openset_imagenet.binary_ensemble_combined_emnist INFO: loss:bce protocol:2 ep:30 train:{'j': 0.574} val:{'j': 0.778, 'conf_kn': 0.283, 'conf_unk': 0.319} t:140.1s v:39.1s
03_06_18:26 openset_imagenet.binary_ensemble_combined_emnist INFO: loss:bce protocol:2 ep:31 train:{'j': 0.567} val:{'j': 0.871, 'conf_kn': 0.217, 'conf_unk': 0.279} t:139.9s v:37.9s
03_06_18:29 openset_imagenet.binary_ensemble_combined_emnist INFO: loss:bce protocol:2 ep:32 train:{'j': 0.558} val:{'j': 0.826, 'conf_kn': 0.349, 'conf_unk': 0.337} t:140.8s v:38.3s
03_06_18:32 openset_imagenet.binary_ensemble_combined_emnist INFO: loss:bce protocol:2 ep:33 train:{'j': 0.549} val:{'j': 1.157, 'conf_kn': 0.199, 'conf_unk': 0.246} t:140.2s v:39.8s
03_06_18:35 openset_imagenet.binary_ensemble_combined_emnist INFO: loss:bce protocol:2 ep:34 train:{'j': 0.541} val:{'j': 0.750, 'conf_kn': 0.401, 'conf_unk': 0.307} t:141.3s v:39.4s
03_06_18:35 openset_imagenet.binary_ensemble_combined_emnist INFO: Saving best model experiments/ex_6/net_3/bce_binary_ensemble_combined_imagenet_best.pth at epoch: 34
03_06_18:38 openset_imagenet.binary_ensemble_combined_emnist INFO: loss:bce protocol:2 ep:35 train:{'j': 0.531} val:{'j': 0.837, 'conf_kn': 0.419, 'conf_unk': 0.319} t:144.0s v:37.2s
03_06_18:38 openset_imagenet.binary_ensemble_combined_emnist INFO: Saving best model experiments/ex_6/net_3/bce_binary_ensemble_combined_imagenet_best.pth at epoch: 35
03_06_18:41 openset_imagenet.binary_ensemble_combined_emnist INFO: loss:bce protocol:2 ep:36 train:{'j': 0.524} val:{'j': 0.774, 'conf_kn': 0.378, 'conf_unk': 0.321} t:138.4s v:37.9s
03_06_18:44 openset_imagenet.binary_ensemble_combined_emnist INFO: loss:bce protocol:2 ep:37 train:{'j': 0.514} val:{'j': 0.749, 'conf_kn': 0.447, 'conf_unk': 0.308} t:138.4s v:37.6s
03_06_18:44 openset_imagenet.binary_ensemble_combined_emnist INFO: Saving best model experiments/ex_6/net_3/bce_binary_ensemble_combined_imagenet_best.pth at epoch: 37
03_06_18:47 openset_imagenet.binary_ensemble_combined_emnist INFO: loss:bce protocol:2 ep:38 train:{'j': 0.505} val:{'j': 0.767, 'conf_kn': 0.426, 'conf_unk': 0.299} t:138.7s v:38.0s
03_06_18:50 openset_imagenet.binary_ensemble_combined_emnist INFO: loss:bce protocol:2 ep:39 train:{'j': 0.496} val:{'j': 0.875, 'conf_kn': 0.413, 'conf_unk': 0.306} t:138.5s v:37.8s
03_06_18:53 openset_imagenet.binary_ensemble_combined_emnist INFO: loss:bce protocol:2 ep:40 train:{'j': 0.486} val:{'j': 0.810, 'conf_kn': 0.401, 'conf_unk': 0.303} t:139.2s v:37.8s
03_06_18:56 openset_imagenet.binary_ensemble_combined_emnist INFO: loss:bce protocol:2 ep:41 train:{'j': 0.478} val:{'j': 0.860, 'conf_kn': 0.429, 'conf_unk': 0.313} t:138.5s v:36.8s
03_06_18:59 openset_imagenet.binary_ensemble_combined_emnist INFO: loss:bce protocol:2 ep:42 train:{'j': 0.470} val:{'j': 0.816, 'conf_kn': 0.452, 'conf_unk': 0.285} t:138.6s v:38.2s
03_06_19:02 openset_imagenet.binary_ensemble_combined_emnist INFO: loss:bce protocol:2 ep:43 train:{'j': 0.461} val:{'j': 0.755, 'conf_kn': 0.444, 'conf_unk': 0.295} t:140.1s v:37.6s
03_06_19:05 openset_imagenet.binary_ensemble_combined_emnist INFO: loss:bce protocol:2 ep:44 train:{'j': 0.454} val:{'j': 1.007, 'conf_kn': 0.346, 'conf_unk': 0.269} t:138.6s v:41.4s
03_06_19:08 openset_imagenet.binary_ensemble_combined_emnist INFO: loss:bce protocol:2 ep:45 train:{'j': 0.445} val:{'j': 0.816, 'conf_kn': 0.423, 'conf_unk': 0.307} t:138.6s v:37.6s
03_06_19:11 openset_imagenet.binary_ensemble_combined_emnist INFO: loss:bce protocol:2 ep:46 train:{'j': 0.438} val:{'j': 0.865, 'conf_kn': 0.490, 'conf_unk': 0.273} t:139.2s v:37.5s
03_06_19:11 openset_imagenet.binary_ensemble_combined_emnist INFO: Saving best model experiments/ex_6/net_3/bce_binary_ensemble_combined_imagenet_best.pth at epoch: 46
03_06_19:14 openset_imagenet.binary_ensemble_combined_emnist INFO: loss:bce protocol:2 ep:47 train:{'j': 0.429} val:{'j': 0.809, 'conf_kn': 0.502, 'conf_unk': 0.268} t:138.1s v:37.7s
03_06_19:14 openset_imagenet.binary_ensemble_combined_emnist INFO: Saving best model experiments/ex_6/net_3/bce_binary_ensemble_combined_imagenet_best.pth at epoch: 47
03_06_19:17 openset_imagenet.binary_ensemble_combined_emnist INFO: loss:bce protocol:2 ep:48 train:{'j': 0.423} val:{'j': 0.863, 'conf_kn': 0.371, 'conf_unk': 0.278} t:143.5s v:37.2s
03_06_19:20 openset_imagenet.binary_ensemble_combined_emnist INFO: loss:bce protocol:2 ep:49 train:{'j': 0.415} val:{'j': 0.823, 'conf_kn': 0.468, 'conf_unk': 0.289} t:139.0s v:37.7s
03_06_19:23 openset_imagenet.binary_ensemble_combined_emnist INFO: loss:bce protocol:2 ep:50 train:{'j': 0.407} val:{'j': 0.843, 'conf_kn': 0.527, 'conf_unk': 0.271} t:138.9s v:39.1s
03_06_19:23 openset_imagenet.binary_ensemble_combined_emnist INFO: Saving best model experiments/ex_6/net_3/bce_binary_ensemble_combined_imagenet_best.pth at epoch: 50
03_06_19:26 openset_imagenet.binary_ensemble_combined_emnist INFO: loss:bce protocol:2 ep:51 train:{'j': 0.401} val:{'j': 0.886, 'conf_kn': 0.524, 'conf_unk': 0.254} t:143.6s v:44.4s
03_06_19:29 openset_imagenet.binary_ensemble_combined_emnist INFO: loss:bce protocol:2 ep:52 train:{'j': 0.394} val:{'j': 0.911, 'conf_kn': 0.523, 'conf_unk': 0.252} t:140.6s v:39.9s
03_06_19:32 openset_imagenet.binary_ensemble_combined_emnist INFO: loss:bce protocol:2 ep:53 train:{'j': 0.386} val:{'j': 0.918, 'conf_kn': 0.504, 'conf_unk': 0.239} t:140.2s v:38.2s
03_06_19:35 openset_imagenet.binary_ensemble_combined_emnist INFO: loss:bce protocol:2 ep:54 train:{'j': 0.379} val:{'j': 0.891, 'conf_kn': 0.532, 'conf_unk': 0.245} t:137.9s v:37.3s
03_06_19:38 openset_imagenet.binary_ensemble_combined_emnist INFO: loss:bce protocol:2 ep:55 train:{'j': 0.372} val:{'j': 0.806, 'conf_kn': 0.562, 'conf_unk': 0.255} t:137.5s v:37.7s
03_06_19:38 openset_imagenet.binary_ensemble_combined_emnist INFO: Saving best model experiments/ex_6/net_3/bce_binary_ensemble_combined_imagenet_best.pth at epoch: 55
03_06_19:41 openset_imagenet.binary_ensemble_combined_emnist INFO: loss:bce protocol:2 ep:56 train:{'j': 0.364} val:{'j': 1.191, 'conf_kn': 0.381, 'conf_unk': 0.218} t:141.5s v:38.2s
03_06_19:44 openset_imagenet.binary_ensemble_combined_emnist INFO: loss:bce protocol:2 ep:57 train:{'j': 0.356} val:{'j': 0.988, 'conf_kn': 0.370, 'conf_unk': 0.273} t:139.0s v:38.6s
03_06_19:47 openset_imagenet.binary_ensemble_combined_emnist INFO: loss:bce protocol:2 ep:58 train:{'j': 0.353} val:{'j': 0.886, 'conf_kn': 0.521, 'conf_unk': 0.242} t:138.5s v:37.6s
03_06_19:50 openset_imagenet.binary_ensemble_combined_emnist INFO: loss:bce protocol:2 ep:59 train:{'j': 0.346} val:{'j': 0.836, 'conf_kn': 0.548, 'conf_unk': 0.246} t:140.2s v:37.2s
03_06_19:53 openset_imagenet.binary_ensemble_combined_emnist INFO: loss:bce protocol:2 ep:60 train:{'j': 0.340} val:{'j': 0.886, 'conf_kn': 0.557, 'conf_unk': 0.242} t:139.2s v:40.1s
03_06_19:56 openset_imagenet.binary_ensemble_combined_emnist INFO: loss:bce protocol:2 ep:61 train:{'j': 0.333} val:{'j': 0.894, 'conf_kn': 0.558, 'conf_unk': 0.246} t:139.4s v:37.6s
03_06_19:59 openset_imagenet.binary_ensemble_combined_emnist INFO: loss:bce protocol:2 ep:62 train:{'j': 0.324} val:{'j': 0.862, 'conf_kn': 0.602, 'conf_unk': 0.233} t:138.4s v:37.9s
03_06_19:59 openset_imagenet.binary_ensemble_combined_emnist INFO: Saving best model experiments/ex_6/net_3/bce_binary_ensemble_combined_imagenet_best.pth at epoch: 62
03_06_20:02 openset_imagenet.binary_ensemble_combined_emnist INFO: loss:bce protocol:2 ep:63 train:{'j': 0.322} val:{'j': 0.911, 'conf_kn': 0.533, 'conf_unk': 0.254} t:139.2s v:38.5s
03_06_20:05 openset_imagenet.binary_ensemble_combined_emnist INFO: loss:bce protocol:2 ep:64 train:{'j': 0.316} val:{'j': 0.995, 'conf_kn': 0.560, 'conf_unk': 0.239} t:139.6s v:37.4s
03_06_20:08 openset_imagenet.binary_ensemble_combined_emnist INFO: loss:bce protocol:2 ep:65 train:{'j': 0.310} val:{'j': 0.922, 'conf_kn': 0.571, 'conf_unk': 0.248} t:142.1s v:38.2s
03_06_20:11 openset_imagenet.binary_ensemble_combined_emnist INFO: loss:bce protocol:2 ep:66 train:{'j': 0.304} val:{'j': 1.028, 'conf_kn': 0.563, 'conf_unk': 0.236} t:140.7s v:39.6s
03_06_20:14 openset_imagenet.binary_ensemble_combined_emnist INFO: loss:bce protocol:2 ep:67 train:{'j': 0.297} val:{'j': 0.925, 'conf_kn': 0.564, 'conf_unk': 0.225} t:139.2s v:37.9s
03_06_20:16 openset_imagenet.binary_ensemble_combined_emnist INFO: loss:bce protocol:2 ep:68 train:{'j': 0.293} val:{'j': 0.892, 'conf_kn': 0.541, 'conf_unk': 0.221} t:137.7s v:37.6s
03_06_20:19 openset_imagenet.binary_ensemble_combined_emnist INFO: loss:bce protocol:2 ep:69 train:{'j': 0.287} val:{'j': 0.819, 'conf_kn': 0.560, 'conf_unk': 0.237} t:138.3s v:38.4s
03_06_20:22 openset_imagenet.binary_ensemble_combined_emnist INFO: loss:bce protocol:2 ep:70 train:{'j': 0.284} val:{'j': 0.843, 'conf_kn': 0.551, 'conf_unk': 0.246} t:136.8s v:37.2s
03_06_20:25 openset_imagenet.binary_ensemble_combined_emnist INFO: loss:bce protocol:2 ep:71 train:{'j': 0.277} val:{'j': 0.952, 'conf_kn': 0.603, 'conf_unk': 0.242} t:138.6s v:39.6s
03_06_20:25 openset_imagenet.binary_ensemble_combined_emnist INFO: Saving best model experiments/ex_6/net_3/bce_binary_ensemble_combined_imagenet_best.pth at epoch: 71
03_06_20:28 openset_imagenet.binary_ensemble_combined_emnist INFO: loss:bce protocol:2 ep:72 train:{'j': 0.272} val:{'j': 0.948, 'conf_kn': 0.596, 'conf_unk': 0.228} t:145.5s v:36.7s
03_06_20:31 openset_imagenet.binary_ensemble_combined_emnist INFO: loss:bce protocol:2 ep:73 train:{'j': 0.264} val:{'j': 1.015, 'conf_kn': 0.611, 'conf_unk': 0.217} t:137.7s v:37.4s
03_06_20:34 openset_imagenet.binary_ensemble_combined_emnist INFO: loss:bce protocol:2 ep:74 train:{'j': 0.261} val:{'j': 0.962, 'conf_kn': 0.635, 'conf_unk': 0.224} t:138.2s v:37.4s
03_06_20:34 openset_imagenet.binary_ensemble_combined_emnist INFO: Saving best model experiments/ex_6/net_3/bce_binary_ensemble_combined_imagenet_best.pth at epoch: 74
03_06_20:37 openset_imagenet.binary_ensemble_combined_emnist INFO: loss:bce protocol:2 ep:75 train:{'j': 0.258} val:{'j': 0.792, 'conf_kn': 0.618, 'conf_unk': 0.227} t:137.9s v:37.8s
03_06_20:40 openset_imagenet.binary_ensemble_combined_emnist INFO: loss:bce protocol:2 ep:76 train:{'j': 0.253} val:{'j': 0.979, 'conf_kn': 0.612, 'conf_unk': 0.214} t:138.0s v:37.8s
03_06_20:43 openset_imagenet.binary_ensemble_combined_emnist INFO: loss:bce protocol:2 ep:77 train:{'j': 0.248} val:{'j': 1.055, 'conf_kn': 0.612, 'conf_unk': 0.215} t:137.9s v:37.3s
03_06_20:46 openset_imagenet.binary_ensemble_combined_emnist INFO: loss:bce protocol:2 ep:78 train:{'j': 0.241} val:{'j': 1.199, 'conf_kn': 0.580, 'conf_unk': 0.194} t:137.3s v:37.9s
03_06_20:49 openset_imagenet.binary_ensemble_combined_emnist INFO: loss:bce protocol:2 ep:79 train:{'j': 0.240} val:{'j': 0.984, 'conf_kn': 0.546, 'conf_unk': 0.210} t:139.4s v:38.9s
03_06_20:52 openset_imagenet.binary_ensemble_combined_emnist INFO: loss:bce protocol:2 ep:80 train:{'j': 0.233} val:{'j': 0.968, 'conf_kn': 0.583, 'conf_unk': 0.224} t:140.4s v:38.0s
03_06_20:55 openset_imagenet.binary_ensemble_combined_emnist INFO: loss:bce protocol:2 ep:81 train:{'j': 0.230} val:{'j': 1.059, 'conf_kn': 0.614, 'conf_unk': 0.195} t:139.8s v:38.0s
03_06_20:58 openset_imagenet.binary_ensemble_combined_emnist INFO: loss:bce protocol:2 ep:82 train:{'j': 0.228} val:{'j': 0.982, 'conf_kn': 0.637, 'conf_unk': 0.213} t:139.2s v:38.8s
03_06_21:01 openset_imagenet.binary_ensemble_combined_emnist INFO: loss:bce protocol:2 ep:83 train:{'j': 0.220} val:{'j': 1.297, 'conf_kn': 0.510, 'conf_unk': 0.206} t:140.4s v:39.2s
03_06_21:04 openset_imagenet.binary_ensemble_combined_emnist INFO: loss:bce protocol:2 ep:84 train:{'j': 0.219} val:{'j': 0.907, 'conf_kn': 0.631, 'conf_unk': 0.209} t:141.1s v:38.2s
03_06_21:07 openset_imagenet.binary_ensemble_combined_emnist INFO: loss:bce protocol:2 ep:85 train:{'j': 0.215} val:{'j': 0.988, 'conf_kn': 0.560, 'conf_unk': 0.222} t:139.1s v:36.8s
03_06_21:10 openset_imagenet.binary_ensemble_combined_emnist INFO: loss:bce protocol:2 ep:86 train:{'j': 0.208} val:{'j': 1.177, 'conf_kn': 0.562, 'conf_unk': 0.196} t:138.5s v:38.0s
03_06_21:13 openset_imagenet.binary_ensemble_combined_emnist INFO: loss:bce protocol:2 ep:87 train:{'j': 0.206} val:{'j': 1.035, 'conf_kn': 0.627, 'conf_unk': 0.208} t:137.8s v:38.8s
03_06_21:16 openset_imagenet.binary_ensemble_combined_emnist INFO: loss:bce protocol:2 ep:88 train:{'j': 0.203} val:{'j': 1.088, 'conf_kn': 0.645, 'conf_unk': 0.198} t:138.4s v:37.1s
03_06_21:19 openset_imagenet.binary_ensemble_combined_emnist INFO: loss:bce protocol:2 ep:89 train:{'j': 0.199} val:{'j': 1.032, 'conf_kn': 0.634, 'conf_unk': 0.201} t:138.5s v:39.0s
03_06_21:22 openset_imagenet.binary_ensemble_combined_emnist INFO: loss:bce protocol:2 ep:90 train:{'j': 0.194} val:{'j': 1.026, 'conf_kn': 0.588, 'conf_unk': 0.201} t:139.5s v:40.2s
03_06_21:25 openset_imagenet.binary_ensemble_combined_emnist INFO: loss:bce protocol:2 ep:91 train:{'j': 0.193} val:{'j': 1.262, 'conf_kn': 0.651, 'conf_unk': 0.189} t:139.4s v:37.3s
03_06_21:28 openset_imagenet.binary_ensemble_combined_emnist INFO: loss:bce protocol:2 ep:92 train:{'j': 0.188} val:{'j': 0.968, 'conf_kn': 0.631, 'conf_unk': 0.202} t:138.0s v:37.0s
03_06_21:30 openset_imagenet.binary_ensemble_combined_emnist INFO: loss:bce protocol:2 ep:93 train:{'j': 0.186} val:{'j': 1.189, 'conf_kn': 0.625, 'conf_unk': 0.193} t:139.9s v:38.7s
03_06_21:34 openset_imagenet.binary_ensemble_combined_emnist INFO: loss:bce protocol:2 ep:94 train:{'j': 0.182} val:{'j': 1.096, 'conf_kn': 0.624, 'conf_unk': 0.197} t:141.4s v:38.6s
03_06_21:36 openset_imagenet.binary_ensemble_combined_emnist INFO: loss:bce protocol:2 ep:95 train:{'j': 0.176} val:{'j': 1.094, 'conf_kn': 0.644, 'conf_unk': 0.181} t:140.4s v:38.6s
03_06_21:40 openset_imagenet.binary_ensemble_combined_emnist INFO: loss:bce protocol:2 ep:96 train:{'j': 0.174} val:{'j': 1.131, 'conf_kn': 0.629, 'conf_unk': 0.189} t:141.8s v:39.2s
03_06_21:43 openset_imagenet.binary_ensemble_combined_emnist INFO: loss:bce protocol:2 ep:97 train:{'j': 0.169} val:{'j': 1.040, 'conf_kn': 0.623, 'conf_unk': 0.197} t:140.3s v:39.3s
03_06_21:46 openset_imagenet.binary_ensemble_combined_emnist INFO: loss:bce protocol:2 ep:98 train:{'j': 0.170} val:{'j': 1.090, 'conf_kn': 0.649, 'conf_unk': 0.185} t:138.6s v:38.8s
03_06_21:49 openset_imagenet.binary_ensemble_combined_emnist INFO: loss:bce protocol:2 ep:99 train:{'j': 0.164} val:{'j': 1.162, 'conf_kn': 0.614, 'conf_unk': 0.189} t:140.9s v:39.9s
03_06_21:52 openset_imagenet.binary_ensemble_combined_emnist INFO: loss:bce protocol:2 ep:100 train:{'j': 0.160} val:{'j': 1.263, 'conf_kn': 0.642, 'conf_unk': 0.178} t:139.6s v:38.4s
03_06_21:54 openset_imagenet.binary_ensemble_combined_emnist INFO: loss:bce protocol:2 ep:101 train:{'j': 0.162} val:{'j': 1.054, 'conf_kn': 0.643, 'conf_unk': 0.196} t:139.8s v:39.4s
03_06_21:57 openset_imagenet.binary_ensemble_combined_emnist INFO: loss:bce protocol:2 ep:102 train:{'j': 0.154} val:{'j': 1.051, 'conf_kn': 0.649, 'conf_unk': 0.192} t:139.9s v:38.2s
03_06_22:00 openset_imagenet.binary_ensemble_combined_emnist INFO: loss:bce protocol:2 ep:103 train:{'j': 0.150} val:{'j': 1.111, 'conf_kn': 0.613, 'conf_unk': 0.193} t:138.7s v:37.5s
03_06_22:03 openset_imagenet.binary_ensemble_combined_emnist INFO: loss:bce protocol:2 ep:104 train:{'j': 0.154} val:{'j': 1.120, 'conf_kn': 0.639, 'conf_unk': 0.187} t:138.8s v:37.7s
03_06_22:06 openset_imagenet.binary_ensemble_combined_emnist INFO: loss:bce protocol:2 ep:105 train:{'j': 0.151} val:{'j': 1.053, 'conf_kn': 0.630, 'conf_unk': 0.190} t:139.7s v:38.5s
03_06_22:09 openset_imagenet.binary_ensemble_combined_emnist INFO: loss:bce protocol:2 ep:106 train:{'j': 0.143} val:{'j': 1.144, 'conf_kn': 0.641, 'conf_unk': 0.176} t:139.8s v:38.6s
03_06_22:12 openset_imagenet.binary_ensemble_combined_emnist INFO: loss:bce protocol:2 ep:107 train:{'j': 0.144} val:{'j': 1.138, 'conf_kn': 0.613, 'conf_unk': 0.182} t:138.3s v:37.8s
03_06_22:15 openset_imagenet.binary_ensemble_combined_emnist INFO: loss:bce protocol:2 ep:108 train:{'j': 0.140} val:{'j': 1.334, 'conf_kn': 0.623, 'conf_unk': 0.165} t:138.2s v:39.3s
03_06_22:18 openset_imagenet.binary_ensemble_combined_emnist INFO: loss:bce protocol:2 ep:109 train:{'j': 0.137} val:{'j': 1.133, 'conf_kn': 0.652, 'conf_unk': 0.182} t:140.1s v:39.5s
03_06_22:21 openset_imagenet.binary_ensemble_combined_emnist INFO: loss:bce protocol:2 ep:110 train:{'j': 0.137} val:{'j': 1.222, 'conf_kn': 0.598, 'conf_unk': 0.172} t:140.4s v:39.3s
03_06_22:24 openset_imagenet.binary_ensemble_combined_emnist INFO: loss:bce protocol:2 ep:111 train:{'j': 0.132} val:{'j': 1.094, 'conf_kn': 0.644, 'conf_unk': 0.180} t:140.1s v:40.0s
03_06_22:27 openset_imagenet.binary_ensemble_combined_emnist INFO: loss:bce protocol:2 ep:112 train:{'j': 0.129} val:{'j': 1.156, 'conf_kn': 0.655, 'conf_unk': 0.179} t:139.3s v:38.6s
03_06_22:30 openset_imagenet.binary_ensemble_combined_emnist INFO: loss:bce protocol:2 ep:113 train:{'j': 0.124} val:{'j': 1.235, 'conf_kn': 0.556, 'conf_unk': 0.187} t:140.5s v:39.0s
03_06_22:33 openset_imagenet.binary_ensemble_combined_emnist INFO: loss:bce protocol:2 ep:114 train:{'j': 0.124} val:{'j': 1.336, 'conf_kn': 0.522, 'conf_unk': 0.175} t:139.5s v:39.5s
03_06_22:36 openset_imagenet.binary_ensemble_combined_emnist INFO: loss:bce protocol:2 ep:115 train:{'j': 0.124} val:{'j': 1.220, 'conf_kn': 0.641, 'conf_unk': 0.181} t:139.3s v:38.8s
03_06_22:39 openset_imagenet.binary_ensemble_combined_emnist INFO: loss:bce protocol:2 ep:116 train:{'j': 0.120} val:{'j': 1.201, 'conf_kn': 0.654, 'conf_unk': 0.175} t:140.0s v:39.2s
03_06_22:42 openset_imagenet.binary_ensemble_combined_emnist INFO: loss:bce protocol:2 ep:117 train:{'j': 0.120} val:{'j': 1.219, 'conf_kn': 0.572, 'conf_unk': 0.181} t:139.8s v:39.1s
03_06_22:45 openset_imagenet.binary_ensemble_combined_emnist INFO: loss:bce protocol:2 ep:118 train:{'j': 0.120} val:{'j': 1.250, 'conf_kn': 0.627, 'conf_unk': 0.176} t:140.0s v:39.1s
03_06_22:48 openset_imagenet.binary_ensemble_combined_emnist INFO: loss:bce protocol:2 ep:119 train:{'j': 0.113} val:{'j': 1.352, 'conf_kn': 0.651, 'conf_unk': 0.166} t:140.1s v:39.3s
03_06_22:48 openset_imagenet.binary_ensemble_combined_emnist INFO: Training finished
