05_06_09:14 openset_imagenet.binary_ensemble_combined_emnist INFO: ============ Data ============
05_06_09:14 openset_imagenet.binary_ensemble_combined_emnist INFO: train_len:28895, labels:30
05_06_09:14 openset_imagenet.binary_ensemble_combined_emnist INFO: val_len:15173, labels:31
05_06_09:14 openset_imagenet.binary_ensemble_combined_emnist INFO: Using Negatives for Training: False
05_06_09:14 openset_imagenet.binary_ensemble_combined_emnist INFO: ========== Training ==========
05_06_09:14 openset_imagenet.binary_ensemble_combined_emnist INFO: Initial epoch: 0
05_06_09:14 openset_imagenet.binary_ensemble_combined_emnist INFO: Last epoch: 120
05_06_09:14 openset_imagenet.binary_ensemble_combined_emnist INFO: Batch size: 32
05_06_09:14 openset_imagenet.binary_ensemble_combined_emnist INFO: workers: 4
05_06_09:14 openset_imagenet.binary_ensemble_combined_emnist INFO: Loss: bce
05_06_09:14 openset_imagenet.binary_ensemble_combined_emnist INFO: optimizer: sgd
05_06_09:14 openset_imagenet.binary_ensemble_combined_emnist INFO: Learning rate: 0.01
05_06_09:14 openset_imagenet.binary_ensemble_combined_emnist INFO: Device: 1
05_06_09:14 openset_imagenet.binary_ensemble_combined_emnist INFO: Number of binary outputs: 40
05_06_09:14 openset_imagenet.binary_ensemble_combined_emnist INFO: Using following approach to generate sets: random
05_06_09:14 openset_imagenet.binary_ensemble_combined_emnist INFO: Using Model: resnet50Plus
05_06_09:14 openset_imagenet.binary_ensemble_combined_emnist INFO: Training...
05_06_09:17 openset_imagenet.binary_ensemble_combined_emnist INFO: loss:bce protocol:2 ep:0 train:{'j': 0.693} val:{'j': 0.692, 'conf_kn': 0.044, 'conf_unk': 0.490} t:138.4s v:37.4s
05_06_09:17 openset_imagenet.binary_ensemble_combined_emnist INFO: Saving best model experiments/ex_6/net_5/bce_binary_ensemble_combined_imagenet_best.pth at epoch: 0
05_06_09:20 openset_imagenet.binary_ensemble_combined_emnist INFO: loss:bce protocol:2 ep:1 train:{'j': 0.693} val:{'j': 0.686, 'conf_kn': 0.039, 'conf_unk': 0.488} t:137.7s v:36.6s
05_06_09:23 openset_imagenet.binary_ensemble_combined_emnist INFO: loss:bce protocol:2 ep:2 train:{'j': 0.692} val:{'j': 0.692, 'conf_kn': 0.048, 'conf_unk': 0.486} t:138.0s v:36.6s
05_06_09:26 openset_imagenet.binary_ensemble_combined_emnist INFO: loss:bce protocol:2 ep:3 train:{'j': 0.690} val:{'j': 0.724, 'conf_kn': 0.056, 'conf_unk': 0.475} t:137.9s v:36.6s
05_06_09:29 openset_imagenet.binary_ensemble_combined_emnist INFO: loss:bce protocol:2 ep:4 train:{'j': 0.688} val:{'j': 0.702, 'conf_kn': 0.063, 'conf_unk': 0.476} t:138.3s v:36.7s
05_06_09:29 openset_imagenet.binary_ensemble_combined_emnist INFO: Saving best model experiments/ex_6/net_5/bce_binary_ensemble_combined_imagenet_best.pth at epoch: 4
05_06_09:32 openset_imagenet.binary_ensemble_combined_emnist INFO: loss:bce protocol:2 ep:5 train:{'j': 0.686} val:{'j': 0.707, 'conf_kn': 0.067, 'conf_unk': 0.471} t:139.1s v:36.9s
05_06_09:35 openset_imagenet.binary_ensemble_combined_emnist INFO: loss:bce protocol:2 ep:6 train:{'j': 0.685} val:{'j': 0.700, 'conf_kn': 0.079, 'conf_unk': 0.464} t:138.0s v:36.5s
05_06_09:35 openset_imagenet.binary_ensemble_combined_emnist INFO: Saving best model experiments/ex_6/net_5/bce_binary_ensemble_combined_imagenet_best.pth at epoch: 6
05_06_09:37 openset_imagenet.binary_ensemble_combined_emnist INFO: loss:bce protocol:2 ep:7 train:{'j': 0.682} val:{'j': 0.701, 'conf_kn': 0.100, 'conf_unk': 0.468} t:138.4s v:36.5s
05_06_09:38 openset_imagenet.binary_ensemble_combined_emnist INFO: Saving best model experiments/ex_6/net_5/bce_binary_ensemble_combined_imagenet_best.pth at epoch: 7
05_06_09:41 openset_imagenet.binary_ensemble_combined_emnist INFO: loss:bce protocol:2 ep:8 train:{'j': 0.680} val:{'j': 0.713, 'conf_kn': 0.105, 'conf_unk': 0.454} t:164.5s v:38.8s
05_06_09:46 openset_imagenet.binary_ensemble_combined_emnist INFO: loss:bce protocol:2 ep:9 train:{'j': 0.678} val:{'j': 0.751, 'conf_kn': 0.071, 'conf_unk': 0.449} t:251.8s v:76.8s
05_06_09:52 openset_imagenet.binary_ensemble_combined_emnist INFO: loss:bce protocol:2 ep:10 train:{'j': 0.674} val:{'j': 0.703, 'conf_kn': 0.132, 'conf_unk': 0.447} t:284.6s v:74.7s
05_06_09:52 openset_imagenet.binary_ensemble_combined_emnist INFO: Saving best model experiments/ex_6/net_5/bce_binary_ensemble_combined_imagenet_best.pth at epoch: 10
05_06_09:59 openset_imagenet.binary_ensemble_combined_emnist INFO: loss:bce protocol:2 ep:11 train:{'j': 0.671} val:{'j': 0.720, 'conf_kn': 0.138, 'conf_unk': 0.442} t:289.4s v:78.2s
05_06_09:59 openset_imagenet.binary_ensemble_combined_emnist INFO: Saving best model experiments/ex_6/net_5/bce_binary_ensemble_combined_imagenet_best.pth at epoch: 11
05_06_10:05 openset_imagenet.binary_ensemble_combined_emnist INFO: loss:bce protocol:2 ep:12 train:{'j': 0.668} val:{'j': 0.750, 'conf_kn': 0.114, 'conf_unk': 0.415} t:287.9s v:79.2s
05_06_10:11 openset_imagenet.binary_ensemble_combined_emnist INFO: loss:bce protocol:2 ep:13 train:{'j': 0.665} val:{'j': 0.785, 'conf_kn': 0.118, 'conf_unk': 0.398} t:285.5s v:77.2s
05_06_10:17 openset_imagenet.binary_ensemble_combined_emnist INFO: loss:bce protocol:2 ep:14 train:{'j': 0.661} val:{'j': 0.693, 'conf_kn': 0.167, 'conf_unk': 0.436} t:289.2s v:76.9s
05_06_10:17 openset_imagenet.binary_ensemble_combined_emnist INFO: Saving best model experiments/ex_6/net_5/bce_binary_ensemble_combined_imagenet_best.pth at epoch: 14
05_06_10:23 openset_imagenet.binary_ensemble_combined_emnist INFO: loss:bce protocol:2 ep:15 train:{'j': 0.659} val:{'j': 0.713, 'conf_kn': 0.158, 'conf_unk': 0.438} t:287.9s v:76.5s
05_06_10:29 openset_imagenet.binary_ensemble_combined_emnist INFO: loss:bce protocol:2 ep:16 train:{'j': 0.655} val:{'j': 0.722, 'conf_kn': 0.167, 'conf_unk': 0.428} t:285.8s v:78.0s
05_06_10:35 openset_imagenet.binary_ensemble_combined_emnist INFO: loss:bce protocol:2 ep:17 train:{'j': 0.652} val:{'j': 0.779, 'conf_kn': 0.185, 'conf_unk': 0.392} t:287.1s v:78.5s
05_06_10:41 openset_imagenet.binary_ensemble_combined_emnist INFO: loss:bce protocol:2 ep:18 train:{'j': 0.649} val:{'j': 0.765, 'conf_kn': 0.189, 'conf_unk': 0.406} t:289.8s v:76.4s
05_06_10:47 openset_imagenet.binary_ensemble_combined_emnist INFO: loss:bce protocol:2 ep:19 train:{'j': 0.645} val:{'j': 0.714, 'conf_kn': 0.219, 'conf_unk': 0.402} t:287.6s v:78.8s
05_06_10:47 openset_imagenet.binary_ensemble_combined_emnist INFO: Saving best model experiments/ex_6/net_5/bce_binary_ensemble_combined_imagenet_best.pth at epoch: 19
05_06_10:54 openset_imagenet.binary_ensemble_combined_emnist INFO: loss:bce protocol:2 ep:20 train:{'j': 0.640} val:{'j': 0.699, 'conf_kn': 0.226, 'conf_unk': 0.415} t:292.4s v:78.4s
05_06_10:54 openset_imagenet.binary_ensemble_combined_emnist INFO: Saving best model experiments/ex_6/net_5/bce_binary_ensemble_combined_imagenet_best.pth at epoch: 20
05_06_11:00 openset_imagenet.binary_ensemble_combined_emnist INFO: loss:bce protocol:2 ep:21 train:{'j': 0.636} val:{'j': 0.761, 'conf_kn': 0.196, 'conf_unk': 0.400} t:285.8s v:77.9s
05_06_11:06 openset_imagenet.binary_ensemble_combined_emnist INFO: loss:bce protocol:2 ep:22 train:{'j': 0.632} val:{'j': 0.707, 'conf_kn': 0.244, 'conf_unk': 0.396} t:291.0s v:79.9s
05_06_11:12 openset_imagenet.binary_ensemble_combined_emnist INFO: loss:bce protocol:2 ep:23 train:{'j': 0.627} val:{'j': 0.755, 'conf_kn': 0.252, 'conf_unk': 0.395} t:288.5s v:77.9s
05_06_11:12 openset_imagenet.binary_ensemble_combined_emnist INFO: Saving best model experiments/ex_6/net_5/bce_binary_ensemble_combined_imagenet_best.pth at epoch: 23
05_06_11:18 openset_imagenet.binary_ensemble_combined_emnist INFO: loss:bce protocol:2 ep:24 train:{'j': 0.621} val:{'j': 0.805, 'conf_kn': 0.254, 'conf_unk': 0.388} t:286.6s v:79.0s
05_06_11:24 openset_imagenet.binary_ensemble_combined_emnist INFO: loss:bce protocol:2 ep:25 train:{'j': 0.614} val:{'j': 0.830, 'conf_kn': 0.216, 'conf_unk': 0.361} t:290.1s v:77.2s
05_06_11:30 openset_imagenet.binary_ensemble_combined_emnist INFO: loss:bce protocol:2 ep:26 train:{'j': 0.608} val:{'j': 0.773, 'conf_kn': 0.312, 'conf_unk': 0.365} t:287.2s v:77.3s
05_06_11:30 openset_imagenet.binary_ensemble_combined_emnist INFO: Saving best model experiments/ex_6/net_5/bce_binary_ensemble_combined_imagenet_best.pth at epoch: 26
05_06_11:37 openset_imagenet.binary_ensemble_combined_emnist INFO: loss:bce protocol:2 ep:27 train:{'j': 0.601} val:{'j': 0.774, 'conf_kn': 0.304, 'conf_unk': 0.373} t:290.1s v:77.7s
05_06_11:37 openset_imagenet.binary_ensemble_combined_emnist INFO: Saving best model experiments/ex_6/net_5/bce_binary_ensemble_combined_imagenet_best.pth at epoch: 27
05_06_11:43 openset_imagenet.binary_ensemble_combined_emnist INFO: loss:bce protocol:2 ep:28 train:{'j': 0.594} val:{'j': 0.717, 'conf_kn': 0.338, 'conf_unk': 0.366} t:288.4s v:77.6s
05_06_11:43 openset_imagenet.binary_ensemble_combined_emnist INFO: Saving best model experiments/ex_6/net_5/bce_binary_ensemble_combined_imagenet_best.pth at epoch: 28
05_06_11:49 openset_imagenet.binary_ensemble_combined_emnist INFO: loss:bce protocol:2 ep:29 train:{'j': 0.586} val:{'j': 0.773, 'conf_kn': 0.345, 'conf_unk': 0.349} t:292.8s v:79.4s
05_06_11:55 openset_imagenet.binary_ensemble_combined_emnist INFO: loss:bce protocol:2 ep:30 train:{'j': 0.578} val:{'j': 0.764, 'conf_kn': 0.330, 'conf_unk': 0.352} t:290.0s v:78.0s
05_06_12:01 openset_imagenet.binary_ensemble_combined_emnist INFO: loss:bce protocol:2 ep:31 train:{'j': 0.568} val:{'j': 0.803, 'conf_kn': 0.323, 'conf_unk': 0.349} t:284.8s v:77.5s
05_06_12:07 openset_imagenet.binary_ensemble_combined_emnist INFO: loss:bce protocol:2 ep:32 train:{'j': 0.560} val:{'j': 0.974, 'conf_kn': 0.164, 'conf_unk': 0.310} t:284.5s v:74.9s
05_06_12:13 openset_imagenet.binary_ensemble_combined_emnist INFO: loss:bce protocol:2 ep:33 train:{'j': 0.550} val:{'j': 0.822, 'conf_kn': 0.325, 'conf_unk': 0.308} t:286.4s v:75.2s
05_06_12:19 openset_imagenet.binary_ensemble_combined_emnist INFO: loss:bce protocol:2 ep:34 train:{'j': 0.542} val:{'j': 0.742, 'conf_kn': 0.384, 'conf_unk': 0.328} t:286.0s v:74.6s
05_06_12:19 openset_imagenet.binary_ensemble_combined_emnist INFO: Saving best model experiments/ex_6/net_5/bce_binary_ensemble_combined_imagenet_best.pth at epoch: 34
05_06_12:25 openset_imagenet.binary_ensemble_combined_emnist INFO: loss:bce protocol:2 ep:35 train:{'j': 0.532} val:{'j': 0.811, 'conf_kn': 0.430, 'conf_unk': 0.307} t:276.7s v:75.0s
05_06_12:25 openset_imagenet.binary_ensemble_combined_emnist INFO: Saving best model experiments/ex_6/net_5/bce_binary_ensemble_combined_imagenet_best.pth at epoch: 35
05_06_12:31 openset_imagenet.binary_ensemble_combined_emnist INFO: loss:bce protocol:2 ep:36 train:{'j': 0.524} val:{'j': 0.732, 'conf_kn': 0.391, 'conf_unk': 0.315} t:279.4s v:72.0s
05_06_12:37 openset_imagenet.binary_ensemble_combined_emnist INFO: loss:bce protocol:2 ep:37 train:{'j': 0.513} val:{'j': 0.719, 'conf_kn': 0.456, 'conf_unk': 0.308} t:285.9s v:75.5s
05_06_12:37 openset_imagenet.binary_ensemble_combined_emnist INFO: Saving best model experiments/ex_6/net_5/bce_binary_ensemble_combined_imagenet_best.pth at epoch: 37
05_06_12:43 openset_imagenet.binary_ensemble_combined_emnist INFO: loss:bce protocol:2 ep:38 train:{'j': 0.505} val:{'j': 0.774, 'conf_kn': 0.425, 'conf_unk': 0.310} t:285.2s v:74.3s
05_06_12:49 openset_imagenet.binary_ensemble_combined_emnist INFO: loss:bce protocol:2 ep:39 train:{'j': 0.494} val:{'j': 0.844, 'conf_kn': 0.381, 'conf_unk': 0.285} t:278.5s v:73.3s
05_06_12:55 openset_imagenet.binary_ensemble_combined_emnist INFO: loss:bce protocol:2 ep:40 train:{'j': 0.487} val:{'j': 0.746, 'conf_kn': 0.392, 'conf_unk': 0.318} t:278.4s v:76.3s
05_06_13:01 openset_imagenet.binary_ensemble_combined_emnist INFO: loss:bce protocol:2 ep:41 train:{'j': 0.477} val:{'j': 0.774, 'conf_kn': 0.367, 'conf_unk': 0.314} t:281.1s v:75.9s
05_06_13:07 openset_imagenet.binary_ensemble_combined_emnist INFO: loss:bce protocol:2 ep:42 train:{'j': 0.468} val:{'j': 0.823, 'conf_kn': 0.470, 'conf_unk': 0.284} t:276.9s v:77.0s
05_06_13:13 openset_imagenet.binary_ensemble_combined_emnist INFO: loss:bce protocol:2 ep:43 train:{'j': 0.460} val:{'j': 0.893, 'conf_kn': 0.310, 'conf_unk': 0.266} t:278.3s v:74.4s
05_06_13:19 openset_imagenet.binary_ensemble_combined_emnist INFO: loss:bce protocol:2 ep:44 train:{'j': 0.453} val:{'j': 1.335, 'conf_kn': 0.248, 'conf_unk': 0.189} t:278.6s v:75.7s
05_06_13:25 openset_imagenet.binary_ensemble_combined_emnist INFO: loss:bce protocol:2 ep:45 train:{'j': 0.443} val:{'j': 1.080, 'conf_kn': 0.457, 'conf_unk': 0.262} t:276.8s v:75.0s
05_06_13:31 openset_imagenet.binary_ensemble_combined_emnist INFO: loss:bce protocol:2 ep:46 train:{'j': 0.436} val:{'j': 0.877, 'conf_kn': 0.525, 'conf_unk': 0.270} t:277.5s v:74.0s
05_06_13:31 openset_imagenet.binary_ensemble_combined_emnist INFO: Saving best model experiments/ex_6/net_5/bce_binary_ensemble_combined_imagenet_best.pth at epoch: 46
05_06_13:37 openset_imagenet.binary_ensemble_combined_emnist INFO: loss:bce protocol:2 ep:47 train:{'j': 0.429} val:{'j': 1.363, 'conf_kn': 0.245, 'conf_unk': 0.227} t:276.4s v:72.3s
05_06_13:42 openset_imagenet.binary_ensemble_combined_emnist INFO: loss:bce protocol:2 ep:48 train:{'j': 0.420} val:{'j': 1.015, 'conf_kn': 0.415, 'conf_unk': 0.258} t:276.5s v:72.2s
05_06_13:48 openset_imagenet.binary_ensemble_combined_emnist INFO: loss:bce protocol:2 ep:49 train:{'j': 0.412} val:{'j': 0.763, 'conf_kn': 0.534, 'conf_unk': 0.268} t:276.9s v:73.5s
05_06_13:48 openset_imagenet.binary_ensemble_combined_emnist INFO: Saving best model experiments/ex_6/net_5/bce_binary_ensemble_combined_imagenet_best.pth at epoch: 49
05_06_13:54 openset_imagenet.binary_ensemble_combined_emnist INFO: loss:bce protocol:2 ep:50 train:{'j': 0.406} val:{'j': 0.798, 'conf_kn': 0.474, 'conf_unk': 0.289} t:277.6s v:72.3s
05_06_14:00 openset_imagenet.binary_ensemble_combined_emnist INFO: loss:bce protocol:2 ep:51 train:{'j': 0.399} val:{'j': 0.894, 'conf_kn': 0.520, 'conf_unk': 0.266} t:276.9s v:73.6s
05_06_14:06 openset_imagenet.binary_ensemble_combined_emnist INFO: loss:bce protocol:2 ep:52 train:{'j': 0.390} val:{'j': 0.767, 'conf_kn': 0.566, 'conf_unk': 0.260} t:273.7s v:73.4s
05_06_14:06 openset_imagenet.binary_ensemble_combined_emnist INFO: Saving best model experiments/ex_6/net_5/bce_binary_ensemble_combined_imagenet_best.pth at epoch: 52
05_06_14:12 openset_imagenet.binary_ensemble_combined_emnist INFO: loss:bce protocol:2 ep:53 train:{'j': 0.382} val:{'j': 0.773, 'conf_kn': 0.562, 'conf_unk': 0.268} t:277.9s v:72.9s
05_06_14:12 openset_imagenet.binary_ensemble_combined_emnist INFO: Saving best model experiments/ex_6/net_5/bce_binary_ensemble_combined_imagenet_best.pth at epoch: 53
05_06_14:18 openset_imagenet.binary_ensemble_combined_emnist INFO: loss:bce protocol:2 ep:54 train:{'j': 0.377} val:{'j': 0.912, 'conf_kn': 0.525, 'conf_unk': 0.260} t:275.7s v:72.9s
05_06_14:24 openset_imagenet.binary_ensemble_combined_emnist INFO: loss:bce protocol:2 ep:55 train:{'j': 0.370} val:{'j': 0.745, 'conf_kn': 0.537, 'conf_unk': 0.274} t:276.8s v:73.5s
05_06_14:30 openset_imagenet.binary_ensemble_combined_emnist INFO: loss:bce protocol:2 ep:56 train:{'j': 0.364} val:{'j': 1.201, 'conf_kn': 0.396, 'conf_unk': 0.230} t:280.1s v:73.9s
05_06_14:35 openset_imagenet.binary_ensemble_combined_emnist INFO: loss:bce protocol:2 ep:57 train:{'j': 0.360} val:{'j': 0.807, 'conf_kn': 0.525, 'conf_unk': 0.275} t:274.1s v:73.3s
05_06_14:41 openset_imagenet.binary_ensemble_combined_emnist INFO: loss:bce protocol:2 ep:58 train:{'j': 0.352} val:{'j': 0.815, 'conf_kn': 0.526, 'conf_unk': 0.254} t:276.7s v:73.2s
05_06_14:47 openset_imagenet.binary_ensemble_combined_emnist INFO: loss:bce protocol:2 ep:59 train:{'j': 0.346} val:{'j': 0.903, 'conf_kn': 0.494, 'conf_unk': 0.252} t:278.0s v:72.5s
05_06_14:53 openset_imagenet.binary_ensemble_combined_emnist INFO: loss:bce protocol:2 ep:60 train:{'j': 0.337} val:{'j': 0.885, 'conf_kn': 0.563, 'conf_unk': 0.253} t:276.2s v:72.5s
05_06_14:59 openset_imagenet.binary_ensemble_combined_emnist INFO: loss:bce protocol:2 ep:61 train:{'j': 0.333} val:{'j': 0.875, 'conf_kn': 0.556, 'conf_unk': 0.255} t:278.1s v:74.9s
05_06_15:05 openset_imagenet.binary_ensemble_combined_emnist INFO: loss:bce protocol:2 ep:62 train:{'j': 0.321} val:{'j': 0.819, 'conf_kn': 0.570, 'conf_unk': 0.245} t:275.8s v:72.4s
05_06_15:10 openset_imagenet.binary_ensemble_combined_emnist INFO: loss:bce protocol:2 ep:63 train:{'j': 0.324} val:{'j': 0.908, 'conf_kn': 0.516, 'conf_unk': 0.235} t:274.3s v:72.3s
05_06_15:16 openset_imagenet.binary_ensemble_combined_emnist INFO: loss:bce protocol:2 ep:64 train:{'j': 0.315} val:{'j': 0.937, 'conf_kn': 0.585, 'conf_unk': 0.240} t:277.3s v:73.7s
05_06_15:22 openset_imagenet.binary_ensemble_combined_emnist INFO: loss:bce protocol:2 ep:65 train:{'j': 0.308} val:{'j': 1.006, 'conf_kn': 0.540, 'conf_unk': 0.232} t:274.5s v:72.7s
05_06_15:28 openset_imagenet.binary_ensemble_combined_emnist INFO: loss:bce protocol:2 ep:66 train:{'j': 0.306} val:{'j': 0.953, 'conf_kn': 0.580, 'conf_unk': 0.242} t:276.2s v:75.5s
05_06_15:34 openset_imagenet.binary_ensemble_combined_emnist INFO: loss:bce protocol:2 ep:67 train:{'j': 0.297} val:{'j': 0.898, 'conf_kn': 0.572, 'conf_unk': 0.227} t:277.3s v:72.6s
05_06_15:40 openset_imagenet.binary_ensemble_combined_emnist INFO: loss:bce protocol:2 ep:68 train:{'j': 0.292} val:{'j': 1.037, 'conf_kn': 0.560, 'conf_unk': 0.225} t:275.6s v:74.0s
05_06_15:46 openset_imagenet.binary_ensemble_combined_emnist INFO: loss:bce protocol:2 ep:69 train:{'j': 0.289} val:{'j': 0.854, 'conf_kn': 0.601, 'conf_unk': 0.232} t:277.7s v:72.4s
05_06_15:46 openset_imagenet.binary_ensemble_combined_emnist INFO: Saving best model experiments/ex_6/net_5/bce_binary_ensemble_combined_imagenet_best.pth at epoch: 69
05_06_15:51 openset_imagenet.binary_ensemble_combined_emnist INFO: loss:bce protocol:2 ep:70 train:{'j': 0.284} val:{'j': 0.925, 'conf_kn': 0.560, 'conf_unk': 0.223} t:274.1s v:37.7s
05_06_15:54 openset_imagenet.binary_ensemble_combined_emnist INFO: loss:bce protocol:2 ep:71 train:{'j': 0.277} val:{'j': 0.873, 'conf_kn': 0.619, 'conf_unk': 0.234} t:142.2s v:38.3s
05_06_15:54 openset_imagenet.binary_ensemble_combined_emnist INFO: Saving best model experiments/ex_6/net_5/bce_binary_ensemble_combined_imagenet_best.pth at epoch: 71
05_06_15:57 openset_imagenet.binary_ensemble_combined_emnist INFO: loss:bce protocol:2 ep:72 train:{'j': 0.274} val:{'j': 1.077, 'conf_kn': 0.612, 'conf_unk': 0.221} t:143.6s v:39.6s
05_06_16:00 openset_imagenet.binary_ensemble_combined_emnist INFO: loss:bce protocol:2 ep:73 train:{'j': 0.267} val:{'j': 0.971, 'conf_kn': 0.565, 'conf_unk': 0.208} t:143.5s v:39.9s
05_06_16:03 openset_imagenet.binary_ensemble_combined_emnist INFO: loss:bce protocol:2 ep:74 train:{'j': 0.263} val:{'j': 0.955, 'conf_kn': 0.556, 'conf_unk': 0.231} t:142.5s v:38.3s
05_06_16:06 openset_imagenet.binary_ensemble_combined_emnist INFO: loss:bce protocol:2 ep:75 train:{'j': 0.259} val:{'j': 0.874, 'conf_kn': 0.484, 'conf_unk': 0.229} t:142.6s v:38.0s
05_06_16:09 openset_imagenet.binary_ensemble_combined_emnist INFO: loss:bce protocol:2 ep:76 train:{'j': 0.254} val:{'j': 0.995, 'conf_kn': 0.610, 'conf_unk': 0.223} t:142.2s v:38.1s
05_06_16:12 openset_imagenet.binary_ensemble_combined_emnist INFO: loss:bce protocol:2 ep:77 train:{'j': 0.251} val:{'j': 0.971, 'conf_kn': 0.487, 'conf_unk': 0.233} t:142.1s v:38.2s
05_06_16:16 openset_imagenet.binary_ensemble_combined_emnist INFO: loss:bce protocol:2 ep:78 train:{'j': 0.247} val:{'j': 0.897, 'conf_kn': 0.616, 'conf_unk': 0.208} t:142.4s v:54.0s
05_06_16:19 openset_imagenet.binary_ensemble_combined_emnist INFO: loss:bce protocol:2 ep:79 train:{'j': 0.238} val:{'j': 0.987, 'conf_kn': 0.605, 'conf_unk': 0.222} t:146.2s v:36.6s
05_06_16:22 openset_imagenet.binary_ensemble_combined_emnist INFO: loss:bce protocol:2 ep:80 train:{'j': 0.234} val:{'j': 0.907, 'conf_kn': 0.597, 'conf_unk': 0.224} t:140.3s v:36.8s
05_06_16:25 openset_imagenet.binary_ensemble_combined_emnist INFO: loss:bce protocol:2 ep:81 train:{'j': 0.234} val:{'j': 0.938, 'conf_kn': 0.613, 'conf_unk': 0.224} t:140.1s v:36.8s
05_06_16:28 openset_imagenet.binary_ensemble_combined_emnist INFO: loss:bce protocol:2 ep:82 train:{'j': 0.229} val:{'j': 1.034, 'conf_kn': 0.604, 'conf_unk': 0.209} t:140.5s v:36.7s
05_06_16:31 openset_imagenet.binary_ensemble_combined_emnist INFO: loss:bce protocol:2 ep:83 train:{'j': 0.223} val:{'j': 1.209, 'conf_kn': 0.511, 'conf_unk': 0.209} t:140.0s v:39.2s
05_06_16:34 openset_imagenet.binary_ensemble_combined_emnist INFO: loss:bce protocol:2 ep:84 train:{'j': 0.219} val:{'j': 1.032, 'conf_kn': 0.631, 'conf_unk': 0.210} t:142.8s v:40.0s
05_06_16:37 openset_imagenet.binary_ensemble_combined_emnist INFO: loss:bce protocol:2 ep:85 train:{'j': 0.218} val:{'j': 1.130, 'conf_kn': 0.622, 'conf_unk': 0.199} t:140.5s v:36.9s
05_06_16:40 openset_imagenet.binary_ensemble_combined_emnist INFO: loss:bce protocol:2 ep:86 train:{'j': 0.212} val:{'j': 1.060, 'conf_kn': 0.634, 'conf_unk': 0.196} t:140.7s v:39.9s
05_06_16:43 openset_imagenet.binary_ensemble_combined_emnist INFO: loss:bce protocol:2 ep:87 train:{'j': 0.209} val:{'j': 1.403, 'conf_kn': 0.546, 'conf_unk': 0.182} t:141.5s v:36.6s
05_06_16:46 openset_imagenet.binary_ensemble_combined_emnist INFO: loss:bce protocol:2 ep:88 train:{'j': 0.199} val:{'j': 1.112, 'conf_kn': 0.585, 'conf_unk': 0.204} t:141.7s v:37.1s
05_06_16:49 openset_imagenet.binary_ensemble_combined_emnist INFO: loss:bce protocol:2 ep:89 train:{'j': 0.201} val:{'j': 0.971, 'conf_kn': 0.612, 'conf_unk': 0.208} t:141.1s v:37.1s
05_06_16:52 openset_imagenet.binary_ensemble_combined_emnist INFO: loss:bce protocol:2 ep:90 train:{'j': 0.200} val:{'j': 1.052, 'conf_kn': 0.648, 'conf_unk': 0.203} t:140.7s v:36.7s
05_06_16:55 openset_imagenet.binary_ensemble_combined_emnist INFO: loss:bce protocol:2 ep:91 train:{'j': 0.194} val:{'j': 1.029, 'conf_kn': 0.622, 'conf_unk': 0.199} t:140.6s v:37.0s
05_06_16:58 openset_imagenet.binary_ensemble_combined_emnist INFO: loss:bce protocol:2 ep:92 train:{'j': 0.186} val:{'j': 0.971, 'conf_kn': 0.636, 'conf_unk': 0.201} t:140.2s v:36.6s
05_06_17:01 openset_imagenet.binary_ensemble_combined_emnist INFO: loss:bce protocol:2 ep:93 train:{'j': 0.186} val:{'j': 1.097, 'conf_kn': 0.634, 'conf_unk': 0.203} t:141.5s v:37.0s
05_06_17:04 openset_imagenet.binary_ensemble_combined_emnist INFO: loss:bce protocol:2 ep:94 train:{'j': 0.186} val:{'j': 1.123, 'conf_kn': 0.557, 'conf_unk': 0.201} t:142.3s v:40.5s
05_06_17:07 openset_imagenet.binary_ensemble_combined_emnist INFO: loss:bce protocol:2 ep:95 train:{'j': 0.181} val:{'j': 1.073, 'conf_kn': 0.635, 'conf_unk': 0.198} t:143.7s v:37.4s
05_06_17:10 openset_imagenet.binary_ensemble_combined_emnist INFO: loss:bce protocol:2 ep:96 train:{'j': 0.175} val:{'j': 1.067, 'conf_kn': 0.608, 'conf_unk': 0.194} t:140.9s v:37.0s
05_06_17:13 openset_imagenet.binary_ensemble_combined_emnist INFO: loss:bce protocol:2 ep:97 train:{'j': 0.172} val:{'j': 1.139, 'conf_kn': 0.647, 'conf_unk': 0.194} t:140.8s v:37.3s
05_06_17:16 openset_imagenet.binary_ensemble_combined_emnist INFO: loss:bce protocol:2 ep:98 train:{'j': 0.167} val:{'j': 1.015, 'conf_kn': 0.631, 'conf_unk': 0.199} t:140.7s v:36.5s
05_06_17:19 openset_imagenet.binary_ensemble_combined_emnist INFO: loss:bce protocol:2 ep:99 train:{'j': 0.168} val:{'j': 1.160, 'conf_kn': 0.618, 'conf_unk': 0.192} t:140.3s v:36.7s
05_06_17:22 openset_imagenet.binary_ensemble_combined_emnist INFO: loss:bce protocol:2 ep:100 train:{'j': 0.164} val:{'j': 1.042, 'conf_kn': 0.638, 'conf_unk': 0.200} t:141.0s v:37.0s
05_06_17:25 openset_imagenet.binary_ensemble_combined_emnist INFO: loss:bce protocol:2 ep:101 train:{'j': 0.161} val:{'j': 1.177, 'conf_kn': 0.611, 'conf_unk': 0.186} t:140.7s v:36.5s
05_06_17:28 openset_imagenet.binary_ensemble_combined_emnist INFO: loss:bce protocol:2 ep:102 train:{'j': 0.160} val:{'j': 0.985, 'conf_kn': 0.555, 'conf_unk': 0.202} t:140.6s v:36.6s
05_06_17:31 openset_imagenet.binary_ensemble_combined_emnist INFO: loss:bce protocol:2 ep:103 train:{'j': 0.156} val:{'j': 1.215, 'conf_kn': 0.653, 'conf_unk': 0.177} t:140.8s v:36.8s
05_06_17:34 openset_imagenet.binary_ensemble_combined_emnist INFO: loss:bce protocol:2 ep:104 train:{'j': 0.149} val:{'j': 1.119, 'conf_kn': 0.624, 'conf_unk': 0.182} t:140.8s v:37.0s
05_06_17:37 openset_imagenet.binary_ensemble_combined_emnist INFO: loss:bce protocol:2 ep:105 train:{'j': 0.146} val:{'j': 1.199, 'conf_kn': 0.652, 'conf_unk': 0.178} t:140.6s v:36.9s
05_06_17:40 openset_imagenet.binary_ensemble_combined_emnist INFO: loss:bce protocol:2 ep:106 train:{'j': 0.149} val:{'j': 1.215, 'conf_kn': 0.651, 'conf_unk': 0.178} t:140.9s v:37.0s
05_06_17:43 openset_imagenet.binary_ensemble_combined_emnist INFO: loss:bce protocol:2 ep:107 train:{'j': 0.146} val:{'j': 1.197, 'conf_kn': 0.651, 'conf_unk': 0.175} t:140.7s v:36.8s
05_06_17:46 openset_imagenet.binary_ensemble_combined_emnist INFO: loss:bce protocol:2 ep:108 train:{'j': 0.146} val:{'j': 1.065, 'conf_kn': 0.637, 'conf_unk': 0.194} t:140.3s v:37.3s
05_06_17:49 openset_imagenet.binary_ensemble_combined_emnist INFO: loss:bce protocol:2 ep:109 train:{'j': 0.140} val:{'j': 1.197, 'conf_kn': 0.634, 'conf_unk': 0.172} t:141.1s v:37.2s
05_06_17:52 openset_imagenet.binary_ensemble_combined_emnist INFO: loss:bce protocol:2 ep:110 train:{'j': 0.138} val:{'j': 1.138, 'conf_kn': 0.650, 'conf_unk': 0.175} t:140.8s v:37.6s
05_06_17:55 openset_imagenet.binary_ensemble_combined_emnist INFO: loss:bce protocol:2 ep:111 train:{'j': 0.134} val:{'j': 1.280, 'conf_kn': 0.653, 'conf_unk': 0.173} t:140.5s v:36.9s
05_06_17:58 openset_imagenet.binary_ensemble_combined_emnist INFO: loss:bce protocol:2 ep:112 train:{'j': 0.131} val:{'j': 1.362, 'conf_kn': 0.595, 'conf_unk': 0.159} t:140.5s v:36.8s
05_06_18:01 openset_imagenet.binary_ensemble_combined_emnist INFO: loss:bce protocol:2 ep:113 train:{'j': 0.131} val:{'j': 1.543, 'conf_kn': 0.626, 'conf_unk': 0.165} t:140.4s v:37.3s
05_06_18:04 openset_imagenet.binary_ensemble_combined_emnist INFO: loss:bce protocol:2 ep:114 train:{'j': 0.127} val:{'j': 1.441, 'conf_kn': 0.648, 'conf_unk': 0.173} t:140.4s v:37.2s
05_06_18:07 openset_imagenet.binary_ensemble_combined_emnist INFO: loss:bce protocol:2 ep:115 train:{'j': 0.128} val:{'j': 1.321, 'conf_kn': 0.650, 'conf_unk': 0.169} t:141.3s v:37.0s
05_06_18:10 openset_imagenet.binary_ensemble_combined_emnist INFO: loss:bce protocol:2 ep:116 train:{'j': 0.125} val:{'j': 1.140, 'conf_kn': 0.646, 'conf_unk': 0.177} t:140.6s v:38.3s
05_06_18:14 openset_imagenet.binary_ensemble_combined_emnist INFO: loss:bce protocol:2 ep:117 train:{'j': 0.115} val:{'j': 1.110, 'conf_kn': 0.594, 'conf_unk': 0.180} t:147.9s v:104.9s
05_06_18:21 openset_imagenet.binary_ensemble_combined_emnist INFO: loss:bce protocol:2 ep:118 train:{'j': 0.122} val:{'j': 1.331, 'conf_kn': 0.645, 'conf_unk': 0.172} t:316.5s v:99.1s
05_06_18:28 openset_imagenet.binary_ensemble_combined_emnist INFO: loss:bce protocol:2 ep:119 train:{'j': 0.114} val:{'j': 1.226, 'conf_kn': 0.641, 'conf_unk': 0.179} t:318.1s v:106.1s
05_06_18:28 openset_imagenet.binary_ensemble_combined_emnist INFO: Training finished
