18_05_20:50 openset_imagenet.binary_ensemble_combined_emnist INFO: ============ Data ============
18_05_20:50 openset_imagenet.binary_ensemble_combined_emnist INFO: train_len:28895, labels:30
18_05_20:50 openset_imagenet.binary_ensemble_combined_emnist INFO: val_len:7224, labels:30
18_05_20:50 openset_imagenet.binary_ensemble_combined_emnist INFO: Using Negatives for Training: False
18_05_20:50 openset_imagenet.binary_ensemble_combined_emnist INFO: ========== Training ==========
18_05_20:50 openset_imagenet.binary_ensemble_combined_emnist INFO: Initial epoch: 0
18_05_20:50 openset_imagenet.binary_ensemble_combined_emnist INFO: Last epoch: 120
18_05_20:50 openset_imagenet.binary_ensemble_combined_emnist INFO: Batch size: 32
18_05_20:50 openset_imagenet.binary_ensemble_combined_emnist INFO: workers: 4
18_05_20:50 openset_imagenet.binary_ensemble_combined_emnist INFO: Loss: bce
18_05_20:50 openset_imagenet.binary_ensemble_combined_emnist INFO: optimizer: sgd
18_05_20:50 openset_imagenet.binary_ensemble_combined_emnist INFO: Learning rate: 0.01
18_05_20:50 openset_imagenet.binary_ensemble_combined_emnist INFO: Device: 6
18_05_20:50 openset_imagenet.binary_ensemble_combined_emnist INFO: Number of binary outputs: 100
18_05_20:50 openset_imagenet.binary_ensemble_combined_emnist INFO: Using following approach to generate sets: random
18_05_20:50 openset_imagenet.binary_ensemble_combined_emnist INFO: Training...
18_05_20:53 openset_imagenet.binary_ensemble_combined_emnist INFO: loss:bce protocol:2 ep:0 train:{'j': 0.694} val:{'j': 0.696, 'conf_kn': 0.509, 'conf_unk': 0.000} t:166.3s v:22.1s
18_05_20:53 openset_imagenet.binary_ensemble_combined_emnist INFO: Saving best model experiments/ex_5/net_11/bce_binary_ensemble_combined_imagenet_best.pth at epoch: 0
18_05_20:56 openset_imagenet.binary_ensemble_combined_emnist INFO: loss:bce protocol:2 ep:1 train:{'j': 0.692} val:{'j': 0.691, 'conf_kn': 0.530, 'conf_unk': 0.000} t:166.0s v:22.5s
18_05_20:56 openset_imagenet.binary_ensemble_combined_emnist INFO: Saving best model experiments/ex_5/net_11/bce_binary_ensemble_combined_imagenet_best.pth at epoch: 1
18_05_20:59 openset_imagenet.binary_ensemble_combined_emnist INFO: loss:bce protocol:2 ep:2 train:{'j': 0.690} val:{'j': 0.690, 'conf_kn': 0.534, 'conf_unk': 0.000} t:168.9s v:23.6s
18_05_20:59 openset_imagenet.binary_ensemble_combined_emnist INFO: Saving best model experiments/ex_5/net_11/bce_binary_ensemble_combined_imagenet_best.pth at epoch: 2
18_05_21:02 openset_imagenet.binary_ensemble_combined_emnist INFO: loss:bce protocol:2 ep:3 train:{'j': 0.688} val:{'j': 0.687, 'conf_kn': 0.543, 'conf_unk': 0.000} t:167.2s v:22.4s
18_05_21:02 openset_imagenet.binary_ensemble_combined_emnist INFO: Saving best model experiments/ex_5/net_11/bce_binary_ensemble_combined_imagenet_best.pth at epoch: 3
18_05_21:05 openset_imagenet.binary_ensemble_combined_emnist INFO: loss:bce protocol:2 ep:4 train:{'j': 0.686} val:{'j': 0.685, 'conf_kn': 0.548, 'conf_unk': 0.000} t:168.3s v:22.7s
18_05_21:05 openset_imagenet.binary_ensemble_combined_emnist INFO: Saving best model experiments/ex_5/net_11/bce_binary_ensemble_combined_imagenet_best.pth at epoch: 4
18_05_21:09 openset_imagenet.binary_ensemble_combined_emnist INFO: loss:bce protocol:2 ep:5 train:{'j': 0.684} val:{'j': 0.683, 'conf_kn': 0.554, 'conf_unk': 0.000} t:165.9s v:22.7s
18_05_21:09 openset_imagenet.binary_ensemble_combined_emnist INFO: Saving best model experiments/ex_5/net_11/bce_binary_ensemble_combined_imagenet_best.pth at epoch: 5
18_05_21:12 openset_imagenet.binary_ensemble_combined_emnist INFO: loss:bce protocol:2 ep:6 train:{'j': 0.682} val:{'j': 0.681, 'conf_kn': 0.560, 'conf_unk': 0.000} t:167.8s v:23.0s
18_05_21:12 openset_imagenet.binary_ensemble_combined_emnist INFO: Saving best model experiments/ex_5/net_11/bce_binary_ensemble_combined_imagenet_best.pth at epoch: 6
18_05_21:15 openset_imagenet.binary_ensemble_combined_emnist INFO: loss:bce protocol:2 ep:7 train:{'j': 0.680} val:{'j': 0.677, 'conf_kn': 0.567, 'conf_unk': 0.000} t:166.7s v:22.6s
18_05_21:15 openset_imagenet.binary_ensemble_combined_emnist INFO: Saving best model experiments/ex_5/net_11/bce_binary_ensemble_combined_imagenet_best.pth at epoch: 7
18_05_21:18 openset_imagenet.binary_ensemble_combined_emnist INFO: loss:bce protocol:2 ep:8 train:{'j': 0.677} val:{'j': 0.675, 'conf_kn': 0.572, 'conf_unk': 0.000} t:168.4s v:23.6s
18_05_21:18 openset_imagenet.binary_ensemble_combined_emnist INFO: Saving best model experiments/ex_5/net_11/bce_binary_ensemble_combined_imagenet_best.pth at epoch: 8
18_05_21:21 openset_imagenet.binary_ensemble_combined_emnist INFO: loss:bce protocol:2 ep:9 train:{'j': 0.675} val:{'j': 0.671, 'conf_kn': 0.577, 'conf_unk': 0.000} t:166.5s v:23.6s
18_05_21:21 openset_imagenet.binary_ensemble_combined_emnist INFO: Saving best model experiments/ex_5/net_11/bce_binary_ensemble_combined_imagenet_best.pth at epoch: 9
18_05_21:25 openset_imagenet.binary_ensemble_combined_emnist INFO: loss:bce protocol:2 ep:10 train:{'j': 0.672} val:{'j': 0.673, 'conf_kn': 0.576, 'conf_unk': 0.000} t:167.6s v:22.5s
18_05_21:28 openset_imagenet.binary_ensemble_combined_emnist INFO: loss:bce protocol:2 ep:11 train:{'j': 0.669} val:{'j': 0.676, 'conf_kn': 0.575, 'conf_unk': 0.000} t:166.9s v:22.6s
18_05_21:31 openset_imagenet.binary_ensemble_combined_emnist INFO: loss:bce protocol:2 ep:12 train:{'j': 0.665} val:{'j': 0.665, 'conf_kn': 0.589, 'conf_unk': 0.000} t:167.7s v:22.8s
18_05_21:31 openset_imagenet.binary_ensemble_combined_emnist INFO: Saving best model experiments/ex_5/net_11/bce_binary_ensemble_combined_imagenet_best.pth at epoch: 12
18_05_21:34 openset_imagenet.binary_ensemble_combined_emnist INFO: loss:bce protocol:2 ep:13 train:{'j': 0.662} val:{'j': 0.663, 'conf_kn': 0.590, 'conf_unk': 0.000} t:167.1s v:23.2s
18_05_21:34 openset_imagenet.binary_ensemble_combined_emnist INFO: Saving best model experiments/ex_5/net_11/bce_binary_ensemble_combined_imagenet_best.pth at epoch: 13
18_05_21:37 openset_imagenet.binary_ensemble_combined_emnist INFO: loss:bce protocol:2 ep:14 train:{'j': 0.659} val:{'j': 0.662, 'conf_kn': 0.592, 'conf_unk': 0.000} t:168.0s v:22.8s
18_05_21:37 openset_imagenet.binary_ensemble_combined_emnist INFO: Saving best model experiments/ex_5/net_11/bce_binary_ensemble_combined_imagenet_best.pth at epoch: 14
18_05_21:40 openset_imagenet.binary_ensemble_combined_emnist INFO: loss:bce protocol:2 ep:15 train:{'j': 0.655} val:{'j': 0.655, 'conf_kn': 0.603, 'conf_unk': 0.000} t:166.3s v:22.5s
18_05_21:41 openset_imagenet.binary_ensemble_combined_emnist INFO: Saving best model experiments/ex_5/net_11/bce_binary_ensemble_combined_imagenet_best.pth at epoch: 15
18_05_21:44 openset_imagenet.binary_ensemble_combined_emnist INFO: loss:bce protocol:2 ep:16 train:{'j': 0.651} val:{'j': 0.654, 'conf_kn': 0.606, 'conf_unk': 0.000} t:167.7s v:22.5s
18_05_21:44 openset_imagenet.binary_ensemble_combined_emnist INFO: Saving best model experiments/ex_5/net_11/bce_binary_ensemble_combined_imagenet_best.pth at epoch: 16
18_05_21:47 openset_imagenet.binary_ensemble_combined_emnist INFO: loss:bce protocol:2 ep:17 train:{'j': 0.646} val:{'j': 0.647, 'conf_kn': 0.612, 'conf_unk': 0.000} t:166.8s v:24.1s
18_05_21:47 openset_imagenet.binary_ensemble_combined_emnist INFO: Saving best model experiments/ex_5/net_11/bce_binary_ensemble_combined_imagenet_best.pth at epoch: 17
18_05_21:50 openset_imagenet.binary_ensemble_combined_emnist INFO: loss:bce protocol:2 ep:18 train:{'j': 0.641} val:{'j': 0.661, 'conf_kn': 0.604, 'conf_unk': 0.000} t:166.6s v:22.6s
18_05_21:53 openset_imagenet.binary_ensemble_combined_emnist INFO: loss:bce protocol:2 ep:19 train:{'j': 0.635} val:{'j': 0.648, 'conf_kn': 0.613, 'conf_unk': 0.000} t:167.1s v:22.1s
18_05_21:53 openset_imagenet.binary_ensemble_combined_emnist INFO: Saving best model experiments/ex_5/net_11/bce_binary_ensemble_combined_imagenet_best.pth at epoch: 19
18_05_21:56 openset_imagenet.binary_ensemble_combined_emnist INFO: loss:bce protocol:2 ep:20 train:{'j': 0.629} val:{'j': 0.636, 'conf_kn': 0.635, 'conf_unk': 0.000} t:166.3s v:22.2s
18_05_21:57 openset_imagenet.binary_ensemble_combined_emnist INFO: Saving best model experiments/ex_5/net_11/bce_binary_ensemble_combined_imagenet_best.pth at epoch: 20
18_05_22:00 openset_imagenet.binary_ensemble_combined_emnist INFO: loss:bce protocol:2 ep:21 train:{'j': 0.622} val:{'j': 0.714, 'conf_kn': 0.590, 'conf_unk': 0.000} t:168.1s v:22.6s
18_05_22:03 openset_imagenet.binary_ensemble_combined_emnist INFO: loss:bce protocol:2 ep:22 train:{'j': 0.614} val:{'j': 0.623, 'conf_kn': 0.646, 'conf_unk': 0.000} t:167.0s v:22.3s
18_05_22:03 openset_imagenet.binary_ensemble_combined_emnist INFO: Saving best model experiments/ex_5/net_11/bce_binary_ensemble_combined_imagenet_best.pth at epoch: 22
18_05_22:06 openset_imagenet.binary_ensemble_combined_emnist INFO: loss:bce protocol:2 ep:23 train:{'j': 0.607} val:{'j': 0.678, 'conf_kn': 0.604, 'conf_unk': 0.000} t:168.5s v:22.6s
18_05_22:09 openset_imagenet.binary_ensemble_combined_emnist INFO: loss:bce protocol:2 ep:24 train:{'j': 0.601} val:{'j': 0.605, 'conf_kn': 0.662, 'conf_unk': 0.000} t:166.3s v:22.6s
18_05_22:09 openset_imagenet.binary_ensemble_combined_emnist INFO: Saving best model experiments/ex_5/net_11/bce_binary_ensemble_combined_imagenet_best.pth at epoch: 24
18_05_22:13 openset_imagenet.binary_ensemble_combined_emnist INFO: loss:bce protocol:2 ep:25 train:{'j': 0.592} val:{'j': 0.609, 'conf_kn': 0.660, 'conf_unk': 0.000} t:167.6s v:22.2s
18_05_22:16 openset_imagenet.binary_ensemble_combined_emnist INFO: loss:bce protocol:2 ep:26 train:{'j': 0.584} val:{'j': 0.649, 'conf_kn': 0.640, 'conf_unk': 0.000} t:166.8s v:22.7s
18_05_22:19 openset_imagenet.binary_ensemble_combined_emnist INFO: loss:bce protocol:2 ep:27 train:{'j': 0.576} val:{'j': 0.593, 'conf_kn': 0.680, 'conf_unk': 0.000} t:168.0s v:24.1s
18_05_22:19 openset_imagenet.binary_ensemble_combined_emnist INFO: Saving best model experiments/ex_5/net_11/bce_binary_ensemble_combined_imagenet_best.pth at epoch: 27
18_05_22:22 openset_imagenet.binary_ensemble_combined_emnist INFO: loss:bce protocol:2 ep:28 train:{'j': 0.567} val:{'j': 0.567, 'conf_kn': 0.696, 'conf_unk': 0.000} t:166.6s v:22.8s
18_05_22:22 openset_imagenet.binary_ensemble_combined_emnist INFO: Saving best model experiments/ex_5/net_11/bce_binary_ensemble_combined_imagenet_best.pth at epoch: 28
18_05_22:26 openset_imagenet.binary_ensemble_combined_emnist INFO: loss:bce protocol:2 ep:29 train:{'j': 0.558} val:{'j': 0.597, 'conf_kn': 0.674, 'conf_unk': 0.000} t:176.2s v:22.8s
18_05_22:29 openset_imagenet.binary_ensemble_combined_emnist INFO: loss:bce protocol:2 ep:30 train:{'j': 0.548} val:{'j': 0.633, 'conf_kn': 0.666, 'conf_unk': 0.000} t:167.7s v:23.2s
18_05_22:35 openset_imagenet.binary_ensemble_combined_emnist INFO: loss:bce protocol:2 ep:31 train:{'j': 0.540} val:{'j': 0.606, 'conf_kn': 0.689, 'conf_unk': 0.000} t:296.4s v:61.3s
18_05_22:38 openset_imagenet.binary_ensemble_combined_emnist INFO: loss:bce protocol:2 ep:32 train:{'j': 0.531} val:{'j': 0.555, 'conf_kn': 0.705, 'conf_unk': 0.000} t:175.3s v:42.4s
18_05_22:38 openset_imagenet.binary_ensemble_combined_emnist INFO: Saving best model experiments/ex_5/net_11/bce_binary_ensemble_combined_imagenet_best.pth at epoch: 32
18_05_22:43 openset_imagenet.binary_ensemble_combined_emnist INFO: loss:bce protocol:2 ep:33 train:{'j': 0.523} val:{'j': 0.563, 'conf_kn': 0.715, 'conf_unk': 0.000} t:256.5s v:23.0s
18_05_22:43 openset_imagenet.binary_ensemble_combined_emnist INFO: Saving best model experiments/ex_5/net_11/bce_binary_ensemble_combined_imagenet_best.pth at epoch: 33
18_05_22:50 openset_imagenet.binary_ensemble_combined_emnist INFO: loss:bce protocol:2 ep:34 train:{'j': 0.516} val:{'j': 0.644, 'conf_kn': 0.661, 'conf_unk': 0.000} t:367.1s v:24.0s
18_05_22:53 openset_imagenet.binary_ensemble_combined_emnist INFO: loss:bce protocol:2 ep:35 train:{'j': 0.507} val:{'j': 0.544, 'conf_kn': 0.721, 'conf_unk': 0.000} t:166.6s v:22.6s
18_05_22:53 openset_imagenet.binary_ensemble_combined_emnist INFO: Saving best model experiments/ex_5/net_11/bce_binary_ensemble_combined_imagenet_best.pth at epoch: 35
18_05_22:56 openset_imagenet.binary_ensemble_combined_emnist INFO: loss:bce protocol:2 ep:36 train:{'j': 0.497} val:{'j': 0.660, 'conf_kn': 0.659, 'conf_unk': 0.000} t:169.0s v:23.2s
18_05_23:01 openset_imagenet.binary_ensemble_combined_emnist INFO: loss:bce protocol:2 ep:37 train:{'j': 0.489} val:{'j': 0.572, 'conf_kn': 0.720, 'conf_unk': 0.000} t:233.2s v:33.9s
18_05_23:06 openset_imagenet.binary_ensemble_combined_emnist INFO: loss:bce protocol:2 ep:38 train:{'j': 0.479} val:{'j': 0.592, 'conf_kn': 0.706, 'conf_unk': 0.000} t:282.3s v:21.8s
18_05_23:10 openset_imagenet.binary_ensemble_combined_emnist INFO: loss:bce protocol:2 ep:39 train:{'j': 0.473} val:{'j': 0.521, 'conf_kn': 0.731, 'conf_unk': 0.000} t:241.7s v:23.7s
18_05_23:10 openset_imagenet.binary_ensemble_combined_emnist INFO: Saving best model experiments/ex_5/net_11/bce_binary_ensemble_combined_imagenet_best.pth at epoch: 39
18_05_23:19 openset_imagenet.binary_ensemble_combined_emnist INFO: loss:bce protocol:2 ep:40 train:{'j': 0.462} val:{'j': 0.555, 'conf_kn': 0.719, 'conf_unk': 0.000} t:445.5s v:54.4s
18_05_23:24 openset_imagenet.binary_ensemble_combined_emnist INFO: loss:bce protocol:2 ep:41 train:{'j': 0.455} val:{'j': 0.492, 'conf_kn': 0.759, 'conf_unk': 0.000} t:303.4s v:36.3s
18_05_23:25 openset_imagenet.binary_ensemble_combined_emnist INFO: Saving best model experiments/ex_5/net_11/bce_binary_ensemble_combined_imagenet_best.pth at epoch: 41
18_05_23:31 openset_imagenet.binary_ensemble_combined_emnist INFO: loss:bce protocol:2 ep:42 train:{'j': 0.448} val:{'j': 0.489, 'conf_kn': 0.763, 'conf_unk': 0.000} t:299.2s v:43.5s
18_05_23:31 openset_imagenet.binary_ensemble_combined_emnist INFO: Saving best model experiments/ex_5/net_11/bce_binary_ensemble_combined_imagenet_best.pth at epoch: 42
18_05_23:37 openset_imagenet.binary_ensemble_combined_emnist INFO: loss:bce protocol:2 ep:43 train:{'j': 0.439} val:{'j': 0.501, 'conf_kn': 0.752, 'conf_unk': 0.000} t:308.2s v:43.6s
18_05_23:44 openset_imagenet.binary_ensemble_combined_emnist INFO: loss:bce protocol:2 ep:44 train:{'j': 0.429} val:{'j': 0.699, 'conf_kn': 0.675, 'conf_unk': 0.000} t:358.7s v:74.3s
18_05_23:51 openset_imagenet.binary_ensemble_combined_emnist INFO: loss:bce protocol:2 ep:45 train:{'j': 0.421} val:{'j': 0.592, 'conf_kn': 0.728, 'conf_unk': 0.000} t:378.7s v:41.5s
18_05_23:58 openset_imagenet.binary_ensemble_combined_emnist INFO: loss:bce protocol:2 ep:46 train:{'j': 0.416} val:{'j': 0.602, 'conf_kn': 0.688, 'conf_unk': 0.000} t:379.1s v:53.1s
19_05_00:05 openset_imagenet.binary_ensemble_combined_emnist INFO: loss:bce protocol:2 ep:47 train:{'j': 0.407} val:{'j': 0.486, 'conf_kn': 0.763, 'conf_unk': 0.000} t:364.6s v:58.8s
19_05_00:13 openset_imagenet.binary_ensemble_combined_emnist INFO: loss:bce protocol:2 ep:48 train:{'j': 0.402} val:{'j': 0.509, 'conf_kn': 0.765, 'conf_unk': 0.000} t:362.8s v:69.6s
19_05_00:13 openset_imagenet.binary_ensemble_combined_emnist INFO: Saving best model experiments/ex_5/net_11/bce_binary_ensemble_combined_imagenet_best.pth at epoch: 48
19_05_00:22 openset_imagenet.binary_ensemble_combined_emnist INFO: loss:bce protocol:2 ep:49 train:{'j': 0.395} val:{'j': 0.480, 'conf_kn': 0.770, 'conf_unk': 0.000} t:467.3s v:75.4s
19_05_00:22 openset_imagenet.binary_ensemble_combined_emnist INFO: Saving best model experiments/ex_5/net_11/bce_binary_ensemble_combined_imagenet_best.pth at epoch: 49
19_05_00:30 openset_imagenet.binary_ensemble_combined_emnist INFO: loss:bce protocol:2 ep:50 train:{'j': 0.387} val:{'j': 0.511, 'conf_kn': 0.771, 'conf_unk': 0.000} t:417.4s v:63.5s
19_05_00:30 openset_imagenet.binary_ensemble_combined_emnist INFO: Saving best model experiments/ex_5/net_11/bce_binary_ensemble_combined_imagenet_best.pth at epoch: 50
19_05_00:39 openset_imagenet.binary_ensemble_combined_emnist INFO: loss:bce protocol:2 ep:51 train:{'j': 0.380} val:{'j': 0.646, 'conf_kn': 0.711, 'conf_unk': 0.000} t:476.4s v:47.7s
19_05_00:47 openset_imagenet.binary_ensemble_combined_emnist INFO: loss:bce protocol:2 ep:52 train:{'j': 0.372} val:{'j': 0.492, 'conf_kn': 0.766, 'conf_unk': 0.000} t:406.1s v:69.5s
19_05_00:52 openset_imagenet.binary_ensemble_combined_emnist INFO: loss:bce protocol:2 ep:53 train:{'j': 0.365} val:{'j': 0.452, 'conf_kn': 0.786, 'conf_unk': 0.000} t:229.1s v:53.0s
19_05_00:52 openset_imagenet.binary_ensemble_combined_emnist INFO: Saving best model experiments/ex_5/net_11/bce_binary_ensemble_combined_imagenet_best.pth at epoch: 53
19_05_00:57 openset_imagenet.binary_ensemble_combined_emnist INFO: loss:bce protocol:2 ep:54 train:{'j': 0.356} val:{'j': 0.607, 'conf_kn': 0.726, 'conf_unk': 0.000} t:272.0s v:23.0s
19_05_01:00 openset_imagenet.binary_ensemble_combined_emnist INFO: loss:bce protocol:2 ep:55 train:{'j': 0.354} val:{'j': 0.498, 'conf_kn': 0.776, 'conf_unk': 0.000} t:175.1s v:23.6s
19_05_01:07 openset_imagenet.binary_ensemble_combined_emnist INFO: loss:bce protocol:2 ep:56 train:{'j': 0.346} val:{'j': 0.525, 'conf_kn': 0.768, 'conf_unk': 0.000} t:327.1s v:52.7s
19_05_01:11 openset_imagenet.binary_ensemble_combined_emnist INFO: loss:bce protocol:2 ep:57 train:{'j': 0.340} val:{'j': 0.591, 'conf_kn': 0.723, 'conf_unk': 0.000} t:234.1s v:32.4s
19_05_01:15 openset_imagenet.binary_ensemble_combined_emnist INFO: loss:bce protocol:2 ep:58 train:{'j': 0.336} val:{'j': 0.544, 'conf_kn': 0.740, 'conf_unk': 0.000} t:199.5s v:25.5s
19_05_01:19 openset_imagenet.binary_ensemble_combined_emnist INFO: loss:bce protocol:2 ep:59 train:{'j': 0.327} val:{'j': 0.484, 'conf_kn': 0.778, 'conf_unk': 0.000} t:238.0s v:33.2s
19_05_01:23 openset_imagenet.binary_ensemble_combined_emnist INFO: loss:bce protocol:2 ep:60 train:{'j': 0.320} val:{'j': 0.463, 'conf_kn': 0.790, 'conf_unk': 0.000} t:186.5s v:23.4s
19_05_01:23 openset_imagenet.binary_ensemble_combined_emnist INFO: Saving best model experiments/ex_5/net_11/bce_binary_ensemble_combined_imagenet_best.pth at epoch: 60
19_05_01:27 openset_imagenet.binary_ensemble_combined_emnist INFO: loss:bce protocol:2 ep:61 train:{'j': 0.313} val:{'j': 0.467, 'conf_kn': 0.789, 'conf_unk': 0.000} t:227.6s v:28.5s
19_05_01:31 openset_imagenet.binary_ensemble_combined_emnist INFO: loss:bce protocol:2 ep:62 train:{'j': 0.311} val:{'j': 0.505, 'conf_kn': 0.778, 'conf_unk': 0.000} t:185.7s v:28.1s
19_05_01:34 openset_imagenet.binary_ensemble_combined_emnist INFO: loss:bce protocol:2 ep:63 train:{'j': 0.307} val:{'j': 0.459, 'conf_kn': 0.796, 'conf_unk': 0.000} t:185.0s v:32.7s
19_05_01:34 openset_imagenet.binary_ensemble_combined_emnist INFO: Saving best model experiments/ex_5/net_11/bce_binary_ensemble_combined_imagenet_best.pth at epoch: 63
19_05_01:38 openset_imagenet.binary_ensemble_combined_emnist INFO: loss:bce protocol:2 ep:64 train:{'j': 0.297} val:{'j': 0.499, 'conf_kn': 0.778, 'conf_unk': 0.000} t:196.9s v:37.1s
19_05_01:42 openset_imagenet.binary_ensemble_combined_emnist INFO: loss:bce protocol:2 ep:65 train:{'j': 0.293} val:{'j': 0.499, 'conf_kn': 0.787, 'conf_unk': 0.000} t:183.1s v:23.6s
19_05_01:45 openset_imagenet.binary_ensemble_combined_emnist INFO: loss:bce protocol:2 ep:66 train:{'j': 0.285} val:{'j': 0.456, 'conf_kn': 0.802, 'conf_unk': 0.000} t:173.6s v:37.3s
19_05_01:45 openset_imagenet.binary_ensemble_combined_emnist INFO: Saving best model experiments/ex_5/net_11/bce_binary_ensemble_combined_imagenet_best.pth at epoch: 66
19_05_01:50 openset_imagenet.binary_ensemble_combined_emnist INFO: loss:bce protocol:2 ep:67 train:{'j': 0.283} val:{'j': 0.514, 'conf_kn': 0.769, 'conf_unk': 0.000} t:221.9s v:43.5s
19_05_01:53 openset_imagenet.binary_ensemble_combined_emnist INFO: loss:bce protocol:2 ep:68 train:{'j': 0.276} val:{'j': 0.486, 'conf_kn': 0.785, 'conf_unk': 0.000} t:170.0s v:24.9s
19_05_01:57 openset_imagenet.binary_ensemble_combined_emnist INFO: loss:bce protocol:2 ep:69 train:{'j': 0.271} val:{'j': 0.500, 'conf_kn': 0.788, 'conf_unk': 0.000} t:193.9s v:41.2s
19_05_02:01 openset_imagenet.binary_ensemble_combined_emnist INFO: loss:bce protocol:2 ep:70 train:{'j': 0.268} val:{'j': 0.449, 'conf_kn': 0.806, 'conf_unk': 0.000} t:224.6s v:24.3s
19_05_02:01 openset_imagenet.binary_ensemble_combined_emnist INFO: Saving best model experiments/ex_5/net_11/bce_binary_ensemble_combined_imagenet_best.pth at epoch: 70
19_05_02:05 openset_imagenet.binary_ensemble_combined_emnist INFO: loss:bce protocol:2 ep:71 train:{'j': 0.260} val:{'j': 0.483, 'conf_kn': 0.790, 'conf_unk': 0.000} t:199.1s v:22.8s
19_05_02:08 openset_imagenet.binary_ensemble_combined_emnist INFO: loss:bce protocol:2 ep:72 train:{'j': 0.258} val:{'j': 0.491, 'conf_kn': 0.788, 'conf_unk': 0.000} t:169.0s v:22.0s
19_05_02:12 openset_imagenet.binary_ensemble_combined_emnist INFO: loss:bce protocol:2 ep:73 train:{'j': 0.254} val:{'j': 0.454, 'conf_kn': 0.807, 'conf_unk': 0.000} t:202.6s v:24.4s
19_05_02:12 openset_imagenet.binary_ensemble_combined_emnist INFO: Saving best model experiments/ex_5/net_11/bce_binary_ensemble_combined_imagenet_best.pth at epoch: 73
19_05_02:16 openset_imagenet.binary_ensemble_combined_emnist INFO: loss:bce protocol:2 ep:74 train:{'j': 0.246} val:{'j': 0.487, 'conf_kn': 0.805, 'conf_unk': 0.000} t:193.1s v:23.7s
19_05_02:19 openset_imagenet.binary_ensemble_combined_emnist INFO: loss:bce protocol:2 ep:75 train:{'j': 0.241} val:{'j': 0.503, 'conf_kn': 0.778, 'conf_unk': 0.000} t:193.5s v:28.8s
19_05_02:23 openset_imagenet.binary_ensemble_combined_emnist INFO: loss:bce protocol:2 ep:76 train:{'j': 0.239} val:{'j': 0.467, 'conf_kn': 0.809, 'conf_unk': 0.000} t:171.5s v:22.9s
19_05_02:23 openset_imagenet.binary_ensemble_combined_emnist INFO: Saving best model experiments/ex_5/net_11/bce_binary_ensemble_combined_imagenet_best.pth at epoch: 76
19_05_02:26 openset_imagenet.binary_ensemble_combined_emnist INFO: loss:bce protocol:2 ep:77 train:{'j': 0.230} val:{'j': 0.590, 'conf_kn': 0.790, 'conf_unk': 0.000} t:168.4s v:22.6s
19_05_02:29 openset_imagenet.binary_ensemble_combined_emnist INFO: loss:bce protocol:2 ep:78 train:{'j': 0.230} val:{'j': 0.464, 'conf_kn': 0.814, 'conf_unk': 0.000} t:167.1s v:23.3s
19_05_02:29 openset_imagenet.binary_ensemble_combined_emnist INFO: Saving best model experiments/ex_5/net_11/bce_binary_ensemble_combined_imagenet_best.pth at epoch: 78
19_05_02:32 openset_imagenet.binary_ensemble_combined_emnist INFO: loss:bce protocol:2 ep:79 train:{'j': 0.224} val:{'j': 0.500, 'conf_kn': 0.799, 'conf_unk': 0.000} t:168.5s v:23.1s
19_05_02:35 openset_imagenet.binary_ensemble_combined_emnist INFO: loss:bce protocol:2 ep:80 train:{'j': 0.221} val:{'j': 0.519, 'conf_kn': 0.795, 'conf_unk': 0.000} t:167.1s v:22.3s
19_05_02:39 openset_imagenet.binary_ensemble_combined_emnist INFO: loss:bce protocol:2 ep:81 train:{'j': 0.216} val:{'j': 0.463, 'conf_kn': 0.811, 'conf_unk': 0.000} t:168.5s v:23.5s
19_05_02:42 openset_imagenet.binary_ensemble_combined_emnist INFO: loss:bce protocol:2 ep:82 train:{'j': 0.213} val:{'j': 0.620, 'conf_kn': 0.784, 'conf_unk': 0.000} t:167.4s v:22.6s
19_05_02:45 openset_imagenet.binary_ensemble_combined_emnist INFO: loss:bce protocol:2 ep:83 train:{'j': 0.207} val:{'j': 0.622, 'conf_kn': 0.766, 'conf_unk': 0.000} t:169.1s v:22.5s
19_05_02:48 openset_imagenet.binary_ensemble_combined_emnist INFO: loss:bce protocol:2 ep:84 train:{'j': 0.206} val:{'j': 0.503, 'conf_kn': 0.810, 'conf_unk': 0.000} t:167.2s v:25.2s
19_05_02:51 openset_imagenet.binary_ensemble_combined_emnist INFO: loss:bce protocol:2 ep:85 train:{'j': 0.201} val:{'j': 0.500, 'conf_kn': 0.800, 'conf_unk': 0.000} t:166.9s v:22.8s
19_05_02:55 openset_imagenet.binary_ensemble_combined_emnist INFO: loss:bce protocol:2 ep:86 train:{'j': 0.196} val:{'j': 0.481, 'conf_kn': 0.815, 'conf_unk': 0.000} t:168.6s v:22.9s
19_05_02:55 openset_imagenet.binary_ensemble_combined_emnist INFO: Saving best model experiments/ex_5/net_11/bce_binary_ensemble_combined_imagenet_best.pth at epoch: 86
19_05_02:58 openset_imagenet.binary_ensemble_combined_emnist INFO: loss:bce protocol:2 ep:87 train:{'j': 0.191} val:{'j': 0.572, 'conf_kn': 0.777, 'conf_unk': 0.000} t:166.6s v:22.9s
19_05_03:01 openset_imagenet.binary_ensemble_combined_emnist INFO: loss:bce protocol:2 ep:88 train:{'j': 0.189} val:{'j': 0.476, 'conf_kn': 0.820, 'conf_unk': 0.000} t:168.0s v:23.0s
19_05_03:01 openset_imagenet.binary_ensemble_combined_emnist INFO: Saving best model experiments/ex_5/net_11/bce_binary_ensemble_combined_imagenet_best.pth at epoch: 88
19_05_03:04 openset_imagenet.binary_ensemble_combined_emnist INFO: loss:bce protocol:2 ep:89 train:{'j': 0.186} val:{'j': 0.546, 'conf_kn': 0.799, 'conf_unk': 0.000} t:166.4s v:22.2s
19_05_03:07 openset_imagenet.binary_ensemble_combined_emnist INFO: loss:bce protocol:2 ep:90 train:{'j': 0.178} val:{'j': 0.527, 'conf_kn': 0.791, 'conf_unk': 0.000} t:167.8s v:23.5s
19_05_03:10 openset_imagenet.binary_ensemble_combined_emnist INFO: loss:bce protocol:2 ep:91 train:{'j': 0.180} val:{'j': 0.505, 'conf_kn': 0.799, 'conf_unk': 0.000} t:166.4s v:22.8s
19_05_03:14 openset_imagenet.binary_ensemble_combined_emnist INFO: loss:bce protocol:2 ep:92 train:{'j': 0.171} val:{'j': 0.505, 'conf_kn': 0.813, 'conf_unk': 0.000} t:168.6s v:22.8s
19_05_03:17 openset_imagenet.binary_ensemble_combined_emnist INFO: loss:bce protocol:2 ep:93 train:{'j': 0.173} val:{'j': 0.497, 'conf_kn': 0.825, 'conf_unk': 0.000} t:166.5s v:22.9s
19_05_03:17 openset_imagenet.binary_ensemble_combined_emnist INFO: Saving best model experiments/ex_5/net_11/bce_binary_ensemble_combined_imagenet_best.pth at epoch: 93
19_05_03:20 openset_imagenet.binary_ensemble_combined_emnist INFO: loss:bce protocol:2 ep:94 train:{'j': 0.171} val:{'j': 0.511, 'conf_kn': 0.802, 'conf_unk': 0.000} t:168.3s v:23.2s
19_05_03:23 openset_imagenet.binary_ensemble_combined_emnist INFO: loss:bce protocol:2 ep:95 train:{'j': 0.167} val:{'j': 0.492, 'conf_kn': 0.815, 'conf_unk': 0.000} t:166.5s v:22.4s
19_05_03:26 openset_imagenet.binary_ensemble_combined_emnist INFO: loss:bce protocol:2 ep:96 train:{'j': 0.164} val:{'j': 0.538, 'conf_kn': 0.797, 'conf_unk': 0.000} t:169.0s v:22.4s
19_05_03:30 openset_imagenet.binary_ensemble_combined_emnist INFO: loss:bce protocol:2 ep:97 train:{'j': 0.163} val:{'j': 0.580, 'conf_kn': 0.787, 'conf_unk': 0.000} t:166.6s v:23.1s
19_05_03:33 openset_imagenet.binary_ensemble_combined_emnist INFO: loss:bce protocol:2 ep:98 train:{'j': 0.156} val:{'j': 0.602, 'conf_kn': 0.775, 'conf_unk': 0.000} t:167.8s v:23.0s
19_05_03:36 openset_imagenet.binary_ensemble_combined_emnist INFO: loss:bce protocol:2 ep:99 train:{'j': 0.153} val:{'j': 0.542, 'conf_kn': 0.809, 'conf_unk': 0.000} t:166.7s v:22.4s
19_05_03:39 openset_imagenet.binary_ensemble_combined_emnist INFO: loss:bce protocol:2 ep:100 train:{'j': 0.150} val:{'j': 0.641, 'conf_kn': 0.788, 'conf_unk': 0.000} t:169.6s v:22.6s
19_05_03:42 openset_imagenet.binary_ensemble_combined_emnist INFO: loss:bce protocol:2 ep:101 train:{'j': 0.146} val:{'j': 1.110, 'conf_kn': 0.673, 'conf_unk': 0.000} t:166.5s v:23.0s
19_05_03:46 openset_imagenet.binary_ensemble_combined_emnist INFO: loss:bce protocol:2 ep:102 train:{'j': 0.146} val:{'j': 0.536, 'conf_kn': 0.806, 'conf_unk': 0.000} t:168.2s v:23.1s
19_05_03:49 openset_imagenet.binary_ensemble_combined_emnist INFO: loss:bce protocol:2 ep:103 train:{'j': 0.144} val:{'j': 0.593, 'conf_kn': 0.798, 'conf_unk': 0.000} t:166.3s v:24.3s
19_05_03:52 openset_imagenet.binary_ensemble_combined_emnist INFO: loss:bce protocol:2 ep:104 train:{'j': 0.140} val:{'j': 0.567, 'conf_kn': 0.799, 'conf_unk': 0.000} t:166.6s v:22.8s
19_05_03:55 openset_imagenet.binary_ensemble_combined_emnist INFO: loss:bce protocol:2 ep:105 train:{'j': 0.134} val:{'j': 0.518, 'conf_kn': 0.812, 'conf_unk': 0.000} t:168.4s v:23.3s
19_05_03:58 openset_imagenet.binary_ensemble_combined_emnist INFO: loss:bce protocol:2 ep:106 train:{'j': 0.139} val:{'j': 0.590, 'conf_kn': 0.800, 'conf_unk': 0.000} t:166.3s v:22.1s
19_05_04:01 openset_imagenet.binary_ensemble_combined_emnist INFO: loss:bce protocol:2 ep:107 train:{'j': 0.131} val:{'j': 0.537, 'conf_kn': 0.820, 'conf_unk': 0.000} t:168.5s v:23.0s
19_05_04:05 openset_imagenet.binary_ensemble_combined_emnist INFO: loss:bce protocol:2 ep:108 train:{'j': 0.127} val:{'j': 0.603, 'conf_kn': 0.805, 'conf_unk': 0.000} t:166.3s v:23.1s
19_05_04:08 openset_imagenet.binary_ensemble_combined_emnist INFO: loss:bce protocol:2 ep:109 train:{'j': 0.128} val:{'j': 0.536, 'conf_kn': 0.823, 'conf_unk': 0.000} t:168.8s v:22.4s
19_05_04:11 openset_imagenet.binary_ensemble_combined_emnist INFO: loss:bce protocol:2 ep:110 train:{'j': 0.124} val:{'j': 0.572, 'conf_kn': 0.801, 'conf_unk': 0.000} t:166.5s v:23.2s
19_05_04:14 openset_imagenet.binary_ensemble_combined_emnist INFO: loss:bce protocol:2 ep:111 train:{'j': 0.126} val:{'j': 0.534, 'conf_kn': 0.814, 'conf_unk': 0.000} t:168.1s v:23.2s
19_05_04:17 openset_imagenet.binary_ensemble_combined_emnist INFO: loss:bce protocol:2 ep:112 train:{'j': 0.122} val:{'j': 0.566, 'conf_kn': 0.812, 'conf_unk': 0.000} t:166.9s v:22.4s
19_05_04:21 openset_imagenet.binary_ensemble_combined_emnist INFO: loss:bce protocol:2 ep:113 train:{'j': 0.117} val:{'j': 0.634, 'conf_kn': 0.788, 'conf_unk': 0.000} t:168.5s v:22.9s
19_05_04:24 openset_imagenet.binary_ensemble_combined_emnist INFO: loss:bce protocol:2 ep:114 train:{'j': 0.117} val:{'j': 0.671, 'conf_kn': 0.783, 'conf_unk': 0.000} t:166.0s v:22.3s
19_05_04:27 openset_imagenet.binary_ensemble_combined_emnist INFO: loss:bce protocol:2 ep:115 train:{'j': 0.118} val:{'j': 0.567, 'conf_kn': 0.810, 'conf_unk': 0.000} t:168.1s v:22.6s
19_05_04:30 openset_imagenet.binary_ensemble_combined_emnist INFO: loss:bce protocol:2 ep:116 train:{'j': 0.114} val:{'j': 0.615, 'conf_kn': 0.793, 'conf_unk': 0.000} t:166.4s v:24.0s
19_05_04:33 openset_imagenet.binary_ensemble_combined_emnist INFO: loss:bce protocol:2 ep:117 train:{'j': 0.105} val:{'j': 0.588, 'conf_kn': 0.819, 'conf_unk': 0.000} t:166.9s v:22.3s
19_05_04:36 openset_imagenet.binary_ensemble_combined_emnist INFO: loss:bce protocol:2 ep:118 train:{'j': 0.106} val:{'j': 0.543, 'conf_kn': 0.828, 'conf_unk': 0.000} t:168.1s v:23.3s
19_05_04:36 openset_imagenet.binary_ensemble_combined_emnist INFO: Saving best model experiments/ex_5/net_11/bce_binary_ensemble_combined_imagenet_best.pth at epoch: 118
19_05_04:40 openset_imagenet.binary_ensemble_combined_emnist INFO: loss:bce protocol:2 ep:119 train:{'j': 0.106} val:{'j': 0.649, 'conf_kn': 0.785, 'conf_unk': 0.000} t:166.1s v:22.9s
19_05_04:40 openset_imagenet.binary_ensemble_combined_emnist INFO: Training finished
