20_05_10:11 openset_imagenet.binary_ensemble_combined_emnist INFO: Best score of loaded model: 0.917. 0 is for fine tuning
20_05_10:11 openset_imagenet.binary_ensemble_combined_emnist INFO: Loaded experiments/ex_5/net_8/softmax_curr.pth at epoch 120
20_05_10:11 openset_imagenet.binary_ensemble_combined_emnist INFO: ============ Data ============
20_05_10:11 openset_imagenet.binary_ensemble_combined_emnist INFO: train_len:28895, labels:30
20_05_10:11 openset_imagenet.binary_ensemble_combined_emnist INFO: val_len:15173, labels:31
20_05_10:11 openset_imagenet.binary_ensemble_combined_emnist INFO: Using Negatives for Training: False
20_05_10:11 openset_imagenet.binary_ensemble_combined_emnist INFO: ========== Training ==========
20_05_10:11 openset_imagenet.binary_ensemble_combined_emnist INFO: Initial epoch: 120
20_05_10:11 openset_imagenet.binary_ensemble_combined_emnist INFO: Last epoch: 170
20_05_10:11 openset_imagenet.binary_ensemble_combined_emnist INFO: Batch size: 32
20_05_10:11 openset_imagenet.binary_ensemble_combined_emnist INFO: workers: 4
20_05_10:11 openset_imagenet.binary_ensemble_combined_emnist INFO: Loss: bce
20_05_10:11 openset_imagenet.binary_ensemble_combined_emnist INFO: optimizer: adam
20_05_10:11 openset_imagenet.binary_ensemble_combined_emnist INFO: Learning rate: 0.001
20_05_10:11 openset_imagenet.binary_ensemble_combined_emnist INFO: Device: 4
20_05_10:11 openset_imagenet.binary_ensemble_combined_emnist INFO: Number of binary outputs: 30
20_05_10:11 openset_imagenet.binary_ensemble_combined_emnist INFO: Using following approach to generate sets: random
20_05_10:11 openset_imagenet.binary_ensemble_combined_emnist INFO: Training...
20_05_10:21 openset_imagenet.binary_ensemble_combined_emnist INFO: loss:bce protocol:2 ep:120 train:{'j': 0.668} val:{'j': 0.721, 'conf_kn': 0.447, 'conf_unk': 0.815} t:482.2s v:114.2s
20_05_10:21 openset_imagenet.binary_ensemble_combined_emnist INFO: Saving best model experiments/ex_5/net_8/bce_binary_ensemble_combined_imagenet_best.pth at epoch: 120
20_05_10:30 openset_imagenet.binary_ensemble_combined_emnist INFO: loss:bce protocol:2 ep:121 train:{'j': 0.449} val:{'j': 0.777, 'conf_kn': 0.584, 'conf_unk': 0.787} t:440.3s v:103.4s
20_05_10:30 openset_imagenet.binary_ensemble_combined_emnist INFO: Saving best model experiments/ex_5/net_8/bce_binary_ensemble_combined_imagenet_best.pth at epoch: 121
20_05_10:40 openset_imagenet.binary_ensemble_combined_emnist INFO: loss:bce protocol:2 ep:122 train:{'j': 0.328} val:{'j': 0.942, 'conf_kn': 0.653, 'conf_unk': 0.775} t:426.5s v:175.7s
20_05_10:40 openset_imagenet.binary_ensemble_combined_emnist INFO: Saving best model experiments/ex_5/net_8/bce_binary_ensemble_combined_imagenet_best.pth at epoch: 122
20_05_10:48 openset_imagenet.binary_ensemble_combined_emnist INFO: loss:bce protocol:2 ep:123 train:{'j': 0.276} val:{'j': 1.090, 'conf_kn': 0.659, 'conf_unk': 0.768} t:412.8s v:77.0s
20_05_10:53 openset_imagenet.binary_ensemble_combined_emnist INFO: loss:bce protocol:2 ep:124 train:{'j': 0.230} val:{'j': 0.975, 'conf_kn': 0.654, 'conf_unk': 0.768} t:189.8s v:55.5s
20_05_11:01 openset_imagenet.binary_ensemble_combined_emnist INFO: loss:bce protocol:2 ep:125 train:{'j': 0.207} val:{'j': 0.927, 'conf_kn': 0.629, 'conf_unk': 0.767} t:339.7s v:139.2s
20_05_11:09 openset_imagenet.binary_ensemble_combined_emnist INFO: loss:bce protocol:2 ep:126 train:{'j': 0.187} val:{'j': 1.112, 'conf_kn': 0.675, 'conf_unk': 0.760} t:375.8s v:124.7s
20_05_11:09 openset_imagenet.binary_ensemble_combined_emnist INFO: Saving best model experiments/ex_5/net_8/bce_binary_ensemble_combined_imagenet_best.pth at epoch: 126
20_05_11:17 openset_imagenet.binary_ensemble_combined_emnist INFO: loss:bce protocol:2 ep:127 train:{'j': 0.169} val:{'j': 1.064, 'conf_kn': 0.633, 'conf_unk': 0.760} t:374.1s v:86.1s
20_05_11:27 openset_imagenet.binary_ensemble_combined_emnist INFO: loss:bce protocol:2 ep:128 train:{'j': 0.154} val:{'j': 1.227, 'conf_kn': 0.666, 'conf_unk': 0.757} t:454.6s v:139.8s
20_05_11:39 openset_imagenet.binary_ensemble_combined_emnist INFO: loss:bce protocol:2 ep:129 train:{'j': 0.145} val:{'j': 1.351, 'conf_kn': 0.681, 'conf_unk': 0.756} t:558.5s v:195.5s
20_05_11:39 openset_imagenet.binary_ensemble_combined_emnist INFO: Saving best model experiments/ex_5/net_8/bce_binary_ensemble_combined_imagenet_best.pth at epoch: 129
20_05_11:54 openset_imagenet.binary_ensemble_combined_emnist INFO: loss:bce protocol:2 ep:130 train:{'j': 0.138} val:{'j': 1.123, 'conf_kn': 0.641, 'conf_unk': 0.757} t:644.7s v:228.5s
20_05_12:07 openset_imagenet.binary_ensemble_combined_emnist INFO: loss:bce protocol:2 ep:131 train:{'j': 0.133} val:{'j': 1.253, 'conf_kn': 0.660, 'conf_unk': 0.756} t:607.6s v:203.3s
20_05_12:21 openset_imagenet.binary_ensemble_combined_emnist INFO: loss:bce protocol:2 ep:132 train:{'j': 0.134} val:{'j': 1.271, 'conf_kn': 0.661, 'conf_unk': 0.754} t:597.3s v:228.2s
