11_05_12:27 openset_imagenet.binary_ensemble_combined_emnist INFO: ============ Data ============
11_05_12:27 openset_imagenet.binary_ensemble_combined_emnist INFO: train_len:112800, labels:11
11_05_12:27 openset_imagenet.binary_ensemble_combined_emnist INFO: val_len:18800, labels:11
11_05_12:27 openset_imagenet.binary_ensemble_combined_emnist INFO: Using Negatives for Training: True
11_05_12:27 openset_imagenet.binary_ensemble_combined_emnist INFO: ========== Training ==========
11_05_12:27 openset_imagenet.binary_ensemble_combined_emnist INFO: Initial epoch: 0
11_05_12:27 openset_imagenet.binary_ensemble_combined_emnist INFO: Last epoch: 50
11_05_12:27 openset_imagenet.binary_ensemble_combined_emnist INFO: Batch size: 32
11_05_12:27 openset_imagenet.binary_ensemble_combined_emnist INFO: workers: 0
11_05_12:27 openset_imagenet.binary_ensemble_combined_emnist INFO: Loss: bce
11_05_12:27 openset_imagenet.binary_ensemble_combined_emnist INFO: optimizer: sgd
11_05_12:27 openset_imagenet.binary_ensemble_combined_emnist INFO: Learning rate: 0.001
11_05_12:27 openset_imagenet.binary_ensemble_combined_emnist INFO: Device: 2
11_05_12:27 openset_imagenet.binary_ensemble_combined_emnist INFO: Number of binary outputs: 40
11_05_12:27 openset_imagenet.binary_ensemble_combined_emnist INFO: Using following approach to generate sets: hamming
11_05_12:27 openset_imagenet.binary_ensemble_combined_emnist INFO: Training...
11_05_12:28 openset_imagenet.binary_ensemble_combined_emnist INFO: loss:bce protocol:2 ep:0 train:{'j': 0.693} val:{'j': 0.693, 'conf_kn': 0.526, 'conf_unk': 0.000} t:99.3s v:15.1s
11_05_12:28 openset_imagenet.binary_ensemble_combined_emnist INFO: Saving best model experiments/ex_4/net_2/bce_binary_ensemble_combined_emnist_best.pth at epoch: 0
11_05_12:30 openset_imagenet.binary_ensemble_combined_emnist INFO: loss:bce protocol:2 ep:1 train:{'j': 0.693} val:{'j': 0.693, 'conf_kn': 0.532, 'conf_unk': 0.000} t:96.8s v:15.3s
11_05_12:30 openset_imagenet.binary_ensemble_combined_emnist INFO: Saving best model experiments/ex_4/net_2/bce_binary_ensemble_combined_emnist_best.pth at epoch: 1
11_05_12:32 openset_imagenet.binary_ensemble_combined_emnist INFO: loss:bce protocol:2 ep:2 train:{'j': 0.692} val:{'j': 0.691, 'conf_kn': 0.574, 'conf_unk': 0.000} t:98.8s v:15.2s
11_05_12:32 openset_imagenet.binary_ensemble_combined_emnist INFO: Saving best model experiments/ex_4/net_2/bce_binary_ensemble_combined_emnist_best.pth at epoch: 2
11_05_12:34 openset_imagenet.binary_ensemble_combined_emnist INFO: loss:bce protocol:2 ep:3 train:{'j': 0.689} val:{'j': 0.685, 'conf_kn': 0.604, 'conf_unk': 0.000} t:97.4s v:15.8s
11_05_12:34 openset_imagenet.binary_ensemble_combined_emnist INFO: Saving best model experiments/ex_4/net_2/bce_binary_ensemble_combined_emnist_best.pth at epoch: 3
11_05_12:36 openset_imagenet.binary_ensemble_combined_emnist INFO: loss:bce protocol:2 ep:4 train:{'j': 0.665} val:{'j': 0.644, 'conf_kn': 0.623, 'conf_unk': 0.000} t:98.9s v:15.1s
11_05_12:36 openset_imagenet.binary_ensemble_combined_emnist INFO: Saving best model experiments/ex_4/net_2/bce_binary_ensemble_combined_emnist_best.pth at epoch: 4
11_05_12:38 openset_imagenet.binary_ensemble_combined_emnist INFO: loss:bce protocol:2 ep:5 train:{'j': 0.616} val:{'j': 0.582, 'conf_kn': 0.697, 'conf_unk': 0.000} t:97.9s v:15.3s
11_05_12:38 openset_imagenet.binary_ensemble_combined_emnist INFO: Saving best model experiments/ex_4/net_2/bce_binary_ensemble_combined_emnist_best.pth at epoch: 5
11_05_12:40 openset_imagenet.binary_ensemble_combined_emnist INFO: loss:bce protocol:2 ep:6 train:{'j': 0.548} val:{'j': 0.520, 'conf_kn': 0.747, 'conf_unk': 0.000} t:98.2s v:15.2s
11_05_12:40 openset_imagenet.binary_ensemble_combined_emnist INFO: Saving best model experiments/ex_4/net_2/bce_binary_ensemble_combined_emnist_best.pth at epoch: 6
11_05_12:42 openset_imagenet.binary_ensemble_combined_emnist INFO: loss:bce protocol:2 ep:7 train:{'j': 0.496} val:{'j': 0.478, 'conf_kn': 0.759, 'conf_unk': 0.000} t:99.4s v:15.2s
11_05_12:42 openset_imagenet.binary_ensemble_combined_emnist INFO: Saving best model experiments/ex_4/net_2/bce_binary_ensemble_combined_emnist_best.pth at epoch: 7
11_05_12:44 openset_imagenet.binary_ensemble_combined_emnist INFO: loss:bce protocol:2 ep:8 train:{'j': 0.461} val:{'j': 0.451, 'conf_kn': 0.715, 'conf_unk': 0.000} t:97.3s v:15.2s
11_05_12:45 openset_imagenet.binary_ensemble_combined_emnist INFO: loss:bce protocol:2 ep:9 train:{'j': 0.438} val:{'j': 0.431, 'conf_kn': 0.763, 'conf_unk': 0.000} t:98.6s v:15.2s
11_05_12:45 openset_imagenet.binary_ensemble_combined_emnist INFO: Saving best model experiments/ex_4/net_2/bce_binary_ensemble_combined_emnist_best.pth at epoch: 9
11_05_12:47 openset_imagenet.binary_ensemble_combined_emnist INFO: loss:bce protocol:2 ep:10 train:{'j': 0.421} val:{'j': 0.418, 'conf_kn': 0.745, 'conf_unk': 0.000} t:97.7s v:15.2s
11_05_12:49 openset_imagenet.binary_ensemble_combined_emnist INFO: loss:bce protocol:2 ep:11 train:{'j': 0.409} val:{'j': 0.406, 'conf_kn': 0.762, 'conf_unk': 0.000} t:98.2s v:15.2s
11_05_12:51 openset_imagenet.binary_ensemble_combined_emnist INFO: loss:bce protocol:2 ep:12 train:{'j': 0.399} val:{'j': 0.398, 'conf_kn': 0.774, 'conf_unk': 0.000} t:97.4s v:16.2s
11_05_12:51 openset_imagenet.binary_ensemble_combined_emnist INFO: Saving best model experiments/ex_4/net_2/bce_binary_ensemble_combined_emnist_best.pth at epoch: 12
11_05_12:53 openset_imagenet.binary_ensemble_combined_emnist INFO: loss:bce protocol:2 ep:13 train:{'j': 0.391} val:{'j': 0.389, 'conf_kn': 0.766, 'conf_unk': 0.000} t:97.1s v:15.2s
11_05_12:55 openset_imagenet.binary_ensemble_combined_emnist INFO: loss:bce protocol:2 ep:14 train:{'j': 0.384} val:{'j': 0.382, 'conf_kn': 0.740, 'conf_unk': 0.000} t:98.7s v:15.2s
11_05_12:57 openset_imagenet.binary_ensemble_combined_emnist INFO: loss:bce protocol:2 ep:15 train:{'j': 0.379} val:{'j': 0.377, 'conf_kn': 0.751, 'conf_unk': 0.000} t:97.5s v:15.3s
11_05_12:59 openset_imagenet.binary_ensemble_combined_emnist INFO: loss:bce protocol:2 ep:16 train:{'j': 0.375} val:{'j': 0.374, 'conf_kn': 0.725, 'conf_unk': 0.000} t:140.3s v:15.3s
11_05_13:02 openset_imagenet.binary_ensemble_combined_emnist INFO: loss:bce protocol:2 ep:17 train:{'j': 0.371} val:{'j': 0.371, 'conf_kn': 0.783, 'conf_unk': 0.000} t:141.1s v:15.2s
11_05_13:02 openset_imagenet.binary_ensemble_combined_emnist INFO: Saving best model experiments/ex_4/net_2/bce_binary_ensemble_combined_emnist_best.pth at epoch: 17
11_05_13:04 openset_imagenet.binary_ensemble_combined_emnist INFO: loss:bce protocol:2 ep:18 train:{'j': 0.368} val:{'j': 0.369, 'conf_kn': 0.750, 'conf_unk': 0.000} t:101.3s v:15.8s
11_05_13:06 openset_imagenet.binary_ensemble_combined_emnist INFO: loss:bce protocol:2 ep:19 train:{'j': 0.366} val:{'j': 0.366, 'conf_kn': 0.755, 'conf_unk': 0.000} t:101.0s v:16.3s
11_05_13:08 openset_imagenet.binary_ensemble_combined_emnist INFO: loss:bce protocol:2 ep:20 train:{'j': 0.364} val:{'j': 0.363, 'conf_kn': 0.738, 'conf_unk': 0.000} t:127.7s v:21.7s
11_05_13:10 openset_imagenet.binary_ensemble_combined_emnist INFO: loss:bce protocol:2 ep:21 train:{'j': 0.362} val:{'j': 0.364, 'conf_kn': 0.734, 'conf_unk': 0.000} t:104.6s v:15.2s
11_05_13:12 openset_imagenet.binary_ensemble_combined_emnist INFO: loss:bce protocol:2 ep:22 train:{'j': 0.361} val:{'j': 0.361, 'conf_kn': 0.699, 'conf_unk': 0.000} t:98.6s v:15.2s
11_05_13:14 openset_imagenet.binary_ensemble_combined_emnist INFO: loss:bce protocol:2 ep:23 train:{'j': 0.359} val:{'j': 0.361, 'conf_kn': 0.677, 'conf_unk': 0.000} t:96.4s v:15.2s
11_05_13:16 openset_imagenet.binary_ensemble_combined_emnist INFO: loss:bce protocol:2 ep:24 train:{'j': 0.358} val:{'j': 0.360, 'conf_kn': 0.665, 'conf_unk': 0.000} t:98.3s v:15.3s
11_05_13:18 openset_imagenet.binary_ensemble_combined_emnist INFO: loss:bce protocol:2 ep:25 train:{'j': 0.357} val:{'j': 0.357, 'conf_kn': 0.662, 'conf_unk': 0.000} t:97.3s v:15.3s
11_05_13:20 openset_imagenet.binary_ensemble_combined_emnist INFO: loss:bce protocol:2 ep:26 train:{'j': 0.356} val:{'j': 0.357, 'conf_kn': 0.657, 'conf_unk': 0.000} t:99.6s v:15.2s
11_05_13:22 openset_imagenet.binary_ensemble_combined_emnist INFO: loss:bce protocol:2 ep:27 train:{'j': 0.355} val:{'j': 0.356, 'conf_kn': 0.647, 'conf_unk': 0.000} t:99.6s v:15.3s
11_05_13:24 openset_imagenet.binary_ensemble_combined_emnist INFO: loss:bce protocol:2 ep:28 train:{'j': 0.354} val:{'j': 0.357, 'conf_kn': 0.626, 'conf_unk': 0.000} t:99.0s v:15.3s
11_05_13:26 openset_imagenet.binary_ensemble_combined_emnist INFO: loss:bce protocol:2 ep:29 train:{'j': 0.353} val:{'j': 0.354, 'conf_kn': 0.635, 'conf_unk': 0.000} t:98.8s v:15.1s
11_05_13:27 openset_imagenet.binary_ensemble_combined_emnist INFO: loss:bce protocol:2 ep:30 train:{'j': 0.353} val:{'j': 0.358, 'conf_kn': 0.630, 'conf_unk': 0.000} t:96.9s v:15.2s
11_05_13:29 openset_imagenet.binary_ensemble_combined_emnist INFO: loss:bce protocol:2 ep:31 train:{'j': 0.352} val:{'j': 0.354, 'conf_kn': 0.621, 'conf_unk': 0.000} t:98.7s v:15.2s
11_05_13:31 openset_imagenet.binary_ensemble_combined_emnist INFO: loss:bce protocol:2 ep:32 train:{'j': 0.351} val:{'j': 0.356, 'conf_kn': 0.632, 'conf_unk': 0.000} t:97.5s v:15.2s
11_05_13:33 openset_imagenet.binary_ensemble_combined_emnist INFO: loss:bce protocol:2 ep:33 train:{'j': 0.351} val:{'j': 0.353, 'conf_kn': 0.608, 'conf_unk': 0.000} t:98.8s v:15.1s
11_05_13:35 openset_imagenet.binary_ensemble_combined_emnist INFO: loss:bce protocol:2 ep:34 train:{'j': 0.350} val:{'j': 0.355, 'conf_kn': 0.600, 'conf_unk': 0.000} t:97.3s v:15.2s
11_05_13:37 openset_imagenet.binary_ensemble_combined_emnist INFO: loss:bce protocol:2 ep:35 train:{'j': 0.350} val:{'j': 0.352, 'conf_kn': 0.616, 'conf_unk': 0.000} t:98.6s v:15.2s
11_05_13:39 openset_imagenet.binary_ensemble_combined_emnist INFO: loss:bce protocol:2 ep:36 train:{'j': 0.349} val:{'j': 0.353, 'conf_kn': 0.620, 'conf_unk': 0.000} t:98.7s v:15.1s
11_05_13:41 openset_imagenet.binary_ensemble_combined_emnist INFO: loss:bce protocol:2 ep:37 train:{'j': 0.349} val:{'j': 0.351, 'conf_kn': 0.607, 'conf_unk': 0.000} t:97.4s v:15.3s
11_05_13:43 openset_imagenet.binary_ensemble_combined_emnist INFO: loss:bce protocol:2 ep:38 train:{'j': 0.348} val:{'j': 0.352, 'conf_kn': 0.611, 'conf_unk': 0.000} t:98.6s v:15.2s
11_05_13:44 openset_imagenet.binary_ensemble_combined_emnist INFO: loss:bce protocol:2 ep:39 train:{'j': 0.348} val:{'j': 0.352, 'conf_kn': 0.596, 'conf_unk': 0.000} t:96.8s v:15.2s
11_05_13:46 openset_imagenet.binary_ensemble_combined_emnist INFO: loss:bce protocol:2 ep:40 train:{'j': 0.348} val:{'j': 0.350, 'conf_kn': 0.604, 'conf_unk': 0.000} t:98.6s v:15.1s
11_05_13:48 openset_imagenet.binary_ensemble_combined_emnist INFO: loss:bce protocol:2 ep:41 train:{'j': 0.347} val:{'j': 0.350, 'conf_kn': 0.591, 'conf_unk': 0.000} t:97.3s v:15.8s
11_05_13:50 openset_imagenet.binary_ensemble_combined_emnist INFO: loss:bce protocol:2 ep:42 train:{'j': 0.347} val:{'j': 0.352, 'conf_kn': 0.590, 'conf_unk': 0.000} t:97.9s v:15.2s
11_05_13:52 openset_imagenet.binary_ensemble_combined_emnist INFO: loss:bce protocol:2 ep:43 train:{'j': 0.346} val:{'j': 0.350, 'conf_kn': 0.590, 'conf_unk': 0.000} t:98.5s v:15.2s
11_05_13:54 openset_imagenet.binary_ensemble_combined_emnist INFO: loss:bce protocol:2 ep:44 train:{'j': 0.346} val:{'j': 0.350, 'conf_kn': 0.593, 'conf_unk': 0.000} t:97.1s v:15.1s
11_05_13:56 openset_imagenet.binary_ensemble_combined_emnist INFO: loss:bce protocol:2 ep:45 train:{'j': 0.346} val:{'j': 0.349, 'conf_kn': 0.590, 'conf_unk': 0.000} t:98.5s v:15.2s
11_05_13:58 openset_imagenet.binary_ensemble_combined_emnist INFO: loss:bce protocol:2 ep:46 train:{'j': 0.345} val:{'j': 0.349, 'conf_kn': 0.587, 'conf_unk': 0.000} t:96.2s v:15.2s
11_05_13:59 openset_imagenet.binary_ensemble_combined_emnist INFO: loss:bce protocol:2 ep:47 train:{'j': 0.345} val:{'j': 0.350, 'conf_kn': 0.584, 'conf_unk': 0.000} t:98.7s v:15.3s
11_05_14:01 openset_imagenet.binary_ensemble_combined_emnist INFO: loss:bce protocol:2 ep:48 train:{'j': 0.345} val:{'j': 0.348, 'conf_kn': 0.591, 'conf_unk': 0.000} t:97.7s v:16.3s
11_05_14:03 openset_imagenet.binary_ensemble_combined_emnist INFO: loss:bce protocol:2 ep:49 train:{'j': 0.344} val:{'j': 0.349, 'conf_kn': 0.593, 'conf_unk': 0.000} t:97.0s v:15.1s
11_05_14:03 openset_imagenet.binary_ensemble_combined_emnist INFO: Training finished
