16_05_12:20 openset_imagenet.binary_ensemble_combined_emnist INFO: ============ Data ============
16_05_12:20 openset_imagenet.binary_ensemble_combined_emnist INFO: train_len:28895, labels:30
16_05_12:20 openset_imagenet.binary_ensemble_combined_emnist INFO: val_len:7224, labels:30
16_05_12:20 openset_imagenet.binary_ensemble_combined_emnist INFO: Using Negatives for Training: False
16_05_12:20 openset_imagenet.binary_ensemble_combined_emnist INFO: ========== Training ==========
16_05_12:20 openset_imagenet.binary_ensemble_combined_emnist INFO: Initial epoch: 0
16_05_12:20 openset_imagenet.binary_ensemble_combined_emnist INFO: Last epoch: 50
16_05_12:20 openset_imagenet.binary_ensemble_combined_emnist INFO: Batch size: 32
16_05_12:20 openset_imagenet.binary_ensemble_combined_emnist INFO: workers: 4
16_05_12:20 openset_imagenet.binary_ensemble_combined_emnist INFO: Loss: bce
16_05_12:20 openset_imagenet.binary_ensemble_combined_emnist INFO: optimizer: sgd
16_05_12:20 openset_imagenet.binary_ensemble_combined_emnist INFO: Learning rate: 0.001
16_05_12:20 openset_imagenet.binary_ensemble_combined_emnist INFO: Device: 4
16_05_12:20 openset_imagenet.binary_ensemble_combined_emnist INFO: Number of binary outputs: 500
16_05_12:20 openset_imagenet.binary_ensemble_combined_emnist INFO: Using following approach to generate sets: random
16_05_12:20 openset_imagenet.binary_ensemble_combined_emnist INFO: Training...
16_05_12:28 openset_imagenet.binary_ensemble_combined_emnist INFO: loss:bce protocol:2 ep:0 train:{'j': 0.694} val:{'j': 0.694, 'conf_kn': 0.501, 'conf_unk': 0.000} t:372.9s v:76.3s
16_05_12:28 openset_imagenet.binary_ensemble_combined_emnist INFO: Saving best model experiments/ex_5/net_1/bce_binary_ensemble_combined_emnist_best.pth at epoch: 0
16_05_12:35 openset_imagenet.binary_ensemble_combined_emnist INFO: loss:bce protocol:2 ep:1 train:{'j': 0.693} val:{'j': 0.694, 'conf_kn': 0.501, 'conf_unk': 0.000} t:374.2s v:76.0s
16_05_12:35 openset_imagenet.binary_ensemble_combined_emnist INFO: Saving best model experiments/ex_5/net_1/bce_binary_ensemble_combined_emnist_best.pth at epoch: 1
16_05_12:45 openset_imagenet.binary_ensemble_combined_emnist INFO: loss:bce protocol:2 ep:2 train:{'j': 0.693} val:{'j': 0.694, 'conf_kn': 0.502, 'conf_unk': 0.000} t:493.4s v:105.2s
16_05_12:45 openset_imagenet.binary_ensemble_combined_emnist INFO: Saving best model experiments/ex_5/net_1/bce_binary_ensemble_combined_emnist_best.pth at epoch: 2
16_05_12:55 openset_imagenet.binary_ensemble_combined_emnist INFO: loss:bce protocol:2 ep:3 train:{'j': 0.693} val:{'j': 0.694, 'conf_kn': 0.501, 'conf_unk': 0.000} t:507.2s v:76.2s
16_05_13:04 openset_imagenet.binary_ensemble_combined_emnist INFO: loss:bce protocol:2 ep:4 train:{'j': 0.693} val:{'j': 0.694, 'conf_kn': 0.501, 'conf_unk': 0.000} t:449.6s v:75.1s
16_05_13:11 openset_imagenet.binary_ensemble_combined_emnist INFO: loss:bce protocol:2 ep:5 train:{'j': 0.693} val:{'j': 0.694, 'conf_kn': 0.502, 'conf_unk': 0.000} t:365.8s v:74.9s
16_05_13:11 openset_imagenet.binary_ensemble_combined_emnist INFO: Saving best model experiments/ex_5/net_1/bce_binary_ensemble_combined_emnist_best.pth at epoch: 5
16_05_13:19 openset_imagenet.binary_ensemble_combined_emnist INFO: loss:bce protocol:2 ep:6 train:{'j': 0.693} val:{'j': 0.694, 'conf_kn': 0.502, 'conf_unk': 0.000} t:381.1s v:75.8s
16_05_13:27 openset_imagenet.binary_ensemble_combined_emnist INFO: loss:bce protocol:2 ep:7 train:{'j': 0.693} val:{'j': 0.693, 'conf_kn': 0.502, 'conf_unk': 0.000} t:395.9s v:76.8s
16_05_13:27 openset_imagenet.binary_ensemble_combined_emnist INFO: Saving best model experiments/ex_5/net_1/bce_binary_ensemble_combined_emnist_best.pth at epoch: 7
16_05_13:35 openset_imagenet.binary_ensemble_combined_emnist INFO: loss:bce protocol:2 ep:8 train:{'j': 0.693} val:{'j': 0.693, 'conf_kn': 0.502, 'conf_unk': 0.000} t:377.2s v:87.1s
16_05_13:35 openset_imagenet.binary_ensemble_combined_emnist INFO: Saving best model experiments/ex_5/net_1/bce_binary_ensemble_combined_emnist_best.pth at epoch: 8
16_05_13:42 openset_imagenet.binary_ensemble_combined_emnist INFO: loss:bce protocol:2 ep:9 train:{'j': 0.693} val:{'j': 0.693, 'conf_kn': 0.503, 'conf_unk': 0.000} t:378.1s v:74.3s
16_05_13:42 openset_imagenet.binary_ensemble_combined_emnist INFO: Saving best model experiments/ex_5/net_1/bce_binary_ensemble_combined_emnist_best.pth at epoch: 9
16_05_13:50 openset_imagenet.binary_ensemble_combined_emnist INFO: loss:bce protocol:2 ep:10 train:{'j': 0.693} val:{'j': 0.693, 'conf_kn': 0.502, 'conf_unk': 0.000} t:383.9s v:77.3s
16_05_13:58 openset_imagenet.binary_ensemble_combined_emnist INFO: loss:bce protocol:2 ep:11 train:{'j': 0.693} val:{'j': 0.693, 'conf_kn': 0.502, 'conf_unk': 0.000} t:377.2s v:81.8s
16_05_14:06 openset_imagenet.binary_ensemble_combined_emnist INFO: loss:bce protocol:2 ep:12 train:{'j': 0.693} val:{'j': 0.693, 'conf_kn': 0.503, 'conf_unk': 0.000} t:384.2s v:88.7s
16_05_14:06 openset_imagenet.binary_ensemble_combined_emnist INFO: Saving best model experiments/ex_5/net_1/bce_binary_ensemble_combined_emnist_best.pth at epoch: 12
16_05_14:14 openset_imagenet.binary_ensemble_combined_emnist INFO: loss:bce protocol:2 ep:13 train:{'j': 0.693} val:{'j': 0.694, 'conf_kn': 0.503, 'conf_unk': 0.000} t:383.9s v:81.7s
16_05_14:14 openset_imagenet.binary_ensemble_combined_emnist INFO: Saving best model experiments/ex_5/net_1/bce_binary_ensemble_combined_emnist_best.pth at epoch: 13
16_05_14:21 openset_imagenet.binary_ensemble_combined_emnist INFO: loss:bce protocol:2 ep:14 train:{'j': 0.693} val:{'j': 0.694, 'conf_kn': 0.503, 'conf_unk': 0.000} t:383.3s v:76.5s
16_05_14:21 openset_imagenet.binary_ensemble_combined_emnist INFO: Saving best model experiments/ex_5/net_1/bce_binary_ensemble_combined_emnist_best.pth at epoch: 14
16_05_14:29 openset_imagenet.binary_ensemble_combined_emnist INFO: loss:bce protocol:2 ep:15 train:{'j': 0.693} val:{'j': 0.693, 'conf_kn': 0.503, 'conf_unk': 0.000} t:392.7s v:75.8s
16_05_14:29 openset_imagenet.binary_ensemble_combined_emnist INFO: Saving best model experiments/ex_5/net_1/bce_binary_ensemble_combined_emnist_best.pth at epoch: 15
16_05_14:37 openset_imagenet.binary_ensemble_combined_emnist INFO: loss:bce protocol:2 ep:16 train:{'j': 0.693} val:{'j': 0.693, 'conf_kn': 0.503, 'conf_unk': 0.000} t:389.4s v:92.7s
16_05_14:37 openset_imagenet.binary_ensemble_combined_emnist INFO: Saving best model experiments/ex_5/net_1/bce_binary_ensemble_combined_emnist_best.pth at epoch: 16
16_05_14:45 openset_imagenet.binary_ensemble_combined_emnist INFO: loss:bce protocol:2 ep:17 train:{'j': 0.693} val:{'j': 0.694, 'conf_kn': 0.502, 'conf_unk': 0.000} t:382.6s v:75.4s
16_05_14:53 openset_imagenet.binary_ensemble_combined_emnist INFO: loss:bce protocol:2 ep:18 train:{'j': 0.693} val:{'j': 0.693, 'conf_kn': 0.503, 'conf_unk': 0.000} t:371.7s v:77.4s
16_05_15:02 openset_imagenet.binary_ensemble_combined_emnist INFO: loss:bce protocol:2 ep:19 train:{'j': 0.693} val:{'j': 0.693, 'conf_kn': 0.504, 'conf_unk': 0.000} t:513.0s v:75.7s
16_05_15:03 openset_imagenet.binary_ensemble_combined_emnist INFO: Saving best model experiments/ex_5/net_1/bce_binary_ensemble_combined_emnist_best.pth at epoch: 19
16_05_15:26 openset_imagenet.binary_ensemble_combined_emnist INFO: loss:bce protocol:2 ep:20 train:{'j': 0.693} val:{'j': 0.693, 'conf_kn': 0.503, 'conf_unk': 0.000} t:1148.9s v:274.3s
16_05_16:01 openset_imagenet.binary_ensemble_combined_emnist INFO: loss:bce protocol:2 ep:21 train:{'j': 0.693} val:{'j': 0.694, 'conf_kn': 0.503, 'conf_unk': 0.000} t:1403.5s v:665.3s
16_05_16:52 openset_imagenet.binary_ensemble_combined_emnist INFO: loss:bce protocol:2 ep:22 train:{'j': 0.693} val:{'j': 0.693, 'conf_kn': 0.504, 'conf_unk': 0.000} t:2465.2s v:580.6s
16_05_16:52 openset_imagenet.binary_ensemble_combined_emnist INFO: Saving best model experiments/ex_5/net_1/bce_binary_ensemble_combined_emnist_best.pth at epoch: 22
16_05_17:46 openset_imagenet.binary_ensemble_combined_emnist INFO: loss:bce protocol:2 ep:23 train:{'j': 0.693} val:{'j': 0.693, 'conf_kn': 0.504, 'conf_unk': 0.000} t:2640.5s v:607.9s
16_05_17:46 openset_imagenet.binary_ensemble_combined_emnist INFO: Saving best model experiments/ex_5/net_1/bce_binary_ensemble_combined_emnist_best.pth at epoch: 23
16_05_18:41 openset_imagenet.binary_ensemble_combined_emnist INFO: loss:bce protocol:2 ep:24 train:{'j': 0.693} val:{'j': 0.693, 'conf_kn': 0.504, 'conf_unk': 0.000} t:2975.0s v:314.7s
16_05_19:11 openset_imagenet.binary_ensemble_combined_emnist INFO: loss:bce protocol:2 ep:25 train:{'j': 0.693} val:{'j': 0.693, 'conf_kn': 0.504, 'conf_unk': 0.000} t:1603.0s v:175.8s
16_05_19:28 openset_imagenet.binary_ensemble_combined_emnist INFO: loss:bce protocol:2 ep:26 train:{'j': 0.693} val:{'j': 0.693, 'conf_kn': 0.505, 'conf_unk': 0.000} t:868.6s v:174.2s
16_05_19:28 openset_imagenet.binary_ensemble_combined_emnist INFO: Saving best model experiments/ex_5/net_1/bce_binary_ensemble_combined_emnist_best.pth at epoch: 26
16_05_19:43 openset_imagenet.binary_ensemble_combined_emnist INFO: loss:bce protocol:2 ep:27 train:{'j': 0.693} val:{'j': 0.693, 'conf_kn': 0.504, 'conf_unk': 0.000} t:748.6s v:140.5s
16_05_19:58 openset_imagenet.binary_ensemble_combined_emnist INFO: loss:bce protocol:2 ep:28 train:{'j': 0.693} val:{'j': 0.693, 'conf_kn': 0.504, 'conf_unk': 0.000} t:720.3s v:140.9s
16_05_20:05 openset_imagenet.binary_ensemble_combined_emnist INFO: loss:bce protocol:2 ep:29 train:{'j': 0.693} val:{'j': 0.693, 'conf_kn': 0.505, 'conf_unk': 0.000} t:379.2s v:75.9s
16_05_20:05 openset_imagenet.binary_ensemble_combined_emnist INFO: Saving best model experiments/ex_5/net_1/bce_binary_ensemble_combined_emnist_best.pth at epoch: 29
16_05_20:17 openset_imagenet.binary_ensemble_combined_emnist INFO: loss:bce protocol:2 ep:30 train:{'j': 0.693} val:{'j': 0.693, 'conf_kn': 0.505, 'conf_unk': 0.000} t:545.1s v:125.9s
16_05_20:28 openset_imagenet.binary_ensemble_combined_emnist INFO: loss:bce protocol:2 ep:31 train:{'j': 0.693} val:{'j': 0.693, 'conf_kn': 0.505, 'conf_unk': 0.000} t:585.1s v:103.0s
16_05_20:28 openset_imagenet.binary_ensemble_combined_emnist INFO: Saving best model experiments/ex_5/net_1/bce_binary_ensemble_combined_emnist_best.pth at epoch: 31
16_05_20:38 openset_imagenet.binary_ensemble_combined_emnist INFO: loss:bce protocol:2 ep:32 train:{'j': 0.693} val:{'j': 0.693, 'conf_kn': 0.506, 'conf_unk': 0.000} t:510.3s v:75.9s
16_05_20:38 openset_imagenet.binary_ensemble_combined_emnist INFO: Saving best model experiments/ex_5/net_1/bce_binary_ensemble_combined_emnist_best.pth at epoch: 32
16_05_20:46 openset_imagenet.binary_ensemble_combined_emnist INFO: loss:bce protocol:2 ep:33 train:{'j': 0.693} val:{'j': 0.693, 'conf_kn': 0.505, 'conf_unk': 0.000} t:419.5s v:93.8s
16_05_20:58 openset_imagenet.binary_ensemble_combined_emnist INFO: loss:bce protocol:2 ep:34 train:{'j': 0.693} val:{'j': 0.693, 'conf_kn': 0.506, 'conf_unk': 0.000} t:585.2s v:89.9s
16_05_21:13 openset_imagenet.binary_ensemble_combined_emnist INFO: loss:bce protocol:2 ep:35 train:{'j': 0.693} val:{'j': 0.693, 'conf_kn': 0.506, 'conf_unk': 0.000} t:741.6s v:146.0s
16_05_21:28 openset_imagenet.binary_ensemble_combined_emnist INFO: loss:bce protocol:2 ep:36 train:{'j': 0.693} val:{'j': 0.693, 'conf_kn': 0.506, 'conf_unk': 0.000} t:817.8s v:114.9s
16_05_21:28 openset_imagenet.binary_ensemble_combined_emnist INFO: Saving best model experiments/ex_5/net_1/bce_binary_ensemble_combined_emnist_best.pth at epoch: 36
16_05_21:39 openset_imagenet.binary_ensemble_combined_emnist INFO: loss:bce protocol:2 ep:37 train:{'j': 0.693} val:{'j': 0.693, 'conf_kn': 0.505, 'conf_unk': 0.000} t:520.8s v:113.3s
16_05_21:48 openset_imagenet.binary_ensemble_combined_emnist INFO: loss:bce protocol:2 ep:38 train:{'j': 0.693} val:{'j': 0.693, 'conf_kn': 0.506, 'conf_unk': 0.000} t:473.6s v:98.8s
16_05_21:48 openset_imagenet.binary_ensemble_combined_emnist INFO: Saving best model experiments/ex_5/net_1/bce_binary_ensemble_combined_emnist_best.pth at epoch: 38
16_05_21:57 openset_imagenet.binary_ensemble_combined_emnist INFO: loss:bce protocol:2 ep:39 train:{'j': 0.693} val:{'j': 0.693, 'conf_kn': 0.506, 'conf_unk': 0.000} t:444.8s v:87.5s
16_05_21:57 openset_imagenet.binary_ensemble_combined_emnist INFO: Saving best model experiments/ex_5/net_1/bce_binary_ensemble_combined_emnist_best.pth at epoch: 39
16_05_22:06 openset_imagenet.binary_ensemble_combined_emnist INFO: loss:bce protocol:2 ep:40 train:{'j': 0.693} val:{'j': 0.693, 'conf_kn': 0.506, 'conf_unk': 0.000} t:429.6s v:90.4s
16_05_22:14 openset_imagenet.binary_ensemble_combined_emnist INFO: loss:bce protocol:2 ep:41 train:{'j': 0.693} val:{'j': 0.693, 'conf_kn': 0.507, 'conf_unk': 0.000} t:389.4s v:78.7s
16_05_22:14 openset_imagenet.binary_ensemble_combined_emnist INFO: Saving best model experiments/ex_5/net_1/bce_binary_ensemble_combined_emnist_best.pth at epoch: 41
16_05_22:22 openset_imagenet.binary_ensemble_combined_emnist INFO: loss:bce protocol:2 ep:42 train:{'j': 0.693} val:{'j': 0.693, 'conf_kn': 0.507, 'conf_unk': 0.000} t:439.3s v:85.0s
16_05_22:22 openset_imagenet.binary_ensemble_combined_emnist INFO: Saving best model experiments/ex_5/net_1/bce_binary_ensemble_combined_emnist_best.pth at epoch: 42
16_05_22:30 openset_imagenet.binary_ensemble_combined_emnist INFO: loss:bce protocol:2 ep:43 train:{'j': 0.693} val:{'j': 0.693, 'conf_kn': 0.507, 'conf_unk': 0.000} t:381.2s v:75.3s
16_05_22:38 openset_imagenet.binary_ensemble_combined_emnist INFO: loss:bce protocol:2 ep:44 train:{'j': 0.693} val:{'j': 0.693, 'conf_kn': 0.507, 'conf_unk': 0.000} t:377.3s v:75.2s
16_05_22:38 openset_imagenet.binary_ensemble_combined_emnist INFO: Saving best model experiments/ex_5/net_1/bce_binary_ensemble_combined_emnist_best.pth at epoch: 44
16_05_22:45 openset_imagenet.binary_ensemble_combined_emnist INFO: loss:bce protocol:2 ep:45 train:{'j': 0.693} val:{'j': 0.693, 'conf_kn': 0.507, 'conf_unk': 0.000} t:372.9s v:77.0s
16_05_22:45 openset_imagenet.binary_ensemble_combined_emnist INFO: Saving best model experiments/ex_5/net_1/bce_binary_ensemble_combined_emnist_best.pth at epoch: 45
16_05_22:53 openset_imagenet.binary_ensemble_combined_emnist INFO: loss:bce protocol:2 ep:46 train:{'j': 0.693} val:{'j': 0.693, 'conf_kn': 0.508, 'conf_unk': 0.000} t:373.1s v:75.1s
16_05_22:53 openset_imagenet.binary_ensemble_combined_emnist INFO: Saving best model experiments/ex_5/net_1/bce_binary_ensemble_combined_emnist_best.pth at epoch: 46
16_05_23:01 openset_imagenet.binary_ensemble_combined_emnist INFO: loss:bce protocol:2 ep:47 train:{'j': 0.693} val:{'j': 0.693, 'conf_kn': 0.508, 'conf_unk': 0.000} t:388.9s v:84.0s
16_05_23:08 openset_imagenet.binary_ensemble_combined_emnist INFO: loss:bce protocol:2 ep:48 train:{'j': 0.693} val:{'j': 0.693, 'conf_kn': 0.508, 'conf_unk': 0.000} t:390.3s v:75.5s
16_05_23:16 openset_imagenet.binary_ensemble_combined_emnist INFO: loss:bce protocol:2 ep:49 train:{'j': 0.693} val:{'j': 0.693, 'conf_kn': 0.509, 'conf_unk': 0.000} t:367.3s v:75.3s
16_05_23:16 openset_imagenet.binary_ensemble_combined_emnist INFO: Saving best model experiments/ex_5/net_1/bce_binary_ensemble_combined_emnist_best.pth at epoch: 49
16_05_23:16 openset_imagenet.binary_ensemble_combined_emnist INFO: Training finished
