07_05_16:39 openset_imagenet.binary_ensemble_combined_emnist INFO: ============ Data ============
07_05_16:39 openset_imagenet.binary_ensemble_combined_emnist INFO: train_len:60000, labels:10
07_05_16:39 openset_imagenet.binary_ensemble_combined_emnist INFO: val_len:10000, labels:10
07_05_16:39 openset_imagenet.binary_ensemble_combined_emnist INFO: ========== Training ==========
07_05_16:39 openset_imagenet.binary_ensemble_combined_emnist INFO: Initial epoch: 0
07_05_16:39 openset_imagenet.binary_ensemble_combined_emnist INFO: Last epoch: 50
07_05_16:39 openset_imagenet.binary_ensemble_combined_emnist INFO: Batch size: 32
07_05_16:39 openset_imagenet.binary_ensemble_combined_emnist INFO: workers: 0
07_05_16:39 openset_imagenet.binary_ensemble_combined_emnist INFO: Loss: bce
07_05_16:39 openset_imagenet.binary_ensemble_combined_emnist INFO: optimizer: sgd
07_05_16:39 openset_imagenet.binary_ensemble_combined_emnist INFO: Learning rate: 0.001
07_05_16:39 openset_imagenet.binary_ensemble_combined_emnist INFO: Device: 2
07_05_16:39 openset_imagenet.binary_ensemble_combined_emnist INFO: Number of binary outputs: 40
07_05_16:39 openset_imagenet.binary_ensemble_combined_emnist INFO: Using following approach to generate sets: hamming
07_05_16:39 openset_imagenet.binary_ensemble_combined_emnist INFO: Training...
07_05_16:41 openset_imagenet.binary_ensemble_combined_emnist INFO: loss:bce protocol:2 ep:0 train:{'j': 0.693} val:{'j': 0.693, 'conf_kn': 0.510, 'conf_unk': 0.000} t:72.1s v:11.6s
07_05_16:41 openset_imagenet.binary_ensemble_combined_emnist INFO: Saving best model experiments/ex_1/net_5/bce_binary_ensemble_combined_emnist_best.pth at epoch: 0
07_05_16:42 openset_imagenet.binary_ensemble_combined_emnist INFO: loss:bce protocol:2 ep:1 train:{'j': 0.692} val:{'j': 0.692, 'conf_kn': 0.538, 'conf_unk': 0.000} t:73.7s v:11.9s
07_05_16:42 openset_imagenet.binary_ensemble_combined_emnist INFO: Saving best model experiments/ex_1/net_5/bce_binary_ensemble_combined_emnist_best.pth at epoch: 1
07_05_16:43 openset_imagenet.binary_ensemble_combined_emnist INFO: loss:bce protocol:2 ep:2 train:{'j': 0.691} val:{'j': 0.689, 'conf_kn': 0.575, 'conf_unk': 0.000} t:77.5s v:12.4s
07_05_16:43 openset_imagenet.binary_ensemble_combined_emnist INFO: Saving best model experiments/ex_1/net_5/bce_binary_ensemble_combined_emnist_best.pth at epoch: 2
07_05_16:45 openset_imagenet.binary_ensemble_combined_emnist INFO: loss:bce protocol:2 ep:3 train:{'j': 0.683} val:{'j': 0.666, 'conf_kn': 0.633, 'conf_unk': 0.000} t:71.9s v:11.1s
07_05_16:45 openset_imagenet.binary_ensemble_combined_emnist INFO: Saving best model experiments/ex_1/net_5/bce_binary_ensemble_combined_emnist_best.pth at epoch: 3
07_05_16:46 openset_imagenet.binary_ensemble_combined_emnist INFO: loss:bce protocol:2 ep:4 train:{'j': 0.580} val:{'j': 0.485, 'conf_kn': 0.768, 'conf_unk': 0.000} t:67.5s v:10.9s
07_05_16:46 openset_imagenet.binary_ensemble_combined_emnist INFO: Saving best model experiments/ex_1/net_5/bce_binary_ensemble_combined_emnist_best.pth at epoch: 4
07_05_16:48 openset_imagenet.binary_ensemble_combined_emnist INFO: loss:bce protocol:2 ep:5 train:{'j': 0.369} val:{'j': 0.274, 'conf_kn': 0.893, 'conf_unk': 0.000} t:68.9s v:10.8s
07_05_16:48 openset_imagenet.binary_ensemble_combined_emnist INFO: Saving best model experiments/ex_1/net_5/bce_binary_ensemble_combined_emnist_best.pth at epoch: 5
07_05_16:49 openset_imagenet.binary_ensemble_combined_emnist INFO: loss:bce protocol:2 ep:6 train:{'j': 0.217} val:{'j': 0.182, 'conf_kn': 0.933, 'conf_unk': 0.000} t:68.1s v:11.1s
07_05_16:49 openset_imagenet.binary_ensemble_combined_emnist INFO: Saving best model experiments/ex_1/net_5/bce_binary_ensemble_combined_emnist_best.pth at epoch: 6
07_05_16:50 openset_imagenet.binary_ensemble_combined_emnist INFO: loss:bce protocol:2 ep:7 train:{'j': 0.154} val:{'j': 0.138, 'conf_kn': 0.951, 'conf_unk': 0.000} t:70.0s v:11.2s
07_05_16:50 openset_imagenet.binary_ensemble_combined_emnist INFO: Saving best model experiments/ex_1/net_5/bce_binary_ensemble_combined_emnist_best.pth at epoch: 7
07_05_16:52 openset_imagenet.binary_ensemble_combined_emnist INFO: loss:bce protocol:2 ep:8 train:{'j': 0.121} val:{'j': 0.111, 'conf_kn': 0.960, 'conf_unk': 0.000} t:69.8s v:11.1s
07_05_16:52 openset_imagenet.binary_ensemble_combined_emnist INFO: Saving best model experiments/ex_1/net_5/bce_binary_ensemble_combined_emnist_best.pth at epoch: 8
07_05_16:53 openset_imagenet.binary_ensemble_combined_emnist INFO: loss:bce protocol:2 ep:9 train:{'j': 0.101} val:{'j': 0.095, 'conf_kn': 0.966, 'conf_unk': 0.000} t:69.3s v:11.3s
07_05_16:53 openset_imagenet.binary_ensemble_combined_emnist INFO: Saving best model experiments/ex_1/net_5/bce_binary_ensemble_combined_emnist_best.pth at epoch: 9
07_05_16:54 openset_imagenet.binary_ensemble_combined_emnist INFO: loss:bce protocol:2 ep:10 train:{'j': 0.086} val:{'j': 0.083, 'conf_kn': 0.971, 'conf_unk': 0.000} t:69.7s v:11.2s
07_05_16:54 openset_imagenet.binary_ensemble_combined_emnist INFO: Saving best model experiments/ex_1/net_5/bce_binary_ensemble_combined_emnist_best.pth at epoch: 10
07_05_16:56 openset_imagenet.binary_ensemble_combined_emnist INFO: loss:bce protocol:2 ep:11 train:{'j': 0.076} val:{'j': 0.072, 'conf_kn': 0.975, 'conf_unk': 0.000} t:69.3s v:11.2s
07_05_16:56 openset_imagenet.binary_ensemble_combined_emnist INFO: Saving best model experiments/ex_1/net_5/bce_binary_ensemble_combined_emnist_best.pth at epoch: 11
07_05_16:57 openset_imagenet.binary_ensemble_combined_emnist INFO: loss:bce protocol:2 ep:12 train:{'j': 0.068} val:{'j': 0.065, 'conf_kn': 0.978, 'conf_unk': 0.000} t:69.6s v:11.2s
07_05_16:57 openset_imagenet.binary_ensemble_combined_emnist INFO: Saving best model experiments/ex_1/net_5/bce_binary_ensemble_combined_emnist_best.pth at epoch: 12
07_05_16:58 openset_imagenet.binary_ensemble_combined_emnist INFO: loss:bce protocol:2 ep:13 train:{'j': 0.061} val:{'j': 0.059, 'conf_kn': 0.980, 'conf_unk': 0.000} t:69.3s v:11.3s
07_05_16:58 openset_imagenet.binary_ensemble_combined_emnist INFO: Saving best model experiments/ex_1/net_5/bce_binary_ensemble_combined_emnist_best.pth at epoch: 13
07_05_17:00 openset_imagenet.binary_ensemble_combined_emnist INFO: loss:bce protocol:2 ep:14 train:{'j': 0.056} val:{'j': 0.054, 'conf_kn': 0.981, 'conf_unk': 0.000} t:69.3s v:11.2s
07_05_17:00 openset_imagenet.binary_ensemble_combined_emnist INFO: Saving best model experiments/ex_1/net_5/bce_binary_ensemble_combined_emnist_best.pth at epoch: 14
07_05_17:01 openset_imagenet.binary_ensemble_combined_emnist INFO: loss:bce protocol:2 ep:15 train:{'j': 0.052} val:{'j': 0.050, 'conf_kn': 0.983, 'conf_unk': 0.000} t:69.8s v:11.1s
07_05_17:01 openset_imagenet.binary_ensemble_combined_emnist INFO: Saving best model experiments/ex_1/net_5/bce_binary_ensemble_combined_emnist_best.pth at epoch: 15
07_05_17:02 openset_imagenet.binary_ensemble_combined_emnist INFO: loss:bce protocol:2 ep:16 train:{'j': 0.048} val:{'j': 0.050, 'conf_kn': 0.983, 'conf_unk': 0.000} t:70.0s v:11.2s
07_05_17:02 openset_imagenet.binary_ensemble_combined_emnist INFO: Saving best model experiments/ex_1/net_5/bce_binary_ensemble_combined_emnist_best.pth at epoch: 16
07_05_17:04 openset_imagenet.binary_ensemble_combined_emnist INFO: loss:bce protocol:2 ep:17 train:{'j': 0.045} val:{'j': 0.046, 'conf_kn': 0.985, 'conf_unk': 0.000} t:69.7s v:11.3s
07_05_17:04 openset_imagenet.binary_ensemble_combined_emnist INFO: Saving best model experiments/ex_1/net_5/bce_binary_ensemble_combined_emnist_best.pth at epoch: 17
07_05_17:05 openset_imagenet.binary_ensemble_combined_emnist INFO: loss:bce protocol:2 ep:18 train:{'j': 0.043} val:{'j': 0.044, 'conf_kn': 0.985, 'conf_unk': 0.000} t:69.8s v:11.1s
07_05_17:05 openset_imagenet.binary_ensemble_combined_emnist INFO: Saving best model experiments/ex_1/net_5/bce_binary_ensemble_combined_emnist_best.pth at epoch: 18
07_05_17:06 openset_imagenet.binary_ensemble_combined_emnist INFO: loss:bce protocol:2 ep:19 train:{'j': 0.041} val:{'j': 0.040, 'conf_kn': 0.986, 'conf_unk': 0.000} t:69.9s v:11.1s
07_05_17:06 openset_imagenet.binary_ensemble_combined_emnist INFO: Saving best model experiments/ex_1/net_5/bce_binary_ensemble_combined_emnist_best.pth at epoch: 19
07_05_17:08 openset_imagenet.binary_ensemble_combined_emnist INFO: loss:bce protocol:2 ep:20 train:{'j': 0.039} val:{'j': 0.043, 'conf_kn': 0.985, 'conf_unk': 0.000} t:69.5s v:11.1s
07_05_17:09 openset_imagenet.binary_ensemble_combined_emnist INFO: loss:bce protocol:2 ep:21 train:{'j': 0.037} val:{'j': 0.037, 'conf_kn': 0.987, 'conf_unk': 0.000} t:69.2s v:11.2s
07_05_17:09 openset_imagenet.binary_ensemble_combined_emnist INFO: Saving best model experiments/ex_1/net_5/bce_binary_ensemble_combined_emnist_best.pth at epoch: 21
07_05_17:10 openset_imagenet.binary_ensemble_combined_emnist INFO: loss:bce protocol:2 ep:22 train:{'j': 0.036} val:{'j': 0.037, 'conf_kn': 0.987, 'conf_unk': 0.000} t:69.1s v:11.1s
07_05_17:10 openset_imagenet.binary_ensemble_combined_emnist INFO: Saving best model experiments/ex_1/net_5/bce_binary_ensemble_combined_emnist_best.pth at epoch: 22
07_05_17:12 openset_imagenet.binary_ensemble_combined_emnist INFO: loss:bce protocol:2 ep:23 train:{'j': 0.034} val:{'j': 0.035, 'conf_kn': 0.988, 'conf_unk': 0.000} t:69.4s v:11.2s
07_05_17:12 openset_imagenet.binary_ensemble_combined_emnist INFO: Saving best model experiments/ex_1/net_5/bce_binary_ensemble_combined_emnist_best.pth at epoch: 23
07_05_17:13 openset_imagenet.binary_ensemble_combined_emnist INFO: loss:bce protocol:2 ep:24 train:{'j': 0.033} val:{'j': 0.034, 'conf_kn': 0.988, 'conf_unk': 0.000} t:70.4s v:11.3s
07_05_17:13 openset_imagenet.binary_ensemble_combined_emnist INFO: Saving best model experiments/ex_1/net_5/bce_binary_ensemble_combined_emnist_best.pth at epoch: 24
07_05_17:14 openset_imagenet.binary_ensemble_combined_emnist INFO: loss:bce protocol:2 ep:25 train:{'j': 0.032} val:{'j': 0.034, 'conf_kn': 0.989, 'conf_unk': 0.000} t:70.3s v:11.1s
07_05_17:14 openset_imagenet.binary_ensemble_combined_emnist INFO: Saving best model experiments/ex_1/net_5/bce_binary_ensemble_combined_emnist_best.pth at epoch: 25
07_05_17:16 openset_imagenet.binary_ensemble_combined_emnist INFO: loss:bce protocol:2 ep:26 train:{'j': 0.031} val:{'j': 0.032, 'conf_kn': 0.989, 'conf_unk': 0.000} t:69.7s v:11.1s
07_05_17:16 openset_imagenet.binary_ensemble_combined_emnist INFO: Saving best model experiments/ex_1/net_5/bce_binary_ensemble_combined_emnist_best.pth at epoch: 26
07_05_17:17 openset_imagenet.binary_ensemble_combined_emnist INFO: loss:bce protocol:2 ep:27 train:{'j': 0.029} val:{'j': 0.032, 'conf_kn': 0.989, 'conf_unk': 0.000} t:69.6s v:11.3s
07_05_17:18 openset_imagenet.binary_ensemble_combined_emnist INFO: loss:bce protocol:2 ep:28 train:{'j': 0.029} val:{'j': 0.031, 'conf_kn': 0.990, 'conf_unk': 0.000} t:69.6s v:11.3s
07_05_17:18 openset_imagenet.binary_ensemble_combined_emnist INFO: Saving best model experiments/ex_1/net_5/bce_binary_ensemble_combined_emnist_best.pth at epoch: 28
07_05_17:20 openset_imagenet.binary_ensemble_combined_emnist INFO: loss:bce protocol:2 ep:29 train:{'j': 0.028} val:{'j': 0.031, 'conf_kn': 0.989, 'conf_unk': 0.000} t:69.3s v:11.2s
07_05_17:21 openset_imagenet.binary_ensemble_combined_emnist INFO: loss:bce protocol:2 ep:30 train:{'j': 0.027} val:{'j': 0.029, 'conf_kn': 0.990, 'conf_unk': 0.000} t:68.8s v:11.2s
07_05_17:21 openset_imagenet.binary_ensemble_combined_emnist INFO: Saving best model experiments/ex_1/net_5/bce_binary_ensemble_combined_emnist_best.pth at epoch: 30
07_05_17:23 openset_imagenet.binary_ensemble_combined_emnist INFO: loss:bce protocol:2 ep:31 train:{'j': 0.026} val:{'j': 0.032, 'conf_kn': 0.989, 'conf_unk': 0.000} t:69.2s v:11.0s
07_05_17:24 openset_imagenet.binary_ensemble_combined_emnist INFO: loss:bce protocol:2 ep:32 train:{'j': 0.025} val:{'j': 0.029, 'conf_kn': 0.990, 'conf_unk': 0.000} t:69.1s v:11.1s
07_05_17:24 openset_imagenet.binary_ensemble_combined_emnist INFO: Saving best model experiments/ex_1/net_5/bce_binary_ensemble_combined_emnist_best.pth at epoch: 32
07_05_17:25 openset_imagenet.binary_ensemble_combined_emnist INFO: loss:bce protocol:2 ep:33 train:{'j': 0.025} val:{'j': 0.027, 'conf_kn': 0.991, 'conf_unk': 0.000} t:69.2s v:11.0s
07_05_17:25 openset_imagenet.binary_ensemble_combined_emnist INFO: Saving best model experiments/ex_1/net_5/bce_binary_ensemble_combined_emnist_best.pth at epoch: 33
07_05_17:27 openset_imagenet.binary_ensemble_combined_emnist INFO: loss:bce protocol:2 ep:34 train:{'j': 0.024} val:{'j': 0.027, 'conf_kn': 0.991, 'conf_unk': 0.000} t:68.6s v:11.1s
07_05_17:27 openset_imagenet.binary_ensemble_combined_emnist INFO: Saving best model experiments/ex_1/net_5/bce_binary_ensemble_combined_emnist_best.pth at epoch: 34
07_05_17:28 openset_imagenet.binary_ensemble_combined_emnist INFO: loss:bce protocol:2 ep:35 train:{'j': 0.024} val:{'j': 0.027, 'conf_kn': 0.991, 'conf_unk': 0.000} t:70.2s v:11.3s
07_05_17:29 openset_imagenet.binary_ensemble_combined_emnist INFO: loss:bce protocol:2 ep:36 train:{'j': 0.023} val:{'j': 0.026, 'conf_kn': 0.991, 'conf_unk': 0.000} t:71.5s v:11.4s
07_05_17:29 openset_imagenet.binary_ensemble_combined_emnist INFO: Saving best model experiments/ex_1/net_5/bce_binary_ensemble_combined_emnist_best.pth at epoch: 36
07_05_17:31 openset_imagenet.binary_ensemble_combined_emnist INFO: loss:bce protocol:2 ep:37 train:{'j': 0.022} val:{'j': 0.026, 'conf_kn': 0.991, 'conf_unk': 0.000} t:71.2s v:11.4s
07_05_17:32 openset_imagenet.binary_ensemble_combined_emnist INFO: loss:bce protocol:2 ep:38 train:{'j': 0.022} val:{'j': 0.025, 'conf_kn': 0.991, 'conf_unk': 0.000} t:71.8s v:11.5s
07_05_17:32 openset_imagenet.binary_ensemble_combined_emnist INFO: Saving best model experiments/ex_1/net_5/bce_binary_ensemble_combined_emnist_best.pth at epoch: 38
07_05_17:33 openset_imagenet.binary_ensemble_combined_emnist INFO: loss:bce protocol:2 ep:39 train:{'j': 0.021} val:{'j': 0.027, 'conf_kn': 0.991, 'conf_unk': 0.000} t:72.3s v:11.4s
07_05_17:35 openset_imagenet.binary_ensemble_combined_emnist INFO: loss:bce protocol:2 ep:40 train:{'j': 0.021} val:{'j': 0.026, 'conf_kn': 0.991, 'conf_unk': 0.000} t:72.2s v:11.4s
07_05_17:36 openset_imagenet.binary_ensemble_combined_emnist INFO: loss:bce protocol:2 ep:41 train:{'j': 0.020} val:{'j': 0.023, 'conf_kn': 0.992, 'conf_unk': 0.000} t:72.2s v:11.4s
07_05_17:36 openset_imagenet.binary_ensemble_combined_emnist INFO: Saving best model experiments/ex_1/net_5/bce_binary_ensemble_combined_emnist_best.pth at epoch: 41
07_05_17:38 openset_imagenet.binary_ensemble_combined_emnist INFO: loss:bce protocol:2 ep:42 train:{'j': 0.020} val:{'j': 0.024, 'conf_kn': 0.992, 'conf_unk': 0.000} t:71.5s v:11.0s
07_05_17:39 openset_imagenet.binary_ensemble_combined_emnist INFO: loss:bce protocol:2 ep:43 train:{'j': 0.019} val:{'j': 0.023, 'conf_kn': 0.992, 'conf_unk': 0.000} t:68.8s v:11.0s
07_05_17:39 openset_imagenet.binary_ensemble_combined_emnist INFO: Saving best model experiments/ex_1/net_5/bce_binary_ensemble_combined_emnist_best.pth at epoch: 43
07_05_17:40 openset_imagenet.binary_ensemble_combined_emnist INFO: loss:bce protocol:2 ep:44 train:{'j': 0.019} val:{'j': 0.024, 'conf_kn': 0.991, 'conf_unk': 0.000} t:68.2s v:10.9s
07_05_17:42 openset_imagenet.binary_ensemble_combined_emnist INFO: loss:bce protocol:2 ep:45 train:{'j': 0.019} val:{'j': 0.022, 'conf_kn': 0.992, 'conf_unk': 0.000} t:68.3s v:10.9s
07_05_17:42 openset_imagenet.binary_ensemble_combined_emnist INFO: Saving best model experiments/ex_1/net_5/bce_binary_ensemble_combined_emnist_best.pth at epoch: 45
07_05_17:43 openset_imagenet.binary_ensemble_combined_emnist INFO: loss:bce protocol:2 ep:46 train:{'j': 0.018} val:{'j': 0.022, 'conf_kn': 0.992, 'conf_unk': 0.000} t:68.5s v:10.9s
07_05_17:44 openset_imagenet.binary_ensemble_combined_emnist INFO: loss:bce protocol:2 ep:47 train:{'j': 0.018} val:{'j': 0.022, 'conf_kn': 0.992, 'conf_unk': 0.000} t:69.2s v:10.7s
07_05_17:46 openset_imagenet.binary_ensemble_combined_emnist INFO: loss:bce protocol:2 ep:48 train:{'j': 0.018} val:{'j': 0.021, 'conf_kn': 0.993, 'conf_unk': 0.000} t:65.8s v:10.5s
07_05_17:46 openset_imagenet.binary_ensemble_combined_emnist INFO: Saving best model experiments/ex_1/net_5/bce_binary_ensemble_combined_emnist_best.pth at epoch: 48
07_05_17:47 openset_imagenet.binary_ensemble_combined_emnist INFO: loss:bce protocol:2 ep:49 train:{'j': 0.017} val:{'j': 0.021, 'conf_kn': 0.993, 'conf_unk': 0.000} t:65.6s v:10.6s
07_05_17:47 openset_imagenet.binary_ensemble_combined_emnist INFO: Saving best model experiments/ex_1/net_5/bce_binary_ensemble_combined_emnist_best.pth at epoch: 49
07_05_17:47 openset_imagenet.binary_ensemble_combined_emnist INFO: Training finished
