07_06_12:17 openset_imagenet.binary_ensemble_combined_emnist INFO: ============ Data ============
07_06_12:17 openset_imagenet.binary_ensemble_combined_emnist INFO: train_len:185898, labels:117
07_06_12:17 openset_imagenet.binary_ensemble_combined_emnist INFO: val_len:46475, labels:117
07_06_12:17 openset_imagenet.binary_ensemble_combined_emnist INFO: Using Negatives for Training: True
07_06_12:17 openset_imagenet.binary_ensemble_combined_emnist INFO: ========== Training ==========
07_06_12:17 openset_imagenet.binary_ensemble_combined_emnist INFO: Initial epoch: 0
07_06_12:17 openset_imagenet.binary_ensemble_combined_emnist INFO: Last epoch: 120
07_06_12:17 openset_imagenet.binary_ensemble_combined_emnist INFO: Batch size: 32
07_06_12:17 openset_imagenet.binary_ensemble_combined_emnist INFO: workers: 4
07_06_12:17 openset_imagenet.binary_ensemble_combined_emnist INFO: Loss: bce
07_06_12:17 openset_imagenet.binary_ensemble_combined_emnist INFO: optimizer: adam
07_06_12:17 openset_imagenet.binary_ensemble_combined_emnist INFO: Learning rate: 0.001
07_06_12:17 openset_imagenet.binary_ensemble_combined_emnist INFO: Device: 2
07_06_12:17 openset_imagenet.binary_ensemble_combined_emnist INFO: Number of binary outputs: 40
07_06_12:17 openset_imagenet.binary_ensemble_combined_emnist INFO: Using following approach to generate sets: random
07_06_12:17 openset_imagenet.binary_ensemble_combined_emnist INFO: Using Model: resnet50Plus
07_06_12:17 openset_imagenet.binary_ensemble_combined_emnist INFO: Training...
07_06_13:03 openset_imagenet.binary_ensemble_combined_emnist INFO: loss:bce protocol:1 ep:0 train:{'j': 0.692} val:{'j': 0.692, 'conf_kn': 0.023, 'conf_unk': 0.491} t:2332.6s v:413.2s
07_06_13:03 openset_imagenet.binary_ensemble_combined_emnist INFO: Saving best model experiments/ex_7/net_2/bce_binary_ensemble_combined_imagenet_best.pth at epoch: 0
07_06_13:48 openset_imagenet.binary_ensemble_combined_emnist INFO: loss:bce protocol:1 ep:1 train:{'j': 0.691} val:{'j': 0.689, 'conf_kn': 0.041, 'conf_unk': 0.486} t:2322.1s v:403.8s
07_06_13:48 openset_imagenet.binary_ensemble_combined_emnist INFO: Saving best model experiments/ex_7/net_2/bce_binary_ensemble_combined_imagenet_best.pth at epoch: 1
07_06_14:34 openset_imagenet.binary_ensemble_combined_emnist INFO: loss:bce protocol:1 ep:2 train:{'j': 0.689} val:{'j': 0.687, 'conf_kn': 0.055, 'conf_unk': 0.487} t:2329.1s v:416.6s
07_06_14:34 openset_imagenet.binary_ensemble_combined_emnist INFO: Saving best model experiments/ex_7/net_2/bce_binary_ensemble_combined_imagenet_best.pth at epoch: 2
07_06_15:20 openset_imagenet.binary_ensemble_combined_emnist INFO: loss:bce protocol:1 ep:3 train:{'j': 0.687} val:{'j': 0.687, 'conf_kn': 0.063, 'conf_unk': 0.480} t:2344.4s v:413.5s
07_06_15:20 openset_imagenet.binary_ensemble_combined_emnist INFO: Saving best model experiments/ex_7/net_2/bce_binary_ensemble_combined_imagenet_best.pth at epoch: 3
07_06_16:06 openset_imagenet.binary_ensemble_combined_emnist INFO: loss:bce protocol:1 ep:4 train:{'j': 0.684} val:{'j': 0.694, 'conf_kn': 0.088, 'conf_unk': 0.480} t:2333.7s v:415.5s
07_06_16:06 openset_imagenet.binary_ensemble_combined_emnist INFO: Saving best model experiments/ex_7/net_2/bce_binary_ensemble_combined_imagenet_best.pth at epoch: 4
07_06_16:43 openset_imagenet.binary_ensemble_combined_emnist INFO: loss:bce protocol:1 ep:5 train:{'j': 0.681} val:{'j': 0.678, 'conf_kn': 0.115, 'conf_unk': 0.478} t:2037.5s v:181.3s
07_06_16:43 openset_imagenet.binary_ensemble_combined_emnist INFO: Saving best model experiments/ex_7/net_2/bce_binary_ensemble_combined_imagenet_best.pth at epoch: 5
07_06_17:02 openset_imagenet.binary_ensemble_combined_emnist INFO: loss:bce protocol:1 ep:6 train:{'j': 0.678} val:{'j': 0.677, 'conf_kn': 0.122, 'conf_unk': 0.481} t:967.9s v:179.0s
07_06_17:02 openset_imagenet.binary_ensemble_combined_emnist INFO: Saving best model experiments/ex_7/net_2/bce_binary_ensemble_combined_imagenet_best.pth at epoch: 6
07_06_17:21 openset_imagenet.binary_ensemble_combined_emnist INFO: loss:bce protocol:1 ep:7 train:{'j': 0.675} val:{'j': 0.687, 'conf_kn': 0.132, 'conf_unk': 0.483} t:938.3s v:180.7s
07_06_17:21 openset_imagenet.binary_ensemble_combined_emnist INFO: Saving best model experiments/ex_7/net_2/bce_binary_ensemble_combined_imagenet_best.pth at epoch: 7
07_06_17:53 openset_imagenet.binary_ensemble_combined_emnist INFO: loss:bce protocol:1 ep:8 train:{'j': 0.671} val:{'j': 0.670, 'conf_kn': 0.168, 'conf_unk': 0.475} t:1643.0s v:294.4s
07_06_17:53 openset_imagenet.binary_ensemble_combined_emnist INFO: Saving best model experiments/ex_7/net_2/bce_binary_ensemble_combined_imagenet_best.pth at epoch: 8
07_06_18:33 openset_imagenet.binary_ensemble_combined_emnist INFO: loss:bce protocol:1 ep:9 train:{'j': 0.667} val:{'j': 0.666, 'conf_kn': 0.184, 'conf_unk': 0.476} t:2120.7s v:294.7s
07_06_18:33 openset_imagenet.binary_ensemble_combined_emnist INFO: Saving best model experiments/ex_7/net_2/bce_binary_ensemble_combined_imagenet_best.pth at epoch: 9
07_06_19:14 openset_imagenet.binary_ensemble_combined_emnist INFO: loss:bce protocol:1 ep:10 train:{'j': 0.662} val:{'j': 0.661, 'conf_kn': 0.214, 'conf_unk': 0.473} t:2130.7s v:301.6s
07_06_19:14 openset_imagenet.binary_ensemble_combined_emnist INFO: Saving best model experiments/ex_7/net_2/bce_binary_ensemble_combined_imagenet_best.pth at epoch: 10
07_06_19:54 openset_imagenet.binary_ensemble_combined_emnist INFO: loss:bce protocol:1 ep:11 train:{'j': 0.657} val:{'j': 0.658, 'conf_kn': 0.231, 'conf_unk': 0.471} t:2120.1s v:280.1s
07_06_19:54 openset_imagenet.binary_ensemble_combined_emnist INFO: Saving best model experiments/ex_7/net_2/bce_binary_ensemble_combined_imagenet_best.pth at epoch: 11
07_06_20:36 openset_imagenet.binary_ensemble_combined_emnist INFO: loss:bce protocol:1 ep:12 train:{'j': 0.651} val:{'j': 0.688, 'conf_kn': 0.262, 'conf_unk': 0.472} t:2049.4s v:478.2s
07_06_20:36 openset_imagenet.binary_ensemble_combined_emnist INFO: Saving best model experiments/ex_7/net_2/bce_binary_ensemble_combined_imagenet_best.pth at epoch: 12
07_06_21:19 openset_imagenet.binary_ensemble_combined_emnist INFO: loss:bce protocol:1 ep:13 train:{'j': 0.644} val:{'j': 0.650, 'conf_kn': 0.274, 'conf_unk': 0.478} t:2232.5s v:293.3s
07_06_21:19 openset_imagenet.binary_ensemble_combined_emnist INFO: Saving best model experiments/ex_7/net_2/bce_binary_ensemble_combined_imagenet_best.pth at epoch: 13
07_06_21:57 openset_imagenet.binary_ensemble_combined_emnist INFO: loss:bce protocol:1 ep:14 train:{'j': 0.638} val:{'j': 0.678, 'conf_kn': 0.228, 'conf_unk': 0.477} t:2001.7s v:296.3s
07_06_22:34 openset_imagenet.binary_ensemble_combined_emnist INFO: loss:bce protocol:1 ep:15 train:{'j': 0.630} val:{'j': 0.673, 'conf_kn': 0.319, 'conf_unk': 0.466} t:1950.3s v:299.9s
07_06_22:34 openset_imagenet.binary_ensemble_combined_emnist INFO: Saving best model experiments/ex_7/net_2/bce_binary_ensemble_combined_imagenet_best.pth at epoch: 15
07_06_23:14 openset_imagenet.binary_ensemble_combined_emnist INFO: loss:bce protocol:1 ep:16 train:{'j': 0.623} val:{'j': 0.641, 'conf_kn': 0.360, 'conf_unk': 0.468} t:2058.0s v:288.9s
07_06_23:14 openset_imagenet.binary_ensemble_combined_emnist INFO: Saving best model experiments/ex_7/net_2/bce_binary_ensemble_combined_imagenet_best.pth at epoch: 16
07_06_23:53 openset_imagenet.binary_ensemble_combined_emnist INFO: loss:bce protocol:1 ep:17 train:{'j': 0.616} val:{'j': 0.622, 'conf_kn': 0.366, 'conf_unk': 0.466} t:2065.1s v:292.8s
07_06_23:53 openset_imagenet.binary_ensemble_combined_emnist INFO: Saving best model experiments/ex_7/net_2/bce_binary_ensemble_combined_imagenet_best.pth at epoch: 17
08_06_00:32 openset_imagenet.binary_ensemble_combined_emnist INFO: loss:bce protocol:1 ep:18 train:{'j': 0.609} val:{'j': 0.637, 'conf_kn': 0.322, 'conf_unk': 0.471} t:2054.9s v:304.4s
08_06_01:14 openset_imagenet.binary_ensemble_combined_emnist INFO: loss:bce protocol:1 ep:19 train:{'j': 0.601} val:{'j': 0.625, 'conf_kn': 0.390, 'conf_unk': 0.467} t:2197.9s v:280.8s
08_06_01:14 openset_imagenet.binary_ensemble_combined_emnist INFO: Saving best model experiments/ex_7/net_2/bce_binary_ensemble_combined_imagenet_best.pth at epoch: 19
08_06_01:49 openset_imagenet.binary_ensemble_combined_emnist INFO: loss:bce protocol:1 ep:20 train:{'j': 0.598} val:{'j': 0.622, 'conf_kn': 0.417, 'conf_unk': 0.466} t:1825.7s v:275.0s
08_06_01:49 openset_imagenet.binary_ensemble_combined_emnist INFO: Saving best model experiments/ex_7/net_2/bce_binary_ensemble_combined_imagenet_best.pth at epoch: 20
08_06_02:25 openset_imagenet.binary_ensemble_combined_emnist INFO: loss:bce protocol:1 ep:21 train:{'j': 0.588} val:{'j': 0.668, 'conf_kn': 0.430, 'conf_unk': 0.466} t:1870.0s v:282.4s
08_06_02:25 openset_imagenet.binary_ensemble_combined_emnist INFO: Saving best model experiments/ex_7/net_2/bce_binary_ensemble_combined_imagenet_best.pth at epoch: 21
08_06_03:00 openset_imagenet.binary_ensemble_combined_emnist INFO: loss:bce protocol:1 ep:22 train:{'j': 0.582} val:{'j': 0.625, 'conf_kn': 0.445, 'conf_unk': 0.474} t:1879.9s v:275.6s
08_06_03:00 openset_imagenet.binary_ensemble_combined_emnist INFO: Saving best model experiments/ex_7/net_2/bce_binary_ensemble_combined_imagenet_best.pth at epoch: 22
08_06_03:36 openset_imagenet.binary_ensemble_combined_emnist INFO: loss:bce protocol:1 ep:23 train:{'j': 0.576} val:{'j': 0.621, 'conf_kn': 0.438, 'conf_unk': 0.468} t:1858.9s v:290.0s
08_06_04:14 openset_imagenet.binary_ensemble_combined_emnist INFO: loss:bce protocol:1 ep:24 train:{'j': 0.572} val:{'j': 0.581, 'conf_kn': 0.479, 'conf_unk': 0.469} t:1947.3s v:292.2s
08_06_04:14 openset_imagenet.binary_ensemble_combined_emnist INFO: Saving best model experiments/ex_7/net_2/bce_binary_ensemble_combined_imagenet_best.pth at epoch: 24
08_06_04:51 openset_imagenet.binary_ensemble_combined_emnist INFO: loss:bce protocol:1 ep:25 train:{'j': 0.564} val:{'j': 0.586, 'conf_kn': 0.474, 'conf_unk': 0.471} t:1930.4s v:287.2s
08_06_05:28 openset_imagenet.binary_ensemble_combined_emnist INFO: loss:bce protocol:1 ep:26 train:{'j': 0.558} val:{'j': 0.571, 'conf_kn': 0.494, 'conf_unk': 0.476} t:1932.5s v:289.4s
08_06_05:28 openset_imagenet.binary_ensemble_combined_emnist INFO: Saving best model experiments/ex_7/net_2/bce_binary_ensemble_combined_imagenet_best.pth at epoch: 26
08_06_06:03 openset_imagenet.binary_ensemble_combined_emnist INFO: loss:bce protocol:1 ep:27 train:{'j': 0.552} val:{'j': 0.570, 'conf_kn': 0.504, 'conf_unk': 0.477} t:1835.8s v:277.5s
08_06_06:03 openset_imagenet.binary_ensemble_combined_emnist INFO: Saving best model experiments/ex_7/net_2/bce_binary_ensemble_combined_imagenet_best.pth at epoch: 27
08_06_06:37 openset_imagenet.binary_ensemble_combined_emnist INFO: loss:bce protocol:1 ep:28 train:{'j': 0.547} val:{'j': 0.577, 'conf_kn': 0.501, 'conf_unk': 0.471} t:1750.5s v:276.8s
08_06_07:10 openset_imagenet.binary_ensemble_combined_emnist INFO: loss:bce protocol:1 ep:29 train:{'j': 0.543} val:{'j': 0.574, 'conf_kn': 0.514, 'conf_unk': 0.479} t:1724.7s v:287.9s
08_06_07:10 openset_imagenet.binary_ensemble_combined_emnist INFO: Saving best model experiments/ex_7/net_2/bce_binary_ensemble_combined_imagenet_best.pth at epoch: 29
08_06_07:45 openset_imagenet.binary_ensemble_combined_emnist INFO: loss:bce protocol:1 ep:30 train:{'j': 0.537} val:{'j': 0.563, 'conf_kn': 0.530, 'conf_unk': 0.474} t:1779.6s v:281.4s
08_06_07:45 openset_imagenet.binary_ensemble_combined_emnist INFO: Saving best model experiments/ex_7/net_2/bce_binary_ensemble_combined_imagenet_best.pth at epoch: 30
08_06_08:19 openset_imagenet.binary_ensemble_combined_emnist INFO: loss:bce protocol:1 ep:31 train:{'j': 0.532} val:{'j': 0.561, 'conf_kn': 0.523, 'conf_unk': 0.476} t:1756.7s v:275.9s
08_06_08:53 openset_imagenet.binary_ensemble_combined_emnist INFO: loss:bce protocol:1 ep:32 train:{'j': 0.527} val:{'j': 0.566, 'conf_kn': 0.533, 'conf_unk': 0.466} t:1750.5s v:290.1s
08_06_09:27 openset_imagenet.binary_ensemble_combined_emnist INFO: loss:bce protocol:1 ep:33 train:{'j': 0.522} val:{'j': 0.570, 'conf_kn': 0.539, 'conf_unk': 0.477} t:1798.8s v:272.1s
08_06_09:27 openset_imagenet.binary_ensemble_combined_emnist INFO: Saving best model experiments/ex_7/net_2/bce_binary_ensemble_combined_imagenet_best.pth at epoch: 33
08_06_10:02 openset_imagenet.binary_ensemble_combined_emnist INFO: loss:bce protocol:1 ep:34 train:{'j': 0.519} val:{'j': 0.576, 'conf_kn': 0.554, 'conf_unk': 0.479} t:1803.7s v:280.7s
08_06_10:02 openset_imagenet.binary_ensemble_combined_emnist INFO: Saving best model experiments/ex_7/net_2/bce_binary_ensemble_combined_imagenet_best.pth at epoch: 34
08_06_10:37 openset_imagenet.binary_ensemble_combined_emnist INFO: loss:bce protocol:1 ep:35 train:{'j': 0.513} val:{'j': 0.601, 'conf_kn': 0.499, 'conf_unk': 0.472} t:1815.7s v:273.6s
08_06_11:10 openset_imagenet.binary_ensemble_combined_emnist INFO: loss:bce protocol:1 ep:36 train:{'j': 0.511} val:{'j': 0.563, 'conf_kn': 0.541, 'conf_unk': 0.474} t:1735.0s v:264.9s
08_06_11:42 openset_imagenet.binary_ensemble_combined_emnist INFO: loss:bce protocol:1 ep:37 train:{'j': 0.506} val:{'j': 0.548, 'conf_kn': 0.559, 'conf_unk': 0.477} t:1630.4s v:263.7s
08_06_11:42 openset_imagenet.binary_ensemble_combined_emnist INFO: Saving best model experiments/ex_7/net_2/bce_binary_ensemble_combined_imagenet_best.pth at epoch: 37
