19_05_12:27 openset_imagenet.binary_ensemble_combined_emnist INFO: ============ Data ============
19_05_12:27 openset_imagenet.binary_ensemble_combined_emnist INFO: train_len:28895, labels:30
19_05_12:27 openset_imagenet.binary_ensemble_combined_emnist INFO: val_len:15173, labels:31
19_05_12:27 openset_imagenet.binary_ensemble_combined_emnist INFO: Using Negatives for Training: False
19_05_12:27 openset_imagenet.binary_ensemble_combined_emnist INFO: ========== Training ==========
19_05_12:27 openset_imagenet.binary_ensemble_combined_emnist INFO: Initial epoch: 0
19_05_12:27 openset_imagenet.binary_ensemble_combined_emnist INFO: Last epoch: 200
19_05_12:27 openset_imagenet.binary_ensemble_combined_emnist INFO: Batch size: 32
19_05_12:27 openset_imagenet.binary_ensemble_combined_emnist INFO: workers: 4
19_05_12:27 openset_imagenet.binary_ensemble_combined_emnist INFO: Loss: bce
19_05_12:27 openset_imagenet.binary_ensemble_combined_emnist INFO: optimizer: sgd
19_05_12:27 openset_imagenet.binary_ensemble_combined_emnist INFO: Learning rate: 0.01
19_05_12:27 openset_imagenet.binary_ensemble_combined_emnist INFO: Device: 4
19_05_12:27 openset_imagenet.binary_ensemble_combined_emnist INFO: Number of binary outputs: 100
19_05_12:27 openset_imagenet.binary_ensemble_combined_emnist INFO: Using following approach to generate sets: random
19_05_12:27 openset_imagenet.binary_ensemble_combined_emnist INFO: Training...
19_05_12:31 openset_imagenet.binary_ensemble_combined_emnist INFO: loss:bce protocol:2 ep:0 train:{'j': 0.694} val:{'j': 0.685, 'conf_kn': 0.036, 'conf_unk': 0.484} t:216.7s v:65.6s
19_05_12:32 openset_imagenet.binary_ensemble_combined_emnist INFO: Saving best model experiments/ex_5/net_12/bce_binary_ensemble_combined_imagenet_best.pth at epoch: 0
19_05_12:36 openset_imagenet.binary_ensemble_combined_emnist INFO: loss:bce protocol:2 ep:1 train:{'j': 0.693} val:{'j': 0.697, 'conf_kn': 0.063, 'conf_unk': 0.485} t:208.8s v:74.9s
19_05_12:36 openset_imagenet.binary_ensemble_combined_emnist INFO: Saving best model experiments/ex_5/net_12/bce_binary_ensemble_combined_imagenet_best.pth at epoch: 1
19_05_12:41 openset_imagenet.binary_ensemble_combined_emnist INFO: loss:bce protocol:2 ep:2 train:{'j': 0.690} val:{'j': 0.685, 'conf_kn': 0.080, 'conf_unk': 0.477} t:209.1s v:74.6s
19_05_12:41 openset_imagenet.binary_ensemble_combined_emnist INFO: Saving best model experiments/ex_5/net_12/bce_binary_ensemble_combined_imagenet_best.pth at epoch: 2
19_05_12:46 openset_imagenet.binary_ensemble_combined_emnist INFO: loss:bce protocol:2 ep:3 train:{'j': 0.688} val:{'j': 0.676, 'conf_kn': 0.077, 'conf_unk': 0.474} t:205.8s v:76.2s
19_05_12:50 openset_imagenet.binary_ensemble_combined_emnist INFO: loss:bce protocol:2 ep:4 train:{'j': 0.686} val:{'j': 0.692, 'conf_kn': 0.094, 'conf_unk': 0.465} t:206.6s v:74.8s
19_05_12:50 openset_imagenet.binary_ensemble_combined_emnist INFO: Saving best model experiments/ex_5/net_12/bce_binary_ensemble_combined_imagenet_best.pth at epoch: 4
19_05_12:55 openset_imagenet.binary_ensemble_combined_emnist INFO: loss:bce protocol:2 ep:5 train:{'j': 0.684} val:{'j': 0.699, 'conf_kn': 0.105, 'conf_unk': 0.460} t:209.5s v:70.1s
19_05_12:55 openset_imagenet.binary_ensemble_combined_emnist INFO: Saving best model experiments/ex_5/net_12/bce_binary_ensemble_combined_imagenet_best.pth at epoch: 5
19_05_13:00 openset_imagenet.binary_ensemble_combined_emnist INFO: loss:bce protocol:2 ep:6 train:{'j': 0.681} val:{'j': 0.695, 'conf_kn': 0.121, 'conf_unk': 0.457} t:216.5s v:57.5s
19_05_13:00 openset_imagenet.binary_ensemble_combined_emnist INFO: Saving best model experiments/ex_5/net_12/bce_binary_ensemble_combined_imagenet_best.pth at epoch: 6
19_05_13:04 openset_imagenet.binary_ensemble_combined_emnist INFO: loss:bce protocol:2 ep:7 train:{'j': 0.679} val:{'j': 0.687, 'conf_kn': 0.132, 'conf_unk': 0.452} t:214.1s v:69.7s
19_05_13:04 openset_imagenet.binary_ensemble_combined_emnist INFO: Saving best model experiments/ex_5/net_12/bce_binary_ensemble_combined_imagenet_best.pth at epoch: 7
19_05_13:09 openset_imagenet.binary_ensemble_combined_emnist INFO: loss:bce protocol:2 ep:8 train:{'j': 0.676} val:{'j': 0.692, 'conf_kn': 0.142, 'conf_unk': 0.450} t:203.5s v:74.0s
19_05_13:09 openset_imagenet.binary_ensemble_combined_emnist INFO: Saving best model experiments/ex_5/net_12/bce_binary_ensemble_combined_imagenet_best.pth at epoch: 8
19_05_13:14 openset_imagenet.binary_ensemble_combined_emnist INFO: loss:bce protocol:2 ep:9 train:{'j': 0.673} val:{'j': 0.691, 'conf_kn': 0.157, 'conf_unk': 0.443} t:206.1s v:73.5s
19_05_13:14 openset_imagenet.binary_ensemble_combined_emnist INFO: Saving best model experiments/ex_5/net_12/bce_binary_ensemble_combined_imagenet_best.pth at epoch: 9
19_05_13:18 openset_imagenet.binary_ensemble_combined_emnist INFO: loss:bce protocol:2 ep:10 train:{'j': 0.670} val:{'j': 0.697, 'conf_kn': 0.169, 'conf_unk': 0.436} t:206.9s v:75.2s
19_05_13:18 openset_imagenet.binary_ensemble_combined_emnist INFO: Saving best model experiments/ex_5/net_12/bce_binary_ensemble_combined_imagenet_best.pth at epoch: 10
19_05_13:23 openset_imagenet.binary_ensemble_combined_emnist INFO: loss:bce protocol:2 ep:11 train:{'j': 0.667} val:{'j': 0.693, 'conf_kn': 0.167, 'conf_unk': 0.427} t:207.8s v:80.0s
19_05_13:28 openset_imagenet.binary_ensemble_combined_emnist INFO: loss:bce protocol:2 ep:12 train:{'j': 0.664} val:{'j': 0.702, 'conf_kn': 0.181, 'conf_unk': 0.411} t:198.5s v:68.8s
19_05_13:32 openset_imagenet.binary_ensemble_combined_emnist INFO: loss:bce protocol:2 ep:13 train:{'j': 0.661} val:{'j': 0.686, 'conf_kn': 0.200, 'conf_unk': 0.440} t:205.4s v:64.8s
19_05_13:32 openset_imagenet.binary_ensemble_combined_emnist INFO: Saving best model experiments/ex_5/net_12/bce_binary_ensemble_combined_imagenet_best.pth at epoch: 13
19_05_13:37 openset_imagenet.binary_ensemble_combined_emnist INFO: loss:bce protocol:2 ep:14 train:{'j': 0.657} val:{'j': 0.693, 'conf_kn': 0.210, 'conf_unk': 0.423} t:216.1s v:59.7s
19_05_13:42 openset_imagenet.binary_ensemble_combined_emnist INFO: loss:bce protocol:2 ep:15 train:{'j': 0.654} val:{'j': 0.689, 'conf_kn': 0.227, 'conf_unk': 0.415} t:202.2s v:66.1s
19_05_13:42 openset_imagenet.binary_ensemble_combined_emnist INFO: Saving best model experiments/ex_5/net_12/bce_binary_ensemble_combined_imagenet_best.pth at epoch: 15
19_05_13:46 openset_imagenet.binary_ensemble_combined_emnist INFO: loss:bce protocol:2 ep:16 train:{'j': 0.649} val:{'j': 0.718, 'conf_kn': 0.212, 'conf_unk': 0.405} t:198.5s v:70.3s
19_05_13:51 openset_imagenet.binary_ensemble_combined_emnist INFO: loss:bce protocol:2 ep:17 train:{'j': 0.645} val:{'j': 0.700, 'conf_kn': 0.229, 'conf_unk': 0.390} t:199.3s v:69.3s
19_05_13:55 openset_imagenet.binary_ensemble_combined_emnist INFO: loss:bce protocol:2 ep:18 train:{'j': 0.640} val:{'j': 0.688, 'conf_kn': 0.264, 'conf_unk': 0.393} t:197.5s v:71.0s
19_05_13:55 openset_imagenet.binary_ensemble_combined_emnist INFO: Saving best model experiments/ex_5/net_12/bce_binary_ensemble_combined_imagenet_best.pth at epoch: 18
19_05_14:00 openset_imagenet.binary_ensemble_combined_emnist INFO: loss:bce protocol:2 ep:19 train:{'j': 0.635} val:{'j': 0.700, 'conf_kn': 0.197, 'conf_unk': 0.401} t:197.7s v:69.8s
19_05_14:04 openset_imagenet.binary_ensemble_combined_emnist INFO: loss:bce protocol:2 ep:20 train:{'j': 0.629} val:{'j': 0.727, 'conf_kn': 0.239, 'conf_unk': 0.380} t:198.2s v:69.8s
19_05_14:09 openset_imagenet.binary_ensemble_combined_emnist INFO: loss:bce protocol:2 ep:21 train:{'j': 0.623} val:{'j': 0.756, 'conf_kn': 0.212, 'conf_unk': 0.369} t:200.5s v:80.2s
19_05_14:13 openset_imagenet.binary_ensemble_combined_emnist INFO: loss:bce protocol:2 ep:22 train:{'j': 0.615} val:{'j': 0.696, 'conf_kn': 0.282, 'conf_unk': 0.368} t:205.9s v:68.1s
19_05_14:18 openset_imagenet.binary_ensemble_combined_emnist INFO: loss:bce protocol:2 ep:23 train:{'j': 0.608} val:{'j': 0.705, 'conf_kn': 0.284, 'conf_unk': 0.371} t:213.2s v:58.8s
19_05_14:23 openset_imagenet.binary_ensemble_combined_emnist INFO: loss:bce protocol:2 ep:24 train:{'j': 0.602} val:{'j': 0.707, 'conf_kn': 0.339, 'conf_unk': 0.366} t:205.3s v:67.8s
19_05_14:23 openset_imagenet.binary_ensemble_combined_emnist INFO: Saving best model experiments/ex_5/net_12/bce_binary_ensemble_combined_imagenet_best.pth at epoch: 24
19_05_14:27 openset_imagenet.binary_ensemble_combined_emnist INFO: loss:bce protocol:2 ep:25 train:{'j': 0.593} val:{'j': 0.748, 'conf_kn': 0.304, 'conf_unk': 0.362} t:191.9s v:69.9s
19_05_14:31 openset_imagenet.binary_ensemble_combined_emnist INFO: loss:bce protocol:2 ep:26 train:{'j': 0.586} val:{'j': 0.750, 'conf_kn': 0.296, 'conf_unk': 0.333} t:198.0s v:66.3s
19_05_14:36 openset_imagenet.binary_ensemble_combined_emnist INFO: loss:bce protocol:2 ep:27 train:{'j': 0.576} val:{'j': 0.720, 'conf_kn': 0.279, 'conf_unk': 0.352} t:198.3s v:55.3s
19_05_14:40 openset_imagenet.binary_ensemble_combined_emnist INFO: loss:bce protocol:2 ep:28 train:{'j': 0.567} val:{'j': 0.700, 'conf_kn': 0.372, 'conf_unk': 0.341} t:203.4s v:74.8s
19_05_14:40 openset_imagenet.binary_ensemble_combined_emnist INFO: Saving best model experiments/ex_5/net_12/bce_binary_ensemble_combined_imagenet_best.pth at epoch: 28
19_05_14:45 openset_imagenet.binary_ensemble_combined_emnist INFO: loss:bce protocol:2 ep:29 train:{'j': 0.560} val:{'j': 0.866, 'conf_kn': 0.202, 'conf_unk': 0.301} t:219.8s v:70.4s
19_05_14:50 openset_imagenet.binary_ensemble_combined_emnist INFO: loss:bce protocol:2 ep:30 train:{'j': 0.550} val:{'j': 0.785, 'conf_kn': 0.363, 'conf_unk': 0.315} t:204.0s v:79.8s
19_05_14:55 openset_imagenet.binary_ensemble_combined_emnist INFO: loss:bce protocol:2 ep:31 train:{'j': 0.541} val:{'j': 0.730, 'conf_kn': 0.386, 'conf_unk': 0.331} t:232.0s v:65.7s
19_05_14:55 openset_imagenet.binary_ensemble_combined_emnist INFO: Saving best model experiments/ex_5/net_12/bce_binary_ensemble_combined_imagenet_best.pth at epoch: 31
19_05_15:00 openset_imagenet.binary_ensemble_combined_emnist INFO: loss:bce protocol:2 ep:32 train:{'j': 0.534} val:{'j': 0.708, 'conf_kn': 0.368, 'conf_unk': 0.346} t:206.2s v:73.0s
19_05_15:05 openset_imagenet.binary_ensemble_combined_emnist INFO: loss:bce protocol:2 ep:33 train:{'j': 0.525} val:{'j': 0.798, 'conf_kn': 0.400, 'conf_unk': 0.299} t:231.2s v:77.7s
19_05_15:10 openset_imagenet.binary_ensemble_combined_emnist INFO: loss:bce protocol:2 ep:34 train:{'j': 0.519} val:{'j': 0.740, 'conf_kn': 0.448, 'conf_unk': 0.306} t:221.7s v:84.4s
19_05_15:10 openset_imagenet.binary_ensemble_combined_emnist INFO: Saving best model experiments/ex_5/net_12/bce_binary_ensemble_combined_imagenet_best.pth at epoch: 34
19_05_15:16 openset_imagenet.binary_ensemble_combined_emnist INFO: loss:bce protocol:2 ep:35 train:{'j': 0.509} val:{'j': 0.753, 'conf_kn': 0.439, 'conf_unk': 0.301} t:247.0s v:85.1s
19_05_15:21 openset_imagenet.binary_ensemble_combined_emnist INFO: loss:bce protocol:2 ep:36 train:{'j': 0.499} val:{'j': 0.780, 'conf_kn': 0.322, 'conf_unk': 0.287} t:222.2s v:78.4s
19_05_15:26 openset_imagenet.binary_ensemble_combined_emnist INFO: loss:bce protocol:2 ep:37 train:{'j': 0.492} val:{'j': 0.780, 'conf_kn': 0.441, 'conf_unk': 0.295} t:253.1s v:79.9s
19_05_15:31 openset_imagenet.binary_ensemble_combined_emnist INFO: loss:bce protocol:2 ep:38 train:{'j': 0.484} val:{'j': 0.759, 'conf_kn': 0.485, 'conf_unk': 0.299} t:225.1s v:74.3s
19_05_15:31 openset_imagenet.binary_ensemble_combined_emnist INFO: Saving best model experiments/ex_5/net_12/bce_binary_ensemble_combined_imagenet_best.pth at epoch: 38
19_05_15:36 openset_imagenet.binary_ensemble_combined_emnist INFO: loss:bce protocol:2 ep:39 train:{'j': 0.477} val:{'j': 0.868, 'conf_kn': 0.375, 'conf_unk': 0.257} t:228.1s v:75.3s
19_05_15:41 openset_imagenet.binary_ensemble_combined_emnist INFO: loss:bce protocol:2 ep:40 train:{'j': 0.468} val:{'j': 0.771, 'conf_kn': 0.487, 'conf_unk': 0.291} t:199.7s v:66.3s
19_05_15:46 openset_imagenet.binary_ensemble_combined_emnist INFO: loss:bce protocol:2 ep:41 train:{'j': 0.460} val:{'j': 0.745, 'conf_kn': 0.504, 'conf_unk': 0.279} t:224.4s v:80.5s
19_05_15:51 openset_imagenet.binary_ensemble_combined_emnist INFO: loss:bce protocol:2 ep:42 train:{'j': 0.452} val:{'j': 0.804, 'conf_kn': 0.436, 'conf_unk': 0.260} t:210.5s v:79.1s
19_05_15:56 openset_imagenet.binary_ensemble_combined_emnist INFO: loss:bce protocol:2 ep:43 train:{'j': 0.443} val:{'j': 0.736, 'conf_kn': 0.541, 'conf_unk': 0.288} t:253.8s v:83.3s
19_05_15:56 openset_imagenet.binary_ensemble_combined_emnist INFO: Saving best model experiments/ex_5/net_12/bce_binary_ensemble_combined_imagenet_best.pth at epoch: 43
19_05_16:02 openset_imagenet.binary_ensemble_combined_emnist INFO: loss:bce protocol:2 ep:44 train:{'j': 0.434} val:{'j': 0.747, 'conf_kn': 0.530, 'conf_unk': 0.284} t:250.7s v:73.8s
19_05_16:07 openset_imagenet.binary_ensemble_combined_emnist INFO: loss:bce protocol:2 ep:45 train:{'j': 0.428} val:{'j': 0.818, 'conf_kn': 0.490, 'conf_unk': 0.271} t:236.6s v:83.8s
19_05_16:13 openset_imagenet.binary_ensemble_combined_emnist INFO: loss:bce protocol:2 ep:46 train:{'j': 0.420} val:{'j': 0.796, 'conf_kn': 0.388, 'conf_unk': 0.280} t:252.6s v:86.7s
19_05_16:18 openset_imagenet.binary_ensemble_combined_emnist INFO: loss:bce protocol:2 ep:47 train:{'j': 0.414} val:{'j': 0.850, 'conf_kn': 0.480, 'conf_unk': 0.265} t:247.9s v:62.2s
19_05_16:24 openset_imagenet.binary_ensemble_combined_emnist INFO: loss:bce protocol:2 ep:48 train:{'j': 0.407} val:{'j': 0.924, 'conf_kn': 0.354, 'conf_unk': 0.238} t:255.5s v:81.9s
19_05_16:29 openset_imagenet.binary_ensemble_combined_emnist INFO: loss:bce protocol:2 ep:49 train:{'j': 0.400} val:{'j': 0.830, 'conf_kn': 0.468, 'conf_unk': 0.242} t:259.8s v:57.8s
19_05_16:35 openset_imagenet.binary_ensemble_combined_emnist INFO: loss:bce protocol:2 ep:50 train:{'j': 0.391} val:{'j': 0.798, 'conf_kn': 0.555, 'conf_unk': 0.261} t:249.5s v:82.4s
19_05_16:40 openset_imagenet.binary_ensemble_combined_emnist INFO: loss:bce protocol:2 ep:51 train:{'j': 0.385} val:{'j': 0.765, 'conf_kn': 0.522, 'conf_unk': 0.270} t:241.8s v:74.6s
19_05_16:44 openset_imagenet.binary_ensemble_combined_emnist INFO: loss:bce protocol:2 ep:52 train:{'j': 0.376} val:{'j': 0.776, 'conf_kn': 0.547, 'conf_unk': 0.262} t:176.7s v:58.3s
19_05_16:49 openset_imagenet.binary_ensemble_combined_emnist INFO: loss:bce protocol:2 ep:53 train:{'j': 0.371} val:{'j': 0.855, 'conf_kn': 0.461, 'conf_unk': 0.248} t:194.2s v:87.6s
19_05_16:54 openset_imagenet.binary_ensemble_combined_emnist INFO: loss:bce protocol:2 ep:54 train:{'j': 0.362} val:{'j': 1.000, 'conf_kn': 0.386, 'conf_unk': 0.234} t:256.1s v:88.6s
19_05_17:00 openset_imagenet.binary_ensemble_combined_emnist INFO: loss:bce protocol:2 ep:55 train:{'j': 0.357} val:{'j': 0.925, 'conf_kn': 0.541, 'conf_unk': 0.241} t:261.8s v:86.7s
19_05_17:06 openset_imagenet.binary_ensemble_combined_emnist INFO: loss:bce protocol:2 ep:56 train:{'j': 0.350} val:{'j': 1.025, 'conf_kn': 0.523, 'conf_unk': 0.221} t:251.1s v:87.1s
19_05_17:11 openset_imagenet.binary_ensemble_combined_emnist INFO: loss:bce protocol:2 ep:57 train:{'j': 0.343} val:{'j': 0.848, 'conf_kn': 0.537, 'conf_unk': 0.244} t:210.0s v:82.9s
19_05_17:16 openset_imagenet.binary_ensemble_combined_emnist INFO: loss:bce protocol:2 ep:58 train:{'j': 0.338} val:{'j': 0.839, 'conf_kn': 0.548, 'conf_unk': 0.257} t:252.8s v:88.8s
19_05_17:22 openset_imagenet.binary_ensemble_combined_emnist INFO: loss:bce protocol:2 ep:59 train:{'j': 0.328} val:{'j': 0.891, 'conf_kn': 0.585, 'conf_unk': 0.244} t:258.9s v:84.4s
19_05_17:28 openset_imagenet.binary_ensemble_combined_emnist INFO: loss:bce protocol:2 ep:60 train:{'j': 0.324} val:{'j': 0.853, 'conf_kn': 0.615, 'conf_unk': 0.233} t:258.7s v:85.9s
19_05_17:28 openset_imagenet.binary_ensemble_combined_emnist INFO: Saving best model experiments/ex_5/net_12/bce_binary_ensemble_combined_imagenet_best.pth at epoch: 60
19_05_17:33 openset_imagenet.binary_ensemble_combined_emnist INFO: loss:bce protocol:2 ep:61 train:{'j': 0.317} val:{'j': 0.846, 'conf_kn': 0.559, 'conf_unk': 0.232} t:205.3s v:88.1s
19_05_17:39 openset_imagenet.binary_ensemble_combined_emnist INFO: loss:bce protocol:2 ep:62 train:{'j': 0.314} val:{'j': 0.807, 'conf_kn': 0.567, 'conf_unk': 0.257} t:256.1s v:82.7s
19_05_17:44 openset_imagenet.binary_ensemble_combined_emnist INFO: loss:bce protocol:2 ep:63 train:{'j': 0.307} val:{'j': 0.817, 'conf_kn': 0.585, 'conf_unk': 0.231} t:253.9s v:88.5s
19_05_17:50 openset_imagenet.binary_ensemble_combined_emnist INFO: loss:bce protocol:2 ep:64 train:{'j': 0.304} val:{'j': 0.826, 'conf_kn': 0.577, 'conf_unk': 0.242} t:256.4s v:88.9s
19_05_17:55 openset_imagenet.binary_ensemble_combined_emnist INFO: loss:bce protocol:2 ep:65 train:{'j': 0.295} val:{'j': 1.052, 'conf_kn': 0.531, 'conf_unk': 0.218} t:202.1s v:78.3s
19_05_18:00 openset_imagenet.binary_ensemble_combined_emnist INFO: loss:bce protocol:2 ep:66 train:{'j': 0.287} val:{'j': 0.803, 'conf_kn': 0.496, 'conf_unk': 0.255} t:256.2s v:84.7s
19_05_18:06 openset_imagenet.binary_ensemble_combined_emnist INFO: loss:bce protocol:2 ep:67 train:{'j': 0.286} val:{'j': 0.900, 'conf_kn': 0.595, 'conf_unk': 0.224} t:256.2s v:82.9s
19_05_18:12 openset_imagenet.binary_ensemble_combined_emnist INFO: loss:bce protocol:2 ep:68 train:{'j': 0.280} val:{'j': 0.848, 'conf_kn': 0.599, 'conf_unk': 0.234} t:263.4s v:84.4s
19_05_18:17 openset_imagenet.binary_ensemble_combined_emnist INFO: loss:bce protocol:2 ep:69 train:{'j': 0.272} val:{'j': 0.833, 'conf_kn': 0.593, 'conf_unk': 0.241} t:202.7s v:80.5s
19_05_18:22 openset_imagenet.binary_ensemble_combined_emnist INFO: loss:bce protocol:2 ep:70 train:{'j': 0.269} val:{'j': 0.939, 'conf_kn': 0.605, 'conf_unk': 0.210} t:252.8s v:79.5s
19_05_18:28 openset_imagenet.binary_ensemble_combined_emnist INFO: loss:bce protocol:2 ep:71 train:{'j': 0.259} val:{'j': 0.901, 'conf_kn': 0.578, 'conf_unk': 0.225} t:253.7s v:81.9s
19_05_18:33 openset_imagenet.binary_ensemble_combined_emnist INFO: loss:bce protocol:2 ep:72 train:{'j': 0.261} val:{'j': 0.810, 'conf_kn': 0.601, 'conf_unk': 0.226} t:254.2s v:83.5s
19_05_18:38 openset_imagenet.binary_ensemble_combined_emnist INFO: loss:bce protocol:2 ep:73 train:{'j': 0.255} val:{'j': 0.902, 'conf_kn': 0.609, 'conf_unk': 0.220} t:215.0s v:65.4s
19_05_18:44 openset_imagenet.binary_ensemble_combined_emnist INFO: loss:bce protocol:2 ep:74 train:{'j': 0.247} val:{'j': 0.859, 'conf_kn': 0.605, 'conf_unk': 0.219} t:254.6s v:80.8s
19_05_18:49 openset_imagenet.binary_ensemble_combined_emnist INFO: loss:bce protocol:2 ep:75 train:{'j': 0.246} val:{'j': 0.882, 'conf_kn': 0.611, 'conf_unk': 0.228} t:254.4s v:77.8s
19_05_18:55 openset_imagenet.binary_ensemble_combined_emnist INFO: loss:bce protocol:2 ep:76 train:{'j': 0.238} val:{'j': 0.924, 'conf_kn': 0.620, 'conf_unk': 0.221} t:253.3s v:84.3s
19_05_19:00 openset_imagenet.binary_ensemble_combined_emnist INFO: loss:bce protocol:2 ep:77 train:{'j': 0.232} val:{'j': 0.857, 'conf_kn': 0.607, 'conf_unk': 0.226} t:231.6s v:66.1s
19_05_19:05 openset_imagenet.binary_ensemble_combined_emnist INFO: loss:bce protocol:2 ep:78 train:{'j': 0.231} val:{'j': 0.949, 'conf_kn': 0.599, 'conf_unk': 0.206} t:240.0s v:80.4s
19_05_19:11 openset_imagenet.binary_ensemble_combined_emnist INFO: loss:bce protocol:2 ep:79 train:{'j': 0.229} val:{'j': 1.003, 'conf_kn': 0.624, 'conf_unk': 0.207} t:254.8s v:85.1s
19_05_19:16 openset_imagenet.binary_ensemble_combined_emnist INFO: loss:bce protocol:2 ep:80 train:{'j': 0.222} val:{'j': 0.951, 'conf_kn': 0.556, 'conf_unk': 0.221} t:250.2s v:81.3s
19_05_19:21 openset_imagenet.binary_ensemble_combined_emnist INFO: loss:bce protocol:2 ep:81 train:{'j': 0.217} val:{'j': 0.927, 'conf_kn': 0.530, 'conf_unk': 0.215} t:230.5s v:75.7s
19_05_19:26 openset_imagenet.binary_ensemble_combined_emnist INFO: loss:bce protocol:2 ep:82 train:{'j': 0.218} val:{'j': 0.988, 'conf_kn': 0.621, 'conf_unk': 0.209} t:220.3s v:81.2s
19_05_19:32 openset_imagenet.binary_ensemble_combined_emnist INFO: loss:bce protocol:2 ep:83 train:{'j': 0.212} val:{'j': 1.129, 'conf_kn': 0.568, 'conf_unk': 0.195} t:249.7s v:78.4s
19_05_19:37 openset_imagenet.binary_ensemble_combined_emnist INFO: loss:bce protocol:2 ep:84 train:{'j': 0.204} val:{'j': 0.960, 'conf_kn': 0.505, 'conf_unk': 0.220} t:250.5s v:79.9s
19_05_19:43 openset_imagenet.binary_ensemble_combined_emnist INFO: loss:bce protocol:2 ep:85 train:{'j': 0.202} val:{'j': 1.263, 'conf_kn': 0.469, 'conf_unk': 0.176} t:251.3s v:67.2s
19_05_19:48 openset_imagenet.binary_ensemble_combined_emnist INFO: loss:bce protocol:2 ep:86 train:{'j': 0.197} val:{'j': 0.970, 'conf_kn': 0.533, 'conf_unk': 0.207} t:217.8s v:81.0s
19_05_19:53 openset_imagenet.binary_ensemble_combined_emnist INFO: loss:bce protocol:2 ep:87 train:{'j': 0.193} val:{'j': 0.977, 'conf_kn': 0.588, 'conf_unk': 0.205} t:245.9s v:82.7s
19_05_19:59 openset_imagenet.binary_ensemble_combined_emnist INFO: loss:bce protocol:2 ep:88 train:{'j': 0.191} val:{'j': 0.945, 'conf_kn': 0.601, 'conf_unk': 0.209} t:250.5s v:79.9s
19_05_20:04 openset_imagenet.binary_ensemble_combined_emnist INFO: loss:bce protocol:2 ep:89 train:{'j': 0.189} val:{'j': 1.055, 'conf_kn': 0.604, 'conf_unk': 0.200} t:249.7s v:82.4s
19_05_20:09 openset_imagenet.binary_ensemble_combined_emnist INFO: loss:bce protocol:2 ep:90 train:{'j': 0.180} val:{'j': 0.970, 'conf_kn': 0.601, 'conf_unk': 0.202} t:216.6s v:63.7s
19_05_20:15 openset_imagenet.binary_ensemble_combined_emnist INFO: loss:bce protocol:2 ep:91 train:{'j': 0.179} val:{'j': 1.010, 'conf_kn': 0.627, 'conf_unk': 0.195} t:253.5s v:80.6s
19_05_20:20 openset_imagenet.binary_ensemble_combined_emnist INFO: loss:bce protocol:2 ep:92 train:{'j': 0.175} val:{'j': 1.216, 'conf_kn': 0.585, 'conf_unk': 0.180} t:250.6s v:83.3s
19_05_20:26 openset_imagenet.binary_ensemble_combined_emnist INFO: loss:bce protocol:2 ep:93 train:{'j': 0.173} val:{'j': 1.074, 'conf_kn': 0.589, 'conf_unk': 0.190} t:245.9s v:83.3s
19_05_20:31 openset_imagenet.binary_ensemble_combined_emnist INFO: loss:bce protocol:2 ep:94 train:{'j': 0.172} val:{'j': 0.950, 'conf_kn': 0.596, 'conf_unk': 0.210} t:225.9s v:69.2s
19_05_20:36 openset_imagenet.binary_ensemble_combined_emnist INFO: loss:bce protocol:2 ep:95 train:{'j': 0.167} val:{'j': 1.015, 'conf_kn': 0.629, 'conf_unk': 0.202} t:236.1s v:78.6s
19_05_20:41 openset_imagenet.binary_ensemble_combined_emnist INFO: loss:bce protocol:2 ep:96 train:{'j': 0.164} val:{'j': 0.991, 'conf_kn': 0.632, 'conf_unk': 0.188} t:247.3s v:78.4s
19_05_20:47 openset_imagenet.binary_ensemble_combined_emnist INFO: loss:bce protocol:2 ep:97 train:{'j': 0.160} val:{'j': 1.015, 'conf_kn': 0.593, 'conf_unk': 0.187} t:249.9s v:83.8s
19_05_20:52 openset_imagenet.binary_ensemble_combined_emnist INFO: loss:bce protocol:2 ep:98 train:{'j': 0.160} val:{'j': 1.045, 'conf_kn': 0.605, 'conf_unk': 0.204} t:230.5s v:82.8s
19_05_20:57 openset_imagenet.binary_ensemble_combined_emnist INFO: loss:bce protocol:2 ep:99 train:{'j': 0.156} val:{'j': 1.089, 'conf_kn': 0.637, 'conf_unk': 0.188} t:216.5s v:80.7s
19_05_21:03 openset_imagenet.binary_ensemble_combined_emnist INFO: loss:bce protocol:2 ep:100 train:{'j': 0.152} val:{'j': 1.091, 'conf_kn': 0.562, 'conf_unk': 0.196} t:249.9s v:80.0s
19_05_21:08 openset_imagenet.binary_ensemble_combined_emnist INFO: loss:bce protocol:2 ep:101 train:{'j': 0.150} val:{'j': 1.033, 'conf_kn': 0.641, 'conf_unk': 0.190} t:249.4s v:80.2s
19_05_21:13 openset_imagenet.binary_ensemble_combined_emnist INFO: loss:bce protocol:2 ep:102 train:{'j': 0.142} val:{'j': 1.114, 'conf_kn': 0.619, 'conf_unk': 0.187} t:247.7s v:65.8s
19_05_21:18 openset_imagenet.binary_ensemble_combined_emnist INFO: loss:bce protocol:2 ep:103 train:{'j': 0.143} val:{'j': 1.091, 'conf_kn': 0.615, 'conf_unk': 0.187} t:223.2s v:80.5s
19_05_21:24 openset_imagenet.binary_ensemble_combined_emnist INFO: loss:bce protocol:2 ep:104 train:{'j': 0.141} val:{'j': 1.114, 'conf_kn': 0.638, 'conf_unk': 0.190} t:253.8s v:77.6s
19_05_21:29 openset_imagenet.binary_ensemble_combined_emnist INFO: loss:bce protocol:2 ep:105 train:{'j': 0.135} val:{'j': 1.039, 'conf_kn': 0.601, 'conf_unk': 0.204} t:255.4s v:78.1s
19_05_21:35 openset_imagenet.binary_ensemble_combined_emnist INFO: loss:bce protocol:2 ep:106 train:{'j': 0.139} val:{'j': 1.291, 'conf_kn': 0.494, 'conf_unk': 0.180} t:255.7s v:69.9s
19_05_21:39 openset_imagenet.binary_ensemble_combined_emnist INFO: loss:bce protocol:2 ep:107 train:{'j': 0.131} val:{'j': 1.112, 'conf_kn': 0.625, 'conf_unk': 0.184} t:201.6s v:70.5s
19_05_21:45 openset_imagenet.binary_ensemble_combined_emnist INFO: loss:bce protocol:2 ep:108 train:{'j': 0.131} val:{'j': 1.207, 'conf_kn': 0.643, 'conf_unk': 0.171} t:253.0s v:79.6s
19_05_21:51 openset_imagenet.binary_ensemble_combined_emnist INFO: loss:bce protocol:2 ep:109 train:{'j': 0.126} val:{'j': 1.076, 'conf_kn': 0.634, 'conf_unk': 0.185} t:246.7s v:87.5s
19_05_21:56 openset_imagenet.binary_ensemble_combined_emnist INFO: loss:bce protocol:2 ep:110 train:{'j': 0.129} val:{'j': 1.091, 'conf_kn': 0.607, 'conf_unk': 0.182} t:252.8s v:77.2s
19_05_22:01 openset_imagenet.binary_ensemble_combined_emnist INFO: loss:bce protocol:2 ep:111 train:{'j': 0.125} val:{'j': 1.213, 'conf_kn': 0.562, 'conf_unk': 0.167} t:230.1s v:69.9s
19_05_22:06 openset_imagenet.binary_ensemble_combined_emnist INFO: loss:bce protocol:2 ep:112 train:{'j': 0.120} val:{'j': 1.298, 'conf_kn': 0.601, 'conf_unk': 0.169} t:238.9s v:77.9s
19_05_22:12 openset_imagenet.binary_ensemble_combined_emnist INFO: loss:bce protocol:2 ep:113 train:{'j': 0.121} val:{'j': 1.234, 'conf_kn': 0.446, 'conf_unk': 0.180} t:254.8s v:85.5s
19_05_22:18 openset_imagenet.binary_ensemble_combined_emnist INFO: loss:bce protocol:2 ep:114 train:{'j': 0.119} val:{'j': 1.193, 'conf_kn': 0.619, 'conf_unk': 0.174} t:256.3s v:84.1s
19_05_22:23 openset_imagenet.binary_ensemble_combined_emnist INFO: loss:bce protocol:2 ep:115 train:{'j': 0.110} val:{'j': 1.154, 'conf_kn': 0.643, 'conf_unk': 0.174} t:229.4s v:85.7s
19_05_22:28 openset_imagenet.binary_ensemble_combined_emnist INFO: loss:bce protocol:2 ep:116 train:{'j': 0.115} val:{'j': 1.232, 'conf_kn': 0.644, 'conf_unk': 0.175} t:226.0s v:83.1s
19_05_22:34 openset_imagenet.binary_ensemble_combined_emnist INFO: loss:bce protocol:2 ep:117 train:{'j': 0.106} val:{'j': 1.188, 'conf_kn': 0.649, 'conf_unk': 0.166} t:254.4s v:87.0s
19_05_22:40 openset_imagenet.binary_ensemble_combined_emnist INFO: loss:bce protocol:2 ep:118 train:{'j': 0.108} val:{'j': 1.133, 'conf_kn': 0.606, 'conf_unk': 0.182} t:253.9s v:87.7s
19_05_22:45 openset_imagenet.binary_ensemble_combined_emnist INFO: loss:bce protocol:2 ep:119 train:{'j': 0.103} val:{'j': 1.298, 'conf_kn': 0.569, 'conf_unk': 0.169} t:236.2s v:77.6s
19_05_22:50 openset_imagenet.binary_ensemble_combined_emnist INFO: loss:bce protocol:2 ep:120 train:{'j': 0.100} val:{'j': 1.136, 'conf_kn': 0.634, 'conf_unk': 0.175} t:228.5s v:84.9s
19_05_22:56 openset_imagenet.binary_ensemble_combined_emnist INFO: loss:bce protocol:2 ep:121 train:{'j': 0.107} val:{'j': 1.249, 'conf_kn': 0.656, 'conf_unk': 0.164} t:252.6s v:84.3s
19_05_23:01 openset_imagenet.binary_ensemble_combined_emnist INFO: loss:bce protocol:2 ep:122 train:{'j': 0.095} val:{'j': 1.198, 'conf_kn': 0.651, 'conf_unk': 0.167} t:251.0s v:87.9s
19_05_23:07 openset_imagenet.binary_ensemble_combined_emnist INFO: loss:bce protocol:2 ep:123 train:{'j': 0.101} val:{'j': 1.213, 'conf_kn': 0.637, 'conf_unk': 0.168} t:247.6s v:72.4s
19_05_23:12 openset_imagenet.binary_ensemble_combined_emnist INFO: loss:bce protocol:2 ep:124 train:{'j': 0.095} val:{'j': 1.192, 'conf_kn': 0.659, 'conf_unk': 0.177} t:230.4s v:81.3s
19_05_23:18 openset_imagenet.binary_ensemble_combined_emnist INFO: loss:bce protocol:2 ep:125 train:{'j': 0.097} val:{'j': 1.240, 'conf_kn': 0.627, 'conf_unk': 0.171} t:254.3s v:81.8s
19_05_23:23 openset_imagenet.binary_ensemble_combined_emnist INFO: loss:bce protocol:2 ep:126 train:{'j': 0.098} val:{'j': 1.223, 'conf_kn': 0.629, 'conf_unk': 0.168} t:256.9s v:87.3s
19_05_23:29 openset_imagenet.binary_ensemble_combined_emnist INFO: loss:bce protocol:2 ep:127 train:{'j': 0.093} val:{'j': 1.258, 'conf_kn': 0.642, 'conf_unk': 0.167} t:249.9s v:68.0s
19_05_23:34 openset_imagenet.binary_ensemble_combined_emnist INFO: loss:bce protocol:2 ep:128 train:{'j': 0.090} val:{'j': 1.230, 'conf_kn': 0.636, 'conf_unk': 0.161} t:241.7s v:68.2s
19_05_23:39 openset_imagenet.binary_ensemble_combined_emnist INFO: loss:bce protocol:2 ep:129 train:{'j': 0.084} val:{'j': 1.299, 'conf_kn': 0.650, 'conf_unk': 0.159} t:252.2s v:86.4s
19_05_23:45 openset_imagenet.binary_ensemble_combined_emnist INFO: loss:bce protocol:2 ep:130 train:{'j': 0.093} val:{'j': 1.274, 'conf_kn': 0.641, 'conf_unk': 0.165} t:252.8s v:84.6s
19_05_23:50 openset_imagenet.binary_ensemble_combined_emnist INFO: loss:bce protocol:2 ep:131 train:{'j': 0.085} val:{'j': 1.311, 'conf_kn': 0.603, 'conf_unk': 0.165} t:257.9s v:68.3s
19_05_23:56 openset_imagenet.binary_ensemble_combined_emnist INFO: loss:bce protocol:2 ep:132 train:{'j': 0.085} val:{'j': 1.315, 'conf_kn': 0.634, 'conf_unk': 0.155} t:240.6s v:81.0s
20_05_00:01 openset_imagenet.binary_ensemble_combined_emnist INFO: loss:bce protocol:2 ep:133 train:{'j': 0.084} val:{'j': 1.373, 'conf_kn': 0.641, 'conf_unk': 0.156} t:228.4s v:77.3s
20_05_00:07 openset_imagenet.binary_ensemble_combined_emnist INFO: loss:bce protocol:2 ep:134 train:{'j': 0.079} val:{'j': 1.305, 'conf_kn': 0.653, 'conf_unk': 0.161} t:245.5s v:85.2s
20_05_00:12 openset_imagenet.binary_ensemble_combined_emnist INFO: loss:bce protocol:2 ep:135 train:{'j': 0.074} val:{'j': 1.264, 'conf_kn': 0.646, 'conf_unk': 0.165} t:253.8s v:82.0s
20_05_00:17 openset_imagenet.binary_ensemble_combined_emnist INFO: loss:bce protocol:2 ep:136 train:{'j': 0.077} val:{'j': 1.247, 'conf_kn': 0.638, 'conf_unk': 0.164} t:221.3s v:78.0s
20_05_00:22 openset_imagenet.binary_ensemble_combined_emnist INFO: loss:bce protocol:2 ep:137 train:{'j': 0.079} val:{'j': 1.165, 'conf_kn': 0.578, 'conf_unk': 0.178} t:225.7s v:69.5s
20_05_00:28 openset_imagenet.binary_ensemble_combined_emnist INFO: loss:bce protocol:2 ep:138 train:{'j': 0.075} val:{'j': 1.272, 'conf_kn': 0.636, 'conf_unk': 0.164} t:249.7s v:83.9s
20_05_00:33 openset_imagenet.binary_ensemble_combined_emnist INFO: loss:bce protocol:2 ep:139 train:{'j': 0.077} val:{'j': 1.252, 'conf_kn': 0.634, 'conf_unk': 0.163} t:246.8s v:84.7s
20_05_00:38 openset_imagenet.binary_ensemble_combined_emnist INFO: loss:bce protocol:2 ep:140 train:{'j': 0.075} val:{'j': 1.328, 'conf_kn': 0.661, 'conf_unk': 0.153} t:227.4s v:74.7s
20_05_00:46 openset_imagenet.binary_ensemble_combined_emnist INFO: loss:bce protocol:2 ep:141 train:{'j': 0.074} val:{'j': 1.297, 'conf_kn': 0.619, 'conf_unk': 0.161} t:409.6s v:54.9s
20_05_00:50 openset_imagenet.binary_ensemble_combined_emnist INFO: loss:bce protocol:2 ep:142 train:{'j': 0.074} val:{'j': 1.251, 'conf_kn': 0.625, 'conf_unk': 0.158} t:162.9s v:68.5s
20_05_00:55 openset_imagenet.binary_ensemble_combined_emnist INFO: loss:bce protocol:2 ep:143 train:{'j': 0.071} val:{'j': 1.207, 'conf_kn': 0.578, 'conf_unk': 0.176} t:250.8s v:79.3s
20_05_01:01 openset_imagenet.binary_ensemble_combined_emnist INFO: loss:bce protocol:2 ep:144 train:{'j': 0.072} val:{'j': 1.362, 'conf_kn': 0.613, 'conf_unk': 0.162} t:255.2s v:78.9s
20_05_01:06 openset_imagenet.binary_ensemble_combined_emnist INFO: loss:bce protocol:2 ep:145 train:{'j': 0.067} val:{'j': 1.391, 'conf_kn': 0.622, 'conf_unk': 0.161} t:250.0s v:76.8s
20_05_01:12 openset_imagenet.binary_ensemble_combined_emnist INFO: loss:bce protocol:2 ep:146 train:{'j': 0.064} val:{'j': 1.347, 'conf_kn': 0.642, 'conf_unk': 0.160} t:248.5s v:55.2s
20_05_01:17 openset_imagenet.binary_ensemble_combined_emnist INFO: loss:bce protocol:2 ep:147 train:{'j': 0.067} val:{'j': 1.432, 'conf_kn': 0.641, 'conf_unk': 0.154} t:237.1s v:82.7s
20_05_01:22 openset_imagenet.binary_ensemble_combined_emnist INFO: loss:bce protocol:2 ep:148 train:{'j': 0.064} val:{'j': 1.310, 'conf_kn': 0.648, 'conf_unk': 0.151} t:250.1s v:78.0s
20_05_01:28 openset_imagenet.binary_ensemble_combined_emnist INFO: loss:bce protocol:2 ep:149 train:{'j': 0.066} val:{'j': 1.259, 'conf_kn': 0.620, 'conf_unk': 0.166} t:250.9s v:84.2s
20_05_01:33 openset_imagenet.binary_ensemble_combined_emnist INFO: loss:bce protocol:2 ep:150 train:{'j': 0.061} val:{'j': 1.380, 'conf_kn': 0.622, 'conf_unk': 0.156} t:251.1s v:66.9s
20_05_01:38 openset_imagenet.binary_ensemble_combined_emnist INFO: loss:bce protocol:2 ep:151 train:{'j': 0.059} val:{'j': 1.520, 'conf_kn': 0.651, 'conf_unk': 0.144} t:215.7s v:78.9s
20_05_01:44 openset_imagenet.binary_ensemble_combined_emnist INFO: loss:bce protocol:2 ep:152 train:{'j': 0.058} val:{'j': 1.335, 'conf_kn': 0.624, 'conf_unk': 0.161} t:248.5s v:83.3s
20_05_01:49 openset_imagenet.binary_ensemble_combined_emnist INFO: loss:bce protocol:2 ep:153 train:{'j': 0.063} val:{'j': 1.491, 'conf_kn': 0.610, 'conf_unk': 0.148} t:246.6s v:79.2s
20_05_01:55 openset_imagenet.binary_ensemble_combined_emnist INFO: loss:bce protocol:2 ep:154 train:{'j': 0.068} val:{'j': 1.339, 'conf_kn': 0.656, 'conf_unk': 0.155} t:257.6s v:77.9s
20_05_01:59 openset_imagenet.binary_ensemble_combined_emnist INFO: loss:bce protocol:2 ep:155 train:{'j': 0.057} val:{'j': 1.347, 'conf_kn': 0.650, 'conf_unk': 0.146} t:199.0s v:78.5s
20_05_02:05 openset_imagenet.binary_ensemble_combined_emnist INFO: loss:bce protocol:2 ep:156 train:{'j': 0.058} val:{'j': 1.340, 'conf_kn': 0.638, 'conf_unk': 0.158} t:247.0s v:82.3s
20_05_02:10 openset_imagenet.binary_ensemble_combined_emnist INFO: loss:bce protocol:2 ep:157 train:{'j': 0.059} val:{'j': 1.317, 'conf_kn': 0.618, 'conf_unk': 0.161} t:247.0s v:83.5s
20_05_02:16 openset_imagenet.binary_ensemble_combined_emnist INFO: loss:bce protocol:2 ep:158 train:{'j': 0.056} val:{'j': 1.273, 'conf_kn': 0.599, 'conf_unk': 0.168} t:250.9s v:78.1s
20_05_02:21 openset_imagenet.binary_ensemble_combined_emnist INFO: loss:bce protocol:2 ep:159 train:{'j': 0.058} val:{'j': 1.319, 'conf_kn': 0.655, 'conf_unk': 0.148} t:219.3s v:70.7s
20_05_02:26 openset_imagenet.binary_ensemble_combined_emnist INFO: loss:bce protocol:2 ep:160 train:{'j': 0.053} val:{'j': 1.378, 'conf_kn': 0.656, 'conf_unk': 0.151} t:250.2s v:80.6s
20_05_02:32 openset_imagenet.binary_ensemble_combined_emnist INFO: loss:bce protocol:2 ep:161 train:{'j': 0.050} val:{'j': 1.486, 'conf_kn': 0.653, 'conf_unk': 0.141} t:251.4s v:83.9s
20_05_02:37 openset_imagenet.binary_ensemble_combined_emnist INFO: loss:bce protocol:2 ep:162 train:{'j': 0.046} val:{'j': 1.507, 'conf_kn': 0.659, 'conf_unk': 0.141} t:253.1s v:78.1s
20_05_02:42 openset_imagenet.binary_ensemble_combined_emnist INFO: loss:bce protocol:2 ep:163 train:{'j': 0.058} val:{'j': 1.462, 'conf_kn': 0.593, 'conf_unk': 0.143} t:230.8s v:65.4s
20_05_02:48 openset_imagenet.binary_ensemble_combined_emnist INFO: loss:bce protocol:2 ep:164 train:{'j': 0.055} val:{'j': 1.349, 'conf_kn': 0.645, 'conf_unk': 0.153} t:236.7s v:79.7s
20_05_02:53 openset_imagenet.binary_ensemble_combined_emnist INFO: loss:bce protocol:2 ep:165 train:{'j': 0.058} val:{'j': 1.399, 'conf_kn': 0.636, 'conf_unk': 0.157} t:250.8s v:78.7s
20_05_02:59 openset_imagenet.binary_ensemble_combined_emnist INFO: loss:bce protocol:2 ep:166 train:{'j': 0.052} val:{'j': 1.533, 'conf_kn': 0.625, 'conf_unk': 0.146} t:247.1s v:83.8s
20_05_03:04 openset_imagenet.binary_ensemble_combined_emnist INFO: loss:bce protocol:2 ep:167 train:{'j': 0.046} val:{'j': 1.326, 'conf_kn': 0.629, 'conf_unk': 0.154} t:245.1s v:67.8s
20_05_03:09 openset_imagenet.binary_ensemble_combined_emnist INFO: loss:bce protocol:2 ep:168 train:{'j': 0.063} val:{'j': 1.437, 'conf_kn': 0.636, 'conf_unk': 0.158} t:215.5s v:77.6s
20_05_03:14 openset_imagenet.binary_ensemble_combined_emnist INFO: loss:bce protocol:2 ep:169 train:{'j': 0.046} val:{'j': 1.348, 'conf_kn': 0.649, 'conf_unk': 0.150} t:249.3s v:81.1s
20_05_03:20 openset_imagenet.binary_ensemble_combined_emnist INFO: loss:bce protocol:2 ep:170 train:{'j': 0.046} val:{'j': 1.382, 'conf_kn': 0.655, 'conf_unk': 0.146} t:252.6s v:78.6s
20_05_03:25 openset_imagenet.binary_ensemble_combined_emnist INFO: loss:bce protocol:2 ep:171 train:{'j': 0.047} val:{'j': 1.366, 'conf_kn': 0.650, 'conf_unk': 0.161} t:250.2s v:80.2s
20_05_03:30 openset_imagenet.binary_ensemble_combined_emnist INFO: loss:bce protocol:2 ep:172 train:{'j': 0.053} val:{'j': 1.555, 'conf_kn': 0.614, 'conf_unk': 0.149} t:199.6s v:77.5s
20_05_03:36 openset_imagenet.binary_ensemble_combined_emnist INFO: loss:bce protocol:2 ep:173 train:{'j': 0.048} val:{'j': 1.381, 'conf_kn': 0.594, 'conf_unk': 0.156} t:247.5s v:80.9s
20_05_03:41 openset_imagenet.binary_ensemble_combined_emnist INFO: loss:bce protocol:2 ep:174 train:{'j': 0.045} val:{'j': 1.353, 'conf_kn': 0.669, 'conf_unk': 0.151} t:244.8s v:81.9s
20_05_03:47 openset_imagenet.binary_ensemble_combined_emnist INFO: loss:bce protocol:2 ep:175 train:{'j': 0.041} val:{'j': 1.376, 'conf_kn': 0.649, 'conf_unk': 0.150} t:249.6s v:82.6s
20_05_03:51 openset_imagenet.binary_ensemble_combined_emnist INFO: loss:bce protocol:2 ep:176 train:{'j': 0.048} val:{'j': 1.382, 'conf_kn': 0.650, 'conf_unk': 0.149} t:221.2s v:66.0s
20_05_03:57 openset_imagenet.binary_ensemble_combined_emnist INFO: loss:bce protocol:2 ep:177 train:{'j': 0.048} val:{'j': 1.362, 'conf_kn': 0.656, 'conf_unk': 0.153} t:245.9s v:80.7s
20_05_04:02 openset_imagenet.binary_ensemble_combined_emnist INFO: loss:bce protocol:2 ep:178 train:{'j': 0.040} val:{'j': 1.483, 'conf_kn': 0.655, 'conf_unk': 0.149} t:247.5s v:83.3s
20_05_04:08 openset_imagenet.binary_ensemble_combined_emnist INFO: loss:bce protocol:2 ep:179 train:{'j': 0.042} val:{'j': 1.394, 'conf_kn': 0.658, 'conf_unk': 0.151} t:254.7s v:82.5s
20_05_04:13 openset_imagenet.binary_ensemble_combined_emnist INFO: loss:bce protocol:2 ep:180 train:{'j': 0.042} val:{'j': 1.436, 'conf_kn': 0.661, 'conf_unk': 0.150} t:227.2s v:75.2s
20_05_04:18 openset_imagenet.binary_ensemble_combined_emnist INFO: loss:bce protocol:2 ep:181 train:{'j': 0.038} val:{'j': 1.554, 'conf_kn': 0.610, 'conf_unk': 0.141} t:231.6s v:81.1s
20_05_04:24 openset_imagenet.binary_ensemble_combined_emnist INFO: loss:bce protocol:2 ep:182 train:{'j': 0.042} val:{'j': 1.395, 'conf_kn': 0.661, 'conf_unk': 0.143} t:247.4s v:85.9s
20_05_04:29 openset_imagenet.binary_ensemble_combined_emnist INFO: loss:bce protocol:2 ep:183 train:{'j': 0.041} val:{'j': 1.515, 'conf_kn': 0.661, 'conf_unk': 0.144} t:253.0s v:78.1s
20_05_04:35 openset_imagenet.binary_ensemble_combined_emnist INFO: loss:bce protocol:2 ep:184 train:{'j': 0.037} val:{'j': 1.377, 'conf_kn': 0.630, 'conf_unk': 0.160} t:243.8s v:73.6s
20_05_04:40 openset_imagenet.binary_ensemble_combined_emnist INFO: loss:bce protocol:2 ep:185 train:{'j': 0.041} val:{'j': 1.459, 'conf_kn': 0.651, 'conf_unk': 0.144} t:214.0s v:81.5s
20_05_04:45 openset_imagenet.binary_ensemble_combined_emnist INFO: loss:bce protocol:2 ep:186 train:{'j': 0.042} val:{'j': 1.499, 'conf_kn': 0.651, 'conf_unk': 0.147} t:253.0s v:79.6s
20_05_04:51 openset_imagenet.binary_ensemble_combined_emnist INFO: loss:bce protocol:2 ep:187 train:{'j': 0.040} val:{'j': 1.544, 'conf_kn': 0.649, 'conf_unk': 0.142} t:251.2s v:80.9s
20_05_04:56 openset_imagenet.binary_ensemble_combined_emnist INFO: loss:bce protocol:2 ep:188 train:{'j': 0.039} val:{'j': 1.413, 'conf_kn': 0.650, 'conf_unk': 0.153} t:252.5s v:69.2s
20_05_05:01 openset_imagenet.binary_ensemble_combined_emnist INFO: loss:bce protocol:2 ep:189 train:{'j': 0.041} val:{'j': 1.464, 'conf_kn': 0.660, 'conf_unk': 0.143} t:189.0s v:83.1s
20_05_05:06 openset_imagenet.binary_ensemble_combined_emnist INFO: loss:bce protocol:2 ep:190 train:{'j': 0.039} val:{'j': 1.508, 'conf_kn': 0.639, 'conf_unk': 0.143} t:245.6s v:78.8s
20_05_05:11 openset_imagenet.binary_ensemble_combined_emnist INFO: loss:bce protocol:2 ep:191 train:{'j': 0.038} val:{'j': 1.500, 'conf_kn': 0.653, 'conf_unk': 0.140} t:249.7s v:80.2s
20_05_05:17 openset_imagenet.binary_ensemble_combined_emnist INFO: loss:bce protocol:2 ep:192 train:{'j': 0.038} val:{'j': 1.518, 'conf_kn': 0.653, 'conf_unk': 0.138} t:247.3s v:79.2s
20_05_05:22 openset_imagenet.binary_ensemble_combined_emnist INFO: loss:bce protocol:2 ep:193 train:{'j': 0.042} val:{'j': 1.492, 'conf_kn': 0.637, 'conf_unk': 0.147} t:228.2s v:58.7s
20_05_05:27 openset_imagenet.binary_ensemble_combined_emnist INFO: loss:bce protocol:2 ep:194 train:{'j': 0.038} val:{'j': 1.553, 'conf_kn': 0.661, 'conf_unk': 0.138} t:238.1s v:81.1s
20_05_05:32 openset_imagenet.binary_ensemble_combined_emnist INFO: loss:bce protocol:2 ep:195 train:{'j': 0.034} val:{'j': 1.604, 'conf_kn': 0.656, 'conf_unk': 0.142} t:245.5s v:76.7s
20_05_05:38 openset_imagenet.binary_ensemble_combined_emnist INFO: loss:bce protocol:2 ep:196 train:{'j': 0.035} val:{'j': 1.517, 'conf_kn': 0.665, 'conf_unk': 0.141} t:253.0s v:82.0s
20_05_05:43 openset_imagenet.binary_ensemble_combined_emnist INFO: loss:bce protocol:2 ep:197 train:{'j': 0.034} val:{'j': 1.571, 'conf_kn': 0.660, 'conf_unk': 0.140} t:252.9s v:66.9s
20_05_05:48 openset_imagenet.binary_ensemble_combined_emnist INFO: loss:bce protocol:2 ep:198 train:{'j': 0.041} val:{'j': 1.554, 'conf_kn': 0.656, 'conf_unk': 0.141} t:216.2s v:78.2s
20_05_05:54 openset_imagenet.binary_ensemble_combined_emnist INFO: loss:bce protocol:2 ep:199 train:{'j': 0.033} val:{'j': 1.641, 'conf_kn': 0.666, 'conf_unk': 0.135} t:251.3s v:83.4s
20_05_05:54 openset_imagenet.binary_ensemble_combined_emnist INFO: Training finished
