05_06_11:53 openset_imagenet.train INFO: ============ Data ============
05_06_11:53 openset_imagenet.train INFO: train_len:185898, labels:117
05_06_11:53 openset_imagenet.train INFO: val_len:46475, labels:117
05_06_11:53 openset_imagenet.train INFO: ========== Training ==========
05_06_11:53 openset_imagenet.train INFO: Initial epoch: 0
05_06_11:53 openset_imagenet.train INFO: Last epoch: 120
05_06_11:53 openset_imagenet.train INFO: Batch size: 32
05_06_11:53 openset_imagenet.train INFO: workers: 4
05_06_11:53 openset_imagenet.train INFO: Loss: entropic
05_06_11:53 openset_imagenet.train INFO: optimizer: adam
05_06_11:53 openset_imagenet.train INFO: Learning rate: 0.001
05_06_11:53 openset_imagenet.train INFO: Device: 0
05_06_11:53 openset_imagenet.train INFO: Training...
05_06_12:33 openset_imagenet.train INFO: loss:entropic protocol:1 ep:0 train:{'j': 4.604} val:{'j': 4.539, 'conf_kn': 0.025, 'conf_unk': 0.972} t:2241.0s v:194.0s
05_06_12:33 openset_imagenet.train INFO: Saving best model experiments/ex_7/net_4/entropic_threshold_best.pth at epoch: 0
05_06_13:14 openset_imagenet.train INFO: loss:entropic protocol:1 ep:1 train:{'j': 4.334} val:{'j': 4.404, 'conf_kn': 0.030, 'conf_unk': 0.976} t:2257.2s v:202.7s
05_06_13:14 openset_imagenet.train INFO: Saving best model experiments/ex_7/net_4/entropic_threshold_best.pth at epoch: 1
05_06_13:57 openset_imagenet.train INFO: loss:entropic protocol:1 ep:2 train:{'j': 4.087} val:{'j': 4.408, 'conf_kn': 0.082, 'conf_unk': 0.933} t:2339.5s v:197.1s
05_06_13:57 openset_imagenet.train INFO: Saving best model experiments/ex_7/net_4/entropic_threshold_best.pth at epoch: 2
05_06_14:39 openset_imagenet.train INFO: loss:entropic protocol:1 ep:3 train:{'j': 3.805} val:{'j': 3.647, 'conf_kn': 0.152, 'conf_unk': 0.958} t:2344.3s v:218.0s
05_06_14:39 openset_imagenet.train INFO: Saving best model experiments/ex_7/net_4/entropic_threshold_best.pth at epoch: 3
05_06_15:22 openset_imagenet.train INFO: loss:entropic protocol:1 ep:4 train:{'j': 3.585} val:{'j': 3.590, 'conf_kn': 0.212, 'conf_unk': 0.930} t:2320.2s v:216.6s
05_06_15:22 openset_imagenet.train INFO: Saving best model experiments/ex_7/net_4/entropic_threshold_best.pth at epoch: 4
05_06_16:03 openset_imagenet.train INFO: loss:entropic protocol:1 ep:5 train:{'j': 3.396} val:{'j': 3.299, 'conf_kn': 0.269, 'conf_unk': 0.956} t:2262.0s v:186.6s
05_06_16:03 openset_imagenet.train INFO: Saving best model experiments/ex_7/net_4/entropic_threshold_best.pth at epoch: 5
05_06_16:41 openset_imagenet.train INFO: loss:entropic protocol:1 ep:6 train:{'j': 3.288} val:{'j': 3.890, 'conf_kn': 0.165, 'conf_unk': 0.953} t:2093.5s v:216.2s
05_06_17:22 openset_imagenet.train INFO: loss:entropic protocol:1 ep:7 train:{'j': 3.172} val:{'j': 3.145, 'conf_kn': 0.331, 'conf_unk': 0.959} t:2282.1s v:180.7s
05_06_17:22 openset_imagenet.train INFO: Saving best model experiments/ex_7/net_4/entropic_threshold_best.pth at epoch: 7
05_06_18:04 openset_imagenet.train INFO: loss:entropic protocol:1 ep:8 train:{'j': 3.078} val:{'j': 3.244, 'conf_kn': 0.312, 'conf_unk': 0.964} t:2274.4s v:207.6s
05_06_18:45 openset_imagenet.train INFO: loss:entropic protocol:1 ep:9 train:{'j': 3.013} val:{'j': 3.578, 'conf_kn': 0.402, 'conf_unk': 0.950} t:2245.1s v:208.8s
05_06_18:45 openset_imagenet.train INFO: Saving best model experiments/ex_7/net_4/entropic_threshold_best.pth at epoch: 9
05_06_19:27 openset_imagenet.train INFO: loss:entropic protocol:1 ep:10 train:{'j': 2.935} val:{'j': 2.975, 'conf_kn': 0.427, 'conf_unk': 0.947} t:2286.7s v:212.3s
05_06_19:27 openset_imagenet.train INFO: Saving best model experiments/ex_7/net_4/entropic_threshold_best.pth at epoch: 10
05_06_20:09 openset_imagenet.train INFO: loss:entropic protocol:1 ep:11 train:{'j': 2.887} val:{'j': 4.290, 'conf_kn': 0.332, 'conf_unk': 0.970} t:2299.0s v:216.5s
05_06_20:49 openset_imagenet.train INFO: loss:entropic protocol:1 ep:12 train:{'j': 2.839} val:{'j': 4.741, 'conf_kn': 0.357, 'conf_unk': 0.899} t:2258.0s v:178.9s
05_06_21:31 openset_imagenet.train INFO: loss:entropic protocol:1 ep:13 train:{'j': 2.785} val:{'j': 3.236, 'conf_kn': 0.459, 'conf_unk': 0.961} t:2282.7s v:217.2s
05_06_21:31 openset_imagenet.train INFO: Saving best model experiments/ex_7/net_4/entropic_threshold_best.pth at epoch: 13
05_06_22:10 openset_imagenet.train INFO: loss:entropic protocol:1 ep:14 train:{'j': 2.757} val:{'j': 4.094, 'conf_kn': 0.427, 'conf_unk': 0.947} t:2209.4s v:136.9s
05_06_22:39 openset_imagenet.train INFO: loss:entropic protocol:1 ep:15 train:{'j': 2.713} val:{'j': 6.982, 'conf_kn': 0.473, 'conf_unk': 0.943} t:1580.6s v:137.0s
05_06_23:07 openset_imagenet.train INFO: loss:entropic protocol:1 ep:16 train:{'j': 2.680} val:{'j': 2.926, 'conf_kn': 0.492, 'conf_unk': 0.948} t:1579.4s v:136.7s
05_06_23:07 openset_imagenet.train INFO: Saving best model experiments/ex_7/net_4/entropic_threshold_best.pth at epoch: 16
05_06_23:36 openset_imagenet.train INFO: loss:entropic protocol:1 ep:17 train:{'j': 2.648} val:{'j': 2.944, 'conf_kn': 0.511, 'conf_unk': 0.957} t:1576.9s v:135.7s
05_06_23:36 openset_imagenet.train INFO: Saving best model experiments/ex_7/net_4/entropic_threshold_best.pth at epoch: 17
06_06_00:04 openset_imagenet.train INFO: loss:entropic protocol:1 ep:18 train:{'j': 2.616} val:{'j': 2.927, 'conf_kn': 0.499, 'conf_unk': 0.966} t:1580.7s v:132.7s
06_06_00:33 openset_imagenet.train INFO: loss:entropic protocol:1 ep:19 train:{'j': 2.601} val:{'j': 2.744, 'conf_kn': 0.541, 'conf_unk': 0.965} t:1588.8s v:129.4s
06_06_00:33 openset_imagenet.train INFO: Saving best model experiments/ex_7/net_4/entropic_threshold_best.pth at epoch: 19
06_06_01:02 openset_imagenet.train INFO: loss:entropic protocol:1 ep:20 train:{'j': 2.556} val:{'j': 3.234, 'conf_kn': 0.467, 'conf_unk': 0.944} t:1588.6s v:127.7s
06_06_01:30 openset_imagenet.train INFO: loss:entropic protocol:1 ep:21 train:{'j': 2.522} val:{'j': 2.904, 'conf_kn': 0.515, 'conf_unk': 0.968} t:1586.4s v:130.1s
06_06_01:59 openset_imagenet.train INFO: loss:entropic protocol:1 ep:22 train:{'j': 2.496} val:{'j': 2.740, 'conf_kn': 0.560, 'conf_unk': 0.961} t:1589.8s v:129.3s
06_06_01:59 openset_imagenet.train INFO: Saving best model experiments/ex_7/net_4/entropic_threshold_best.pth at epoch: 22
06_06_02:28 openset_imagenet.train INFO: loss:entropic protocol:1 ep:23 train:{'j': 2.471} val:{'j': 2.989, 'conf_kn': 0.539, 'conf_unk': 0.950} t:1584.2s v:129.8s
06_06_02:56 openset_imagenet.train INFO: loss:entropic protocol:1 ep:24 train:{'j': 2.466} val:{'j': 2.988, 'conf_kn': 0.459, 'conf_unk': 0.955} t:1584.6s v:133.4s
06_06_03:25 openset_imagenet.train INFO: loss:entropic protocol:1 ep:25 train:{'j': 2.456} val:{'j': 2.721, 'conf_kn': 0.578, 'conf_unk': 0.955} t:1579.5s v:136.8s
06_06_03:25 openset_imagenet.train INFO: Saving best model experiments/ex_7/net_4/entropic_threshold_best.pth at epoch: 25
06_06_03:54 openset_imagenet.train INFO: loss:entropic protocol:1 ep:26 train:{'j': 2.400} val:{'j': 3.166, 'conf_kn': 0.424, 'conf_unk': 0.953} t:1580.2s v:137.1s
06_06_04:22 openset_imagenet.train INFO: loss:entropic protocol:1 ep:27 train:{'j': 2.415} val:{'j': 3.563, 'conf_kn': 0.502, 'conf_unk': 0.968} t:1579.8s v:136.8s
06_06_04:51 openset_imagenet.train INFO: loss:entropic protocol:1 ep:28 train:{'j': 2.382} val:{'j': 3.132, 'conf_kn': 0.556, 'conf_unk': 0.966} t:1578.9s v:137.0s
06_06_05:19 openset_imagenet.train INFO: loss:entropic protocol:1 ep:29 train:{'j': 2.372} val:{'j': 4.171, 'conf_kn': 0.573, 'conf_unk': 0.951} t:1578.4s v:137.0s
06_06_05:48 openset_imagenet.train INFO: loss:entropic protocol:1 ep:30 train:{'j': 2.352} val:{'j': 3.629, 'conf_kn': 0.548, 'conf_unk': 0.941} t:1579.0s v:137.0s
06_06_06:17 openset_imagenet.train INFO: loss:entropic protocol:1 ep:31 train:{'j': 2.337} val:{'j': 5.373, 'conf_kn': 0.584, 'conf_unk': 0.957} t:1580.4s v:137.0s
06_06_06:17 openset_imagenet.train INFO: Saving best model experiments/ex_7/net_4/entropic_threshold_best.pth at epoch: 31
06_06_06:45 openset_imagenet.train INFO: loss:entropic protocol:1 ep:32 train:{'j': 2.318} val:{'j': 6.615, 'conf_kn': 0.572, 'conf_unk': 0.953} t:1580.0s v:136.9s
06_06_07:14 openset_imagenet.train INFO: loss:entropic protocol:1 ep:33 train:{'j': 2.298} val:{'j': 2.946, 'conf_kn': 0.577, 'conf_unk': 0.963} t:1580.8s v:137.1s
06_06_07:43 openset_imagenet.train INFO: loss:entropic protocol:1 ep:34 train:{'j': 2.291} val:{'j': 2.768, 'conf_kn': 0.605, 'conf_unk': 0.958} t:1580.5s v:137.0s
06_06_07:43 openset_imagenet.train INFO: Saving best model experiments/ex_7/net_4/entropic_threshold_best.pth at epoch: 34
06_06_08:11 openset_imagenet.train INFO: loss:entropic protocol:1 ep:35 train:{'j': 2.274} val:{'j': 2.786, 'conf_kn': 0.594, 'conf_unk': 0.966} t:1578.0s v:136.9s
06_06_08:40 openset_imagenet.train INFO: loss:entropic protocol:1 ep:36 train:{'j': 2.259} val:{'j': 3.473, 'conf_kn': 0.592, 'conf_unk': 0.955} t:1580.7s v:137.0s
06_06_09:08 openset_imagenet.train INFO: loss:entropic protocol:1 ep:37 train:{'j': 2.248} val:{'j': 4.571, 'conf_kn': 0.614, 'conf_unk': 0.936} t:1582.1s v:136.8s
06_06_09:33 openset_imagenet.train INFO: loss:entropic protocol:1 ep:38 train:{'j': 2.238} val:{'j': 4.510, 'conf_kn': 0.595, 'conf_unk': 0.955} t:1388.7s v:61.5s
06_06_09:46 openset_imagenet.train INFO: loss:entropic protocol:1 ep:39 train:{'j': 2.215} val:{'j': 3.070, 'conf_kn': 0.585, 'conf_unk': 0.964} t:732.2s v:62.5s
06_06_10:00 openset_imagenet.train INFO: loss:entropic protocol:1 ep:40 train:{'j': 2.207} val:{'j': 6.567, 'conf_kn': 0.535, 'conf_unk': 0.919} t:765.7s v:62.8s
06_06_10:13 openset_imagenet.train INFO: loss:entropic protocol:1 ep:41 train:{'j': 2.193} val:{'j': 2.853, 'conf_kn': 0.599, 'conf_unk': 0.956} t:733.3s v:61.3s
06_06_10:26 openset_imagenet.train INFO: loss:entropic protocol:1 ep:42 train:{'j': 2.179} val:{'j': 3.892, 'conf_kn': 0.336, 'conf_unk': 0.939} t:732.1s v:62.7s
06_06_10:39 openset_imagenet.train INFO: loss:entropic protocol:1 ep:43 train:{'j': 2.172} val:{'j': 2.843, 'conf_kn': 0.604, 'conf_unk': 0.961} t:732.5s v:60.3s
06_06_10:39 openset_imagenet.train INFO: Saving best model experiments/ex_7/net_4/entropic_threshold_best.pth at epoch: 43
06_06_10:55 openset_imagenet.train INFO: loss:entropic protocol:1 ep:44 train:{'j': 2.165} val:{'j': 2.777, 'conf_kn': 0.612, 'conf_unk': 0.971} t:842.5s v:84.2s
06_06_10:55 openset_imagenet.train INFO: Saving best model experiments/ex_7/net_4/entropic_threshold_best.pth at epoch: 44
06_06_11:11 openset_imagenet.train INFO: loss:entropic protocol:1 ep:45 train:{'j': 2.150} val:{'j': 3.050, 'conf_kn': 0.606, 'conf_unk': 0.964} t:869.3s v:67.5s
06_06_11:28 openset_imagenet.train INFO: loss:entropic protocol:1 ep:46 train:{'j': 2.143} val:{'j': 2.819, 'conf_kn': 0.601, 'conf_unk': 0.970} t:946.5s v:75.0s
06_06_11:44 openset_imagenet.train INFO: loss:entropic protocol:1 ep:47 train:{'j': 2.124} val:{'j': 2.860, 'conf_kn': 0.606, 'conf_unk': 0.963} t:922.6s v:70.6s
06_06_11:58 openset_imagenet.train INFO: loss:entropic protocol:1 ep:48 train:{'j': 2.119} val:{'j': 2.858, 'conf_kn': 0.604, 'conf_unk': 0.967} t:747.1s v:61.2s
06_06_12:11 openset_imagenet.train INFO: loss:entropic protocol:1 ep:49 train:{'j': 2.112} val:{'j': 2.944, 'conf_kn': 0.610, 'conf_unk': 0.966} t:733.2s v:79.0s
06_06_12:25 openset_imagenet.train INFO: loss:entropic protocol:1 ep:50 train:{'j': 2.111} val:{'j': 3.379, 'conf_kn': 0.603, 'conf_unk': 0.953} t:734.0s v:72.4s
06_06_12:38 openset_imagenet.train INFO: loss:entropic protocol:1 ep:51 train:{'j': 2.102} val:{'j': 2.832, 'conf_kn': 0.614, 'conf_unk': 0.968} t:736.8s v:73.8s
06_06_12:52 openset_imagenet.train INFO: loss:entropic protocol:1 ep:52 train:{'j': 2.099} val:{'j': 2.941, 'conf_kn': 0.630, 'conf_unk': 0.960} t:737.9s v:72.5s
06_06_12:52 openset_imagenet.train INFO: Saving best model experiments/ex_7/net_4/entropic_threshold_best.pth at epoch: 52
06_06_13:05 openset_imagenet.train INFO: loss:entropic protocol:1 ep:53 train:{'j': 2.081} val:{'j': 2.895, 'conf_kn': 0.604, 'conf_unk': 0.968} t:736.9s v:72.3s
06_06_13:19 openset_imagenet.train INFO: loss:entropic protocol:1 ep:54 train:{'j': 2.079} val:{'j': 2.888, 'conf_kn': 0.613, 'conf_unk': 0.970} t:733.6s v:72.3s
06_06_13:32 openset_imagenet.train INFO: loss:entropic protocol:1 ep:55 train:{'j': 2.071} val:{'j': 3.735, 'conf_kn': 0.582, 'conf_unk': 0.953} t:733.0s v:69.3s
06_06_13:45 openset_imagenet.train INFO: loss:entropic protocol:1 ep:56 train:{'j': 2.066} val:{'j': 2.925, 'conf_kn': 0.617, 'conf_unk': 0.960} t:733.8s v:71.2s
06_06_13:59 openset_imagenet.train INFO: loss:entropic protocol:1 ep:57 train:{'j': 2.061} val:{'j': 2.882, 'conf_kn': 0.614, 'conf_unk': 0.968} t:735.1s v:76.6s
06_06_14:13 openset_imagenet.train INFO: loss:entropic protocol:1 ep:58 train:{'j': 2.051} val:{'j': 2.970, 'conf_kn': 0.596, 'conf_unk': 0.967} t:736.2s v:75.9s
06_06_14:26 openset_imagenet.train INFO: loss:entropic protocol:1 ep:59 train:{'j': 2.048} val:{'j': 2.950, 'conf_kn': 0.618, 'conf_unk': 0.962} t:735.6s v:70.4s
06_06_14:40 openset_imagenet.train INFO: loss:entropic protocol:1 ep:60 train:{'j': 2.044} val:{'j': 4.350, 'conf_kn': 0.554, 'conf_unk': 0.925} t:735.5s v:75.0s
06_06_14:53 openset_imagenet.train INFO: loss:entropic protocol:1 ep:61 train:{'j': 2.039} val:{'j': 2.942, 'conf_kn': 0.623, 'conf_unk': 0.964} t:735.1s v:73.0s
06_06_15:07 openset_imagenet.train INFO: loss:entropic protocol:1 ep:62 train:{'j': 2.048} val:{'j': 2.926, 'conf_kn': 0.626, 'conf_unk': 0.965} t:735.1s v:73.3s
06_06_15:07 openset_imagenet.train INFO: Saving best model experiments/ex_7/net_4/entropic_threshold_best.pth at epoch: 62
06_06_15:20 openset_imagenet.train INFO: loss:entropic protocol:1 ep:63 train:{'j': 2.023} val:{'j': 3.525, 'conf_kn': 0.617, 'conf_unk': 0.949} t:734.8s v:71.4s
06_06_15:33 openset_imagenet.train INFO: loss:entropic protocol:1 ep:64 train:{'j': 2.039} val:{'j': 2.973, 'conf_kn': 0.638, 'conf_unk': 0.959} t:734.7s v:73.9s
06_06_15:33 openset_imagenet.train INFO: Saving best model experiments/ex_7/net_4/entropic_threshold_best.pth at epoch: 64
06_06_15:47 openset_imagenet.train INFO: loss:entropic protocol:1 ep:65 train:{'j': 2.015} val:{'j': 3.475, 'conf_kn': 0.620, 'conf_unk': 0.942} t:735.1s v:71.2s
06_06_16:00 openset_imagenet.train INFO: loss:entropic protocol:1 ep:66 train:{'j': 2.018} val:{'j': 3.183, 'conf_kn': 0.609, 'conf_unk': 0.949} t:731.2s v:60.1s
06_06_16:13 openset_imagenet.train INFO: loss:entropic protocol:1 ep:67 train:{'j': 2.018} val:{'j': 3.116, 'conf_kn': 0.624, 'conf_unk': 0.953} t:730.4s v:61.4s
06_06_16:27 openset_imagenet.train INFO: loss:entropic protocol:1 ep:68 train:{'j': 2.018} val:{'j': 4.068, 'conf_kn': 0.619, 'conf_unk': 0.950} t:730.1s v:61.2s
06_06_16:40 openset_imagenet.train INFO: loss:entropic protocol:1 ep:69 train:{'j': 2.016} val:{'j': 3.671, 'conf_kn': 0.601, 'conf_unk': 0.938} t:730.3s v:62.5s
06_06_16:53 openset_imagenet.train INFO: loss:entropic protocol:1 ep:70 train:{'j': 2.014} val:{'j': 2.935, 'conf_kn': 0.616, 'conf_unk': 0.971} t:730.4s v:61.3s
06_06_17:06 openset_imagenet.train INFO: loss:entropic protocol:1 ep:71 train:{'j': 2.003} val:{'j': 3.283, 'conf_kn': 0.619, 'conf_unk': 0.962} t:730.2s v:60.9s
06_06_17:19 openset_imagenet.train INFO: loss:entropic protocol:1 ep:72 train:{'j': 2.008} val:{'j': 3.113, 'conf_kn': 0.615, 'conf_unk': 0.967} t:731.1s v:61.1s
06_06_17:33 openset_imagenet.train INFO: loss:entropic protocol:1 ep:73 train:{'j': 2.000} val:{'j': 3.338, 'conf_kn': 0.617, 'conf_unk': 0.961} t:731.8s v:62.4s
06_06_17:46 openset_imagenet.train INFO: loss:entropic protocol:1 ep:74 train:{'j': 1.993} val:{'j': 3.142, 'conf_kn': 0.632, 'conf_unk': 0.954} t:731.9s v:64.9s
06_06_17:59 openset_imagenet.train INFO: loss:entropic protocol:1 ep:75 train:{'j': 1.991} val:{'j': 3.711, 'conf_kn': 0.515, 'conf_unk': 0.940} t:732.0s v:60.5s
06_06_18:12 openset_imagenet.train INFO: loss:entropic protocol:1 ep:76 train:{'j': 1.994} val:{'j': 3.186, 'conf_kn': 0.627, 'conf_unk': 0.960} t:734.5s v:61.3s
06_06_18:26 openset_imagenet.train INFO: loss:entropic protocol:1 ep:77 train:{'j': 1.991} val:{'j': 3.350, 'conf_kn': 0.625, 'conf_unk': 0.966} t:732.4s v:61.9s
06_06_18:39 openset_imagenet.train INFO: loss:entropic protocol:1 ep:78 train:{'j': 1.983} val:{'j': 3.069, 'conf_kn': 0.618, 'conf_unk': 0.968} t:731.8s v:60.9s
06_06_18:52 openset_imagenet.train INFO: loss:entropic protocol:1 ep:79 train:{'j': 1.985} val:{'j': 3.121, 'conf_kn': 0.631, 'conf_unk': 0.964} t:731.1s v:62.0s
06_06_19:05 openset_imagenet.train INFO: loss:entropic protocol:1 ep:80 train:{'j': 1.979} val:{'j': 4.039, 'conf_kn': 0.618, 'conf_unk': 0.962} t:731.1s v:61.1s
06_06_19:19 openset_imagenet.train INFO: loss:entropic protocol:1 ep:81 train:{'j': 1.972} val:{'j': 3.032, 'conf_kn': 0.635, 'conf_unk': 0.963} t:731.2s v:61.8s
06_06_19:19 openset_imagenet.train INFO: Saving best model experiments/ex_7/net_4/entropic_threshold_best.pth at epoch: 81
06_06_19:32 openset_imagenet.train INFO: loss:entropic protocol:1 ep:82 train:{'j': 1.970} val:{'j': 3.019, 'conf_kn': 0.638, 'conf_unk': 0.963} t:731.2s v:60.9s
06_06_19:32 openset_imagenet.train INFO: Saving best model experiments/ex_7/net_4/entropic_threshold_best.pth at epoch: 82
06_06_19:45 openset_imagenet.train INFO: loss:entropic protocol:1 ep:83 train:{'j': 1.968} val:{'j': 3.026, 'conf_kn': 0.633, 'conf_unk': 0.965} t:731.1s v:60.7s
06_06_19:58 openset_imagenet.train INFO: loss:entropic protocol:1 ep:84 train:{'j': 1.967} val:{'j': 3.018, 'conf_kn': 0.625, 'conf_unk': 0.963} t:731.0s v:61.5s
06_06_20:11 openset_imagenet.train INFO: loss:entropic protocol:1 ep:85 train:{'j': 1.966} val:{'j': 3.146, 'conf_kn': 0.621, 'conf_unk': 0.964} t:730.9s v:62.0s
06_06_20:25 openset_imagenet.train INFO: loss:entropic protocol:1 ep:86 train:{'j': 1.961} val:{'j': 3.023, 'conf_kn': 0.631, 'conf_unk': 0.962} t:731.4s v:62.0s
06_06_20:38 openset_imagenet.train INFO: loss:entropic protocol:1 ep:87 train:{'j': 1.959} val:{'j': 3.376, 'conf_kn': 0.614, 'conf_unk': 0.960} t:731.3s v:61.2s
06_06_20:51 openset_imagenet.train INFO: loss:entropic protocol:1 ep:88 train:{'j': 1.958} val:{'j': 3.165, 'conf_kn': 0.623, 'conf_unk': 0.965} t:730.4s v:62.2s
06_06_21:04 openset_imagenet.train INFO: loss:entropic protocol:1 ep:89 train:{'j': 1.956} val:{'j': 3.351, 'conf_kn': 0.620, 'conf_unk': 0.953} t:730.4s v:60.9s
06_06_21:18 openset_imagenet.train INFO: loss:entropic protocol:1 ep:90 train:{'j': 1.952} val:{'j': 3.576, 'conf_kn': 0.617, 'conf_unk': 0.961} t:730.7s v:60.7s
06_06_21:31 openset_imagenet.train INFO: loss:entropic protocol:1 ep:91 train:{'j': 1.951} val:{'j': 3.050, 'conf_kn': 0.604, 'conf_unk': 0.970} t:730.9s v:61.5s
06_06_21:44 openset_imagenet.train INFO: loss:entropic protocol:1 ep:92 train:{'j': 1.951} val:{'j': 3.077, 'conf_kn': 0.622, 'conf_unk': 0.965} t:732.9s v:63.2s
06_06_21:57 openset_imagenet.train INFO: loss:entropic protocol:1 ep:93 train:{'j': 1.952} val:{'j': 3.018, 'conf_kn': 0.608, 'conf_unk': 0.971} t:732.4s v:62.9s
06_06_22:11 openset_imagenet.train INFO: loss:entropic protocol:1 ep:94 train:{'j': 1.954} val:{'j': 3.117, 'conf_kn': 0.617, 'conf_unk': 0.962} t:732.7s v:63.2s
06_06_22:24 openset_imagenet.train INFO: loss:entropic protocol:1 ep:95 train:{'j': 1.946} val:{'j': 3.068, 'conf_kn': 0.630, 'conf_unk': 0.962} t:732.4s v:62.4s
06_06_22:37 openset_imagenet.train INFO: loss:entropic protocol:1 ep:96 train:{'j': 1.942} val:{'j': 3.148, 'conf_kn': 0.629, 'conf_unk': 0.964} t:732.4s v:60.9s
06_06_22:50 openset_imagenet.train INFO: loss:entropic protocol:1 ep:97 train:{'j': 1.944} val:{'j': 2.975, 'conf_kn': 0.631, 'conf_unk': 0.969} t:732.2s v:61.1s
06_06_23:04 openset_imagenet.train INFO: loss:entropic protocol:1 ep:98 train:{'j': 1.938} val:{'j': 3.018, 'conf_kn': 0.626, 'conf_unk': 0.970} t:732.2s v:60.4s
06_06_23:17 openset_imagenet.train INFO: loss:entropic protocol:1 ep:99 train:{'j': 1.938} val:{'j': 3.382, 'conf_kn': 0.629, 'conf_unk': 0.957} t:732.3s v:60.3s
06_06_23:30 openset_imagenet.train INFO: loss:entropic protocol:1 ep:100 train:{'j': 1.935} val:{'j': 3.089, 'conf_kn': 0.627, 'conf_unk': 0.961} t:732.3s v:61.5s
06_06_23:43 openset_imagenet.train INFO: loss:entropic protocol:1 ep:101 train:{'j': 1.945} val:{'j': 3.159, 'conf_kn': 0.612, 'conf_unk': 0.958} t:731.8s v:61.4s
06_06_23:57 openset_imagenet.train INFO: loss:entropic protocol:1 ep:102 train:{'j': 1.933} val:{'j': 3.226, 'conf_kn': 0.626, 'conf_unk': 0.944} t:731.7s v:61.7s
07_06_00:10 openset_imagenet.train INFO: loss:entropic protocol:1 ep:103 train:{'j': 1.930} val:{'j': 3.191, 'conf_kn': 0.630, 'conf_unk': 0.960} t:732.1s v:62.0s
07_06_00:23 openset_imagenet.train INFO: loss:entropic protocol:1 ep:104 train:{'j': 1.930} val:{'j': 3.135, 'conf_kn': 0.633, 'conf_unk': 0.961} t:732.0s v:60.3s
07_06_00:36 openset_imagenet.train INFO: loss:entropic protocol:1 ep:105 train:{'j': 1.930} val:{'j': 3.254, 'conf_kn': 0.622, 'conf_unk': 0.963} t:731.7s v:66.3s
07_06_00:54 openset_imagenet.train INFO: loss:entropic protocol:1 ep:106 train:{'j': 1.926} val:{'j': 3.197, 'conf_kn': 0.633, 'conf_unk': 0.955} t:1002.3s v:61.0s
07_06_01:07 openset_imagenet.train INFO: loss:entropic protocol:1 ep:107 train:{'j': 1.925} val:{'j': 3.315, 'conf_kn': 0.639, 'conf_unk': 0.948} t:730.5s v:61.3s
07_06_01:20 openset_imagenet.train INFO: loss:entropic protocol:1 ep:108 train:{'j': 1.928} val:{'j': 3.686, 'conf_kn': 0.617, 'conf_unk': 0.946} t:730.4s v:60.9s
07_06_01:34 openset_imagenet.train INFO: loss:entropic protocol:1 ep:109 train:{'j': 1.924} val:{'j': 3.071, 'conf_kn': 0.634, 'conf_unk': 0.968} t:730.4s v:60.4s
07_06_01:34 openset_imagenet.train INFO: Saving best model experiments/ex_7/net_4/entropic_threshold_best.pth at epoch: 109
07_06_01:47 openset_imagenet.train INFO: loss:entropic protocol:1 ep:110 train:{'j': 1.924} val:{'j': 3.115, 'conf_kn': 0.632, 'conf_unk': 0.964} t:728.2s v:59.4s
07_06_02:00 openset_imagenet.train INFO: loss:entropic protocol:1 ep:111 train:{'j': 1.921} val:{'j': 3.537, 'conf_kn': 0.640, 'conf_unk': 0.937} t:726.8s v:61.3s
07_06_02:13 openset_imagenet.train INFO: loss:entropic protocol:1 ep:112 train:{'j': 1.921} val:{'j': 3.080, 'conf_kn': 0.634, 'conf_unk': 0.970} t:726.9s v:59.8s
07_06_02:13 openset_imagenet.train INFO: Saving best model experiments/ex_7/net_4/entropic_threshold_best.pth at epoch: 112
07_06_02:26 openset_imagenet.train INFO: loss:entropic protocol:1 ep:113 train:{'j': 1.926} val:{'j': 3.562, 'conf_kn': 0.633, 'conf_unk': 0.949} t:727.0s v:59.7s
07_06_02:39 openset_imagenet.train INFO: loss:entropic protocol:1 ep:114 train:{'j': 1.921} val:{'j': 3.412, 'conf_kn': 0.629, 'conf_unk': 0.958} t:727.2s v:60.3s
07_06_02:53 openset_imagenet.train INFO: loss:entropic protocol:1 ep:115 train:{'j': 1.920} val:{'j': 5.860, 'conf_kn': 0.630, 'conf_unk': 0.896} t:726.9s v:60.3s
07_06_03:06 openset_imagenet.train INFO: loss:entropic protocol:1 ep:116 train:{'j': 1.922} val:{'j': 3.103, 'conf_kn': 0.636, 'conf_unk': 0.962} t:728.4s v:61.0s
07_06_03:19 openset_imagenet.train INFO: loss:entropic protocol:1 ep:117 train:{'j': 1.925} val:{'j': 3.240, 'conf_kn': 0.640, 'conf_unk': 0.961} t:727.8s v:60.2s
07_06_03:32 openset_imagenet.train INFO: loss:entropic protocol:1 ep:118 train:{'j': 1.907} val:{'j': 3.767, 'conf_kn': 0.628, 'conf_unk': 0.949} t:727.5s v:60.1s
07_06_03:45 openset_imagenet.train INFO: loss:entropic protocol:1 ep:119 train:{'j': 1.917} val:{'j': 3.221, 'conf_kn': 0.630, 'conf_unk': 0.965} t:727.0s v:60.4s
07_06_03:45 openset_imagenet.train INFO: Training finished
