06_06_10:20 openset_imagenet.binary_ensemble_combined_emnist INFO: ============ Data ============
06_06_10:20 openset_imagenet.binary_ensemble_combined_emnist INFO: train_len:28895, labels:30
06_06_10:20 openset_imagenet.binary_ensemble_combined_emnist INFO: val_len:15173, labels:31
06_06_10:20 openset_imagenet.binary_ensemble_combined_emnist INFO: Using Negatives for Training: False
06_06_10:20 openset_imagenet.binary_ensemble_combined_emnist INFO: ========== Training ==========
06_06_10:20 openset_imagenet.binary_ensemble_combined_emnist INFO: Initial epoch: 0
06_06_10:20 openset_imagenet.binary_ensemble_combined_emnist INFO: Last epoch: 120
06_06_10:20 openset_imagenet.binary_ensemble_combined_emnist INFO: Batch size: 32
06_06_10:20 openset_imagenet.binary_ensemble_combined_emnist INFO: workers: 4
06_06_10:20 openset_imagenet.binary_ensemble_combined_emnist INFO: Loss: bce
06_06_10:20 openset_imagenet.binary_ensemble_combined_emnist INFO: optimizer: adam
06_06_10:20 openset_imagenet.binary_ensemble_combined_emnist INFO: Learning rate: 0.001
06_06_10:20 openset_imagenet.binary_ensemble_combined_emnist INFO: Device: 6
06_06_10:20 openset_imagenet.binary_ensemble_combined_emnist INFO: Number of binary outputs: 40
06_06_10:20 openset_imagenet.binary_ensemble_combined_emnist INFO: Using following approach to generate sets: random
06_06_10:20 openset_imagenet.binary_ensemble_combined_emnist INFO: Using Model: resnet50Plus
06_06_10:20 openset_imagenet.binary_ensemble_combined_emnist INFO: Training...
06_06_10:26 openset_imagenet.binary_ensemble_combined_emnist INFO: loss:bce protocol:2 ep:0 train:{'j': 0.690} val:{'j': 0.708, 'conf_kn': 0.058, 'conf_unk': 0.478} t:307.1s v:102.9s
06_06_10:26 openset_imagenet.binary_ensemble_combined_emnist INFO: Saving best model experiments/ex_6/net_9/bce_binary_ensemble_combined_imagenet_best.pth at epoch: 0
06_06_10:33 openset_imagenet.binary_ensemble_combined_emnist INFO: loss:bce protocol:2 ep:1 train:{'j': 0.687} val:{'j': 0.702, 'conf_kn': 0.083, 'conf_unk': 0.463} t:304.9s v:104.4s
06_06_10:33 openset_imagenet.binary_ensemble_combined_emnist INFO: Saving best model experiments/ex_6/net_9/bce_binary_ensemble_combined_imagenet_best.pth at epoch: 1
06_06_10:40 openset_imagenet.binary_ensemble_combined_emnist INFO: loss:bce protocol:2 ep:2 train:{'j': 0.684} val:{'j': 0.701, 'conf_kn': 0.089, 'conf_unk': 0.465} t:308.8s v:96.7s
06_06_10:40 openset_imagenet.binary_ensemble_combined_emnist INFO: Saving best model experiments/ex_6/net_9/bce_binary_ensemble_combined_imagenet_best.pth at epoch: 2
06_06_10:47 openset_imagenet.binary_ensemble_combined_emnist INFO: loss:bce protocol:2 ep:3 train:{'j': 0.680} val:{'j': 0.726, 'conf_kn': 0.099, 'conf_unk': 0.449} t:291.8s v:99.6s
06_06_10:51 openset_imagenet.binary_ensemble_combined_emnist INFO: loss:bce protocol:2 ep:4 train:{'j': 0.675} val:{'j': 0.711, 'conf_kn': 0.109, 'conf_unk': 0.435} t:199.4s v:41.3s
06_06_10:54 openset_imagenet.binary_ensemble_combined_emnist INFO: loss:bce protocol:2 ep:5 train:{'j': 0.668} val:{'j': 0.748, 'conf_kn': 0.117, 'conf_unk': 0.429} t:147.1s v:43.2s
06_06_10:57 openset_imagenet.binary_ensemble_combined_emnist INFO: loss:bce protocol:2 ep:6 train:{'j': 0.662} val:{'j': 0.707, 'conf_kn': 0.172, 'conf_unk': 0.426} t:145.3s v:42.0s
06_06_10:57 openset_imagenet.binary_ensemble_combined_emnist INFO: Saving best model experiments/ex_6/net_9/bce_binary_ensemble_combined_imagenet_best.pth at epoch: 6
06_06_11:02 openset_imagenet.binary_ensemble_combined_emnist INFO: loss:bce protocol:2 ep:7 train:{'j': 0.656} val:{'j': 0.713, 'conf_kn': 0.191, 'conf_unk': 0.425} t:201.4s v:101.5s
06_06_11:02 openset_imagenet.binary_ensemble_combined_emnist INFO: Saving best model experiments/ex_6/net_9/bce_binary_ensemble_combined_imagenet_best.pth at epoch: 7
06_06_11:09 openset_imagenet.binary_ensemble_combined_emnist INFO: loss:bce protocol:2 ep:8 train:{'j': 0.650} val:{'j': 0.695, 'conf_kn': 0.192, 'conf_unk': 0.409} t:303.9s v:97.6s
06_06_11:15 openset_imagenet.binary_ensemble_combined_emnist INFO: loss:bce protocol:2 ep:9 train:{'j': 0.642} val:{'j': 0.770, 'conf_kn': 0.172, 'conf_unk': 0.398} t:306.5s v:95.3s
06_06_11:22 openset_imagenet.binary_ensemble_combined_emnist INFO: loss:bce protocol:2 ep:10 train:{'j': 0.633} val:{'j': 0.746, 'conf_kn': 0.264, 'conf_unk': 0.391} t:296.4s v:95.9s
06_06_11:22 openset_imagenet.binary_ensemble_combined_emnist INFO: Saving best model experiments/ex_6/net_9/bce_binary_ensemble_combined_imagenet_best.pth at epoch: 10
06_06_11:29 openset_imagenet.binary_ensemble_combined_emnist INFO: loss:bce protocol:2 ep:11 train:{'j': 0.625} val:{'j': 0.706, 'conf_kn': 0.278, 'conf_unk': 0.395} t:342.7s v:90.3s
06_06_11:29 openset_imagenet.binary_ensemble_combined_emnist INFO: Saving best model experiments/ex_6/net_9/bce_binary_ensemble_combined_imagenet_best.pth at epoch: 11
06_06_11:37 openset_imagenet.binary_ensemble_combined_emnist INFO: loss:bce protocol:2 ep:12 train:{'j': 0.614} val:{'j': 0.810, 'conf_kn': 0.302, 'conf_unk': 0.359} t:355.0s v:94.2s
06_06_11:44 openset_imagenet.binary_ensemble_combined_emnist INFO: loss:bce protocol:2 ep:13 train:{'j': 0.602} val:{'j': 0.768, 'conf_kn': 0.201, 'conf_unk': 0.359} t:350.3s v:90.9s
06_06_11:52 openset_imagenet.binary_ensemble_combined_emnist INFO: loss:bce protocol:2 ep:14 train:{'j': 0.591} val:{'j': 0.775, 'conf_kn': 0.348, 'conf_unk': 0.358} t:353.0s v:91.7s
06_06_11:52 openset_imagenet.binary_ensemble_combined_emnist INFO: Saving best model experiments/ex_6/net_9/bce_binary_ensemble_combined_imagenet_best.pth at epoch: 14
06_06_11:59 openset_imagenet.binary_ensemble_combined_emnist INFO: loss:bce protocol:2 ep:15 train:{'j': 0.580} val:{'j': 0.706, 'conf_kn': 0.399, 'conf_unk': 0.350} t:351.0s v:91.8s
06_06_11:59 openset_imagenet.binary_ensemble_combined_emnist INFO: Saving best model experiments/ex_6/net_9/bce_binary_ensemble_combined_imagenet_best.pth at epoch: 15
06_06_12:06 openset_imagenet.binary_ensemble_combined_emnist INFO: loss:bce protocol:2 ep:16 train:{'j': 0.567} val:{'j': 0.981, 'conf_kn': 0.218, 'conf_unk': 0.279} t:340.8s v:87.8s
06_06_12:12 openset_imagenet.binary_ensemble_combined_emnist INFO: loss:bce protocol:2 ep:17 train:{'j': 0.554} val:{'j': 0.723, 'conf_kn': 0.344, 'conf_unk': 0.327} t:255.8s v:79.0s
06_06_12:17 openset_imagenet.binary_ensemble_combined_emnist INFO: loss:bce protocol:2 ep:18 train:{'j': 0.543} val:{'j': 0.774, 'conf_kn': 0.367, 'conf_unk': 0.312} t:264.1s v:76.0s
06_06_12:23 openset_imagenet.binary_ensemble_combined_emnist INFO: loss:bce protocol:2 ep:19 train:{'j': 0.531} val:{'j': 0.887, 'conf_kn': 0.262, 'conf_unk': 0.319} t:279.2s v:80.3s
06_06_12:29 openset_imagenet.binary_ensemble_combined_emnist INFO: loss:bce protocol:2 ep:20 train:{'j': 0.519} val:{'j': 0.838, 'conf_kn': 0.417, 'conf_unk': 0.321} t:280.6s v:76.6s
06_06_12:35 openset_imagenet.binary_ensemble_combined_emnist INFO: loss:bce protocol:2 ep:21 train:{'j': 0.511} val:{'j': 0.787, 'conf_kn': 0.475, 'conf_unk': 0.328} t:275.5s v:74.4s
06_06_12:35 openset_imagenet.binary_ensemble_combined_emnist INFO: Saving best model experiments/ex_6/net_9/bce_binary_ensemble_combined_imagenet_best.pth at epoch: 21
06_06_12:41 openset_imagenet.binary_ensemble_combined_emnist INFO: loss:bce protocol:2 ep:22 train:{'j': 0.499} val:{'j': 0.815, 'conf_kn': 0.405, 'conf_unk': 0.313} t:268.7s v:76.0s
06_06_12:47 openset_imagenet.binary_ensemble_combined_emnist INFO: loss:bce protocol:2 ep:23 train:{'j': 0.489} val:{'j': 0.952, 'conf_kn': 0.267, 'conf_unk': 0.256} t:274.5s v:78.1s
06_06_12:53 openset_imagenet.binary_ensemble_combined_emnist INFO: loss:bce protocol:2 ep:24 train:{'j': 0.484} val:{'j': 0.886, 'conf_kn': 0.402, 'conf_unk': 0.286} t:272.6s v:77.3s
06_06_12:59 openset_imagenet.binary_ensemble_combined_emnist INFO: loss:bce protocol:2 ep:25 train:{'j': 0.473} val:{'j': 0.800, 'conf_kn': 0.425, 'conf_unk': 0.305} t:276.1s v:73.4s
06_06_13:04 openset_imagenet.binary_ensemble_combined_emnist INFO: loss:bce protocol:2 ep:26 train:{'j': 0.464} val:{'j': 0.817, 'conf_kn': 0.535, 'conf_unk': 0.297} t:276.5s v:75.7s
06_06_13:04 openset_imagenet.binary_ensemble_combined_emnist INFO: Saving best model experiments/ex_6/net_9/bce_binary_ensemble_combined_imagenet_best.pth at epoch: 26
06_06_13:11 openset_imagenet.binary_ensemble_combined_emnist INFO: loss:bce protocol:2 ep:27 train:{'j': 0.455} val:{'j': 0.874, 'conf_kn': 0.461, 'conf_unk': 0.278} t:304.1s v:83.4s
06_06_13:17 openset_imagenet.binary_ensemble_combined_emnist INFO: loss:bce protocol:2 ep:28 train:{'j': 0.450} val:{'j': 1.103, 'conf_kn': 0.297, 'conf_unk': 0.261} t:298.5s v:77.2s
06_06_13:23 openset_imagenet.binary_ensemble_combined_emnist INFO: loss:bce protocol:2 ep:29 train:{'j': 0.438} val:{'j': 0.882, 'conf_kn': 0.484, 'conf_unk': 0.262} t:283.4s v:76.3s
06_06_13:29 openset_imagenet.binary_ensemble_combined_emnist INFO: loss:bce protocol:2 ep:30 train:{'j': 0.431} val:{'j': 0.808, 'conf_kn': 0.514, 'conf_unk': 0.280} t:244.1s v:79.6s
06_06_13:35 openset_imagenet.binary_ensemble_combined_emnist INFO: loss:bce protocol:2 ep:31 train:{'j': 0.423} val:{'j': 0.811, 'conf_kn': 0.530, 'conf_unk': 0.279} t:292.6s v:80.6s
06_06_13:41 openset_imagenet.binary_ensemble_combined_emnist INFO: loss:bce protocol:2 ep:32 train:{'j': 0.416} val:{'j': 0.790, 'conf_kn': 0.550, 'conf_unk': 0.279} t:295.3s v:79.3s
06_06_13:47 openset_imagenet.binary_ensemble_combined_emnist INFO: loss:bce protocol:2 ep:33 train:{'j': 0.410} val:{'j': 0.868, 'conf_kn': 0.543, 'conf_unk': 0.271} t:276.7s v:77.7s
06_06_13:53 openset_imagenet.binary_ensemble_combined_emnist INFO: loss:bce protocol:2 ep:34 train:{'j': 0.402} val:{'j': 0.865, 'conf_kn': 0.456, 'conf_unk': 0.282} t:273.8s v:76.7s
06_06_13:59 openset_imagenet.binary_ensemble_combined_emnist INFO: loss:bce protocol:2 ep:35 train:{'j': 0.397} val:{'j': 0.894, 'conf_kn': 0.469, 'conf_unk': 0.262} t:276.6s v:77.8s
06_06_14:05 openset_imagenet.binary_ensemble_combined_emnist INFO: loss:bce protocol:2 ep:36 train:{'j': 0.387} val:{'j': 0.817, 'conf_kn': 0.588, 'conf_unk': 0.273} t:274.7s v:77.9s
06_06_14:05 openset_imagenet.binary_ensemble_combined_emnist INFO: Saving best model experiments/ex_6/net_9/bce_binary_ensemble_combined_imagenet_best.pth at epoch: 36
06_06_14:10 openset_imagenet.binary_ensemble_combined_emnist INFO: loss:bce protocol:2 ep:37 train:{'j': 0.382} val:{'j': 0.900, 'conf_kn': 0.497, 'conf_unk': 0.251} t:272.4s v:72.4s
06_06_14:16 openset_imagenet.binary_ensemble_combined_emnist INFO: loss:bce protocol:2 ep:38 train:{'j': 0.376} val:{'j': 0.853, 'conf_kn': 0.581, 'conf_unk': 0.257} t:273.8s v:78.0s
06_06_14:22 openset_imagenet.binary_ensemble_combined_emnist INFO: loss:bce protocol:2 ep:39 train:{'j': 0.367} val:{'j': 0.762, 'conf_kn': 0.455, 'conf_unk': 0.284} t:268.2s v:77.1s
06_06_14:28 openset_imagenet.binary_ensemble_combined_emnist INFO: loss:bce protocol:2 ep:40 train:{'j': 0.361} val:{'j': 0.874, 'conf_kn': 0.581, 'conf_unk': 0.266} t:283.5s v:79.6s
06_06_14:34 openset_imagenet.binary_ensemble_combined_emnist INFO: loss:bce protocol:2 ep:41 train:{'j': 0.354} val:{'j': 0.865, 'conf_kn': 0.524, 'conf_unk': 0.266} t:274.7s v:79.6s
06_06_14:40 openset_imagenet.binary_ensemble_combined_emnist INFO: loss:bce protocol:2 ep:42 train:{'j': 0.349} val:{'j': 0.898, 'conf_kn': 0.613, 'conf_unk': 0.256} t:276.3s v:75.0s
06_06_14:40 openset_imagenet.binary_ensemble_combined_emnist INFO: Saving best model experiments/ex_6/net_9/bce_binary_ensemble_combined_imagenet_best.pth at epoch: 42
06_06_14:46 openset_imagenet.binary_ensemble_combined_emnist INFO: loss:bce protocol:2 ep:43 train:{'j': 0.348} val:{'j': 0.809, 'conf_kn': 0.516, 'conf_unk': 0.262} t:277.1s v:70.5s
06_06_14:51 openset_imagenet.binary_ensemble_combined_emnist INFO: loss:bce protocol:2 ep:44 train:{'j': 0.337} val:{'j': 0.909, 'conf_kn': 0.601, 'conf_unk': 0.263} t:260.7s v:77.6s
06_06_14:57 openset_imagenet.binary_ensemble_combined_emnist INFO: loss:bce protocol:2 ep:45 train:{'j': 0.329} val:{'j': 0.935, 'conf_kn': 0.619, 'conf_unk': 0.241} t:274.3s v:76.4s
06_06_15:03 openset_imagenet.binary_ensemble_combined_emnist INFO: loss:bce protocol:2 ep:46 train:{'j': 0.324} val:{'j': 0.846, 'conf_kn': 0.592, 'conf_unk': 0.244} t:276.7s v:74.3s
06_06_15:09 openset_imagenet.binary_ensemble_combined_emnist INFO: loss:bce protocol:2 ep:47 train:{'j': 0.321} val:{'j': 0.902, 'conf_kn': 0.601, 'conf_unk': 0.245} t:276.4s v:75.4s
06_06_15:15 openset_imagenet.binary_ensemble_combined_emnist INFO: loss:bce protocol:2 ep:48 train:{'j': 0.312} val:{'j': 1.099, 'conf_kn': 0.396, 'conf_unk': 0.216} t:276.1s v:72.7s
06_06_15:21 openset_imagenet.binary_ensemble_combined_emnist INFO: loss:bce protocol:2 ep:49 train:{'j': 0.307} val:{'j': 1.003, 'conf_kn': 0.574, 'conf_unk': 0.245} t:279.3s v:75.4s
06_06_15:27 openset_imagenet.binary_ensemble_combined_emnist INFO: loss:bce protocol:2 ep:50 train:{'j': 0.304} val:{'j': 0.920, 'conf_kn': 0.630, 'conf_unk': 0.241} t:277.8s v:76.7s
06_06_15:27 openset_imagenet.binary_ensemble_combined_emnist INFO: Saving best model experiments/ex_6/net_9/bce_binary_ensemble_combined_imagenet_best.pth at epoch: 50
06_06_15:33 openset_imagenet.binary_ensemble_combined_emnist INFO: loss:bce protocol:2 ep:51 train:{'j': 0.298} val:{'j': 0.954, 'conf_kn': 0.629, 'conf_unk': 0.236} t:275.1s v:77.8s
06_06_15:39 openset_imagenet.binary_ensemble_combined_emnist INFO: loss:bce protocol:2 ep:52 train:{'j': 0.295} val:{'j': 0.855, 'conf_kn': 0.627, 'conf_unk': 0.248} t:274.8s v:77.6s
06_06_15:39 openset_imagenet.binary_ensemble_combined_emnist INFO: Saving best model experiments/ex_6/net_9/bce_binary_ensemble_combined_imagenet_best.pth at epoch: 52
06_06_15:44 openset_imagenet.binary_ensemble_combined_emnist INFO: loss:bce protocol:2 ep:53 train:{'j': 0.286} val:{'j': 0.989, 'conf_kn': 0.479, 'conf_unk': 0.236} t:276.9s v:75.3s
06_06_15:51 openset_imagenet.binary_ensemble_combined_emnist INFO: loss:bce protocol:2 ep:54 train:{'j': 0.282} val:{'j': 0.954, 'conf_kn': 0.575, 'conf_unk': 0.248} t:284.9s v:84.7s
06_06_15:57 openset_imagenet.binary_ensemble_combined_emnist INFO: loss:bce protocol:2 ep:55 train:{'j': 0.275} val:{'j': 0.955, 'conf_kn': 0.608, 'conf_unk': 0.229} t:313.0s v:79.4s
06_06_16:03 openset_imagenet.binary_ensemble_combined_emnist INFO: loss:bce protocol:2 ep:56 train:{'j': 0.270} val:{'j': 0.902, 'conf_kn': 0.591, 'conf_unk': 0.242} t:315.9s v:52.5s
06_06_16:06 openset_imagenet.binary_ensemble_combined_emnist INFO: loss:bce protocol:2 ep:57 train:{'j': 0.263} val:{'j': 0.998, 'conf_kn': 0.648, 'conf_unk': 0.225} t:142.5s v:37.0s
06_06_16:09 openset_imagenet.binary_ensemble_combined_emnist INFO: loss:bce protocol:2 ep:58 train:{'j': 0.263} val:{'j': 0.917, 'conf_kn': 0.586, 'conf_unk': 0.227} t:141.3s v:37.6s
06_06_16:12 openset_imagenet.binary_ensemble_combined_emnist INFO: loss:bce protocol:2 ep:59 train:{'j': 0.256} val:{'j': 1.127, 'conf_kn': 0.603, 'conf_unk': 0.216} t:141.4s v:37.2s
06_06_16:15 openset_imagenet.binary_ensemble_combined_emnist INFO: loss:bce protocol:2 ep:60 train:{'j': 0.256} val:{'j': 0.959, 'conf_kn': 0.628, 'conf_unk': 0.226} t:141.3s v:37.0s
06_06_16:18 openset_imagenet.binary_ensemble_combined_emnist INFO: loss:bce protocol:2 ep:61 train:{'j': 0.247} val:{'j': 1.030, 'conf_kn': 0.597, 'conf_unk': 0.215} t:141.5s v:37.0s
06_06_16:21 openset_imagenet.binary_ensemble_combined_emnist INFO: loss:bce protocol:2 ep:62 train:{'j': 0.243} val:{'j': 0.998, 'conf_kn': 0.603, 'conf_unk': 0.219} t:141.4s v:36.8s
06_06_16:24 openset_imagenet.binary_ensemble_combined_emnist INFO: loss:bce protocol:2 ep:63 train:{'j': 0.235} val:{'j': 0.928, 'conf_kn': 0.538, 'conf_unk': 0.224} t:141.3s v:37.1s
06_06_16:27 openset_imagenet.binary_ensemble_combined_emnist INFO: loss:bce protocol:2 ep:64 train:{'j': 0.235} val:{'j': 0.954, 'conf_kn': 0.618, 'conf_unk': 0.221} t:140.2s v:36.7s
06_06_16:30 openset_imagenet.binary_ensemble_combined_emnist INFO: loss:bce protocol:2 ep:65 train:{'j': 0.227} val:{'j': 1.185, 'conf_kn': 0.494, 'conf_unk': 0.209} t:140.5s v:36.5s
06_06_16:38 openset_imagenet.binary_ensemble_combined_emnist INFO: loss:bce protocol:2 ep:66 train:{'j': 0.224} val:{'j': 1.114, 'conf_kn': 0.630, 'conf_unk': 0.211} t:346.4s v:91.8s
06_06_16:44 openset_imagenet.binary_ensemble_combined_emnist INFO: loss:bce protocol:2 ep:67 train:{'j': 0.221} val:{'j': 1.381, 'conf_kn': 0.498, 'conf_unk': 0.199} t:300.5s v:73.6s
06_06_16:51 openset_imagenet.binary_ensemble_combined_emnist INFO: loss:bce protocol:2 ep:68 train:{'j': 0.214} val:{'j': 0.975, 'conf_kn': 0.562, 'conf_unk': 0.225} t:349.4s v:90.3s
06_06_16:59 openset_imagenet.binary_ensemble_combined_emnist INFO: loss:bce protocol:2 ep:69 train:{'j': 0.214} val:{'j': 1.165, 'conf_kn': 0.602, 'conf_unk': 0.214} t:349.6s v:90.8s
06_06_17:06 openset_imagenet.binary_ensemble_combined_emnist INFO: loss:bce protocol:2 ep:70 train:{'j': 0.206} val:{'j': 1.144, 'conf_kn': 0.615, 'conf_unk': 0.203} t:342.4s v:84.1s
06_06_17:13 openset_imagenet.binary_ensemble_combined_emnist INFO: loss:bce protocol:2 ep:71 train:{'j': 0.203} val:{'j': 1.099, 'conf_kn': 0.631, 'conf_unk': 0.202} t:348.9s v:89.5s
06_06_17:20 openset_imagenet.binary_ensemble_combined_emnist INFO: loss:bce protocol:2 ep:72 train:{'j': 0.201} val:{'j': 1.109, 'conf_kn': 0.618, 'conf_unk': 0.205} t:349.6s v:89.7s
06_06_17:28 openset_imagenet.binary_ensemble_combined_emnist INFO: loss:bce protocol:2 ep:73 train:{'j': 0.194} val:{'j': 1.202, 'conf_kn': 0.480, 'conf_unk': 0.213} t:349.1s v:90.6s
06_06_17:35 openset_imagenet.binary_ensemble_combined_emnist INFO: loss:bce protocol:2 ep:74 train:{'j': 0.190} val:{'j': 1.018, 'conf_kn': 0.565, 'conf_unk': 0.219} t:326.8s v:92.6s
06_06_17:42 openset_imagenet.binary_ensemble_combined_emnist INFO: loss:bce protocol:2 ep:75 train:{'j': 0.186} val:{'j': 1.325, 'conf_kn': 0.595, 'conf_unk': 0.195} t:354.6s v:99.5s
06_06_17:50 openset_imagenet.binary_ensemble_combined_emnist INFO: loss:bce protocol:2 ep:76 train:{'j': 0.223} val:{'j': 1.145, 'conf_kn': 0.628, 'conf_unk': 0.209} t:347.1s v:94.5s
06_06_17:57 openset_imagenet.binary_ensemble_combined_emnist INFO: loss:bce protocol:2 ep:77 train:{'j': 0.191} val:{'j': 1.161, 'conf_kn': 0.647, 'conf_unk': 0.198} t:365.3s v:90.0s
06_06_18:05 openset_imagenet.binary_ensemble_combined_emnist INFO: loss:bce protocol:2 ep:78 train:{'j': 0.173} val:{'j': 1.160, 'conf_kn': 0.628, 'conf_unk': 0.195} t:349.7s v:90.8s
06_06_18:12 openset_imagenet.binary_ensemble_combined_emnist INFO: loss:bce protocol:2 ep:79 train:{'j': 0.171} val:{'j': 1.139, 'conf_kn': 0.599, 'conf_unk': 0.197} t:348.4s v:90.4s
06_06_18:19 openset_imagenet.binary_ensemble_combined_emnist INFO: loss:bce protocol:2 ep:80 train:{'j': 0.163} val:{'j': 1.392, 'conf_kn': 0.577, 'conf_unk': 0.196} t:345.0s v:84.5s
06_06_18:26 openset_imagenet.binary_ensemble_combined_emnist INFO: loss:bce protocol:2 ep:81 train:{'j': 0.170} val:{'j': 1.073, 'conf_kn': 0.619, 'conf_unk': 0.213} t:345.8s v:90.6s
06_06_18:33 openset_imagenet.binary_ensemble_combined_emnist INFO: loss:bce protocol:2 ep:82 train:{'j': 0.165} val:{'j': 1.167, 'conf_kn': 0.642, 'conf_unk': 0.188} t:349.5s v:76.1s
06_06_18:36 openset_imagenet.binary_ensemble_combined_emnist INFO: loss:bce protocol:2 ep:83 train:{'j': 0.164} val:{'j': 1.145, 'conf_kn': 0.488, 'conf_unk': 0.207} t:141.1s v:36.8s
06_06_18:39 openset_imagenet.binary_ensemble_combined_emnist INFO: loss:bce protocol:2 ep:84 train:{'j': 0.159} val:{'j': 1.236, 'conf_kn': 0.649, 'conf_unk': 0.201} t:141.1s v:36.6s
06_06_18:42 openset_imagenet.binary_ensemble_combined_emnist INFO: loss:bce protocol:2 ep:85 train:{'j': 0.156} val:{'j': 1.302, 'conf_kn': 0.602, 'conf_unk': 0.198} t:141.1s v:36.7s
06_06_18:45 openset_imagenet.binary_ensemble_combined_emnist INFO: loss:bce protocol:2 ep:86 train:{'j': 0.156} val:{'j': 1.130, 'conf_kn': 0.568, 'conf_unk': 0.213} t:141.0s v:36.8s
06_06_18:48 openset_imagenet.binary_ensemble_combined_emnist INFO: loss:bce protocol:2 ep:87 train:{'j': 0.153} val:{'j': 1.223, 'conf_kn': 0.594, 'conf_unk': 0.198} t:140.5s v:36.7s
06_06_18:51 openset_imagenet.binary_ensemble_combined_emnist INFO: loss:bce protocol:2 ep:88 train:{'j': 0.153} val:{'j': 1.195, 'conf_kn': 0.636, 'conf_unk': 0.196} t:141.3s v:36.6s
06_06_18:54 openset_imagenet.binary_ensemble_combined_emnist INFO: loss:bce protocol:2 ep:89 train:{'j': 0.148} val:{'j': 1.141, 'conf_kn': 0.606, 'conf_unk': 0.207} t:141.2s v:36.7s
06_06_18:57 openset_imagenet.binary_ensemble_combined_emnist INFO: loss:bce protocol:2 ep:90 train:{'j': 0.141} val:{'j': 1.446, 'conf_kn': 0.646, 'conf_unk': 0.179} t:141.4s v:36.9s
06_06_19:00 openset_imagenet.binary_ensemble_combined_emnist INFO: loss:bce protocol:2 ep:91 train:{'j': 0.141} val:{'j': 1.306, 'conf_kn': 0.643, 'conf_unk': 0.181} t:140.7s v:36.6s
06_06_19:03 openset_imagenet.binary_ensemble_combined_emnist INFO: loss:bce protocol:2 ep:92 train:{'j': 0.140} val:{'j': 1.351, 'conf_kn': 0.637, 'conf_unk': 0.184} t:140.9s v:36.7s
06_06_19:06 openset_imagenet.binary_ensemble_combined_emnist INFO: loss:bce protocol:2 ep:93 train:{'j': 0.139} val:{'j': 1.399, 'conf_kn': 0.631, 'conf_unk': 0.178} t:141.1s v:36.9s
06_06_19:09 openset_imagenet.binary_ensemble_combined_emnist INFO: loss:bce protocol:2 ep:94 train:{'j': 0.134} val:{'j': 1.290, 'conf_kn': 0.621, 'conf_unk': 0.185} t:141.1s v:36.7s
06_06_19:12 openset_imagenet.binary_ensemble_combined_emnist INFO: loss:bce protocol:2 ep:95 train:{'j': 0.131} val:{'j': 1.388, 'conf_kn': 0.641, 'conf_unk': 0.181} t:141.2s v:36.7s
06_06_19:15 openset_imagenet.binary_ensemble_combined_emnist INFO: loss:bce protocol:2 ep:96 train:{'j': 0.134} val:{'j': 1.272, 'conf_kn': 0.647, 'conf_unk': 0.180} t:141.9s v:36.8s
06_06_19:18 openset_imagenet.binary_ensemble_combined_emnist INFO: loss:bce protocol:2 ep:97 train:{'j': 0.123} val:{'j': 1.573, 'conf_kn': 0.636, 'conf_unk': 0.174} t:141.4s v:37.1s
06_06_19:21 openset_imagenet.binary_ensemble_combined_emnist INFO: loss:bce protocol:2 ep:98 train:{'j': 0.128} val:{'j': 1.357, 'conf_kn': 0.560, 'conf_unk': 0.184} t:141.9s v:37.1s
06_06_19:24 openset_imagenet.binary_ensemble_combined_emnist INFO: loss:bce protocol:2 ep:99 train:{'j': 0.121} val:{'j': 1.784, 'conf_kn': 0.534, 'conf_unk': 0.170} t:141.4s v:37.0s
06_06_19:27 openset_imagenet.binary_ensemble_combined_emnist INFO: loss:bce protocol:2 ep:100 train:{'j': 0.124} val:{'j': 1.526, 'conf_kn': 0.634, 'conf_unk': 0.175} t:141.5s v:37.0s
06_06_19:30 openset_imagenet.binary_ensemble_combined_emnist INFO: loss:bce protocol:2 ep:101 train:{'j': 0.119} val:{'j': 1.412, 'conf_kn': 0.625, 'conf_unk': 0.183} t:141.4s v:37.1s
06_06_19:33 openset_imagenet.binary_ensemble_combined_emnist INFO: loss:bce protocol:2 ep:102 train:{'j': 0.118} val:{'j': 1.391, 'conf_kn': 0.648, 'conf_unk': 0.171} t:141.7s v:37.0s
06_06_19:36 openset_imagenet.binary_ensemble_combined_emnist INFO: loss:bce protocol:2 ep:103 train:{'j': 0.113} val:{'j': 1.368, 'conf_kn': 0.625, 'conf_unk': 0.183} t:141.7s v:37.0s
06_06_19:39 openset_imagenet.binary_ensemble_combined_emnist INFO: loss:bce protocol:2 ep:104 train:{'j': 0.114} val:{'j': 1.539, 'conf_kn': 0.610, 'conf_unk': 0.171} t:141.5s v:37.1s
06_06_19:42 openset_imagenet.binary_ensemble_combined_emnist INFO: loss:bce protocol:2 ep:105 train:{'j': 0.117} val:{'j': 1.536, 'conf_kn': 0.600, 'conf_unk': 0.177} t:140.7s v:36.9s
06_06_19:45 openset_imagenet.binary_ensemble_combined_emnist INFO: loss:bce protocol:2 ep:106 train:{'j': 0.114} val:{'j': 1.485, 'conf_kn': 0.636, 'conf_unk': 0.167} t:141.4s v:36.8s
06_06_19:48 openset_imagenet.binary_ensemble_combined_emnist INFO: loss:bce protocol:2 ep:107 train:{'j': 0.109} val:{'j': 1.583, 'conf_kn': 0.645, 'conf_unk': 0.164} t:141.1s v:37.2s
06_06_19:51 openset_imagenet.binary_ensemble_combined_emnist INFO: loss:bce protocol:2 ep:108 train:{'j': 0.103} val:{'j': 1.342, 'conf_kn': 0.616, 'conf_unk': 0.185} t:141.7s v:37.2s
06_06_19:54 openset_imagenet.binary_ensemble_combined_emnist INFO: loss:bce protocol:2 ep:109 train:{'j': 0.107} val:{'j': 1.523, 'conf_kn': 0.517, 'conf_unk': 0.190} t:141.4s v:37.0s
06_06_19:57 openset_imagenet.binary_ensemble_combined_emnist INFO: loss:bce protocol:2 ep:110 train:{'j': 0.105} val:{'j': 1.507, 'conf_kn': 0.593, 'conf_unk': 0.175} t:140.9s v:37.1s
06_06_20:00 openset_imagenet.binary_ensemble_combined_emnist INFO: loss:bce protocol:2 ep:111 train:{'j': 0.104} val:{'j': 1.580, 'conf_kn': 0.606, 'conf_unk': 0.173} t:141.3s v:36.6s
06_06_20:03 openset_imagenet.binary_ensemble_combined_emnist INFO: loss:bce protocol:2 ep:112 train:{'j': 0.105} val:{'j': 1.548, 'conf_kn': 0.605, 'conf_unk': 0.177} t:140.6s v:36.5s
06_06_20:06 openset_imagenet.binary_ensemble_combined_emnist INFO: loss:bce protocol:2 ep:113 train:{'j': 0.097} val:{'j': 1.470, 'conf_kn': 0.635, 'conf_unk': 0.174} t:140.7s v:36.6s
06_06_20:09 openset_imagenet.binary_ensemble_combined_emnist INFO: loss:bce protocol:2 ep:114 train:{'j': 0.101} val:{'j': 1.629, 'conf_kn': 0.580, 'conf_unk': 0.170} t:140.9s v:36.7s
06_06_20:12 openset_imagenet.binary_ensemble_combined_emnist INFO: loss:bce protocol:2 ep:115 train:{'j': 0.097} val:{'j': 1.489, 'conf_kn': 0.652, 'conf_unk': 0.169} t:141.0s v:36.7s
06_06_20:15 openset_imagenet.binary_ensemble_combined_emnist INFO: loss:bce protocol:2 ep:116 train:{'j': 0.095} val:{'j': 1.363, 'conf_kn': 0.648, 'conf_unk': 0.190} t:140.9s v:36.9s
06_06_20:18 openset_imagenet.binary_ensemble_combined_emnist INFO: loss:bce protocol:2 ep:117 train:{'j': 0.094} val:{'j': 1.517, 'conf_kn': 0.546, 'conf_unk': 0.187} t:141.3s v:36.9s
06_06_20:21 openset_imagenet.binary_ensemble_combined_emnist INFO: loss:bce protocol:2 ep:118 train:{'j': 0.094} val:{'j': 1.689, 'conf_kn': 0.628, 'conf_unk': 0.171} t:141.5s v:36.7s
06_06_20:24 openset_imagenet.binary_ensemble_combined_emnist INFO: loss:bce protocol:2 ep:119 train:{'j': 0.091} val:{'j': 1.564, 'conf_kn': 0.641, 'conf_unk': 0.170} t:140.6s v:36.6s
06_06_20:24 openset_imagenet.binary_ensemble_combined_emnist INFO: Training finished
