09_05_12:57 openset_imagenet.binary_ensemble_combined_emnist INFO: Loaded initial model from filesystem
09_05_12:57 openset_imagenet.binary_ensemble_combined_emnist INFO: ============ Data ============
09_05_12:57 openset_imagenet.binary_ensemble_combined_emnist INFO: train_len:60000, labels:10
09_05_12:57 openset_imagenet.binary_ensemble_combined_emnist INFO: val_len:10000, labels:10
09_05_12:57 openset_imagenet.binary_ensemble_combined_emnist INFO: ========== Training ==========
09_05_12:57 openset_imagenet.binary_ensemble_combined_emnist INFO: Initial epoch: 0
09_05_12:57 openset_imagenet.binary_ensemble_combined_emnist INFO: Last epoch: 50
09_05_12:57 openset_imagenet.binary_ensemble_combined_emnist INFO: Batch size: 32
09_05_12:57 openset_imagenet.binary_ensemble_combined_emnist INFO: workers: 0
09_05_12:57 openset_imagenet.binary_ensemble_combined_emnist INFO: Loss: bce
09_05_12:57 openset_imagenet.binary_ensemble_combined_emnist INFO: optimizer: sgd
09_05_12:57 openset_imagenet.binary_ensemble_combined_emnist INFO: Learning rate: 0.001
09_05_12:57 openset_imagenet.binary_ensemble_combined_emnist INFO: Device: 6
09_05_12:57 openset_imagenet.binary_ensemble_combined_emnist INFO: Number of binary outputs: 80
09_05_12:57 openset_imagenet.binary_ensemble_combined_emnist INFO: Using following approach to generate sets: random
09_05_12:57 openset_imagenet.binary_ensemble_combined_emnist INFO: Training...
09_05_13:00 openset_imagenet.binary_ensemble_combined_emnist INFO: loss:bce protocol:2 ep:0 train:{'j': 0.693} val:{'j': 0.693, 'conf_kn': 0.505, 'conf_unk': 0.000} t:142.6s v:23.5s
09_05_13:00 openset_imagenet.binary_ensemble_combined_emnist INFO: Saving best model experiments/ex_1/net_4/bce_binary_ensemble_combined_emnist_best.pth at epoch: 0
09_05_13:03 openset_imagenet.binary_ensemble_combined_emnist INFO: loss:bce protocol:2 ep:1 train:{'j': 0.693} val:{'j': 0.693, 'conf_kn': 0.513, 'conf_unk': 0.000} t:142.5s v:21.5s
09_05_13:03 openset_imagenet.binary_ensemble_combined_emnist INFO: Saving best model experiments/ex_1/net_4/bce_binary_ensemble_combined_emnist_best.pth at epoch: 1
09_05_13:05 openset_imagenet.binary_ensemble_combined_emnist INFO: loss:bce protocol:2 ep:2 train:{'j': 0.693} val:{'j': 0.692, 'conf_kn': 0.526, 'conf_unk': 0.000} t:131.8s v:21.2s
09_05_13:05 openset_imagenet.binary_ensemble_combined_emnist INFO: Saving best model experiments/ex_1/net_4/bce_binary_ensemble_combined_emnist_best.pth at epoch: 2
09_05_13:08 openset_imagenet.binary_ensemble_combined_emnist INFO: loss:bce protocol:2 ep:3 train:{'j': 0.692} val:{'j': 0.692, 'conf_kn': 0.543, 'conf_unk': 0.000} t:133.4s v:21.3s
09_05_13:08 openset_imagenet.binary_ensemble_combined_emnist INFO: Saving best model experiments/ex_1/net_4/bce_binary_ensemble_combined_emnist_best.pth at epoch: 3
09_05_13:10 openset_imagenet.binary_ensemble_combined_emnist INFO: loss:bce protocol:2 ep:4 train:{'j': 0.691} val:{'j': 0.690, 'conf_kn': 0.562, 'conf_unk': 0.000} t:134.1s v:21.4s
09_05_13:10 openset_imagenet.binary_ensemble_combined_emnist INFO: Saving best model experiments/ex_1/net_4/bce_binary_ensemble_combined_emnist_best.pth at epoch: 4
09_05_13:13 openset_imagenet.binary_ensemble_combined_emnist INFO: loss:bce protocol:2 ep:5 train:{'j': 0.687} val:{'j': 0.683, 'conf_kn': 0.588, 'conf_unk': 0.000} t:131.5s v:20.2s
09_05_13:13 openset_imagenet.binary_ensemble_combined_emnist INFO: Saving best model experiments/ex_1/net_4/bce_binary_ensemble_combined_emnist_best.pth at epoch: 5
09_05_13:15 openset_imagenet.binary_ensemble_combined_emnist INFO: loss:bce protocol:2 ep:6 train:{'j': 0.664} val:{'j': 0.623, 'conf_kn': 0.665, 'conf_unk': 0.000} t:121.1s v:20.0s
09_05_13:15 openset_imagenet.binary_ensemble_combined_emnist INFO: Saving best model experiments/ex_1/net_4/bce_binary_ensemble_combined_emnist_best.pth at epoch: 6
09_05_13:18 openset_imagenet.binary_ensemble_combined_emnist INFO: loss:bce protocol:2 ep:7 train:{'j': 0.540} val:{'j': 0.457, 'conf_kn': 0.786, 'conf_unk': 0.000} t:124.2s v:19.7s
09_05_13:18 openset_imagenet.binary_ensemble_combined_emnist INFO: Saving best model experiments/ex_1/net_4/bce_binary_ensemble_combined_emnist_best.pth at epoch: 7
09_05_13:20 openset_imagenet.binary_ensemble_combined_emnist INFO: loss:bce protocol:2 ep:8 train:{'j': 0.368} val:{'j': 0.291, 'conf_kn': 0.884, 'conf_unk': 0.000} t:122.7s v:19.5s
09_05_13:20 openset_imagenet.binary_ensemble_combined_emnist INFO: Saving best model experiments/ex_1/net_4/bce_binary_ensemble_combined_emnist_best.pth at epoch: 8
09_05_13:22 openset_imagenet.binary_ensemble_combined_emnist INFO: loss:bce protocol:2 ep:9 train:{'j': 0.232} val:{'j': 0.193, 'conf_kn': 0.930, 'conf_unk': 0.000} t:122.8s v:19.8s
09_05_13:22 openset_imagenet.binary_ensemble_combined_emnist INFO: Saving best model experiments/ex_1/net_4/bce_binary_ensemble_combined_emnist_best.pth at epoch: 9
09_05_13:25 openset_imagenet.binary_ensemble_combined_emnist INFO: loss:bce protocol:2 ep:10 train:{'j': 0.162} val:{'j': 0.144, 'conf_kn': 0.949, 'conf_unk': 0.000} t:124.0s v:19.9s
09_05_13:25 openset_imagenet.binary_ensemble_combined_emnist INFO: Saving best model experiments/ex_1/net_4/bce_binary_ensemble_combined_emnist_best.pth at epoch: 10
09_05_13:28 openset_imagenet.binary_ensemble_combined_emnist INFO: loss:bce protocol:2 ep:11 train:{'j': 0.126} val:{'j': 0.118, 'conf_kn': 0.958, 'conf_unk': 0.000} t:139.4s v:34.0s
09_05_13:28 openset_imagenet.binary_ensemble_combined_emnist INFO: Saving best model experiments/ex_1/net_4/bce_binary_ensemble_combined_emnist_best.pth at epoch: 11
09_05_13:32 openset_imagenet.binary_ensemble_combined_emnist INFO: loss:bce protocol:2 ep:12 train:{'j': 0.105} val:{'j': 0.100, 'conf_kn': 0.965, 'conf_unk': 0.000} t:216.8s v:36.3s
09_05_13:32 openset_imagenet.binary_ensemble_combined_emnist INFO: Saving best model experiments/ex_1/net_4/bce_binary_ensemble_combined_emnist_best.pth at epoch: 12
09_05_13:35 openset_imagenet.binary_ensemble_combined_emnist INFO: loss:bce protocol:2 ep:13 train:{'j': 0.090} val:{'j': 0.088, 'conf_kn': 0.970, 'conf_unk': 0.000} t:185.8s v:26.0s
09_05_13:35 openset_imagenet.binary_ensemble_combined_emnist INFO: Saving best model experiments/ex_1/net_4/bce_binary_ensemble_combined_emnist_best.pth at epoch: 13
09_05_13:38 openset_imagenet.binary_ensemble_combined_emnist INFO: loss:bce protocol:2 ep:14 train:{'j': 0.079} val:{'j': 0.077, 'conf_kn': 0.974, 'conf_unk': 0.000} t:124.1s v:19.8s
09_05_13:38 openset_imagenet.binary_ensemble_combined_emnist INFO: Saving best model experiments/ex_1/net_4/bce_binary_ensemble_combined_emnist_best.pth at epoch: 14
09_05_13:40 openset_imagenet.binary_ensemble_combined_emnist INFO: loss:bce protocol:2 ep:15 train:{'j': 0.071} val:{'j': 0.071, 'conf_kn': 0.976, 'conf_unk': 0.000} t:124.6s v:19.9s
09_05_13:40 openset_imagenet.binary_ensemble_combined_emnist INFO: Saving best model experiments/ex_1/net_4/bce_binary_ensemble_combined_emnist_best.pth at epoch: 15
09_05_13:43 openset_imagenet.binary_ensemble_combined_emnist INFO: loss:bce protocol:2 ep:16 train:{'j': 0.064} val:{'j': 0.063, 'conf_kn': 0.979, 'conf_unk': 0.000} t:122.0s v:22.3s
09_05_13:43 openset_imagenet.binary_ensemble_combined_emnist INFO: Saving best model experiments/ex_1/net_4/bce_binary_ensemble_combined_emnist_best.pth at epoch: 16
09_05_13:45 openset_imagenet.binary_ensemble_combined_emnist INFO: loss:bce protocol:2 ep:17 train:{'j': 0.060} val:{'j': 0.063, 'conf_kn': 0.979, 'conf_unk': 0.000} t:121.9s v:19.9s
09_05_13:47 openset_imagenet.binary_ensemble_combined_emnist INFO: loss:bce protocol:2 ep:18 train:{'j': 0.055} val:{'j': 0.054, 'conf_kn': 0.981, 'conf_unk': 0.000} t:124.1s v:19.8s
09_05_13:47 openset_imagenet.binary_ensemble_combined_emnist INFO: Saving best model experiments/ex_1/net_4/bce_binary_ensemble_combined_emnist_best.pth at epoch: 18
09_05_13:50 openset_imagenet.binary_ensemble_combined_emnist INFO: loss:bce protocol:2 ep:19 train:{'j': 0.052} val:{'j': 0.050, 'conf_kn': 0.983, 'conf_unk': 0.000} t:125.2s v:19.8s
09_05_13:50 openset_imagenet.binary_ensemble_combined_emnist INFO: Saving best model experiments/ex_1/net_4/bce_binary_ensemble_combined_emnist_best.pth at epoch: 19
09_05_13:52 openset_imagenet.binary_ensemble_combined_emnist INFO: loss:bce protocol:2 ep:20 train:{'j': 0.048} val:{'j': 0.050, 'conf_kn': 0.983, 'conf_unk': 0.000} t:127.4s v:21.0s
09_05_13:52 openset_imagenet.binary_ensemble_combined_emnist INFO: Saving best model experiments/ex_1/net_4/bce_binary_ensemble_combined_emnist_best.pth at epoch: 20
09_05_13:55 openset_imagenet.binary_ensemble_combined_emnist INFO: loss:bce protocol:2 ep:21 train:{'j': 0.046} val:{'j': 0.047, 'conf_kn': 0.984, 'conf_unk': 0.000} t:127.3s v:19.9s
09_05_13:55 openset_imagenet.binary_ensemble_combined_emnist INFO: Saving best model experiments/ex_1/net_4/bce_binary_ensemble_combined_emnist_best.pth at epoch: 21
09_05_13:57 openset_imagenet.binary_ensemble_combined_emnist INFO: loss:bce protocol:2 ep:22 train:{'j': 0.044} val:{'j': 0.046, 'conf_kn': 0.984, 'conf_unk': 0.000} t:125.0s v:19.8s
09_05_13:57 openset_imagenet.binary_ensemble_combined_emnist INFO: Saving best model experiments/ex_1/net_4/bce_binary_ensemble_combined_emnist_best.pth at epoch: 22
09_05_13:59 openset_imagenet.binary_ensemble_combined_emnist INFO: loss:bce protocol:2 ep:23 train:{'j': 0.042} val:{'j': 0.042, 'conf_kn': 0.986, 'conf_unk': 0.000} t:124.2s v:19.9s
09_05_13:59 openset_imagenet.binary_ensemble_combined_emnist INFO: Saving best model experiments/ex_1/net_4/bce_binary_ensemble_combined_emnist_best.pth at epoch: 23
09_05_14:02 openset_imagenet.binary_ensemble_combined_emnist INFO: loss:bce protocol:2 ep:24 train:{'j': 0.040} val:{'j': 0.041, 'conf_kn': 0.986, 'conf_unk': 0.000} t:123.5s v:21.2s
09_05_14:02 openset_imagenet.binary_ensemble_combined_emnist INFO: Saving best model experiments/ex_1/net_4/bce_binary_ensemble_combined_emnist_best.pth at epoch: 24
09_05_14:04 openset_imagenet.binary_ensemble_combined_emnist INFO: loss:bce protocol:2 ep:25 train:{'j': 0.038} val:{'j': 0.038, 'conf_kn': 0.987, 'conf_unk': 0.000} t:128.8s v:20.1s
09_05_14:04 openset_imagenet.binary_ensemble_combined_emnist INFO: Saving best model experiments/ex_1/net_4/bce_binary_ensemble_combined_emnist_best.pth at epoch: 25
09_05_14:07 openset_imagenet.binary_ensemble_combined_emnist INFO: loss:bce protocol:2 ep:26 train:{'j': 0.037} val:{'j': 0.037, 'conf_kn': 0.987, 'conf_unk': 0.000} t:122.2s v:18.2s
09_05_14:07 openset_imagenet.binary_ensemble_combined_emnist INFO: Saving best model experiments/ex_1/net_4/bce_binary_ensemble_combined_emnist_best.pth at epoch: 26
09_05_14:09 openset_imagenet.binary_ensemble_combined_emnist INFO: loss:bce protocol:2 ep:27 train:{'j': 0.035} val:{'j': 0.042, 'conf_kn': 0.985, 'conf_unk': 0.000} t:110.6s v:17.9s
09_05_14:11 openset_imagenet.binary_ensemble_combined_emnist INFO: loss:bce protocol:2 ep:28 train:{'j': 0.034} val:{'j': 0.035, 'conf_kn': 0.988, 'conf_unk': 0.000} t:113.8s v:18.0s
09_05_14:11 openset_imagenet.binary_ensemble_combined_emnist INFO: Saving best model experiments/ex_1/net_4/bce_binary_ensemble_combined_emnist_best.pth at epoch: 28
09_05_14:13 openset_imagenet.binary_ensemble_combined_emnist INFO: loss:bce protocol:2 ep:29 train:{'j': 0.033} val:{'j': 0.038, 'conf_kn': 0.987, 'conf_unk': 0.000} t:114.0s v:18.1s
09_05_14:15 openset_imagenet.binary_ensemble_combined_emnist INFO: loss:bce protocol:2 ep:30 train:{'j': 0.032} val:{'j': 0.034, 'conf_kn': 0.989, 'conf_unk': 0.000} t:111.2s v:18.1s
09_05_14:15 openset_imagenet.binary_ensemble_combined_emnist INFO: Saving best model experiments/ex_1/net_4/bce_binary_ensemble_combined_emnist_best.pth at epoch: 30
09_05_14:18 openset_imagenet.binary_ensemble_combined_emnist INFO: loss:bce protocol:2 ep:31 train:{'j': 0.031} val:{'j': 0.035, 'conf_kn': 0.988, 'conf_unk': 0.000} t:112.9s v:17.9s
09_05_14:20 openset_imagenet.binary_ensemble_combined_emnist INFO: loss:bce protocol:2 ep:32 train:{'j': 0.030} val:{'j': 0.032, 'conf_kn': 0.989, 'conf_unk': 0.000} t:112.9s v:18.0s
09_05_14:20 openset_imagenet.binary_ensemble_combined_emnist INFO: Saving best model experiments/ex_1/net_4/bce_binary_ensemble_combined_emnist_best.pth at epoch: 32
09_05_14:22 openset_imagenet.binary_ensemble_combined_emnist INFO: loss:bce protocol:2 ep:33 train:{'j': 0.029} val:{'j': 0.031, 'conf_kn': 0.989, 'conf_unk': 0.000} t:110.5s v:18.1s
09_05_14:22 openset_imagenet.binary_ensemble_combined_emnist INFO: Saving best model experiments/ex_1/net_4/bce_binary_ensemble_combined_emnist_best.pth at epoch: 33
09_05_14:24 openset_imagenet.binary_ensemble_combined_emnist INFO: loss:bce protocol:2 ep:34 train:{'j': 0.029} val:{'j': 0.031, 'conf_kn': 0.989, 'conf_unk': 0.000} t:113.1s v:18.0s
09_05_14:26 openset_imagenet.binary_ensemble_combined_emnist INFO: loss:bce protocol:2 ep:35 train:{'j': 0.028} val:{'j': 0.031, 'conf_kn': 0.989, 'conf_unk': 0.000} t:113.4s v:18.1s
09_05_14:26 openset_imagenet.binary_ensemble_combined_emnist INFO: Saving best model experiments/ex_1/net_4/bce_binary_ensemble_combined_emnist_best.pth at epoch: 35
09_05_14:28 openset_imagenet.binary_ensemble_combined_emnist INFO: loss:bce protocol:2 ep:36 train:{'j': 0.027} val:{'j': 0.031, 'conf_kn': 0.989, 'conf_unk': 0.000} t:110.2s v:17.9s
09_05_14:31 openset_imagenet.binary_ensemble_combined_emnist INFO: loss:bce protocol:2 ep:37 train:{'j': 0.027} val:{'j': 0.029, 'conf_kn': 0.990, 'conf_unk': 0.000} t:112.3s v:18.1s
09_05_14:31 openset_imagenet.binary_ensemble_combined_emnist INFO: Saving best model experiments/ex_1/net_4/bce_binary_ensemble_combined_emnist_best.pth at epoch: 37
09_05_14:33 openset_imagenet.binary_ensemble_combined_emnist INFO: loss:bce protocol:2 ep:38 train:{'j': 0.026} val:{'j': 0.030, 'conf_kn': 0.990, 'conf_unk': 0.000} t:110.5s v:20.2s
09_05_14:35 openset_imagenet.binary_ensemble_combined_emnist INFO: loss:bce protocol:2 ep:39 train:{'j': 0.025} val:{'j': 0.029, 'conf_kn': 0.990, 'conf_unk': 0.000} t:110.2s v:18.2s
09_05_14:37 openset_imagenet.binary_ensemble_combined_emnist INFO: loss:bce protocol:2 ep:40 train:{'j': 0.025} val:{'j': 0.028, 'conf_kn': 0.991, 'conf_unk': 0.000} t:112.4s v:17.8s
09_05_14:37 openset_imagenet.binary_ensemble_combined_emnist INFO: Saving best model experiments/ex_1/net_4/bce_binary_ensemble_combined_emnist_best.pth at epoch: 40
09_05_14:39 openset_imagenet.binary_ensemble_combined_emnist INFO: loss:bce protocol:2 ep:41 train:{'j': 0.024} val:{'j': 0.027, 'conf_kn': 0.991, 'conf_unk': 0.000} t:109.6s v:20.1s
09_05_14:39 openset_imagenet.binary_ensemble_combined_emnist INFO: Saving best model experiments/ex_1/net_4/bce_binary_ensemble_combined_emnist_best.pth at epoch: 41
09_05_14:41 openset_imagenet.binary_ensemble_combined_emnist INFO: loss:bce protocol:2 ep:42 train:{'j': 0.024} val:{'j': 0.029, 'conf_kn': 0.990, 'conf_unk': 0.000} t:110.2s v:17.9s
09_05_14:44 openset_imagenet.binary_ensemble_combined_emnist INFO: loss:bce protocol:2 ep:43 train:{'j': 0.023} val:{'j': 0.026, 'conf_kn': 0.991, 'conf_unk': 0.000} t:112.4s v:17.8s
09_05_14:44 openset_imagenet.binary_ensemble_combined_emnist INFO: Saving best model experiments/ex_1/net_4/bce_binary_ensemble_combined_emnist_best.pth at epoch: 43
09_05_14:46 openset_imagenet.binary_ensemble_combined_emnist INFO: loss:bce protocol:2 ep:44 train:{'j': 0.023} val:{'j': 0.025, 'conf_kn': 0.991, 'conf_unk': 0.000} t:110.3s v:19.6s
09_05_14:46 openset_imagenet.binary_ensemble_combined_emnist INFO: Saving best model experiments/ex_1/net_4/bce_binary_ensemble_combined_emnist_best.pth at epoch: 44
09_05_14:48 openset_imagenet.binary_ensemble_combined_emnist INFO: loss:bce protocol:2 ep:45 train:{'j': 0.022} val:{'j': 0.026, 'conf_kn': 0.991, 'conf_unk': 0.000} t:110.7s v:17.9s
09_05_14:50 openset_imagenet.binary_ensemble_combined_emnist INFO: loss:bce protocol:2 ep:46 train:{'j': 0.022} val:{'j': 0.025, 'conf_kn': 0.992, 'conf_unk': 0.000} t:113.8s v:18.2s
09_05_14:50 openset_imagenet.binary_ensemble_combined_emnist INFO: Saving best model experiments/ex_1/net_4/bce_binary_ensemble_combined_emnist_best.pth at epoch: 46
09_05_14:52 openset_imagenet.binary_ensemble_combined_emnist INFO: loss:bce protocol:2 ep:47 train:{'j': 0.021} val:{'j': 0.024, 'conf_kn': 0.992, 'conf_unk': 0.000} t:110.5s v:18.2s
09_05_14:52 openset_imagenet.binary_ensemble_combined_emnist INFO: Saving best model experiments/ex_1/net_4/bce_binary_ensemble_combined_emnist_best.pth at epoch: 47
09_05_14:54 openset_imagenet.binary_ensemble_combined_emnist INFO: loss:bce protocol:2 ep:48 train:{'j': 0.021} val:{'j': 0.024, 'conf_kn': 0.992, 'conf_unk': 0.000} t:112.1s v:18.1s
09_05_14:57 openset_imagenet.binary_ensemble_combined_emnist INFO: loss:bce protocol:2 ep:49 train:{'j': 0.020} val:{'j': 0.025, 'conf_kn': 0.991, 'conf_unk': 0.000} t:113.3s v:17.8s
09_05_14:57 openset_imagenet.binary_ensemble_combined_emnist INFO: Training finished
