09_05_12:51 openset_imagenet.binary_ensemble_combined_emnist INFO: ============ Data ============
09_05_12:51 openset_imagenet.binary_ensemble_combined_emnist INFO: train_len:60000, labels:10
09_05_12:51 openset_imagenet.binary_ensemble_combined_emnist INFO: val_len:10000, labels:10
09_05_12:51 openset_imagenet.binary_ensemble_combined_emnist INFO: ========== Training ==========
09_05_12:51 openset_imagenet.binary_ensemble_combined_emnist INFO: Initial epoch: 0
09_05_12:51 openset_imagenet.binary_ensemble_combined_emnist INFO: Last epoch: 50
09_05_12:51 openset_imagenet.binary_ensemble_combined_emnist INFO: Batch size: 32
09_05_12:51 openset_imagenet.binary_ensemble_combined_emnist INFO: workers: 0
09_05_12:51 openset_imagenet.binary_ensemble_combined_emnist INFO: Loss: bce
09_05_12:51 openset_imagenet.binary_ensemble_combined_emnist INFO: optimizer: sgd
09_05_12:51 openset_imagenet.binary_ensemble_combined_emnist INFO: Learning rate: 0.001
09_05_12:51 openset_imagenet.binary_ensemble_combined_emnist INFO: Device: 7
09_05_12:51 openset_imagenet.binary_ensemble_combined_emnist INFO: Number of binary outputs: 126
09_05_12:51 openset_imagenet.binary_ensemble_combined_emnist INFO: Using following approach to generate sets: random
09_05_12:51 openset_imagenet.binary_ensemble_combined_emnist INFO: Training...
09_05_12:54 openset_imagenet.binary_ensemble_combined_emnist INFO: loss:bce protocol:2 ep:0 train:{'j': 0.693} val:{'j': 0.693, 'conf_kn': 0.503, 'conf_unk': 0.000} t:175.6s v:28.7s
09_05_12:54 openset_imagenet.binary_ensemble_combined_emnist INFO: Saving best model experiments/ex_1/net_1/bce_binary_ensemble_combined_emnist_best.pth at epoch: 0
09_05_12:58 openset_imagenet.binary_ensemble_combined_emnist INFO: loss:bce protocol:2 ep:1 train:{'j': 0.693} val:{'j': 0.693, 'conf_kn': 0.507, 'conf_unk': 0.000} t:177.8s v:28.8s
09_05_12:58 openset_imagenet.binary_ensemble_combined_emnist INFO: Saving best model experiments/ex_1/net_1/bce_binary_ensemble_combined_emnist_best.pth at epoch: 1
09_05_13:01 openset_imagenet.binary_ensemble_combined_emnist INFO: loss:bce protocol:2 ep:2 train:{'j': 0.693} val:{'j': 0.693, 'conf_kn': 0.512, 'conf_unk': 0.000} t:176.7s v:28.0s
09_05_13:01 openset_imagenet.binary_ensemble_combined_emnist INFO: Saving best model experiments/ex_1/net_1/bce_binary_ensemble_combined_emnist_best.pth at epoch: 2
09_05_13:04 openset_imagenet.binary_ensemble_combined_emnist INFO: loss:bce protocol:2 ep:3 train:{'j': 0.693} val:{'j': 0.692, 'conf_kn': 0.522, 'conf_unk': 0.000} t:150.8s v:24.0s
09_05_13:04 openset_imagenet.binary_ensemble_combined_emnist INFO: Saving best model experiments/ex_1/net_1/bce_binary_ensemble_combined_emnist_best.pth at epoch: 3
09_05_13:07 openset_imagenet.binary_ensemble_combined_emnist INFO: loss:bce protocol:2 ep:4 train:{'j': 0.692} val:{'j': 0.692, 'conf_kn': 0.533, 'conf_unk': 0.000} t:147.7s v:23.3s
09_05_13:07 openset_imagenet.binary_ensemble_combined_emnist INFO: Saving best model experiments/ex_1/net_1/bce_binary_ensemble_combined_emnist_best.pth at epoch: 4
09_05_13:10 openset_imagenet.binary_ensemble_combined_emnist INFO: loss:bce protocol:2 ep:5 train:{'j': 0.692} val:{'j': 0.691, 'conf_kn': 0.545, 'conf_unk': 0.000} t:150.6s v:23.6s
09_05_13:10 openset_imagenet.binary_ensemble_combined_emnist INFO: Saving best model experiments/ex_1/net_1/bce_binary_ensemble_combined_emnist_best.pth at epoch: 5
09_05_13:13 openset_imagenet.binary_ensemble_combined_emnist INFO: loss:bce protocol:2 ep:6 train:{'j': 0.690} val:{'j': 0.689, 'conf_kn': 0.558, 'conf_unk': 0.000} t:150.6s v:23.9s
09_05_13:13 openset_imagenet.binary_ensemble_combined_emnist INFO: Saving best model experiments/ex_1/net_1/bce_binary_ensemble_combined_emnist_best.pth at epoch: 6
09_05_13:16 openset_imagenet.binary_ensemble_combined_emnist INFO: loss:bce protocol:2 ep:7 train:{'j': 0.687} val:{'j': 0.684, 'conf_kn': 0.578, 'conf_unk': 0.000} t:147.0s v:26.4s
09_05_13:16 openset_imagenet.binary_ensemble_combined_emnist INFO: Saving best model experiments/ex_1/net_1/bce_binary_ensemble_combined_emnist_best.pth at epoch: 7
09_05_13:19 openset_imagenet.binary_ensemble_combined_emnist INFO: loss:bce protocol:2 ep:8 train:{'j': 0.672} val:{'j': 0.651, 'conf_kn': 0.629, 'conf_unk': 0.000} t:146.1s v:23.9s
09_05_13:19 openset_imagenet.binary_ensemble_combined_emnist INFO: Saving best model experiments/ex_1/net_1/bce_binary_ensemble_combined_emnist_best.pth at epoch: 8
09_05_13:22 openset_imagenet.binary_ensemble_combined_emnist INFO: loss:bce protocol:2 ep:9 train:{'j': 0.590} val:{'j': 0.524, 'conf_kn': 0.737, 'conf_unk': 0.000} t:147.8s v:24.1s
09_05_13:22 openset_imagenet.binary_ensemble_combined_emnist INFO: Saving best model experiments/ex_1/net_1/bce_binary_ensemble_combined_emnist_best.pth at epoch: 9
09_05_13:24 openset_imagenet.binary_ensemble_combined_emnist INFO: loss:bce protocol:2 ep:10 train:{'j': 0.452} val:{'j': 0.378, 'conf_kn': 0.837, 'conf_unk': 0.000} t:149.4s v:23.9s
09_05_13:24 openset_imagenet.binary_ensemble_combined_emnist INFO: Saving best model experiments/ex_1/net_1/bce_binary_ensemble_combined_emnist_best.pth at epoch: 10
09_05_13:27 openset_imagenet.binary_ensemble_combined_emnist INFO: loss:bce protocol:2 ep:11 train:{'j': 0.310} val:{'j': 0.255, 'conf_kn': 0.901, 'conf_unk': 0.000} t:149.7s v:24.5s
09_05_13:27 openset_imagenet.binary_ensemble_combined_emnist INFO: Saving best model experiments/ex_1/net_1/bce_binary_ensemble_combined_emnist_best.pth at epoch: 11
09_05_13:30 openset_imagenet.binary_ensemble_combined_emnist INFO: loss:bce protocol:2 ep:12 train:{'j': 0.209} val:{'j': 0.179, 'conf_kn': 0.935, 'conf_unk': 0.000} t:154.4s v:24.8s
09_05_13:30 openset_imagenet.binary_ensemble_combined_emnist INFO: Saving best model experiments/ex_1/net_1/bce_binary_ensemble_combined_emnist_best.pth at epoch: 12
09_05_13:33 openset_imagenet.binary_ensemble_combined_emnist INFO: loss:bce protocol:2 ep:13 train:{'j': 0.153} val:{'j': 0.138, 'conf_kn': 0.951, 'conf_unk': 0.000} t:156.2s v:25.4s
09_05_13:33 openset_imagenet.binary_ensemble_combined_emnist INFO: Saving best model experiments/ex_1/net_1/bce_binary_ensemble_combined_emnist_best.pth at epoch: 13
09_05_13:36 openset_imagenet.binary_ensemble_combined_emnist INFO: loss:bce protocol:2 ep:14 train:{'j': 0.122} val:{'j': 0.115, 'conf_kn': 0.960, 'conf_unk': 0.000} t:156.6s v:23.9s
09_05_13:36 openset_imagenet.binary_ensemble_combined_emnist INFO: Saving best model experiments/ex_1/net_1/bce_binary_ensemble_combined_emnist_best.pth at epoch: 14
09_05_13:39 openset_imagenet.binary_ensemble_combined_emnist INFO: loss:bce protocol:2 ep:15 train:{'j': 0.103} val:{'j': 0.097, 'conf_kn': 0.966, 'conf_unk': 0.000} t:147.3s v:25.9s
09_05_13:39 openset_imagenet.binary_ensemble_combined_emnist INFO: Saving best model experiments/ex_1/net_1/bce_binary_ensemble_combined_emnist_best.pth at epoch: 15
09_05_13:42 openset_imagenet.binary_ensemble_combined_emnist INFO: loss:bce protocol:2 ep:16 train:{'j': 0.089} val:{'j': 0.085, 'conf_kn': 0.971, 'conf_unk': 0.000} t:146.1s v:23.6s
09_05_13:42 openset_imagenet.binary_ensemble_combined_emnist INFO: Saving best model experiments/ex_1/net_1/bce_binary_ensemble_combined_emnist_best.pth at epoch: 16
09_05_13:45 openset_imagenet.binary_ensemble_combined_emnist INFO: loss:bce protocol:2 ep:17 train:{'j': 0.079} val:{'j': 0.075, 'conf_kn': 0.974, 'conf_unk': 0.000} t:149.5s v:23.7s
09_05_13:45 openset_imagenet.binary_ensemble_combined_emnist INFO: Saving best model experiments/ex_1/net_1/bce_binary_ensemble_combined_emnist_best.pth at epoch: 17
09_05_13:48 openset_imagenet.binary_ensemble_combined_emnist INFO: loss:bce protocol:2 ep:18 train:{'j': 0.071} val:{'j': 0.071, 'conf_kn': 0.976, 'conf_unk': 0.000} t:148.9s v:24.2s
09_05_13:48 openset_imagenet.binary_ensemble_combined_emnist INFO: Saving best model experiments/ex_1/net_1/bce_binary_ensemble_combined_emnist_best.pth at epoch: 18
09_05_13:51 openset_imagenet.binary_ensemble_combined_emnist INFO: loss:bce protocol:2 ep:19 train:{'j': 0.065} val:{'j': 0.064, 'conf_kn': 0.978, 'conf_unk': 0.000} t:148.1s v:23.4s
09_05_13:51 openset_imagenet.binary_ensemble_combined_emnist INFO: Saving best model experiments/ex_1/net_1/bce_binary_ensemble_combined_emnist_best.pth at epoch: 19
09_05_13:54 openset_imagenet.binary_ensemble_combined_emnist INFO: loss:bce protocol:2 ep:20 train:{'j': 0.060} val:{'j': 0.060, 'conf_kn': 0.980, 'conf_unk': 0.000} t:146.0s v:24.1s
09_05_13:54 openset_imagenet.binary_ensemble_combined_emnist INFO: Saving best model experiments/ex_1/net_1/bce_binary_ensemble_combined_emnist_best.pth at epoch: 20
09_05_13:56 openset_imagenet.binary_ensemble_combined_emnist INFO: loss:bce protocol:2 ep:21 train:{'j': 0.056} val:{'j': 0.056, 'conf_kn': 0.981, 'conf_unk': 0.000} t:148.8s v:23.9s
09_05_13:56 openset_imagenet.binary_ensemble_combined_emnist INFO: Saving best model experiments/ex_1/net_1/bce_binary_ensemble_combined_emnist_best.pth at epoch: 21
09_05_13:59 openset_imagenet.binary_ensemble_combined_emnist INFO: loss:bce protocol:2 ep:22 train:{'j': 0.053} val:{'j': 0.052, 'conf_kn': 0.982, 'conf_unk': 0.000} t:147.0s v:24.9s
09_05_13:59 openset_imagenet.binary_ensemble_combined_emnist INFO: Saving best model experiments/ex_1/net_1/bce_binary_ensemble_combined_emnist_best.pth at epoch: 22
09_05_14:02 openset_imagenet.binary_ensemble_combined_emnist INFO: loss:bce protocol:2 ep:23 train:{'j': 0.050} val:{'j': 0.051, 'conf_kn': 0.983, 'conf_unk': 0.000} t:145.4s v:23.9s
09_05_14:02 openset_imagenet.binary_ensemble_combined_emnist INFO: Saving best model experiments/ex_1/net_1/bce_binary_ensemble_combined_emnist_best.pth at epoch: 23
09_05_14:05 openset_imagenet.binary_ensemble_combined_emnist INFO: loss:bce protocol:2 ep:24 train:{'j': 0.048} val:{'j': 0.047, 'conf_kn': 0.984, 'conf_unk': 0.000} t:146.7s v:23.8s
09_05_14:05 openset_imagenet.binary_ensemble_combined_emnist INFO: Saving best model experiments/ex_1/net_1/bce_binary_ensemble_combined_emnist_best.pth at epoch: 24
09_05_14:08 openset_imagenet.binary_ensemble_combined_emnist INFO: loss:bce protocol:2 ep:25 train:{'j': 0.046} val:{'j': 0.047, 'conf_kn': 0.984, 'conf_unk': 0.000} t:147.8s v:24.1s
09_05_14:11 openset_imagenet.binary_ensemble_combined_emnist INFO: loss:bce protocol:2 ep:26 train:{'j': 0.044} val:{'j': 0.044, 'conf_kn': 0.985, 'conf_unk': 0.000} t:148.0s v:23.7s
09_05_14:11 openset_imagenet.binary_ensemble_combined_emnist INFO: Saving best model experiments/ex_1/net_1/bce_binary_ensemble_combined_emnist_best.pth at epoch: 26
09_05_14:14 openset_imagenet.binary_ensemble_combined_emnist INFO: loss:bce protocol:2 ep:27 train:{'j': 0.042} val:{'j': 0.042, 'conf_kn': 0.986, 'conf_unk': 0.000} t:148.1s v:23.7s
09_05_14:14 openset_imagenet.binary_ensemble_combined_emnist INFO: Saving best model experiments/ex_1/net_1/bce_binary_ensemble_combined_emnist_best.pth at epoch: 27
09_05_14:16 openset_imagenet.binary_ensemble_combined_emnist INFO: loss:bce protocol:2 ep:28 train:{'j': 0.040} val:{'j': 0.043, 'conf_kn': 0.985, 'conf_unk': 0.000} t:146.5s v:24.1s
09_05_14:19 openset_imagenet.binary_ensemble_combined_emnist INFO: loss:bce protocol:2 ep:29 train:{'j': 0.039} val:{'j': 0.041, 'conf_kn': 0.986, 'conf_unk': 0.000} t:144.5s v:25.7s
09_05_14:19 openset_imagenet.binary_ensemble_combined_emnist INFO: Saving best model experiments/ex_1/net_1/bce_binary_ensemble_combined_emnist_best.pth at epoch: 29
09_05_14:22 openset_imagenet.binary_ensemble_combined_emnist INFO: loss:bce protocol:2 ep:30 train:{'j': 0.037} val:{'j': 0.037, 'conf_kn': 0.987, 'conf_unk': 0.000} t:143.6s v:23.3s
09_05_14:22 openset_imagenet.binary_ensemble_combined_emnist INFO: Saving best model experiments/ex_1/net_1/bce_binary_ensemble_combined_emnist_best.pth at epoch: 30
09_05_14:25 openset_imagenet.binary_ensemble_combined_emnist INFO: loss:bce protocol:2 ep:31 train:{'j': 0.036} val:{'j': 0.038, 'conf_kn': 0.987, 'conf_unk': 0.000} t:145.8s v:23.4s
09_05_14:28 openset_imagenet.binary_ensemble_combined_emnist INFO: loss:bce protocol:2 ep:32 train:{'j': 0.035} val:{'j': 0.035, 'conf_kn': 0.988, 'conf_unk': 0.000} t:147.0s v:23.5s
09_05_14:28 openset_imagenet.binary_ensemble_combined_emnist INFO: Saving best model experiments/ex_1/net_1/bce_binary_ensemble_combined_emnist_best.pth at epoch: 32
09_05_14:30 openset_imagenet.binary_ensemble_combined_emnist INFO: loss:bce protocol:2 ep:33 train:{'j': 0.034} val:{'j': 0.036, 'conf_kn': 0.988, 'conf_unk': 0.000} t:147.6s v:23.5s
09_05_14:33 openset_imagenet.binary_ensemble_combined_emnist INFO: loss:bce protocol:2 ep:34 train:{'j': 0.033} val:{'j': 0.035, 'conf_kn': 0.988, 'conf_unk': 0.000} t:147.3s v:23.4s
09_05_14:33 openset_imagenet.binary_ensemble_combined_emnist INFO: Saving best model experiments/ex_1/net_1/bce_binary_ensemble_combined_emnist_best.pth at epoch: 34
09_05_14:36 openset_imagenet.binary_ensemble_combined_emnist INFO: loss:bce protocol:2 ep:35 train:{'j': 0.032} val:{'j': 0.034, 'conf_kn': 0.988, 'conf_unk': 0.000} t:145.8s v:25.2s
09_05_14:39 openset_imagenet.binary_ensemble_combined_emnist INFO: loss:bce protocol:2 ep:36 train:{'j': 0.031} val:{'j': 0.034, 'conf_kn': 0.988, 'conf_unk': 0.000} t:145.0s v:23.5s
09_05_14:39 openset_imagenet.binary_ensemble_combined_emnist INFO: Saving best model experiments/ex_1/net_1/bce_binary_ensemble_combined_emnist_best.pth at epoch: 36
09_05_14:42 openset_imagenet.binary_ensemble_combined_emnist INFO: loss:bce protocol:2 ep:37 train:{'j': 0.030} val:{'j': 0.033, 'conf_kn': 0.989, 'conf_unk': 0.000} t:146.0s v:23.3s
09_05_14:42 openset_imagenet.binary_ensemble_combined_emnist INFO: Saving best model experiments/ex_1/net_1/bce_binary_ensemble_combined_emnist_best.pth at epoch: 37
09_05_14:45 openset_imagenet.binary_ensemble_combined_emnist INFO: loss:bce protocol:2 ep:38 train:{'j': 0.030} val:{'j': 0.032, 'conf_kn': 0.989, 'conf_unk': 0.000} t:146.1s v:23.3s
09_05_14:45 openset_imagenet.binary_ensemble_combined_emnist INFO: Saving best model experiments/ex_1/net_1/bce_binary_ensemble_combined_emnist_best.pth at epoch: 38
09_05_14:47 openset_imagenet.binary_ensemble_combined_emnist INFO: loss:bce protocol:2 ep:39 train:{'j': 0.029} val:{'j': 0.033, 'conf_kn': 0.989, 'conf_unk': 0.000} t:145.8s v:23.7s
09_05_14:50 openset_imagenet.binary_ensemble_combined_emnist INFO: loss:bce protocol:2 ep:40 train:{'j': 0.028} val:{'j': 0.031, 'conf_kn': 0.989, 'conf_unk': 0.000} t:147.3s v:24.1s
09_05_14:50 openset_imagenet.binary_ensemble_combined_emnist INFO: Saving best model experiments/ex_1/net_1/bce_binary_ensemble_combined_emnist_best.pth at epoch: 40
09_05_14:53 openset_imagenet.binary_ensemble_combined_emnist INFO: loss:bce protocol:2 ep:41 train:{'j': 0.027} val:{'j': 0.031, 'conf_kn': 0.990, 'conf_unk': 0.000} t:147.0s v:23.5s
09_05_14:53 openset_imagenet.binary_ensemble_combined_emnist INFO: Saving best model experiments/ex_1/net_1/bce_binary_ensemble_combined_emnist_best.pth at epoch: 41
09_05_14:56 openset_imagenet.binary_ensemble_combined_emnist INFO: loss:bce protocol:2 ep:42 train:{'j': 0.027} val:{'j': 0.029, 'conf_kn': 0.990, 'conf_unk': 0.000} t:147.0s v:23.6s
09_05_14:56 openset_imagenet.binary_ensemble_combined_emnist INFO: Saving best model experiments/ex_1/net_1/bce_binary_ensemble_combined_emnist_best.pth at epoch: 42
09_05_14:59 openset_imagenet.binary_ensemble_combined_emnist INFO: loss:bce protocol:2 ep:43 train:{'j': 0.026} val:{'j': 0.029, 'conf_kn': 0.990, 'conf_unk': 0.000} t:144.9s v:25.8s
09_05_14:59 openset_imagenet.binary_ensemble_combined_emnist INFO: Saving best model experiments/ex_1/net_1/bce_binary_ensemble_combined_emnist_best.pth at epoch: 43
09_05_15:02 openset_imagenet.binary_ensemble_combined_emnist INFO: loss:bce protocol:2 ep:44 train:{'j': 0.025} val:{'j': 0.027, 'conf_kn': 0.990, 'conf_unk': 0.000} t:146.4s v:23.7s
09_05_15:02 openset_imagenet.binary_ensemble_combined_emnist INFO: Saving best model experiments/ex_1/net_1/bce_binary_ensemble_combined_emnist_best.pth at epoch: 44
09_05_15:05 openset_imagenet.binary_ensemble_combined_emnist INFO: loss:bce protocol:2 ep:45 train:{'j': 0.025} val:{'j': 0.028, 'conf_kn': 0.991, 'conf_unk': 0.000} t:146.0s v:23.3s
09_05_15:05 openset_imagenet.binary_ensemble_combined_emnist INFO: Saving best model experiments/ex_1/net_1/bce_binary_ensemble_combined_emnist_best.pth at epoch: 45
09_05_15:07 openset_imagenet.binary_ensemble_combined_emnist INFO: loss:bce protocol:2 ep:46 train:{'j': 0.024} val:{'j': 0.028, 'conf_kn': 0.990, 'conf_unk': 0.000} t:146.2s v:23.5s
09_05_15:10 openset_imagenet.binary_ensemble_combined_emnist INFO: loss:bce protocol:2 ep:47 train:{'j': 0.024} val:{'j': 0.030, 'conf_kn': 0.990, 'conf_unk': 0.000} t:146.1s v:23.4s
09_05_15:13 openset_imagenet.binary_ensemble_combined_emnist INFO: loss:bce protocol:2 ep:48 train:{'j': 0.024} val:{'j': 0.026, 'conf_kn': 0.991, 'conf_unk': 0.000} t:145.0s v:23.6s
09_05_15:13 openset_imagenet.binary_ensemble_combined_emnist INFO: Saving best model experiments/ex_1/net_1/bce_binary_ensemble_combined_emnist_best.pth at epoch: 48
09_05_15:16 openset_imagenet.binary_ensemble_combined_emnist INFO: loss:bce protocol:2 ep:49 train:{'j': 0.023} val:{'j': 0.027, 'conf_kn': 0.991, 'conf_unk': 0.000} t:145.8s v:23.4s
09_05_15:16 openset_imagenet.binary_ensemble_combined_emnist INFO: Training finished
