07_05_16:28 openset_imagenet.binary_ensemble_combined_emnist INFO: ============ Data ============
07_05_16:28 openset_imagenet.binary_ensemble_combined_emnist INFO: train_len:60000, labels:10
07_05_16:28 openset_imagenet.binary_ensemble_combined_emnist INFO: val_len:10000, labels:10
07_05_16:28 openset_imagenet.binary_ensemble_combined_emnist INFO: ========== Training ==========
07_05_16:28 openset_imagenet.binary_ensemble_combined_emnist INFO: Initial epoch: 0
07_05_16:28 openset_imagenet.binary_ensemble_combined_emnist INFO: Last epoch: 50
07_05_16:28 openset_imagenet.binary_ensemble_combined_emnist INFO: Batch size: 32
07_05_16:28 openset_imagenet.binary_ensemble_combined_emnist INFO: workers: 0
07_05_16:28 openset_imagenet.binary_ensemble_combined_emnist INFO: Loss: bce
07_05_16:28 openset_imagenet.binary_ensemble_combined_emnist INFO: optimizer: sgd
07_05_16:28 openset_imagenet.binary_ensemble_combined_emnist INFO: Learning rate: 0.001
07_05_16:28 openset_imagenet.binary_ensemble_combined_emnist INFO: Device: 2
07_05_16:28 openset_imagenet.binary_ensemble_combined_emnist INFO: Number of binary outputs: 126
07_05_16:28 openset_imagenet.binary_ensemble_combined_emnist INFO: Using following approach to generate sets: random
07_05_16:28 openset_imagenet.binary_ensemble_combined_emnist INFO: Training...
07_05_16:32 openset_imagenet.binary_ensemble_combined_emnist INFO: loss:bce protocol:2 ep:0 train:{'j': 0.693} val:{'j': 0.693, 'conf_kn': 0.503, 'conf_unk': 0.000} t:185.9s v:32.2s
07_05_16:32 openset_imagenet.binary_ensemble_combined_emnist INFO: Saving best model experiments/ex_1/net_1/bce_binary_ensemble_combined_emnist_best.pth at epoch: 0
07_05_16:36 openset_imagenet.binary_ensemble_combined_emnist INFO: loss:bce protocol:2 ep:1 train:{'j': 0.693} val:{'j': 0.693, 'conf_kn': 0.507, 'conf_unk': 0.000} t:194.4s v:32.5s
07_05_16:36 openset_imagenet.binary_ensemble_combined_emnist INFO: Saving best model experiments/ex_1/net_1/bce_binary_ensemble_combined_emnist_best.pth at epoch: 1
07_05_16:40 openset_imagenet.binary_ensemble_combined_emnist INFO: loss:bce protocol:2 ep:2 train:{'j': 0.693} val:{'j': 0.693, 'conf_kn': 0.512, 'conf_unk': 0.000} t:193.9s v:33.5s
07_05_16:40 openset_imagenet.binary_ensemble_combined_emnist INFO: Saving best model experiments/ex_1/net_1/bce_binary_ensemble_combined_emnist_best.pth at epoch: 2
07_05_16:44 openset_imagenet.binary_ensemble_combined_emnist INFO: loss:bce protocol:2 ep:3 train:{'j': 0.693} val:{'j': 0.692, 'conf_kn': 0.522, 'conf_unk': 0.000} t:215.3s v:37.1s
07_05_16:44 openset_imagenet.binary_ensemble_combined_emnist INFO: Saving best model experiments/ex_1/net_1/bce_binary_ensemble_combined_emnist_best.pth at epoch: 3
07_05_16:48 openset_imagenet.binary_ensemble_combined_emnist INFO: loss:bce protocol:2 ep:4 train:{'j': 0.692} val:{'j': 0.692, 'conf_kn': 0.533, 'conf_unk': 0.000} t:198.2s v:32.4s
07_05_16:48 openset_imagenet.binary_ensemble_combined_emnist INFO: Saving best model experiments/ex_1/net_1/bce_binary_ensemble_combined_emnist_best.pth at epoch: 4
07_05_16:52 openset_imagenet.binary_ensemble_combined_emnist INFO: loss:bce protocol:2 ep:5 train:{'j': 0.692} val:{'j': 0.691, 'conf_kn': 0.545, 'conf_unk': 0.000} t:199.1s v:32.9s
07_05_16:52 openset_imagenet.binary_ensemble_combined_emnist INFO: Saving best model experiments/ex_1/net_1/bce_binary_ensemble_combined_emnist_best.pth at epoch: 5
07_05_16:55 openset_imagenet.binary_ensemble_combined_emnist INFO: loss:bce protocol:2 ep:6 train:{'j': 0.690} val:{'j': 0.689, 'conf_kn': 0.558, 'conf_unk': 0.000} t:199.8s v:32.9s
07_05_16:55 openset_imagenet.binary_ensemble_combined_emnist INFO: Saving best model experiments/ex_1/net_1/bce_binary_ensemble_combined_emnist_best.pth at epoch: 6
07_05_16:59 openset_imagenet.binary_ensemble_combined_emnist INFO: loss:bce protocol:2 ep:7 train:{'j': 0.687} val:{'j': 0.684, 'conf_kn': 0.578, 'conf_unk': 0.000} t:200.4s v:33.1s
07_05_16:59 openset_imagenet.binary_ensemble_combined_emnist INFO: Saving best model experiments/ex_1/net_1/bce_binary_ensemble_combined_emnist_best.pth at epoch: 7
07_05_17:03 openset_imagenet.binary_ensemble_combined_emnist INFO: loss:bce protocol:2 ep:8 train:{'j': 0.672} val:{'j': 0.651, 'conf_kn': 0.629, 'conf_unk': 0.000} t:200.2s v:32.8s
07_05_17:03 openset_imagenet.binary_ensemble_combined_emnist INFO: Saving best model experiments/ex_1/net_1/bce_binary_ensemble_combined_emnist_best.pth at epoch: 8
07_05_17:07 openset_imagenet.binary_ensemble_combined_emnist INFO: loss:bce protocol:2 ep:9 train:{'j': 0.590} val:{'j': 0.524, 'conf_kn': 0.737, 'conf_unk': 0.000} t:200.5s v:32.7s
07_05_17:07 openset_imagenet.binary_ensemble_combined_emnist INFO: Saving best model experiments/ex_1/net_1/bce_binary_ensemble_combined_emnist_best.pth at epoch: 9
07_05_17:11 openset_imagenet.binary_ensemble_combined_emnist INFO: loss:bce protocol:2 ep:10 train:{'j': 0.452} val:{'j': 0.378, 'conf_kn': 0.837, 'conf_unk': 0.000} t:200.1s v:32.9s
07_05_17:11 openset_imagenet.binary_ensemble_combined_emnist INFO: Saving best model experiments/ex_1/net_1/bce_binary_ensemble_combined_emnist_best.pth at epoch: 10
07_05_17:15 openset_imagenet.binary_ensemble_combined_emnist INFO: loss:bce protocol:2 ep:11 train:{'j': 0.311} val:{'j': 0.255, 'conf_kn': 0.901, 'conf_unk': 0.000} t:200.2s v:32.7s
07_05_17:15 openset_imagenet.binary_ensemble_combined_emnist INFO: Saving best model experiments/ex_1/net_1/bce_binary_ensemble_combined_emnist_best.pth at epoch: 11
07_05_17:19 openset_imagenet.binary_ensemble_combined_emnist INFO: loss:bce protocol:2 ep:12 train:{'j': 0.209} val:{'j': 0.179, 'conf_kn': 0.935, 'conf_unk': 0.000} t:200.5s v:33.2s
07_05_17:19 openset_imagenet.binary_ensemble_combined_emnist INFO: Saving best model experiments/ex_1/net_1/bce_binary_ensemble_combined_emnist_best.pth at epoch: 12
07_05_17:23 openset_imagenet.binary_ensemble_combined_emnist INFO: loss:bce protocol:2 ep:13 train:{'j': 0.153} val:{'j': 0.138, 'conf_kn': 0.951, 'conf_unk': 0.000} t:200.2s v:32.5s
07_05_17:23 openset_imagenet.binary_ensemble_combined_emnist INFO: Saving best model experiments/ex_1/net_1/bce_binary_ensemble_combined_emnist_best.pth at epoch: 13
07_05_17:27 openset_imagenet.binary_ensemble_combined_emnist INFO: loss:bce protocol:2 ep:14 train:{'j': 0.122} val:{'j': 0.115, 'conf_kn': 0.960, 'conf_unk': 0.000} t:198.4s v:32.5s
07_05_17:27 openset_imagenet.binary_ensemble_combined_emnist INFO: Saving best model experiments/ex_1/net_1/bce_binary_ensemble_combined_emnist_best.pth at epoch: 14
07_05_17:30 openset_imagenet.binary_ensemble_combined_emnist INFO: loss:bce protocol:2 ep:15 train:{'j': 0.103} val:{'j': 0.097, 'conf_kn': 0.966, 'conf_unk': 0.000} t:204.3s v:33.6s
07_05_17:30 openset_imagenet.binary_ensemble_combined_emnist INFO: Saving best model experiments/ex_1/net_1/bce_binary_ensemble_combined_emnist_best.pth at epoch: 15
07_05_17:34 openset_imagenet.binary_ensemble_combined_emnist INFO: loss:bce protocol:2 ep:16 train:{'j': 0.089} val:{'j': 0.085, 'conf_kn': 0.971, 'conf_unk': 0.000} t:206.7s v:33.8s
07_05_17:34 openset_imagenet.binary_ensemble_combined_emnist INFO: Saving best model experiments/ex_1/net_1/bce_binary_ensemble_combined_emnist_best.pth at epoch: 16
07_05_17:38 openset_imagenet.binary_ensemble_combined_emnist INFO: loss:bce protocol:2 ep:17 train:{'j': 0.079} val:{'j': 0.075, 'conf_kn': 0.974, 'conf_unk': 0.000} t:204.5s v:32.0s
07_05_17:38 openset_imagenet.binary_ensemble_combined_emnist INFO: Saving best model experiments/ex_1/net_1/bce_binary_ensemble_combined_emnist_best.pth at epoch: 17
07_05_17:42 openset_imagenet.binary_ensemble_combined_emnist INFO: loss:bce protocol:2 ep:18 train:{'j': 0.071} val:{'j': 0.071, 'conf_kn': 0.976, 'conf_unk': 0.000} t:196.6s v:32.1s
07_05_17:42 openset_imagenet.binary_ensemble_combined_emnist INFO: Saving best model experiments/ex_1/net_1/bce_binary_ensemble_combined_emnist_best.pth at epoch: 18
07_05_17:46 openset_imagenet.binary_ensemble_combined_emnist INFO: loss:bce protocol:2 ep:19 train:{'j': 0.065} val:{'j': 0.064, 'conf_kn': 0.978, 'conf_unk': 0.000} t:192.3s v:30.8s
07_05_17:46 openset_imagenet.binary_ensemble_combined_emnist INFO: Saving best model experiments/ex_1/net_1/bce_binary_ensemble_combined_emnist_best.pth at epoch: 19
07_05_17:49 openset_imagenet.binary_ensemble_combined_emnist INFO: loss:bce protocol:2 ep:20 train:{'j': 0.060} val:{'j': 0.060, 'conf_kn': 0.980, 'conf_unk': 0.000} t:181.9s v:29.3s
07_05_17:49 openset_imagenet.binary_ensemble_combined_emnist INFO: Saving best model experiments/ex_1/net_1/bce_binary_ensemble_combined_emnist_best.pth at epoch: 20
07_05_17:53 openset_imagenet.binary_ensemble_combined_emnist INFO: loss:bce protocol:2 ep:21 train:{'j': 0.056} val:{'j': 0.056, 'conf_kn': 0.981, 'conf_unk': 0.000} t:181.7s v:29.6s
07_05_17:53 openset_imagenet.binary_ensemble_combined_emnist INFO: Saving best model experiments/ex_1/net_1/bce_binary_ensemble_combined_emnist_best.pth at epoch: 21
07_05_17:56 openset_imagenet.binary_ensemble_combined_emnist INFO: loss:bce protocol:2 ep:22 train:{'j': 0.053} val:{'j': 0.052, 'conf_kn': 0.982, 'conf_unk': 0.000} t:180.3s v:29.1s
07_05_17:56 openset_imagenet.binary_ensemble_combined_emnist INFO: Saving best model experiments/ex_1/net_1/bce_binary_ensemble_combined_emnist_best.pth at epoch: 22
07_05_18:00 openset_imagenet.binary_ensemble_combined_emnist INFO: loss:bce protocol:2 ep:23 train:{'j': 0.050} val:{'j': 0.051, 'conf_kn': 0.983, 'conf_unk': 0.000} t:177.6s v:28.9s
07_05_18:00 openset_imagenet.binary_ensemble_combined_emnist INFO: Saving best model experiments/ex_1/net_1/bce_binary_ensemble_combined_emnist_best.pth at epoch: 23
07_05_18:03 openset_imagenet.binary_ensemble_combined_emnist INFO: loss:bce protocol:2 ep:24 train:{'j': 0.048} val:{'j': 0.047, 'conf_kn': 0.984, 'conf_unk': 0.000} t:177.4s v:29.5s
07_05_18:03 openset_imagenet.binary_ensemble_combined_emnist INFO: Saving best model experiments/ex_1/net_1/bce_binary_ensemble_combined_emnist_best.pth at epoch: 24
07_05_18:07 openset_imagenet.binary_ensemble_combined_emnist INFO: loss:bce protocol:2 ep:25 train:{'j': 0.046} val:{'j': 0.047, 'conf_kn': 0.984, 'conf_unk': 0.000} t:186.0s v:30.9s
07_05_18:11 openset_imagenet.binary_ensemble_combined_emnist INFO: loss:bce protocol:2 ep:26 train:{'j': 0.044} val:{'j': 0.044, 'conf_kn': 0.985, 'conf_unk': 0.000} t:189.8s v:31.0s
07_05_18:11 openset_imagenet.binary_ensemble_combined_emnist INFO: Saving best model experiments/ex_1/net_1/bce_binary_ensemble_combined_emnist_best.pth at epoch: 26
07_05_18:14 openset_imagenet.binary_ensemble_combined_emnist INFO: loss:bce protocol:2 ep:27 train:{'j': 0.042} val:{'j': 0.042, 'conf_kn': 0.986, 'conf_unk': 0.000} t:190.2s v:30.8s
07_05_18:14 openset_imagenet.binary_ensemble_combined_emnist INFO: Saving best model experiments/ex_1/net_1/bce_binary_ensemble_combined_emnist_best.pth at epoch: 27
07_05_18:18 openset_imagenet.binary_ensemble_combined_emnist INFO: loss:bce protocol:2 ep:28 train:{'j': 0.040} val:{'j': 0.043, 'conf_kn': 0.985, 'conf_unk': 0.000} t:187.3s v:30.9s
07_05_18:22 openset_imagenet.binary_ensemble_combined_emnist INFO: loss:bce protocol:2 ep:29 train:{'j': 0.039} val:{'j': 0.041, 'conf_kn': 0.986, 'conf_unk': 0.000} t:187.6s v:29.5s
07_05_18:22 openset_imagenet.binary_ensemble_combined_emnist INFO: Saving best model experiments/ex_1/net_1/bce_binary_ensemble_combined_emnist_best.pth at epoch: 29
07_05_18:25 openset_imagenet.binary_ensemble_combined_emnist INFO: loss:bce protocol:2 ep:30 train:{'j': 0.037} val:{'j': 0.037, 'conf_kn': 0.987, 'conf_unk': 0.000} t:179.8s v:29.5s
07_05_18:25 openset_imagenet.binary_ensemble_combined_emnist INFO: Saving best model experiments/ex_1/net_1/bce_binary_ensemble_combined_emnist_best.pth at epoch: 30
07_05_18:29 openset_imagenet.binary_ensemble_combined_emnist INFO: loss:bce protocol:2 ep:31 train:{'j': 0.036} val:{'j': 0.039, 'conf_kn': 0.987, 'conf_unk': 0.000} t:179.1s v:29.3s
07_05_18:32 openset_imagenet.binary_ensemble_combined_emnist INFO: loss:bce protocol:2 ep:32 train:{'j': 0.035} val:{'j': 0.035, 'conf_kn': 0.988, 'conf_unk': 0.000} t:179.1s v:29.7s
07_05_18:32 openset_imagenet.binary_ensemble_combined_emnist INFO: Saving best model experiments/ex_1/net_1/bce_binary_ensemble_combined_emnist_best.pth at epoch: 32
07_05_18:36 openset_imagenet.binary_ensemble_combined_emnist INFO: loss:bce protocol:2 ep:33 train:{'j': 0.034} val:{'j': 0.036, 'conf_kn': 0.988, 'conf_unk': 0.000} t:179.2s v:29.2s
07_05_18:39 openset_imagenet.binary_ensemble_combined_emnist INFO: loss:bce protocol:2 ep:34 train:{'j': 0.033} val:{'j': 0.035, 'conf_kn': 0.988, 'conf_unk': 0.000} t:179.4s v:29.3s
07_05_18:39 openset_imagenet.binary_ensemble_combined_emnist INFO: Saving best model experiments/ex_1/net_1/bce_binary_ensemble_combined_emnist_best.pth at epoch: 34
07_05_18:42 openset_imagenet.binary_ensemble_combined_emnist INFO: loss:bce protocol:2 ep:35 train:{'j': 0.032} val:{'j': 0.034, 'conf_kn': 0.988, 'conf_unk': 0.000} t:179.5s v:29.3s
07_05_18:46 openset_imagenet.binary_ensemble_combined_emnist INFO: loss:bce protocol:2 ep:36 train:{'j': 0.031} val:{'j': 0.034, 'conf_kn': 0.989, 'conf_unk': 0.000} t:162.1s v:25.0s
07_05_18:46 openset_imagenet.binary_ensemble_combined_emnist INFO: Saving best model experiments/ex_1/net_1/bce_binary_ensemble_combined_emnist_best.pth at epoch: 36
07_05_18:49 openset_imagenet.binary_ensemble_combined_emnist INFO: loss:bce protocol:2 ep:37 train:{'j': 0.030} val:{'j': 0.033, 'conf_kn': 0.989, 'conf_unk': 0.000} t:152.9s v:23.9s
07_05_18:49 openset_imagenet.binary_ensemble_combined_emnist INFO: Saving best model experiments/ex_1/net_1/bce_binary_ensemble_combined_emnist_best.pth at epoch: 37
07_05_18:52 openset_imagenet.binary_ensemble_combined_emnist INFO: loss:bce protocol:2 ep:38 train:{'j': 0.030} val:{'j': 0.032, 'conf_kn': 0.989, 'conf_unk': 0.000} t:152.7s v:25.3s
07_05_18:52 openset_imagenet.binary_ensemble_combined_emnist INFO: Saving best model experiments/ex_1/net_1/bce_binary_ensemble_combined_emnist_best.pth at epoch: 38
07_05_18:54 openset_imagenet.binary_ensemble_combined_emnist INFO: loss:bce protocol:2 ep:39 train:{'j': 0.029} val:{'j': 0.033, 'conf_kn': 0.989, 'conf_unk': 0.000} t:149.3s v:23.9s
07_05_18:57 openset_imagenet.binary_ensemble_combined_emnist INFO: loss:bce protocol:2 ep:40 train:{'j': 0.028} val:{'j': 0.031, 'conf_kn': 0.989, 'conf_unk': 0.000} t:150.6s v:25.5s
07_05_18:57 openset_imagenet.binary_ensemble_combined_emnist INFO: Saving best model experiments/ex_1/net_1/bce_binary_ensemble_combined_emnist_best.pth at epoch: 40
07_05_19:00 openset_imagenet.binary_ensemble_combined_emnist INFO: loss:bce protocol:2 ep:41 train:{'j': 0.027} val:{'j': 0.031, 'conf_kn': 0.990, 'conf_unk': 0.000} t:153.6s v:25.1s
07_05_19:00 openset_imagenet.binary_ensemble_combined_emnist INFO: Saving best model experiments/ex_1/net_1/bce_binary_ensemble_combined_emnist_best.pth at epoch: 41
07_05_19:03 openset_imagenet.binary_ensemble_combined_emnist INFO: loss:bce protocol:2 ep:42 train:{'j': 0.027} val:{'j': 0.029, 'conf_kn': 0.990, 'conf_unk': 0.000} t:152.8s v:25.7s
07_05_19:03 openset_imagenet.binary_ensemble_combined_emnist INFO: Saving best model experiments/ex_1/net_1/bce_binary_ensemble_combined_emnist_best.pth at epoch: 42
07_05_19:06 openset_imagenet.binary_ensemble_combined_emnist INFO: loss:bce protocol:2 ep:43 train:{'j': 0.026} val:{'j': 0.029, 'conf_kn': 0.990, 'conf_unk': 0.000} t:154.0s v:25.0s
07_05_19:06 openset_imagenet.binary_ensemble_combined_emnist INFO: Saving best model experiments/ex_1/net_1/bce_binary_ensemble_combined_emnist_best.pth at epoch: 43
07_05_19:09 openset_imagenet.binary_ensemble_combined_emnist INFO: loss:bce protocol:2 ep:44 train:{'j': 0.025} val:{'j': 0.027, 'conf_kn': 0.990, 'conf_unk': 0.000} t:154.7s v:25.3s
07_05_19:09 openset_imagenet.binary_ensemble_combined_emnist INFO: Saving best model experiments/ex_1/net_1/bce_binary_ensemble_combined_emnist_best.pth at epoch: 44
07_05_19:12 openset_imagenet.binary_ensemble_combined_emnist INFO: loss:bce protocol:2 ep:45 train:{'j': 0.025} val:{'j': 0.027, 'conf_kn': 0.991, 'conf_unk': 0.000} t:154.7s v:25.1s
07_05_19:12 openset_imagenet.binary_ensemble_combined_emnist INFO: Saving best model experiments/ex_1/net_1/bce_binary_ensemble_combined_emnist_best.pth at epoch: 45
07_05_19:15 openset_imagenet.binary_ensemble_combined_emnist INFO: loss:bce protocol:2 ep:46 train:{'j': 0.024} val:{'j': 0.028, 'conf_kn': 0.990, 'conf_unk': 0.000} t:154.8s v:25.0s
07_05_19:18 openset_imagenet.binary_ensemble_combined_emnist INFO: loss:bce protocol:2 ep:47 train:{'j': 0.024} val:{'j': 0.030, 'conf_kn': 0.990, 'conf_unk': 0.000} t:150.2s v:23.8s
07_05_19:21 openset_imagenet.binary_ensemble_combined_emnist INFO: loss:bce protocol:2 ep:48 train:{'j': 0.024} val:{'j': 0.026, 'conf_kn': 0.991, 'conf_unk': 0.000} t:145.7s v:23.7s
07_05_19:21 openset_imagenet.binary_ensemble_combined_emnist INFO: Saving best model experiments/ex_1/net_1/bce_binary_ensemble_combined_emnist_best.pth at epoch: 48
07_05_19:24 openset_imagenet.binary_ensemble_combined_emnist INFO: loss:bce protocol:2 ep:49 train:{'j': 0.023} val:{'j': 0.027, 'conf_kn': 0.991, 'conf_unk': 0.000} t:145.6s v:23.9s
07_05_19:24 openset_imagenet.binary_ensemble_combined_emnist INFO: Training finished
