16_05_15:07 openset_imagenet.binary_ensemble_combined_emnist INFO: ============ Data ============
16_05_15:07 openset_imagenet.binary_ensemble_combined_emnist INFO: train_len:28895, labels:30
16_05_15:07 openset_imagenet.binary_ensemble_combined_emnist INFO: val_len:7224, labels:30
16_05_15:07 openset_imagenet.binary_ensemble_combined_emnist INFO: Using Negatives for Training: False
16_05_15:07 openset_imagenet.binary_ensemble_combined_emnist INFO: ========== Training ==========
16_05_15:07 openset_imagenet.binary_ensemble_combined_emnist INFO: Initial epoch: 0
16_05_15:07 openset_imagenet.binary_ensemble_combined_emnist INFO: Last epoch: 50
16_05_15:07 openset_imagenet.binary_ensemble_combined_emnist INFO: Batch size: 32
16_05_15:07 openset_imagenet.binary_ensemble_combined_emnist INFO: workers: 4
16_05_15:07 openset_imagenet.binary_ensemble_combined_emnist INFO: Loss: bce
16_05_15:07 openset_imagenet.binary_ensemble_combined_emnist INFO: optimizer: sgd
16_05_15:07 openset_imagenet.binary_ensemble_combined_emnist INFO: Learning rate: 0.001
16_05_15:07 openset_imagenet.binary_ensemble_combined_emnist INFO: Device: 4
16_05_15:07 openset_imagenet.binary_ensemble_combined_emnist INFO: Number of binary outputs: 6
16_05_15:07 openset_imagenet.binary_ensemble_combined_emnist INFO: Using following approach to generate sets: random
16_05_15:07 openset_imagenet.binary_ensemble_combined_emnist INFO: Training...
16_05_15:09 openset_imagenet.binary_ensemble_combined_emnist INFO: loss:bce protocol:2 ep:0 train:{'j': 0.695} val:{'j': 0.693, 'conf_kn': 0.516, 'conf_unk': 0.000} t:137.3s v:11.7s
16_05_15:10 openset_imagenet.binary_ensemble_combined_emnist INFO: Saving best model experiments/ex_5/net_2/bce_binary_ensemble_combined_emnist_best.pth at epoch: 0
16_05_15:12 openset_imagenet.binary_ensemble_combined_emnist INFO: loss:bce protocol:2 ep:1 train:{'j': 0.693} val:{'j': 0.692, 'conf_kn': 0.523, 'conf_unk': 0.000} t:136.6s v:12.4s
16_05_15:12 openset_imagenet.binary_ensemble_combined_emnist INFO: Saving best model experiments/ex_5/net_2/bce_binary_ensemble_combined_emnist_best.pth at epoch: 1
16_05_15:15 openset_imagenet.binary_ensemble_combined_emnist INFO: loss:bce protocol:2 ep:2 train:{'j': 0.692} val:{'j': 0.694, 'conf_kn': 0.522, 'conf_unk': 0.000} t:137.9s v:12.9s
16_05_15:17 openset_imagenet.binary_ensemble_combined_emnist INFO: loss:bce protocol:2 ep:3 train:{'j': 0.690} val:{'j': 0.694, 'conf_kn': 0.532, 'conf_unk': 0.000} t:139.2s v:12.7s
16_05_15:17 openset_imagenet.binary_ensemble_combined_emnist INFO: Saving best model experiments/ex_5/net_2/bce_binary_ensemble_combined_emnist_best.pth at epoch: 3
16_05_15:20 openset_imagenet.binary_ensemble_combined_emnist INFO: loss:bce protocol:2 ep:4 train:{'j': 0.688} val:{'j': 0.685, 'conf_kn': 0.549, 'conf_unk': 0.000} t:140.6s v:13.2s
16_05_15:20 openset_imagenet.binary_ensemble_combined_emnist INFO: Saving best model experiments/ex_5/net_2/bce_binary_ensemble_combined_emnist_best.pth at epoch: 4
16_05_15:23 openset_imagenet.binary_ensemble_combined_emnist INFO: loss:bce protocol:2 ep:5 train:{'j': 0.686} val:{'j': 0.685, 'conf_kn': 0.550, 'conf_unk': 0.000} t:137.2s v:12.3s
16_05_15:23 openset_imagenet.binary_ensemble_combined_emnist INFO: Saving best model experiments/ex_5/net_2/bce_binary_ensemble_combined_emnist_best.pth at epoch: 5
16_05_15:25 openset_imagenet.binary_ensemble_combined_emnist INFO: loss:bce protocol:2 ep:6 train:{'j': 0.685} val:{'j': 0.683, 'conf_kn': 0.557, 'conf_unk': 0.000} t:145.2s v:12.9s
16_05_15:25 openset_imagenet.binary_ensemble_combined_emnist INFO: Saving best model experiments/ex_5/net_2/bce_binary_ensemble_combined_emnist_best.pth at epoch: 6
16_05_15:28 openset_imagenet.binary_ensemble_combined_emnist INFO: loss:bce protocol:2 ep:7 train:{'j': 0.685} val:{'j': 0.684, 'conf_kn': 0.552, 'conf_unk': 0.000} t:145.9s v:12.8s
16_05_15:31 openset_imagenet.binary_ensemble_combined_emnist INFO: loss:bce protocol:2 ep:8 train:{'j': 0.684} val:{'j': 0.683, 'conf_kn': 0.554, 'conf_unk': 0.000} t:138.5s v:12.1s
16_05_15:33 openset_imagenet.binary_ensemble_combined_emnist INFO: loss:bce protocol:2 ep:9 train:{'j': 0.683} val:{'j': 0.685, 'conf_kn': 0.552, 'conf_unk': 0.000} t:138.3s v:12.4s
16_05_15:36 openset_imagenet.binary_ensemble_combined_emnist INFO: loss:bce protocol:2 ep:10 train:{'j': 0.683} val:{'j': 0.680, 'conf_kn': 0.560, 'conf_unk': 0.000} t:138.2s v:11.7s
16_05_15:36 openset_imagenet.binary_ensemble_combined_emnist INFO: Saving best model experiments/ex_5/net_2/bce_binary_ensemble_combined_emnist_best.pth at epoch: 10
16_05_15:38 openset_imagenet.binary_ensemble_combined_emnist INFO: loss:bce protocol:2 ep:11 train:{'j': 0.681} val:{'j': 0.679, 'conf_kn': 0.560, 'conf_unk': 0.000} t:137.0s v:11.7s
16_05_15:41 openset_imagenet.binary_ensemble_combined_emnist INFO: loss:bce protocol:2 ep:12 train:{'j': 0.681} val:{'j': 0.680, 'conf_kn': 0.561, 'conf_unk': 0.000} t:137.3s v:11.5s
16_05_15:41 openset_imagenet.binary_ensemble_combined_emnist INFO: Saving best model experiments/ex_5/net_2/bce_binary_ensemble_combined_emnist_best.pth at epoch: 12
16_05_15:44 openset_imagenet.binary_ensemble_combined_emnist INFO: loss:bce protocol:2 ep:13 train:{'j': 0.680} val:{'j': 0.679, 'conf_kn': 0.565, 'conf_unk': 0.000} t:136.8s v:11.6s
16_05_15:44 openset_imagenet.binary_ensemble_combined_emnist INFO: Saving best model experiments/ex_5/net_2/bce_binary_ensemble_combined_emnist_best.pth at epoch: 13
16_05_15:46 openset_imagenet.binary_ensemble_combined_emnist INFO: loss:bce protocol:2 ep:14 train:{'j': 0.679} val:{'j': 0.678, 'conf_kn': 0.566, 'conf_unk': 0.000} t:136.6s v:11.6s
16_05_15:47 openset_imagenet.binary_ensemble_combined_emnist INFO: Saving best model experiments/ex_5/net_2/bce_binary_ensemble_combined_emnist_best.pth at epoch: 14
16_05_15:49 openset_imagenet.binary_ensemble_combined_emnist INFO: loss:bce protocol:2 ep:15 train:{'j': 0.678} val:{'j': 0.679, 'conf_kn': 0.566, 'conf_unk': 0.000} t:137.2s v:11.5s
16_05_15:52 openset_imagenet.binary_ensemble_combined_emnist INFO: loss:bce protocol:2 ep:16 train:{'j': 0.677} val:{'j': 0.677, 'conf_kn': 0.568, 'conf_unk': 0.000} t:147.1s v:22.8s
16_05_15:52 openset_imagenet.binary_ensemble_combined_emnist INFO: Saving best model experiments/ex_5/net_2/bce_binary_ensemble_combined_emnist_best.pth at epoch: 16
16_05_15:57 openset_imagenet.binary_ensemble_combined_emnist INFO: loss:bce protocol:2 ep:17 train:{'j': 0.676} val:{'j': 0.675, 'conf_kn': 0.571, 'conf_unk': 0.000} t:232.2s v:22.8s
16_05_15:57 openset_imagenet.binary_ensemble_combined_emnist INFO: Saving best model experiments/ex_5/net_2/bce_binary_ensemble_combined_emnist_best.pth at epoch: 17
16_05_16:01 openset_imagenet.binary_ensemble_combined_emnist INFO: loss:bce protocol:2 ep:18 train:{'j': 0.676} val:{'j': 0.677, 'conf_kn': 0.568, 'conf_unk': 0.000} t:240.8s v:22.2s
16_05_16:06 openset_imagenet.binary_ensemble_combined_emnist INFO: loss:bce protocol:2 ep:19 train:{'j': 0.675} val:{'j': 0.676, 'conf_kn': 0.575, 'conf_unk': 0.000} t:247.9s v:25.0s
16_05_16:06 openset_imagenet.binary_ensemble_combined_emnist INFO: Saving best model experiments/ex_5/net_2/bce_binary_ensemble_combined_emnist_best.pth at epoch: 19
16_05_16:11 openset_imagenet.binary_ensemble_combined_emnist INFO: loss:bce protocol:2 ep:20 train:{'j': 0.674} val:{'j': 0.676, 'conf_kn': 0.573, 'conf_unk': 0.000} t:271.8s v:25.9s
16_05_16:16 openset_imagenet.binary_ensemble_combined_emnist INFO: loss:bce protocol:2 ep:21 train:{'j': 0.673} val:{'j': 0.675, 'conf_kn': 0.572, 'conf_unk': 0.000} t:274.3s v:24.1s
16_05_16:21 openset_imagenet.binary_ensemble_combined_emnist INFO: loss:bce protocol:2 ep:22 train:{'j': 0.672} val:{'j': 0.672, 'conf_kn': 0.580, 'conf_unk': 0.000} t:273.6s v:26.1s
16_05_16:21 openset_imagenet.binary_ensemble_combined_emnist INFO: Saving best model experiments/ex_5/net_2/bce_binary_ensemble_combined_emnist_best.pth at epoch: 22
16_05_16:26 openset_imagenet.binary_ensemble_combined_emnist INFO: loss:bce protocol:2 ep:23 train:{'j': 0.672} val:{'j': 0.672, 'conf_kn': 0.580, 'conf_unk': 0.000} t:266.3s v:23.3s
16_05_16:26 openset_imagenet.binary_ensemble_combined_emnist INFO: Saving best model experiments/ex_5/net_2/bce_binary_ensemble_combined_emnist_best.pth at epoch: 23
16_05_16:32 openset_imagenet.binary_ensemble_combined_emnist INFO: loss:bce protocol:2 ep:24 train:{'j': 0.670} val:{'j': 0.670, 'conf_kn': 0.579, 'conf_unk': 0.000} t:277.9s v:25.6s
16_05_16:37 openset_imagenet.binary_ensemble_combined_emnist INFO: loss:bce protocol:2 ep:25 train:{'j': 0.669} val:{'j': 0.667, 'conf_kn': 0.591, 'conf_unk': 0.000} t:277.7s v:26.9s
16_05_16:37 openset_imagenet.binary_ensemble_combined_emnist INFO: Saving best model experiments/ex_5/net_2/bce_binary_ensemble_combined_emnist_best.pth at epoch: 25
16_05_16:42 openset_imagenet.binary_ensemble_combined_emnist INFO: loss:bce protocol:2 ep:26 train:{'j': 0.667} val:{'j': 0.666, 'conf_kn': 0.589, 'conf_unk': 0.000} t:251.0s v:27.4s
16_05_16:47 openset_imagenet.binary_ensemble_combined_emnist INFO: loss:bce protocol:2 ep:27 train:{'j': 0.666} val:{'j': 0.665, 'conf_kn': 0.590, 'conf_unk': 0.000} t:255.6s v:25.7s
16_05_16:52 openset_imagenet.binary_ensemble_combined_emnist INFO: loss:bce protocol:2 ep:28 train:{'j': 0.665} val:{'j': 0.664, 'conf_kn': 0.595, 'conf_unk': 0.000} t:247.2s v:25.9s
16_05_16:52 openset_imagenet.binary_ensemble_combined_emnist INFO: Saving best model experiments/ex_5/net_2/bce_binary_ensemble_combined_emnist_best.pth at epoch: 28
16_05_16:57 openset_imagenet.binary_ensemble_combined_emnist INFO: loss:bce protocol:2 ep:29 train:{'j': 0.664} val:{'j': 0.662, 'conf_kn': 0.597, 'conf_unk': 0.000} t:273.7s v:17.7s
16_05_16:57 openset_imagenet.binary_ensemble_combined_emnist INFO: Saving best model experiments/ex_5/net_2/bce_binary_ensemble_combined_emnist_best.pth at epoch: 29
16_05_17:02 openset_imagenet.binary_ensemble_combined_emnist INFO: loss:bce protocol:2 ep:30 train:{'j': 0.663} val:{'j': 0.659, 'conf_kn': 0.601, 'conf_unk': 0.000} t:279.4s v:26.3s
16_05_17:02 openset_imagenet.binary_ensemble_combined_emnist INFO: Saving best model experiments/ex_5/net_2/bce_binary_ensemble_combined_emnist_best.pth at epoch: 30
16_05_17:07 openset_imagenet.binary_ensemble_combined_emnist INFO: loss:bce protocol:2 ep:31 train:{'j': 0.660} val:{'j': 0.659, 'conf_kn': 0.601, 'conf_unk': 0.000} t:272.5s v:25.9s
16_05_17:12 openset_imagenet.binary_ensemble_combined_emnist INFO: loss:bce protocol:2 ep:32 train:{'j': 0.659} val:{'j': 0.660, 'conf_kn': 0.599, 'conf_unk': 0.000} t:270.9s v:26.7s
16_05_17:17 openset_imagenet.binary_ensemble_combined_emnist INFO: loss:bce protocol:2 ep:33 train:{'j': 0.658} val:{'j': 0.655, 'conf_kn': 0.606, 'conf_unk': 0.000} t:268.7s v:24.7s
16_05_17:17 openset_imagenet.binary_ensemble_combined_emnist INFO: Saving best model experiments/ex_5/net_2/bce_binary_ensemble_combined_emnist_best.pth at epoch: 33
16_05_17:23 openset_imagenet.binary_ensemble_combined_emnist INFO: loss:bce protocol:2 ep:34 train:{'j': 0.656} val:{'j': 0.655, 'conf_kn': 0.608, 'conf_unk': 0.000} t:275.7s v:23.3s
16_05_17:23 openset_imagenet.binary_ensemble_combined_emnist INFO: Saving best model experiments/ex_5/net_2/bce_binary_ensemble_combined_emnist_best.pth at epoch: 34
16_05_17:28 openset_imagenet.binary_ensemble_combined_emnist INFO: loss:bce protocol:2 ep:35 train:{'j': 0.655} val:{'j': 0.656, 'conf_kn': 0.606, 'conf_unk': 0.000} t:277.8s v:25.4s
16_05_17:33 openset_imagenet.binary_ensemble_combined_emnist INFO: loss:bce protocol:2 ep:36 train:{'j': 0.653} val:{'j': 0.661, 'conf_kn': 0.603, 'conf_unk': 0.000} t:282.0s v:24.7s
16_05_17:38 openset_imagenet.binary_ensemble_combined_emnist INFO: loss:bce protocol:2 ep:37 train:{'j': 0.652} val:{'j': 0.652, 'conf_kn': 0.613, 'conf_unk': 0.000} t:267.6s v:26.5s
16_05_17:38 openset_imagenet.binary_ensemble_combined_emnist INFO: Saving best model experiments/ex_5/net_2/bce_binary_ensemble_combined_emnist_best.pth at epoch: 37
16_05_17:43 openset_imagenet.binary_ensemble_combined_emnist INFO: loss:bce protocol:2 ep:38 train:{'j': 0.652} val:{'j': 0.651, 'conf_kn': 0.612, 'conf_unk': 0.000} t:273.7s v:21.5s
16_05_17:48 openset_imagenet.binary_ensemble_combined_emnist INFO: loss:bce protocol:2 ep:39 train:{'j': 0.649} val:{'j': 0.653, 'conf_kn': 0.612, 'conf_unk': 0.000} t:261.0s v:17.6s
16_05_17:53 openset_imagenet.binary_ensemble_combined_emnist INFO: loss:bce protocol:2 ep:40 train:{'j': 0.648} val:{'j': 0.653, 'conf_kn': 0.607, 'conf_unk': 0.000} t:275.9s v:28.5s
16_05_17:58 openset_imagenet.binary_ensemble_combined_emnist INFO: loss:bce protocol:2 ep:41 train:{'j': 0.648} val:{'j': 0.649, 'conf_kn': 0.617, 'conf_unk': 0.000} t:269.5s v:24.8s
16_05_17:58 openset_imagenet.binary_ensemble_combined_emnist INFO: Saving best model experiments/ex_5/net_2/bce_binary_ensemble_combined_emnist_best.pth at epoch: 41
16_05_18:03 openset_imagenet.binary_ensemble_combined_emnist INFO: loss:bce protocol:2 ep:42 train:{'j': 0.646} val:{'j': 0.647, 'conf_kn': 0.621, 'conf_unk': 0.000} t:265.4s v:26.9s
16_05_18:03 openset_imagenet.binary_ensemble_combined_emnist INFO: Saving best model experiments/ex_5/net_2/bce_binary_ensemble_combined_emnist_best.pth at epoch: 42
16_05_18:08 openset_imagenet.binary_ensemble_combined_emnist INFO: loss:bce protocol:2 ep:43 train:{'j': 0.645} val:{'j': 0.655, 'conf_kn': 0.614, 'conf_unk': 0.000} t:246.8s v:23.0s
16_05_18:12 openset_imagenet.binary_ensemble_combined_emnist INFO: loss:bce protocol:2 ep:44 train:{'j': 0.643} val:{'j': 0.651, 'conf_kn': 0.612, 'conf_unk': 0.000} t:245.0s v:23.7s
16_05_18:17 openset_imagenet.binary_ensemble_combined_emnist INFO: loss:bce protocol:2 ep:45 train:{'j': 0.642} val:{'j': 0.640, 'conf_kn': 0.628, 'conf_unk': 0.000} t:240.0s v:23.5s
16_05_18:17 openset_imagenet.binary_ensemble_combined_emnist INFO: Saving best model experiments/ex_5/net_2/bce_binary_ensemble_combined_emnist_best.pth at epoch: 45
16_05_18:22 openset_imagenet.binary_ensemble_combined_emnist INFO: loss:bce protocol:2 ep:46 train:{'j': 0.640} val:{'j': 0.639, 'conf_kn': 0.627, 'conf_unk': 0.000} t:244.9s v:23.3s
16_05_18:26 openset_imagenet.binary_ensemble_combined_emnist INFO: loss:bce protocol:2 ep:47 train:{'j': 0.639} val:{'j': 0.663, 'conf_kn': 0.609, 'conf_unk': 0.000} t:241.9s v:23.5s
16_05_18:31 openset_imagenet.binary_ensemble_combined_emnist INFO: loss:bce protocol:2 ep:48 train:{'j': 0.637} val:{'j': 0.639, 'conf_kn': 0.630, 'conf_unk': 0.000} t:242.7s v:24.0s
16_05_18:31 openset_imagenet.binary_ensemble_combined_emnist INFO: Saving best model experiments/ex_5/net_2/bce_binary_ensemble_combined_emnist_best.pth at epoch: 48
16_05_18:35 openset_imagenet.binary_ensemble_combined_emnist INFO: loss:bce protocol:2 ep:49 train:{'j': 0.635} val:{'j': 0.634, 'conf_kn': 0.630, 'conf_unk': 0.000} t:244.0s v:23.7s
16_05_18:35 openset_imagenet.binary_ensemble_combined_emnist INFO: Saving best model experiments/ex_5/net_2/bce_binary_ensemble_combined_emnist_best.pth at epoch: 49
16_05_18:35 openset_imagenet.binary_ensemble_combined_emnist INFO: Training finished
