05_06_16:41 openset_imagenet.binary_ensemble_combined_emnist INFO: ============ Data ============
05_06_16:41 openset_imagenet.binary_ensemble_combined_emnist INFO: train_len:28895, labels:30
05_06_16:41 openset_imagenet.binary_ensemble_combined_emnist INFO: val_len:15173, labels:31
05_06_16:41 openset_imagenet.binary_ensemble_combined_emnist INFO: Using Negatives for Training: False
05_06_16:41 openset_imagenet.binary_ensemble_combined_emnist INFO: ========== Training ==========
05_06_16:41 openset_imagenet.binary_ensemble_combined_emnist INFO: Initial epoch: 0
05_06_16:41 openset_imagenet.binary_ensemble_combined_emnist INFO: Last epoch: 120
05_06_16:41 openset_imagenet.binary_ensemble_combined_emnist INFO: Batch size: 32
05_06_16:41 openset_imagenet.binary_ensemble_combined_emnist INFO: workers: 4
05_06_16:41 openset_imagenet.binary_ensemble_combined_emnist INFO: Loss: bce
05_06_16:41 openset_imagenet.binary_ensemble_combined_emnist INFO: optimizer: adam
05_06_16:41 openset_imagenet.binary_ensemble_combined_emnist INFO: Learning rate: 0.001
05_06_16:41 openset_imagenet.binary_ensemble_combined_emnist INFO: Device: 7
05_06_16:41 openset_imagenet.binary_ensemble_combined_emnist INFO: Number of binary outputs: 40
05_06_16:41 openset_imagenet.binary_ensemble_combined_emnist INFO: Using following approach to generate sets: random
05_06_16:41 openset_imagenet.binary_ensemble_combined_emnist INFO: Using Model: resnet50Plus
05_06_16:41 openset_imagenet.binary_ensemble_combined_emnist INFO: Training...
05_06_16:44 openset_imagenet.binary_ensemble_combined_emnist INFO: loss:bce protocol:2 ep:0 train:{'j': 0.690} val:{'j': 0.712, 'conf_kn': 0.074, 'conf_unk': 0.474} t:141.6s v:37.7s
05_06_16:45 openset_imagenet.binary_ensemble_combined_emnist INFO: Saving best model experiments/ex_6/net_8/bce_binary_ensemble_combined_imagenet_best.pth at epoch: 0
05_06_16:48 openset_imagenet.binary_ensemble_combined_emnist INFO: loss:bce protocol:2 ep:1 train:{'j': 0.685} val:{'j': 0.686, 'conf_kn': 0.086, 'conf_unk': 0.462} t:141.4s v:37.3s
05_06_16:48 openset_imagenet.binary_ensemble_combined_emnist INFO: Saving best model experiments/ex_6/net_8/bce_binary_ensemble_combined_imagenet_best.pth at epoch: 1
05_06_16:51 openset_imagenet.binary_ensemble_combined_emnist INFO: loss:bce protocol:2 ep:2 train:{'j': 0.681} val:{'j': 0.699, 'conf_kn': 0.098, 'conf_unk': 0.457} t:140.8s v:37.1s
05_06_16:51 openset_imagenet.binary_ensemble_combined_emnist INFO: Saving best model experiments/ex_6/net_8/bce_binary_ensemble_combined_imagenet_best.pth at epoch: 2
05_06_16:54 openset_imagenet.binary_ensemble_combined_emnist INFO: loss:bce protocol:2 ep:3 train:{'j': 0.676} val:{'j': 0.733, 'conf_kn': 0.076, 'conf_unk': 0.443} t:140.3s v:38.0s
05_06_16:57 openset_imagenet.binary_ensemble_combined_emnist INFO: loss:bce protocol:2 ep:4 train:{'j': 0.670} val:{'j': 0.726, 'conf_kn': 0.132, 'conf_unk': 0.415} t:140.7s v:36.8s
05_06_17:00 openset_imagenet.binary_ensemble_combined_emnist INFO: loss:bce protocol:2 ep:5 train:{'j': 0.663} val:{'j': 0.714, 'conf_kn': 0.145, 'conf_unk': 0.435} t:140.9s v:39.0s
05_06_17:00 openset_imagenet.binary_ensemble_combined_emnist INFO: Saving best model experiments/ex_6/net_8/bce_binary_ensemble_combined_imagenet_best.pth at epoch: 5
05_06_17:03 openset_imagenet.binary_ensemble_combined_emnist INFO: loss:bce protocol:2 ep:6 train:{'j': 0.656} val:{'j': 0.708, 'conf_kn': 0.191, 'conf_unk': 0.414} t:144.3s v:41.7s
05_06_17:03 openset_imagenet.binary_ensemble_combined_emnist INFO: Saving best model experiments/ex_6/net_8/bce_binary_ensemble_combined_imagenet_best.pth at epoch: 6
05_06_17:06 openset_imagenet.binary_ensemble_combined_emnist INFO: loss:bce protocol:2 ep:7 train:{'j': 0.647} val:{'j': 0.726, 'conf_kn': 0.145, 'conf_unk': 0.406} t:145.5s v:41.4s
05_06_17:09 openset_imagenet.binary_ensemble_combined_emnist INFO: loss:bce protocol:2 ep:8 train:{'j': 0.638} val:{'j': 0.866, 'conf_kn': 0.176, 'conf_unk': 0.369} t:141.5s v:37.8s
05_06_17:12 openset_imagenet.binary_ensemble_combined_emnist INFO: loss:bce protocol:2 ep:9 train:{'j': 0.629} val:{'j': 0.680, 'conf_kn': 0.286, 'conf_unk': 0.393} t:140.8s v:36.7s
05_06_17:12 openset_imagenet.binary_ensemble_combined_emnist INFO: Saving best model experiments/ex_6/net_8/bce_binary_ensemble_combined_imagenet_best.pth at epoch: 9
05_06_17:15 openset_imagenet.binary_ensemble_combined_emnist INFO: loss:bce protocol:2 ep:10 train:{'j': 0.618} val:{'j': 0.770, 'conf_kn': 0.259, 'conf_unk': 0.371} t:141.2s v:36.4s
05_06_17:18 openset_imagenet.binary_ensemble_combined_emnist INFO: loss:bce protocol:2 ep:11 train:{'j': 0.607} val:{'j': 0.939, 'conf_kn': 0.123, 'conf_unk': 0.351} t:139.7s v:37.2s
05_06_17:21 openset_imagenet.binary_ensemble_combined_emnist INFO: loss:bce protocol:2 ep:12 train:{'j': 0.594} val:{'j': 0.742, 'conf_kn': 0.325, 'conf_unk': 0.365} t:140.9s v:37.2s
05_06_17:21 openset_imagenet.binary_ensemble_combined_emnist INFO: Saving best model experiments/ex_6/net_8/bce_binary_ensemble_combined_imagenet_best.pth at epoch: 12
05_06_17:24 openset_imagenet.binary_ensemble_combined_emnist INFO: loss:bce protocol:2 ep:13 train:{'j': 0.580} val:{'j': 0.822, 'conf_kn': 0.193, 'conf_unk': 0.288} t:140.7s v:37.1s
05_06_17:27 openset_imagenet.binary_ensemble_combined_emnist INFO: loss:bce protocol:2 ep:14 train:{'j': 0.564} val:{'j': 0.727, 'conf_kn': 0.357, 'conf_unk': 0.348} t:140.5s v:37.0s
05_06_17:27 openset_imagenet.binary_ensemble_combined_emnist INFO: Saving best model experiments/ex_6/net_8/bce_binary_ensemble_combined_imagenet_best.pth at epoch: 14
05_06_17:30 openset_imagenet.binary_ensemble_combined_emnist INFO: loss:bce protocol:2 ep:15 train:{'j': 0.550} val:{'j': 0.779, 'conf_kn': 0.194, 'conf_unk': 0.340} t:140.3s v:37.1s
05_06_17:33 openset_imagenet.binary_ensemble_combined_emnist INFO: loss:bce protocol:2 ep:16 train:{'j': 0.537} val:{'j': 0.711, 'conf_kn': 0.330, 'conf_unk': 0.334} t:140.2s v:37.4s
05_06_17:36 openset_imagenet.binary_ensemble_combined_emnist INFO: loss:bce protocol:2 ep:17 train:{'j': 0.526} val:{'j': 0.768, 'conf_kn': 0.393, 'conf_unk': 0.334} t:140.1s v:37.6s
05_06_17:36 openset_imagenet.binary_ensemble_combined_emnist INFO: Saving best model experiments/ex_6/net_8/bce_binary_ensemble_combined_imagenet_best.pth at epoch: 17
05_06_17:39 openset_imagenet.binary_ensemble_combined_emnist INFO: loss:bce protocol:2 ep:18 train:{'j': 0.514} val:{'j': 0.786, 'conf_kn': 0.378, 'conf_unk': 0.302} t:139.9s v:37.3s
05_06_17:42 openset_imagenet.binary_ensemble_combined_emnist INFO: loss:bce protocol:2 ep:19 train:{'j': 0.503} val:{'j': 0.741, 'conf_kn': 0.486, 'conf_unk': 0.322} t:140.2s v:37.4s
05_06_17:43 openset_imagenet.binary_ensemble_combined_emnist INFO: Saving best model experiments/ex_6/net_8/bce_binary_ensemble_combined_imagenet_best.pth at epoch: 19
05_06_17:46 openset_imagenet.binary_ensemble_combined_emnist INFO: loss:bce protocol:2 ep:20 train:{'j': 0.493} val:{'j': 0.872, 'conf_kn': 0.439, 'conf_unk': 0.300} t:140.1s v:37.4s
05_06_17:49 openset_imagenet.binary_ensemble_combined_emnist INFO: loss:bce protocol:2 ep:21 train:{'j': 0.485} val:{'j': 1.094, 'conf_kn': 0.242, 'conf_unk': 0.274} t:140.3s v:37.6s
05_06_17:52 openset_imagenet.binary_ensemble_combined_emnist INFO: loss:bce protocol:2 ep:22 train:{'j': 0.473} val:{'j': 0.756, 'conf_kn': 0.487, 'conf_unk': 0.296} t:140.8s v:38.0s
05_06_17:55 openset_imagenet.binary_ensemble_combined_emnist INFO: loss:bce protocol:2 ep:23 train:{'j': 0.465} val:{'j': 0.826, 'conf_kn': 0.353, 'conf_unk': 0.288} t:140.1s v:36.7s
05_06_17:58 openset_imagenet.binary_ensemble_combined_emnist INFO: loss:bce protocol:2 ep:24 train:{'j': 0.457} val:{'j': 0.746, 'conf_kn': 0.516, 'conf_unk': 0.299} t:138.6s v:36.5s
05_06_17:58 openset_imagenet.binary_ensemble_combined_emnist INFO: Saving best model experiments/ex_6/net_8/bce_binary_ensemble_combined_imagenet_best.pth at epoch: 24
05_06_18:01 openset_imagenet.binary_ensemble_combined_emnist INFO: loss:bce protocol:2 ep:25 train:{'j': 0.449} val:{'j': 0.787, 'conf_kn': 0.533, 'conf_unk': 0.283} t:139.8s v:38.4s
05_06_18:01 openset_imagenet.binary_ensemble_combined_emnist INFO: Saving best model experiments/ex_6/net_8/bce_binary_ensemble_combined_imagenet_best.pth at epoch: 25
05_06_18:04 openset_imagenet.binary_ensemble_combined_emnist INFO: loss:bce protocol:2 ep:26 train:{'j': 0.437} val:{'j': 0.799, 'conf_kn': 0.536, 'conf_unk': 0.277} t:140.5s v:38.5s
05_06_18:07 openset_imagenet.binary_ensemble_combined_emnist INFO: loss:bce protocol:2 ep:27 train:{'j': 0.433} val:{'j': 0.807, 'conf_kn': 0.531, 'conf_unk': 0.282} t:140.7s v:37.6s
05_06_18:10 openset_imagenet.binary_ensemble_combined_emnist INFO: loss:bce protocol:2 ep:28 train:{'j': 0.424} val:{'j': 0.776, 'conf_kn': 0.537, 'conf_unk': 0.280} t:140.9s v:37.8s
05_06_18:10 openset_imagenet.binary_ensemble_combined_emnist INFO: Saving best model experiments/ex_6/net_8/bce_binary_ensemble_combined_imagenet_best.pth at epoch: 28
05_06_18:13 openset_imagenet.binary_ensemble_combined_emnist INFO: loss:bce protocol:2 ep:29 train:{'j': 0.416} val:{'j': 0.793, 'conf_kn': 0.560, 'conf_unk': 0.270} t:140.0s v:37.7s
05_06_18:13 openset_imagenet.binary_ensemble_combined_emnist INFO: Saving best model experiments/ex_6/net_8/bce_binary_ensemble_combined_imagenet_best.pth at epoch: 29
05_06_18:16 openset_imagenet.binary_ensemble_combined_emnist INFO: loss:bce protocol:2 ep:30 train:{'j': 0.408} val:{'j': 0.767, 'conf_kn': 0.502, 'conf_unk': 0.288} t:140.1s v:37.6s
05_06_18:19 openset_imagenet.binary_ensemble_combined_emnist INFO: loss:bce protocol:2 ep:31 train:{'j': 0.402} val:{'j': 0.832, 'conf_kn': 0.553, 'conf_unk': 0.273} t:139.6s v:37.1s
05_06_18:22 openset_imagenet.binary_ensemble_combined_emnist INFO: loss:bce protocol:2 ep:32 train:{'j': 0.394} val:{'j': 0.908, 'conf_kn': 0.411, 'conf_unk': 0.270} t:141.0s v:36.8s
05_06_18:25 openset_imagenet.binary_ensemble_combined_emnist INFO: loss:bce protocol:2 ep:33 train:{'j': 0.385} val:{'j': 0.913, 'conf_kn': 0.367, 'conf_unk': 0.270} t:139.1s v:37.1s
05_06_18:28 openset_imagenet.binary_ensemble_combined_emnist INFO: loss:bce protocol:2 ep:34 train:{'j': 0.383} val:{'j': 0.870, 'conf_kn': 0.552, 'conf_unk': 0.251} t:139.8s v:36.8s
05_06_18:31 openset_imagenet.binary_ensemble_combined_emnist INFO: loss:bce protocol:2 ep:35 train:{'j': 0.377} val:{'j': 0.835, 'conf_kn': 0.564, 'conf_unk': 0.280} t:139.2s v:37.9s
05_06_18:31 openset_imagenet.binary_ensemble_combined_emnist INFO: Saving best model experiments/ex_6/net_8/bce_binary_ensemble_combined_imagenet_best.pth at epoch: 35
05_06_18:34 openset_imagenet.binary_ensemble_combined_emnist INFO: loss:bce protocol:2 ep:36 train:{'j': 0.366} val:{'j': 0.829, 'conf_kn': 0.563, 'conf_unk': 0.263} t:140.3s v:36.3s
05_06_18:37 openset_imagenet.binary_ensemble_combined_emnist INFO: loss:bce protocol:2 ep:37 train:{'j': 0.362} val:{'j': 0.801, 'conf_kn': 0.536, 'conf_unk': 0.259} t:138.4s v:36.7s
05_06_18:40 openset_imagenet.binary_ensemble_combined_emnist INFO: loss:bce protocol:2 ep:38 train:{'j': 0.354} val:{'j': 0.932, 'conf_kn': 0.602, 'conf_unk': 0.245} t:139.8s v:38.1s
05_06_18:40 openset_imagenet.binary_ensemble_combined_emnist INFO: Saving best model experiments/ex_6/net_8/bce_binary_ensemble_combined_imagenet_best.pth at epoch: 38
05_06_18:43 openset_imagenet.binary_ensemble_combined_emnist INFO: loss:bce protocol:2 ep:39 train:{'j': 0.345} val:{'j': 0.869, 'conf_kn': 0.559, 'conf_unk': 0.262} t:140.3s v:37.6s
05_06_18:46 openset_imagenet.binary_ensemble_combined_emnist INFO: loss:bce protocol:2 ep:40 train:{'j': 0.341} val:{'j': 0.882, 'conf_kn': 0.600, 'conf_unk': 0.248} t:138.8s v:37.7s
05_06_18:46 openset_imagenet.binary_ensemble_combined_emnist INFO: Saving best model experiments/ex_6/net_8/bce_binary_ensemble_combined_imagenet_best.pth at epoch: 40
05_06_18:49 openset_imagenet.binary_ensemble_combined_emnist INFO: loss:bce protocol:2 ep:41 train:{'j': 0.334} val:{'j': 1.023, 'conf_kn': 0.422, 'conf_unk': 0.256} t:138.9s v:36.6s
05_06_18:52 openset_imagenet.binary_ensemble_combined_emnist INFO: loss:bce protocol:2 ep:42 train:{'j': 0.327} val:{'j': 0.859, 'conf_kn': 0.599, 'conf_unk': 0.247} t:139.8s v:36.5s
05_06_18:55 openset_imagenet.binary_ensemble_combined_emnist INFO: loss:bce protocol:2 ep:43 train:{'j': 0.325} val:{'j': 0.819, 'conf_kn': 0.571, 'conf_unk': 0.274} t:140.2s v:37.0s
05_06_18:58 openset_imagenet.binary_ensemble_combined_emnist INFO: loss:bce protocol:2 ep:44 train:{'j': 0.319} val:{'j': 1.019, 'conf_kn': 0.592, 'conf_unk': 0.241} t:139.3s v:36.6s
05_06_19:01 openset_imagenet.binary_ensemble_combined_emnist INFO: loss:bce protocol:2 ep:45 train:{'j': 0.312} val:{'j': 0.848, 'conf_kn': 0.623, 'conf_unk': 0.247} t:139.7s v:37.1s
05_06_19:01 openset_imagenet.binary_ensemble_combined_emnist INFO: Saving best model experiments/ex_6/net_8/bce_binary_ensemble_combined_imagenet_best.pth at epoch: 45
05_06_19:04 openset_imagenet.binary_ensemble_combined_emnist INFO: loss:bce protocol:2 ep:46 train:{'j': 0.306} val:{'j': 0.992, 'conf_kn': 0.504, 'conf_unk': 0.237} t:139.9s v:36.6s
05_06_19:07 openset_imagenet.binary_ensemble_combined_emnist INFO: loss:bce protocol:2 ep:47 train:{'j': 0.299} val:{'j': 0.852, 'conf_kn': 0.600, 'conf_unk': 0.241} t:139.9s v:36.5s
05_06_19:10 openset_imagenet.binary_ensemble_combined_emnist INFO: loss:bce protocol:2 ep:48 train:{'j': 0.293} val:{'j': 0.898, 'conf_kn': 0.625, 'conf_unk': 0.242} t:139.4s v:36.7s
05_06_19:13 openset_imagenet.binary_ensemble_combined_emnist INFO: loss:bce protocol:2 ep:49 train:{'j': 0.290} val:{'j': 0.961, 'conf_kn': 0.620, 'conf_unk': 0.221} t:139.5s v:36.5s
05_06_19:16 openset_imagenet.binary_ensemble_combined_emnist INFO: loss:bce protocol:2 ep:50 train:{'j': 0.282} val:{'j': 0.915, 'conf_kn': 0.557, 'conf_unk': 0.245} t:139.6s v:36.6s
05_06_19:19 openset_imagenet.binary_ensemble_combined_emnist INFO: loss:bce protocol:2 ep:51 train:{'j': 0.280} val:{'j': 0.896, 'conf_kn': 0.565, 'conf_unk': 0.245} t:139.6s v:36.6s
05_06_19:22 openset_imagenet.binary_ensemble_combined_emnist INFO: loss:bce protocol:2 ep:52 train:{'j': 0.274} val:{'j': 0.904, 'conf_kn': 0.561, 'conf_unk': 0.247} t:139.7s v:36.8s
05_06_19:25 openset_imagenet.binary_ensemble_combined_emnist INFO: loss:bce protocol:2 ep:53 train:{'j': 0.279} val:{'j': 1.022, 'conf_kn': 0.597, 'conf_unk': 0.212} t:139.4s v:36.7s
05_06_19:28 openset_imagenet.binary_ensemble_combined_emnist INFO: loss:bce protocol:2 ep:54 train:{'j': 0.261} val:{'j': 0.927, 'conf_kn': 0.515, 'conf_unk': 0.233} t:139.5s v:36.5s
05_06_19:31 openset_imagenet.binary_ensemble_combined_emnist INFO: loss:bce protocol:2 ep:55 train:{'j': 0.257} val:{'j': 0.924, 'conf_kn': 0.626, 'conf_unk': 0.231} t:139.5s v:36.8s
05_06_19:34 openset_imagenet.binary_ensemble_combined_emnist INFO: loss:bce protocol:2 ep:56 train:{'j': 0.250} val:{'j': 0.939, 'conf_kn': 0.599, 'conf_unk': 0.223} t:139.8s v:36.8s
05_06_19:37 openset_imagenet.binary_ensemble_combined_emnist INFO: loss:bce protocol:2 ep:57 train:{'j': 0.291} val:{'j': 0.920, 'conf_kn': 0.603, 'conf_unk': 0.241} t:139.5s v:36.7s
05_06_19:40 openset_imagenet.binary_ensemble_combined_emnist INFO: loss:bce protocol:2 ep:58 train:{'j': 0.262} val:{'j': 1.128, 'conf_kn': 0.590, 'conf_unk': 0.217} t:139.2s v:36.6s
05_06_19:43 openset_imagenet.binary_ensemble_combined_emnist INFO: loss:bce protocol:2 ep:59 train:{'j': 0.239} val:{'j': 1.028, 'conf_kn': 0.584, 'conf_unk': 0.219} t:139.2s v:36.7s
05_06_19:46 openset_imagenet.binary_ensemble_combined_emnist INFO: loss:bce protocol:2 ep:60 train:{'j': 0.233} val:{'j': 1.025, 'conf_kn': 0.636, 'conf_unk': 0.211} t:140.1s v:36.7s
05_06_19:49 openset_imagenet.binary_ensemble_combined_emnist INFO: loss:bce protocol:2 ep:61 train:{'j': 0.234} val:{'j': 0.944, 'conf_kn': 0.518, 'conf_unk': 0.236} t:140.1s v:37.0s
05_06_19:52 openset_imagenet.binary_ensemble_combined_emnist INFO: loss:bce protocol:2 ep:62 train:{'j': 0.221} val:{'j': 1.011, 'conf_kn': 0.605, 'conf_unk': 0.216} t:139.9s v:37.1s
05_06_19:55 openset_imagenet.binary_ensemble_combined_emnist INFO: loss:bce protocol:2 ep:63 train:{'j': 0.223} val:{'j': 0.971, 'conf_kn': 0.637, 'conf_unk': 0.219} t:140.1s v:36.9s
05_06_19:58 openset_imagenet.binary_ensemble_combined_emnist INFO: loss:bce protocol:2 ep:64 train:{'j': 0.225} val:{'j': 0.969, 'conf_kn': 0.620, 'conf_unk': 0.223} t:139.6s v:37.1s
05_06_20:01 openset_imagenet.binary_ensemble_combined_emnist INFO: loss:bce protocol:2 ep:65 train:{'j': 0.214} val:{'j': 1.148, 'conf_kn': 0.619, 'conf_unk': 0.207} t:139.6s v:36.8s
05_06_20:04 openset_imagenet.binary_ensemble_combined_emnist INFO: loss:bce protocol:2 ep:66 train:{'j': 0.210} val:{'j': 1.054, 'conf_kn': 0.606, 'conf_unk': 0.217} t:139.4s v:36.7s
05_06_20:07 openset_imagenet.binary_ensemble_combined_emnist INFO: loss:bce protocol:2 ep:67 train:{'j': 0.204} val:{'j': 1.153, 'conf_kn': 0.617, 'conf_unk': 0.199} t:139.4s v:36.4s
05_06_20:10 openset_imagenet.binary_ensemble_combined_emnist INFO: loss:bce protocol:2 ep:68 train:{'j': 0.199} val:{'j': 1.166, 'conf_kn': 0.602, 'conf_unk': 0.211} t:139.9s v:37.4s
05_06_20:13 openset_imagenet.binary_ensemble_combined_emnist INFO: loss:bce protocol:2 ep:69 train:{'j': 0.204} val:{'j': 0.974, 'conf_kn': 0.630, 'conf_unk': 0.220} t:139.8s v:36.8s
05_06_20:16 openset_imagenet.binary_ensemble_combined_emnist INFO: loss:bce protocol:2 ep:70 train:{'j': 0.198} val:{'j': 1.060, 'conf_kn': 0.623, 'conf_unk': 0.207} t:139.9s v:36.7s
05_06_20:19 openset_imagenet.binary_ensemble_combined_emnist INFO: loss:bce protocol:2 ep:71 train:{'j': 0.187} val:{'j': 0.912, 'conf_kn': 0.560, 'conf_unk': 0.226} t:140.3s v:37.2s
05_06_20:22 openset_imagenet.binary_ensemble_combined_emnist INFO: loss:bce protocol:2 ep:72 train:{'j': 0.185} val:{'j': 1.096, 'conf_kn': 0.618, 'conf_unk': 0.205} t:140.0s v:37.2s
05_06_20:25 openset_imagenet.binary_ensemble_combined_emnist INFO: loss:bce protocol:2 ep:73 train:{'j': 0.179} val:{'j': 1.200, 'conf_kn': 0.629, 'conf_unk': 0.189} t:140.0s v:37.3s
05_06_20:28 openset_imagenet.binary_ensemble_combined_emnist INFO: loss:bce protocol:2 ep:74 train:{'j': 0.188} val:{'j': 1.292, 'conf_kn': 0.616, 'conf_unk': 0.197} t:140.2s v:37.1s
05_06_20:31 openset_imagenet.binary_ensemble_combined_emnist INFO: loss:bce protocol:2 ep:75 train:{'j': 0.170} val:{'j': 1.121, 'conf_kn': 0.623, 'conf_unk': 0.194} t:140.0s v:36.9s
05_06_20:34 openset_imagenet.binary_ensemble_combined_emnist INFO: loss:bce protocol:2 ep:76 train:{'j': 0.179} val:{'j': 1.090, 'conf_kn': 0.612, 'conf_unk': 0.206} t:140.3s v:37.2s
05_06_20:36 openset_imagenet.binary_ensemble_combined_emnist INFO: loss:bce protocol:2 ep:77 train:{'j': 0.164} val:{'j': 1.150, 'conf_kn': 0.647, 'conf_unk': 0.188} t:139.8s v:37.2s
05_06_20:39 openset_imagenet.binary_ensemble_combined_emnist INFO: loss:bce protocol:2 ep:78 train:{'j': 0.164} val:{'j': 1.113, 'conf_kn': 0.535, 'conf_unk': 0.203} t:140.4s v:37.4s
05_06_20:42 openset_imagenet.binary_ensemble_combined_emnist INFO: loss:bce protocol:2 ep:79 train:{'j': 0.155} val:{'j': 1.273, 'conf_kn': 0.637, 'conf_unk': 0.188} t:140.3s v:37.0s
05_06_20:45 openset_imagenet.binary_ensemble_combined_emnist INFO: loss:bce protocol:2 ep:80 train:{'j': 0.158} val:{'j': 1.139, 'conf_kn': 0.618, 'conf_unk': 0.203} t:140.2s v:37.0s
05_06_20:48 openset_imagenet.binary_ensemble_combined_emnist INFO: loss:bce protocol:2 ep:81 train:{'j': 0.152} val:{'j': 1.299, 'conf_kn': 0.637, 'conf_unk': 0.180} t:140.1s v:37.3s
05_06_20:51 openset_imagenet.binary_ensemble_combined_emnist INFO: loss:bce protocol:2 ep:82 train:{'j': 0.150} val:{'j': 1.254, 'conf_kn': 0.639, 'conf_unk': 0.180} t:140.2s v:37.7s
05_06_20:54 openset_imagenet.binary_ensemble_combined_emnist INFO: loss:bce protocol:2 ep:83 train:{'j': 0.144} val:{'j': 1.170, 'conf_kn': 0.641, 'conf_unk': 0.190} t:140.4s v:37.4s
05_06_20:57 openset_imagenet.binary_ensemble_combined_emnist INFO: loss:bce protocol:2 ep:84 train:{'j': 0.143} val:{'j': 1.256, 'conf_kn': 0.629, 'conf_unk': 0.192} t:140.0s v:36.8s
05_06_21:00 openset_imagenet.binary_ensemble_combined_emnist INFO: loss:bce protocol:2 ep:85 train:{'j': 0.145} val:{'j': 1.231, 'conf_kn': 0.589, 'conf_unk': 0.182} t:140.9s v:37.8s
05_06_21:03 openset_imagenet.binary_ensemble_combined_emnist INFO: loss:bce protocol:2 ep:86 train:{'j': 0.139} val:{'j': 1.332, 'conf_kn': 0.642, 'conf_unk': 0.185} t:140.4s v:37.8s
05_06_21:06 openset_imagenet.binary_ensemble_combined_emnist INFO: loss:bce protocol:2 ep:87 train:{'j': 0.137} val:{'j': 1.314, 'conf_kn': 0.639, 'conf_unk': 0.181} t:139.5s v:36.3s
05_06_21:09 openset_imagenet.binary_ensemble_combined_emnist INFO: loss:bce protocol:2 ep:88 train:{'j': 0.130} val:{'j': 1.279, 'conf_kn': 0.641, 'conf_unk': 0.183} t:139.0s v:36.8s
05_06_21:12 openset_imagenet.binary_ensemble_combined_emnist INFO: loss:bce protocol:2 ep:89 train:{'j': 0.129} val:{'j': 1.242, 'conf_kn': 0.621, 'conf_unk': 0.190} t:139.2s v:36.7s
05_06_21:15 openset_imagenet.binary_ensemble_combined_emnist INFO: loss:bce protocol:2 ep:90 train:{'j': 0.129} val:{'j': 1.352, 'conf_kn': 0.633, 'conf_unk': 0.180} t:138.8s v:36.7s
05_06_21:18 openset_imagenet.binary_ensemble_combined_emnist INFO: loss:bce protocol:2 ep:91 train:{'j': 0.128} val:{'j': 1.489, 'conf_kn': 0.511, 'conf_unk': 0.188} t:139.9s v:36.6s
05_06_21:21 openset_imagenet.binary_ensemble_combined_emnist INFO: loss:bce protocol:2 ep:92 train:{'j': 0.126} val:{'j': 1.265, 'conf_kn': 0.639, 'conf_unk': 0.178} t:140.8s v:37.5s
05_06_21:24 openset_imagenet.binary_ensemble_combined_emnist INFO: loss:bce protocol:2 ep:93 train:{'j': 0.118} val:{'j': 1.227, 'conf_kn': 0.659, 'conf_unk': 0.180} t:140.0s v:37.3s
05_06_21:27 openset_imagenet.binary_ensemble_combined_emnist INFO: loss:bce protocol:2 ep:94 train:{'j': 0.114} val:{'j': 1.210, 'conf_kn': 0.547, 'conf_unk': 0.190} t:140.9s v:36.9s
05_06_21:30 openset_imagenet.binary_ensemble_combined_emnist INFO: loss:bce protocol:2 ep:95 train:{'j': 0.118} val:{'j': 1.376, 'conf_kn': 0.564, 'conf_unk': 0.182} t:140.6s v:37.1s
05_06_21:33 openset_imagenet.binary_ensemble_combined_emnist INFO: loss:bce protocol:2 ep:96 train:{'j': 0.109} val:{'j': 1.250, 'conf_kn': 0.621, 'conf_unk': 0.181} t:140.0s v:37.1s
05_06_21:36 openset_imagenet.binary_ensemble_combined_emnist INFO: loss:bce protocol:2 ep:97 train:{'j': 0.116} val:{'j': 1.405, 'conf_kn': 0.639, 'conf_unk': 0.175} t:140.5s v:37.0s
05_06_21:39 openset_imagenet.binary_ensemble_combined_emnist INFO: loss:bce protocol:2 ep:98 train:{'j': 0.104} val:{'j': 1.330, 'conf_kn': 0.643, 'conf_unk': 0.172} t:140.5s v:36.7s
05_06_21:42 openset_imagenet.binary_ensemble_combined_emnist INFO: loss:bce protocol:2 ep:99 train:{'j': 0.107} val:{'j': 1.542, 'conf_kn': 0.603, 'conf_unk': 0.166} t:140.2s v:37.3s
05_06_21:45 openset_imagenet.binary_ensemble_combined_emnist INFO: loss:bce protocol:2 ep:100 train:{'j': 0.109} val:{'j': 1.431, 'conf_kn': 0.626, 'conf_unk': 0.173} t:139.8s v:37.0s
05_06_21:48 openset_imagenet.binary_ensemble_combined_emnist INFO: loss:bce protocol:2 ep:101 train:{'j': 0.105} val:{'j': 1.388, 'conf_kn': 0.642, 'conf_unk': 0.174} t:139.8s v:36.9s
05_06_21:51 openset_imagenet.binary_ensemble_combined_emnist INFO: loss:bce protocol:2 ep:102 train:{'j': 0.105} val:{'j': 1.188, 'conf_kn': 0.595, 'conf_unk': 0.191} t:140.0s v:37.4s
05_06_21:54 openset_imagenet.binary_ensemble_combined_emnist INFO: loss:bce protocol:2 ep:103 train:{'j': 0.099} val:{'j': 1.693, 'conf_kn': 0.636, 'conf_unk': 0.162} t:140.2s v:37.1s
05_06_21:57 openset_imagenet.binary_ensemble_combined_emnist INFO: loss:bce protocol:2 ep:104 train:{'j': 0.103} val:{'j': 1.332, 'conf_kn': 0.600, 'conf_unk': 0.188} t:140.4s v:36.4s
05_06_22:00 openset_imagenet.binary_ensemble_combined_emnist INFO: loss:bce protocol:2 ep:105 train:{'j': 0.098} val:{'j': 1.469, 'conf_kn': 0.628, 'conf_unk': 0.167} t:140.3s v:37.1s
05_06_22:03 openset_imagenet.binary_ensemble_combined_emnist INFO: loss:bce protocol:2 ep:106 train:{'j': 0.093} val:{'j': 1.551, 'conf_kn': 0.621, 'conf_unk': 0.157} t:139.8s v:37.0s
05_06_22:06 openset_imagenet.binary_ensemble_combined_emnist INFO: loss:bce protocol:2 ep:107 train:{'j': 0.096} val:{'j': 1.522, 'conf_kn': 0.608, 'conf_unk': 0.176} t:140.4s v:37.0s
05_06_22:09 openset_imagenet.binary_ensemble_combined_emnist INFO: loss:bce protocol:2 ep:108 train:{'j': 0.094} val:{'j': 1.550, 'conf_kn': 0.597, 'conf_unk': 0.176} t:140.2s v:36.6s
05_06_22:12 openset_imagenet.binary_ensemble_combined_emnist INFO: loss:bce protocol:2 ep:109 train:{'j': 0.092} val:{'j': 1.508, 'conf_kn': 0.619, 'conf_unk': 0.173} t:140.1s v:37.6s
05_06_22:14 openset_imagenet.binary_ensemble_combined_emnist INFO: loss:bce protocol:2 ep:110 train:{'j': 0.100} val:{'j': 1.380, 'conf_kn': 0.651, 'conf_unk': 0.166} t:140.7s v:37.4s
05_06_22:17 openset_imagenet.binary_ensemble_combined_emnist INFO: loss:bce protocol:2 ep:111 train:{'j': 0.092} val:{'j': 1.388, 'conf_kn': 0.634, 'conf_unk': 0.168} t:140.9s v:37.4s
05_06_22:20 openset_imagenet.binary_ensemble_combined_emnist INFO: loss:bce protocol:2 ep:112 train:{'j': 0.084} val:{'j': 1.625, 'conf_kn': 0.621, 'conf_unk': 0.168} t:140.6s v:37.6s
05_06_22:23 openset_imagenet.binary_ensemble_combined_emnist INFO: loss:bce protocol:2 ep:113 train:{'j': 0.082} val:{'j': 1.475, 'conf_kn': 0.626, 'conf_unk': 0.173} t:140.8s v:37.3s
05_06_22:26 openset_imagenet.binary_ensemble_combined_emnist INFO: loss:bce protocol:2 ep:114 train:{'j': 0.078} val:{'j': 1.656, 'conf_kn': 0.569, 'conf_unk': 0.167} t:140.7s v:38.0s
05_06_22:29 openset_imagenet.binary_ensemble_combined_emnist INFO: loss:bce protocol:2 ep:115 train:{'j': 0.089} val:{'j': 1.528, 'conf_kn': 0.632, 'conf_unk': 0.164} t:140.6s v:37.7s
05_06_22:32 openset_imagenet.binary_ensemble_combined_emnist INFO: loss:bce protocol:2 ep:116 train:{'j': 0.081} val:{'j': 2.043, 'conf_kn': 0.507, 'conf_unk': 0.189} t:141.4s v:37.7s
05_06_22:35 openset_imagenet.binary_ensemble_combined_emnist INFO: loss:bce protocol:2 ep:117 train:{'j': 0.079} val:{'j': 1.499, 'conf_kn': 0.584, 'conf_unk': 0.170} t:140.7s v:38.0s
05_06_22:38 openset_imagenet.binary_ensemble_combined_emnist INFO: loss:bce protocol:2 ep:118 train:{'j': 0.083} val:{'j': 1.718, 'conf_kn': 0.644, 'conf_unk': 0.147} t:140.7s v:38.7s
05_06_22:41 openset_imagenet.binary_ensemble_combined_emnist INFO: loss:bce protocol:2 ep:119 train:{'j': 0.074} val:{'j': 1.559, 'conf_kn': 0.632, 'conf_unk': 0.161} t:141.0s v:38.1s
05_06_22:41 openset_imagenet.binary_ensemble_combined_emnist INFO: Training finished
