11_05_11:51 openset_imagenet.binary_ensemble_combined_emnist INFO: ============ Data ============
11_05_11:51 openset_imagenet.binary_ensemble_combined_emnist INFO: train_len:112800, labels:11
11_05_11:51 openset_imagenet.binary_ensemble_combined_emnist INFO: val_len:18800, labels:11
11_05_11:51 openset_imagenet.binary_ensemble_combined_emnist INFO: Using Negatives for Training: True
11_05_11:51 openset_imagenet.binary_ensemble_combined_emnist INFO: ========== Training ==========
11_05_11:51 openset_imagenet.binary_ensemble_combined_emnist INFO: Initial epoch: 0
11_05_11:51 openset_imagenet.binary_ensemble_combined_emnist INFO: Last epoch: 50
11_05_11:51 openset_imagenet.binary_ensemble_combined_emnist INFO: Batch size: 32
11_05_11:51 openset_imagenet.binary_ensemble_combined_emnist INFO: workers: 0
11_05_11:51 openset_imagenet.binary_ensemble_combined_emnist INFO: Loss: bce
11_05_11:51 openset_imagenet.binary_ensemble_combined_emnist INFO: optimizer: sgd
11_05_11:51 openset_imagenet.binary_ensemble_combined_emnist INFO: Learning rate: 0.001
11_05_11:51 openset_imagenet.binary_ensemble_combined_emnist INFO: Device: 6
11_05_11:51 openset_imagenet.binary_ensemble_combined_emnist INFO: Number of binary outputs: 40
11_05_11:51 openset_imagenet.binary_ensemble_combined_emnist INFO: Using following approach to generate sets: hamming
11_05_11:51 openset_imagenet.binary_ensemble_combined_emnist INFO: Training...
11_05_11:53 openset_imagenet.binary_ensemble_combined_emnist INFO: loss:bce protocol:2 ep:0 train:{'j': 0.615} val:{'j': 0.545, 'conf_kn': 0.721, 'conf_unk': 0.000} t:102.9s v:16.3s
11_05_11:53 openset_imagenet.binary_ensemble_combined_emnist INFO: Saving best model experiments/ex_4/net_1/bce_binary_ensemble_combined_emnist_best.pth at epoch: 0
11_05_11:55 openset_imagenet.binary_ensemble_combined_emnist INFO: loss:bce protocol:2 ep:1 train:{'j': 0.490} val:{'j': 0.432, 'conf_kn': 0.799, 'conf_unk': 0.000} t:101.2s v:15.9s
11_05_11:55 openset_imagenet.binary_ensemble_combined_emnist INFO: Saving best model experiments/ex_4/net_1/bce_binary_ensemble_combined_emnist_best.pth at epoch: 1
11_05_11:57 openset_imagenet.binary_ensemble_combined_emnist INFO: loss:bce protocol:2 ep:2 train:{'j': 0.359} val:{'j': 0.285, 'conf_kn': 0.886, 'conf_unk': 0.000} t:103.1s v:16.0s
11_05_11:57 openset_imagenet.binary_ensemble_combined_emnist INFO: Saving best model experiments/ex_4/net_1/bce_binary_ensemble_combined_emnist_best.pth at epoch: 2
11_05_11:59 openset_imagenet.binary_ensemble_combined_emnist INFO: loss:bce protocol:2 ep:3 train:{'j': 0.235} val:{'j': 0.192, 'conf_kn': 0.928, 'conf_unk': 0.000} t:102.9s v:16.0s
11_05_11:59 openset_imagenet.binary_ensemble_combined_emnist INFO: Saving best model experiments/ex_4/net_1/bce_binary_ensemble_combined_emnist_best.pth at epoch: 3
11_05_12:00 openset_imagenet.binary_ensemble_combined_emnist INFO: loss:bce protocol:2 ep:4 train:{'j': 0.171} val:{'j': 0.147, 'conf_kn': 0.946, 'conf_unk': 0.000} t:101.7s v:15.9s
11_05_12:00 openset_imagenet.binary_ensemble_combined_emnist INFO: Saving best model experiments/ex_4/net_1/bce_binary_ensemble_combined_emnist_best.pth at epoch: 4
11_05_12:02 openset_imagenet.binary_ensemble_combined_emnist INFO: loss:bce protocol:2 ep:5 train:{'j': 0.134} val:{'j': 0.121, 'conf_kn': 0.956, 'conf_unk': 0.000} t:102.3s v:16.0s
11_05_12:02 openset_imagenet.binary_ensemble_combined_emnist INFO: Saving best model experiments/ex_4/net_1/bce_binary_ensemble_combined_emnist_best.pth at epoch: 5
11_05_12:04 openset_imagenet.binary_ensemble_combined_emnist INFO: loss:bce protocol:2 ep:6 train:{'j': 0.112} val:{'j': 0.107, 'conf_kn': 0.962, 'conf_unk': 0.000} t:100.5s v:16.8s
11_05_12:04 openset_imagenet.binary_ensemble_combined_emnist INFO: Saving best model experiments/ex_4/net_1/bce_binary_ensemble_combined_emnist_best.pth at epoch: 6
11_05_12:06 openset_imagenet.binary_ensemble_combined_emnist INFO: loss:bce protocol:2 ep:7 train:{'j': 0.097} val:{'j': 0.097, 'conf_kn': 0.965, 'conf_unk': 0.000} t:103.8s v:16.1s
11_05_12:06 openset_imagenet.binary_ensemble_combined_emnist INFO: Saving best model experiments/ex_4/net_1/bce_binary_ensemble_combined_emnist_best.pth at epoch: 7
11_05_12:08 openset_imagenet.binary_ensemble_combined_emnist INFO: loss:bce protocol:2 ep:8 train:{'j': 0.087} val:{'j': 0.083, 'conf_kn': 0.970, 'conf_unk': 0.000} t:102.9s v:17.0s
11_05_12:08 openset_imagenet.binary_ensemble_combined_emnist INFO: Saving best model experiments/ex_4/net_1/bce_binary_ensemble_combined_emnist_best.pth at epoch: 8
11_05_12:10 openset_imagenet.binary_ensemble_combined_emnist INFO: loss:bce protocol:2 ep:9 train:{'j': 0.079} val:{'j': 0.078, 'conf_kn': 0.973, 'conf_unk': 0.000} t:101.7s v:16.1s
11_05_12:10 openset_imagenet.binary_ensemble_combined_emnist INFO: Saving best model experiments/ex_4/net_1/bce_binary_ensemble_combined_emnist_best.pth at epoch: 9
11_05_12:12 openset_imagenet.binary_ensemble_combined_emnist INFO: loss:bce protocol:2 ep:10 train:{'j': 0.073} val:{'j': 0.070, 'conf_kn': 0.975, 'conf_unk': 0.000} t:103.6s v:16.1s
11_05_12:12 openset_imagenet.binary_ensemble_combined_emnist INFO: Saving best model experiments/ex_4/net_1/bce_binary_ensemble_combined_emnist_best.pth at epoch: 10
11_05_12:14 openset_imagenet.binary_ensemble_combined_emnist INFO: loss:bce protocol:2 ep:11 train:{'j': 0.068} val:{'j': 0.066, 'conf_kn': 0.977, 'conf_unk': 0.000} t:103.2s v:16.1s
11_05_12:14 openset_imagenet.binary_ensemble_combined_emnist INFO: Saving best model experiments/ex_4/net_1/bce_binary_ensemble_combined_emnist_best.pth at epoch: 11
11_05_12:16 openset_imagenet.binary_ensemble_combined_emnist INFO: loss:bce protocol:2 ep:12 train:{'j': 0.063} val:{'j': 0.066, 'conf_kn': 0.976, 'conf_unk': 0.000} t:103.1s v:16.1s
11_05_12:18 openset_imagenet.binary_ensemble_combined_emnist INFO: loss:bce protocol:2 ep:13 train:{'j': 0.060} val:{'j': 0.066, 'conf_kn': 0.977, 'conf_unk': 0.000} t:102.7s v:16.1s
11_05_12:20 openset_imagenet.binary_ensemble_combined_emnist INFO: loss:bce protocol:2 ep:14 train:{'j': 0.057} val:{'j': 0.057, 'conf_kn': 0.980, 'conf_unk': 0.000} t:105.6s v:16.2s
11_05_12:20 openset_imagenet.binary_ensemble_combined_emnist INFO: Saving best model experiments/ex_4/net_1/bce_binary_ensemble_combined_emnist_best.pth at epoch: 14
11_05_12:22 openset_imagenet.binary_ensemble_combined_emnist INFO: loss:bce protocol:2 ep:15 train:{'j': 0.054} val:{'j': 0.056, 'conf_kn': 0.980, 'conf_unk': 0.000} t:104.1s v:16.1s
11_05_12:22 openset_imagenet.binary_ensemble_combined_emnist INFO: Saving best model experiments/ex_4/net_1/bce_binary_ensemble_combined_emnist_best.pth at epoch: 15
11_05_12:24 openset_imagenet.binary_ensemble_combined_emnist INFO: loss:bce protocol:2 ep:16 train:{'j': 0.052} val:{'j': 0.056, 'conf_kn': 0.980, 'conf_unk': 0.000} t:102.9s v:16.1s
11_05_12:24 openset_imagenet.binary_ensemble_combined_emnist INFO: Saving best model experiments/ex_4/net_1/bce_binary_ensemble_combined_emnist_best.pth at epoch: 16
11_05_12:26 openset_imagenet.binary_ensemble_combined_emnist INFO: loss:bce protocol:2 ep:17 train:{'j': 0.049} val:{'j': 0.052, 'conf_kn': 0.982, 'conf_unk': 0.000} t:102.7s v:16.0s
11_05_12:26 openset_imagenet.binary_ensemble_combined_emnist INFO: Saving best model experiments/ex_4/net_1/bce_binary_ensemble_combined_emnist_best.pth at epoch: 17
11_05_12:28 openset_imagenet.binary_ensemble_combined_emnist INFO: loss:bce protocol:2 ep:18 train:{'j': 0.048} val:{'j': 0.052, 'conf_kn': 0.982, 'conf_unk': 0.000} t:102.7s v:17.2s
11_05_12:30 openset_imagenet.binary_ensemble_combined_emnist INFO: loss:bce protocol:2 ep:19 train:{'j': 0.046} val:{'j': 0.048, 'conf_kn': 0.983, 'conf_unk': 0.000} t:101.1s v:16.0s
11_05_12:30 openset_imagenet.binary_ensemble_combined_emnist INFO: Saving best model experiments/ex_4/net_1/bce_binary_ensemble_combined_emnist_best.pth at epoch: 19
11_05_12:32 openset_imagenet.binary_ensemble_combined_emnist INFO: loss:bce protocol:2 ep:20 train:{'j': 0.044} val:{'j': 0.048, 'conf_kn': 0.983, 'conf_unk': 0.000} t:103.7s v:16.2s
11_05_12:32 openset_imagenet.binary_ensemble_combined_emnist INFO: Saving best model experiments/ex_4/net_1/bce_binary_ensemble_combined_emnist_best.pth at epoch: 20
11_05_12:34 openset_imagenet.binary_ensemble_combined_emnist INFO: loss:bce protocol:2 ep:21 train:{'j': 0.043} val:{'j': 0.047, 'conf_kn': 0.984, 'conf_unk': 0.000} t:103.5s v:16.3s
11_05_12:34 openset_imagenet.binary_ensemble_combined_emnist INFO: Saving best model experiments/ex_4/net_1/bce_binary_ensemble_combined_emnist_best.pth at epoch: 21
11_05_12:36 openset_imagenet.binary_ensemble_combined_emnist INFO: loss:bce protocol:2 ep:22 train:{'j': 0.042} val:{'j': 0.045, 'conf_kn': 0.984, 'conf_unk': 0.000} t:103.6s v:16.2s
11_05_12:36 openset_imagenet.binary_ensemble_combined_emnist INFO: Saving best model experiments/ex_4/net_1/bce_binary_ensemble_combined_emnist_best.pth at epoch: 22
11_05_12:38 openset_imagenet.binary_ensemble_combined_emnist INFO: loss:bce protocol:2 ep:23 train:{'j': 0.041} val:{'j': 0.044, 'conf_kn': 0.985, 'conf_unk': 0.000} t:104.3s v:16.2s
11_05_12:38 openset_imagenet.binary_ensemble_combined_emnist INFO: Saving best model experiments/ex_4/net_1/bce_binary_ensemble_combined_emnist_best.pth at epoch: 23
11_05_12:40 openset_imagenet.binary_ensemble_combined_emnist INFO: loss:bce protocol:2 ep:24 train:{'j': 0.039} val:{'j': 0.044, 'conf_kn': 0.985, 'conf_unk': 0.000} t:102.8s v:16.1s
11_05_12:42 openset_imagenet.binary_ensemble_combined_emnist INFO: loss:bce protocol:2 ep:25 train:{'j': 0.038} val:{'j': 0.043, 'conf_kn': 0.985, 'conf_unk': 0.000} t:103.9s v:16.1s
11_05_12:42 openset_imagenet.binary_ensemble_combined_emnist INFO: Saving best model experiments/ex_4/net_1/bce_binary_ensemble_combined_emnist_best.pth at epoch: 25
11_05_12:44 openset_imagenet.binary_ensemble_combined_emnist INFO: loss:bce protocol:2 ep:26 train:{'j': 0.037} val:{'j': 0.043, 'conf_kn': 0.985, 'conf_unk': 0.000} t:102.3s v:16.1s
11_05_12:46 openset_imagenet.binary_ensemble_combined_emnist INFO: loss:bce protocol:2 ep:27 train:{'j': 0.037} val:{'j': 0.042, 'conf_kn': 0.986, 'conf_unk': 0.000} t:102.8s v:16.0s
11_05_12:46 openset_imagenet.binary_ensemble_combined_emnist INFO: Saving best model experiments/ex_4/net_1/bce_binary_ensemble_combined_emnist_best.pth at epoch: 27
11_05_12:48 openset_imagenet.binary_ensemble_combined_emnist INFO: loss:bce protocol:2 ep:28 train:{'j': 0.036} val:{'j': 0.043, 'conf_kn': 0.985, 'conf_unk': 0.000} t:103.9s v:16.1s
11_05_12:50 openset_imagenet.binary_ensemble_combined_emnist INFO: loss:bce protocol:2 ep:29 train:{'j': 0.035} val:{'j': 0.042, 'conf_kn': 0.986, 'conf_unk': 0.000} t:102.5s v:16.0s
11_05_12:50 openset_imagenet.binary_ensemble_combined_emnist INFO: Saving best model experiments/ex_4/net_1/bce_binary_ensemble_combined_emnist_best.pth at epoch: 29
11_05_12:52 openset_imagenet.binary_ensemble_combined_emnist INFO: loss:bce protocol:2 ep:30 train:{'j': 0.034} val:{'j': 0.042, 'conf_kn': 0.985, 'conf_unk': 0.000} t:103.5s v:16.1s
11_05_12:54 openset_imagenet.binary_ensemble_combined_emnist INFO: loss:bce protocol:2 ep:31 train:{'j': 0.033} val:{'j': 0.040, 'conf_kn': 0.986, 'conf_unk': 0.000} t:102.0s v:16.2s
11_05_12:54 openset_imagenet.binary_ensemble_combined_emnist INFO: Saving best model experiments/ex_4/net_1/bce_binary_ensemble_combined_emnist_best.pth at epoch: 31
11_05_12:56 openset_imagenet.binary_ensemble_combined_emnist INFO: loss:bce protocol:2 ep:32 train:{'j': 0.033} val:{'j': 0.041, 'conf_kn': 0.986, 'conf_unk': 0.000} t:103.0s v:16.1s
11_05_12:58 openset_imagenet.binary_ensemble_combined_emnist INFO: loss:bce protocol:2 ep:33 train:{'j': 0.032} val:{'j': 0.040, 'conf_kn': 0.986, 'conf_unk': 0.000} t:104.4s v:16.3s
11_05_12:58 openset_imagenet.binary_ensemble_combined_emnist INFO: Saving best model experiments/ex_4/net_1/bce_binary_ensemble_combined_emnist_best.pth at epoch: 33
11_05_13:00 openset_imagenet.binary_ensemble_combined_emnist INFO: loss:bce protocol:2 ep:34 train:{'j': 0.031} val:{'j': 0.040, 'conf_kn': 0.986, 'conf_unk': 0.000} t:102.7s v:15.9s
11_05_13:02 openset_imagenet.binary_ensemble_combined_emnist INFO: loss:bce protocol:2 ep:35 train:{'j': 0.031} val:{'j': 0.038, 'conf_kn': 0.987, 'conf_unk': 0.000} t:103.1s v:16.2s
11_05_13:02 openset_imagenet.binary_ensemble_combined_emnist INFO: Saving best model experiments/ex_4/net_1/bce_binary_ensemble_combined_emnist_best.pth at epoch: 35
11_05_13:04 openset_imagenet.binary_ensemble_combined_emnist INFO: loss:bce protocol:2 ep:36 train:{'j': 0.030} val:{'j': 0.038, 'conf_kn': 0.987, 'conf_unk': 0.000} t:106.5s v:16.7s
11_05_13:04 openset_imagenet.binary_ensemble_combined_emnist INFO: Saving best model experiments/ex_4/net_1/bce_binary_ensemble_combined_emnist_best.pth at epoch: 36
11_05_13:06 openset_imagenet.binary_ensemble_combined_emnist INFO: loss:bce protocol:2 ep:37 train:{'j': 0.029} val:{'j': 0.039, 'conf_kn': 0.986, 'conf_unk': 0.000} t:106.5s v:19.0s
11_05_13:09 openset_imagenet.binary_ensemble_combined_emnist INFO: loss:bce protocol:2 ep:38 train:{'j': 0.029} val:{'j': 0.040, 'conf_kn': 0.986, 'conf_unk': 0.000} t:117.3s v:18.1s
11_05_13:11 openset_imagenet.binary_ensemble_combined_emnist INFO: loss:bce protocol:2 ep:39 train:{'j': 0.028} val:{'j': 0.037, 'conf_kn': 0.987, 'conf_unk': 0.000} t:103.4s v:16.2s
11_05_13:11 openset_imagenet.binary_ensemble_combined_emnist INFO: Saving best model experiments/ex_4/net_1/bce_binary_ensemble_combined_emnist_best.pth at epoch: 39
11_05_13:13 openset_imagenet.binary_ensemble_combined_emnist INFO: loss:bce protocol:2 ep:40 train:{'j': 0.028} val:{'j': 0.039, 'conf_kn': 0.987, 'conf_unk': 0.000} t:104.1s v:16.1s
11_05_13:15 openset_imagenet.binary_ensemble_combined_emnist INFO: loss:bce protocol:2 ep:41 train:{'j': 0.027} val:{'j': 0.038, 'conf_kn': 0.987, 'conf_unk': 0.000} t:102.6s v:16.3s
11_05_13:16 openset_imagenet.binary_ensemble_combined_emnist INFO: loss:bce protocol:2 ep:42 train:{'j': 0.026} val:{'j': 0.037, 'conf_kn': 0.988, 'conf_unk': 0.000} t:103.0s v:16.1s
11_05_13:16 openset_imagenet.binary_ensemble_combined_emnist INFO: Saving best model experiments/ex_4/net_1/bce_binary_ensemble_combined_emnist_best.pth at epoch: 42
11_05_13:18 openset_imagenet.binary_ensemble_combined_emnist INFO: loss:bce protocol:2 ep:43 train:{'j': 0.026} val:{'j': 0.037, 'conf_kn': 0.987, 'conf_unk': 0.000} t:102.2s v:16.2s
11_05_13:20 openset_imagenet.binary_ensemble_combined_emnist INFO: loss:bce protocol:2 ep:44 train:{'j': 0.025} val:{'j': 0.039, 'conf_kn': 0.987, 'conf_unk': 0.000} t:102.9s v:16.0s
11_05_13:22 openset_imagenet.binary_ensemble_combined_emnist INFO: loss:bce protocol:2 ep:45 train:{'j': 0.025} val:{'j': 0.038, 'conf_kn': 0.987, 'conf_unk': 0.000} t:105.2s v:16.1s
11_05_13:24 openset_imagenet.binary_ensemble_combined_emnist INFO: loss:bce protocol:2 ep:46 train:{'j': 0.024} val:{'j': 0.038, 'conf_kn': 0.988, 'conf_unk': 0.000} t:102.8s v:16.1s
11_05_13:26 openset_imagenet.binary_ensemble_combined_emnist INFO: loss:bce protocol:2 ep:47 train:{'j': 0.024} val:{'j': 0.037, 'conf_kn': 0.987, 'conf_unk': 0.000} t:104.0s v:16.0s
11_05_13:28 openset_imagenet.binary_ensemble_combined_emnist INFO: loss:bce protocol:2 ep:48 train:{'j': 0.024} val:{'j': 0.036, 'conf_kn': 0.988, 'conf_unk': 0.000} t:102.1s v:17.1s
11_05_13:28 openset_imagenet.binary_ensemble_combined_emnist INFO: Saving best model experiments/ex_4/net_1/bce_binary_ensemble_combined_emnist_best.pth at epoch: 48
11_05_13:30 openset_imagenet.binary_ensemble_combined_emnist INFO: loss:bce protocol:2 ep:49 train:{'j': 0.023} val:{'j': 0.036, 'conf_kn': 0.988, 'conf_unk': 0.000} t:103.0s v:15.9s
11_05_13:30 openset_imagenet.binary_ensemble_combined_emnist INFO: Training finished
