01_06_11:18 __main__ INFO: Loaded test dataset for protocol 2 with len:15173, labels:31
01_06_11:18 __main__ INFO: Loading base models for protocol 2, bce
01_06_11:18 __main__ INFO: Taking model from epoch 120 that achieved best score 0.8392805370581262
01_06_11:18 __main__ INFO: Extracting base scores for protocol 2, bce
01_06_11:19 __main__ INFO: Target labels, logits, features and scores saved in: experiments/ex_5/net_14/bce_binary_ensemble_combined_imagenet_test_arr_curr_random_6.npz
01_06_11:19 __main__ INFO: Target labels, logits, features and scores saved in: experiments/ex_5/net_14/bce_binary_ensemble_combined_imagenet_test_arr_curr_random_7.npz
01_06_11:20 __main__ INFO: Target labels, logits, features and scores saved in: experiments/ex_5/net_14/bce_binary_ensemble_combined_imagenet_test_arr_curr_random_8.npz
01_06_11:21 __main__ INFO: Target labels, logits, features and scores saved in: experiments/ex_5/net_14/bce_binary_ensemble_combined_imagenet_test_arr_curr_random_9.npz
01_06_11:21 __main__ INFO: Target labels, logits, features and scores saved in: experiments/ex_5/net_14/bce_binary_ensemble_combined_imagenet_test_arr_curr_random_10.npz
01_06_11:22 __main__ INFO: Target labels, logits, features and scores saved in: experiments/ex_5/net_14/bce_binary_ensemble_combined_imagenet_test_arr_curr_random_11.npz
01_06_11:23 __main__ INFO: Target labels, logits, features and scores saved in: experiments/ex_5/net_14/bce_binary_ensemble_combined_imagenet_test_arr_curr_random_12.npz
01_06_11:23 __main__ INFO: Target labels, logits, features and scores saved in: experiments/ex_5/net_14/bce_binary_ensemble_combined_imagenet_test_arr_curr_random_13.npz
01_06_11:24 __main__ INFO: Target labels, logits, features and scores saved in: experiments/ex_5/net_14/bce_binary_ensemble_combined_imagenet_test_arr_curr_random_14.npz
01_06_11:24 __main__ INFO: Target labels, logits, features and scores saved in: experiments/ex_5/net_14/bce_binary_ensemble_combined_imagenet_test_arr_curr_random_15.npz
01_06_11:25 __main__ INFO: Target labels, logits, features and scores saved in: experiments/ex_5/net_14/bce_binary_ensemble_combined_imagenet_test_arr_curr_random_16.npz
01_06_11:25 __main__ INFO: Target labels, logits, features and scores saved in: experiments/ex_5/net_14/bce_binary_ensemble_combined_imagenet_test_arr_curr_random_17.npz
01_06_11:26 __main__ INFO: Target labels, logits, features and scores saved in: experiments/ex_5/net_14/bce_binary_ensemble_combined_imagenet_test_arr_curr_random_18.npz
01_06_11:26 __main__ INFO: Target labels, logits, features and scores saved in: experiments/ex_5/net_14/bce_binary_ensemble_combined_imagenet_test_arr_curr_random_19.npz
01_06_11:27 __main__ INFO: Target labels, logits, features and scores saved in: experiments/ex_5/net_14/bce_binary_ensemble_combined_imagenet_test_arr_curr_random_20.npz
01_06_11:28 __main__ INFO: Target labels, logits, features and scores saved in: experiments/ex_5/net_14/bce_binary_ensemble_combined_imagenet_test_arr_curr_random_21.npz
01_06_11:28 __main__ INFO: Target labels, logits, features and scores saved in: experiments/ex_5/net_14/bce_binary_ensemble_combined_imagenet_test_arr_curr_random_22.npz
01_06_11:29 __main__ INFO: Target labels, logits, features and scores saved in: experiments/ex_5/net_14/bce_binary_ensemble_combined_imagenet_test_arr_curr_random_23.npz
01_06_11:29 __main__ INFO: Target labels, logits, features and scores saved in: experiments/ex_5/net_14/bce_binary_ensemble_combined_imagenet_test_arr_curr_random_24.npz
01_06_11:30 __main__ INFO: Target labels, logits, features and scores saved in: experiments/ex_5/net_14/bce_binary_ensemble_combined_imagenet_test_arr_curr_random_25.npz
01_06_11:31 __main__ INFO: Target labels, logits, features and scores saved in: experiments/ex_5/net_14/bce_binary_ensemble_combined_imagenet_test_arr_curr_random_26.npz
01_06_11:31 __main__ INFO: Target labels, logits, features and scores saved in: experiments/ex_5/net_14/bce_binary_ensemble_combined_imagenet_test_arr_curr_random_27.npz
01_06_11:32 __main__ INFO: Target labels, logits, features and scores saved in: experiments/ex_5/net_14/bce_binary_ensemble_combined_imagenet_test_arr_curr_random_28.npz
01_06_11:33 __main__ INFO: Target labels, logits, features and scores saved in: experiments/ex_5/net_14/bce_binary_ensemble_combined_imagenet_test_arr_curr_random_29.npz
01_06_11:33 __main__ INFO: Target labels, logits, features and scores saved in: experiments/ex_5/net_14/bce_binary_ensemble_combined_imagenet_test_arr_curr_random_30.npz
01_06_11:34 __main__ INFO: Target labels, logits, features and scores saved in: experiments/ex_5/net_14/bce_binary_ensemble_combined_imagenet_test_arr_curr_random_31.npz
01_06_11:35 __main__ INFO: Target labels, logits, features and scores saved in: experiments/ex_5/net_14/bce_binary_ensemble_combined_imagenet_test_arr_curr_random_32.npz
01_06_11:35 __main__ INFO: Target labels, logits, features and scores saved in: experiments/ex_5/net_14/bce_binary_ensemble_combined_imagenet_test_arr_curr_random_33.npz
01_06_11:36 __main__ INFO: Target labels, logits, features and scores saved in: experiments/ex_5/net_14/bce_binary_ensemble_combined_imagenet_test_arr_curr_random_34.npz
01_06_11:37 __main__ INFO: Target labels, logits, features and scores saved in: experiments/ex_5/net_14/bce_binary_ensemble_combined_imagenet_test_arr_curr_random_35.npz
01_06_11:37 __main__ INFO: Target labels, logits, features and scores saved in: experiments/ex_5/net_14/bce_binary_ensemble_combined_imagenet_test_arr_curr_random_36.npz
01_06_11:38 __main__ INFO: Target labels, logits, features and scores saved in: experiments/ex_5/net_14/bce_binary_ensemble_combined_imagenet_test_arr_curr_random_37.npz
01_06_11:39 __main__ INFO: Target labels, logits, features and scores saved in: experiments/ex_5/net_14/bce_binary_ensemble_combined_imagenet_test_arr_curr_random_38.npz
01_06_11:39 __main__ INFO: Target labels, logits, features and scores saved in: experiments/ex_5/net_14/bce_binary_ensemble_combined_imagenet_test_arr_curr_random_39.npz
01_06_11:40 __main__ INFO: Target labels, logits, features and scores saved in: experiments/ex_5/net_14/bce_binary_ensemble_combined_imagenet_test_arr_curr_random_40.npz
01_06_11:41 __main__ INFO: Target labels, logits, features and scores saved in: experiments/ex_5/net_14/bce_binary_ensemble_combined_imagenet_test_arr_curr_random_41.npz
01_06_11:41 __main__ INFO: Target labels, logits, features and scores saved in: experiments/ex_5/net_14/bce_binary_ensemble_combined_imagenet_test_arr_curr_random_42.npz
01_06_11:42 __main__ INFO: Target labels, logits, features and scores saved in: experiments/ex_5/net_14/bce_binary_ensemble_combined_imagenet_test_arr_curr_random_43.npz
01_06_11:43 __main__ INFO: Target labels, logits, features and scores saved in: experiments/ex_5/net_14/bce_binary_ensemble_combined_imagenet_test_arr_curr_random_44.npz
01_06_11:43 __main__ INFO: Target labels, logits, features and scores saved in: experiments/ex_5/net_14/bce_binary_ensemble_combined_imagenet_test_arr_curr_random_45.npz
01_06_11:44 __main__ INFO: Target labels, logits, features and scores saved in: experiments/ex_5/net_14/bce_binary_ensemble_combined_imagenet_test_arr_curr_random_46.npz
01_06_11:44 __main__ INFO: Target labels, logits, features and scores saved in: experiments/ex_5/net_14/bce_binary_ensemble_combined_imagenet_test_arr_curr_random_47.npz
01_06_11:45 __main__ INFO: Target labels, logits, features and scores saved in: experiments/ex_5/net_14/bce_binary_ensemble_combined_imagenet_test_arr_curr_random_48.npz
01_06_11:45 __main__ INFO: Target labels, logits, features and scores saved in: experiments/ex_5/net_14/bce_binary_ensemble_combined_imagenet_test_arr_curr_random_49.npz
01_06_11:46 __main__ INFO: Target labels, logits, features and scores saved in: experiments/ex_5/net_14/bce_binary_ensemble_combined_imagenet_test_arr_curr_random_50.npz
01_06_11:47 __main__ INFO: Target labels, logits, features and scores saved in: experiments/ex_5/net_14/bce_binary_ensemble_combined_imagenet_test_arr_curr_random_51.npz
01_06_11:47 __main__ INFO: Target labels, logits, features and scores saved in: experiments/ex_5/net_14/bce_binary_ensemble_combined_imagenet_test_arr_curr_random_52.npz
01_06_11:48 __main__ INFO: Target labels, logits, features and scores saved in: experiments/ex_5/net_14/bce_binary_ensemble_combined_imagenet_test_arr_curr_random_53.npz
01_06_11:48 __main__ INFO: Target labels, logits, features and scores saved in: experiments/ex_5/net_14/bce_binary_ensemble_combined_imagenet_test_arr_curr_random_54.npz
01_06_11:49 __main__ INFO: Target labels, logits, features and scores saved in: experiments/ex_5/net_14/bce_binary_ensemble_combined_imagenet_test_arr_curr_random_55.npz
01_06_11:49 __main__ INFO: Target labels, logits, features and scores saved in: experiments/ex_5/net_14/bce_binary_ensemble_combined_imagenet_test_arr_curr_random_56.npz
01_06_11:50 __main__ INFO: Target labels, logits, features and scores saved in: experiments/ex_5/net_14/bce_binary_ensemble_combined_imagenet_test_arr_curr_random_57.npz
01_06_11:50 __main__ INFO: Target labels, logits, features and scores saved in: experiments/ex_5/net_14/bce_binary_ensemble_combined_imagenet_test_arr_curr_random_58.npz
01_06_11:51 __main__ INFO: Target labels, logits, features and scores saved in: experiments/ex_5/net_14/bce_binary_ensemble_combined_imagenet_test_arr_curr_random_59.npz
01_06_11:52 __main__ INFO: Target labels, logits, features and scores saved in: experiments/ex_5/net_14/bce_binary_ensemble_combined_imagenet_test_arr_curr_random_60.npz
01_06_11:52 __main__ INFO: Target labels, logits, features and scores saved in: experiments/ex_5/net_14/bce_binary_ensemble_combined_imagenet_test_arr_curr_random_61.npz
01_06_11:53 __main__ INFO: Target labels, logits, features and scores saved in: experiments/ex_5/net_14/bce_binary_ensemble_combined_imagenet_test_arr_curr_random_62.npz
01_06_11:53 __main__ INFO: Target labels, logits, features and scores saved in: experiments/ex_5/net_14/bce_binary_ensemble_combined_imagenet_test_arr_curr_random_63.npz
01_06_11:54 __main__ INFO: Target labels, logits, features and scores saved in: experiments/ex_5/net_14/bce_binary_ensemble_combined_imagenet_test_arr_curr_random_64.npz
01_06_11:54 __main__ INFO: Target labels, logits, features and scores saved in: experiments/ex_5/net_14/bce_binary_ensemble_combined_imagenet_test_arr_curr_random_65.npz
01_06_11:55 __main__ INFO: Target labels, logits, features and scores saved in: experiments/ex_5/net_14/bce_binary_ensemble_combined_imagenet_test_arr_curr_random_66.npz
01_06_11:55 __main__ INFO: Target labels, logits, features and scores saved in: experiments/ex_5/net_14/bce_binary_ensemble_combined_imagenet_test_arr_curr_random_67.npz
01_06_11:56 __main__ INFO: Target labels, logits, features and scores saved in: experiments/ex_5/net_14/bce_binary_ensemble_combined_imagenet_test_arr_curr_random_68.npz
01_06_11:56 __main__ INFO: Target labels, logits, features and scores saved in: experiments/ex_5/net_14/bce_binary_ensemble_combined_imagenet_test_arr_curr_random_69.npz
01_06_11:57 __main__ INFO: Target labels, logits, features and scores saved in: experiments/ex_5/net_14/bce_binary_ensemble_combined_imagenet_test_arr_curr_random_70.npz
01_06_11:57 __main__ INFO: Target labels, logits, features and scores saved in: experiments/ex_5/net_14/bce_binary_ensemble_combined_imagenet_test_arr_curr_random_71.npz
01_06_11:58 __main__ INFO: Target labels, logits, features and scores saved in: experiments/ex_5/net_14/bce_binary_ensemble_combined_imagenet_test_arr_curr_random_72.npz
01_06_11:58 __main__ INFO: Target labels, logits, features and scores saved in: experiments/ex_5/net_14/bce_binary_ensemble_combined_imagenet_test_arr_curr_random_73.npz
01_06_11:59 __main__ INFO: Target labels, logits, features and scores saved in: experiments/ex_5/net_14/bce_binary_ensemble_combined_imagenet_test_arr_curr_random_74.npz
01_06_12:00 __main__ INFO: Target labels, logits, features and scores saved in: experiments/ex_5/net_14/bce_binary_ensemble_combined_imagenet_test_arr_curr_random_75.npz
01_06_12:00 __main__ INFO: Target labels, logits, features and scores saved in: experiments/ex_5/net_14/bce_binary_ensemble_combined_imagenet_test_arr_curr_random_76.npz
01_06_12:01 __main__ INFO: Target labels, logits, features and scores saved in: experiments/ex_5/net_14/bce_binary_ensemble_combined_imagenet_test_arr_curr_random_77.npz
01_06_12:01 __main__ INFO: Target labels, logits, features and scores saved in: experiments/ex_5/net_14/bce_binary_ensemble_combined_imagenet_test_arr_curr_random_78.npz
01_06_12:02 __main__ INFO: Target labels, logits, features and scores saved in: experiments/ex_5/net_14/bce_binary_ensemble_combined_imagenet_test_arr_curr_random_79.npz
01_06_12:02 __main__ INFO: Target labels, logits, features and scores saved in: experiments/ex_5/net_14/bce_binary_ensemble_combined_imagenet_test_arr_curr_random_80.npz
01_06_12:03 __main__ INFO: Target labels, logits, features and scores saved in: experiments/ex_5/net_14/bce_binary_ensemble_combined_imagenet_test_arr_curr_random_81.npz
01_06_12:03 __main__ INFO: Target labels, logits, features and scores saved in: experiments/ex_5/net_14/bce_binary_ensemble_combined_imagenet_test_arr_curr_random_82.npz
01_06_12:04 __main__ INFO: Target labels, logits, features and scores saved in: experiments/ex_5/net_14/bce_binary_ensemble_combined_imagenet_test_arr_curr_random_83.npz
01_06_12:05 __main__ INFO: Target labels, logits, features and scores saved in: experiments/ex_5/net_14/bce_binary_ensemble_combined_imagenet_test_arr_curr_random_84.npz
01_06_12:05 __main__ INFO: Target labels, logits, features and scores saved in: experiments/ex_5/net_14/bce_binary_ensemble_combined_imagenet_test_arr_curr_random_85.npz
01_06_12:06 __main__ INFO: Target labels, logits, features and scores saved in: experiments/ex_5/net_14/bce_binary_ensemble_combined_imagenet_test_arr_curr_random_86.npz
01_06_12:06 __main__ INFO: Target labels, logits, features and scores saved in: experiments/ex_5/net_14/bce_binary_ensemble_combined_imagenet_test_arr_curr_random_87.npz
01_06_12:06 __main__ INFO: Target labels, logits, features and scores saved in: experiments/ex_5/net_14/bce_binary_ensemble_combined_imagenet_test_arr_curr_random_88.npz
01_06_12:07 __main__ INFO: Target labels, logits, features and scores saved in: experiments/ex_5/net_14/bce_binary_ensemble_combined_imagenet_test_arr_curr_random_89.npz
01_06_12:07 __main__ INFO: Target labels, logits, features and scores saved in: experiments/ex_5/net_14/bce_binary_ensemble_combined_imagenet_test_arr_curr_random_90.npz
01_06_12:08 __main__ INFO: Target labels, logits, features and scores saved in: experiments/ex_5/net_14/bce_binary_ensemble_combined_imagenet_test_arr_curr_random_91.npz
01_06_12:08 __main__ INFO: Target labels, logits, features and scores saved in: experiments/ex_5/net_14/bce_binary_ensemble_combined_imagenet_test_arr_curr_random_92.npz
01_06_12:09 __main__ INFO: Target labels, logits, features and scores saved in: experiments/ex_5/net_14/bce_binary_ensemble_combined_imagenet_test_arr_curr_random_93.npz
01_06_12:09 __main__ INFO: Target labels, logits, features and scores saved in: experiments/ex_5/net_14/bce_binary_ensemble_combined_imagenet_test_arr_curr_random_94.npz
01_06_12:10 __main__ INFO: Target labels, logits, features and scores saved in: experiments/ex_5/net_14/bce_binary_ensemble_combined_imagenet_test_arr_curr_random_95.npz
01_06_12:10 __main__ INFO: Target labels, logits, features and scores saved in: experiments/ex_5/net_14/bce_binary_ensemble_combined_imagenet_test_arr_curr_random_96.npz
01_06_12:11 __main__ INFO: Target labels, logits, features and scores saved in: experiments/ex_5/net_14/bce_binary_ensemble_combined_imagenet_test_arr_curr_random_97.npz
01_06_12:11 __main__ INFO: Target labels, logits, features and scores saved in: experiments/ex_5/net_14/bce_binary_ensemble_combined_imagenet_test_arr_curr_random_98.npz
01_06_12:12 __main__ INFO: Target labels, logits, features and scores saved in: experiments/ex_5/net_14/bce_binary_ensemble_combined_imagenet_test_arr_curr_random_99.npz
01_06_12:12 __main__ INFO: Target labels, logits, features and scores saved in: experiments/ex_5/net_14/bce_binary_ensemble_combined_imagenet_test_arr_curr_random_100.npz
01_06_12:13 __main__ INFO: Target labels, logits, features and scores saved in: experiments/ex_5/net_14/bce_binary_ensemble_combined_imagenet_test_arr_curr_random_101.npz
01_06_12:14 __main__ INFO: Target labels, logits, features and scores saved in: experiments/ex_5/net_14/bce_binary_ensemble_combined_imagenet_test_arr_curr_random_102.npz
01_06_12:14 __main__ INFO: Target labels, logits, features and scores saved in: experiments/ex_5/net_14/bce_binary_ensemble_combined_imagenet_test_arr_curr_random_103.npz
01_06_12:15 __main__ INFO: Target labels, logits, features and scores saved in: experiments/ex_5/net_14/bce_binary_ensemble_combined_imagenet_test_arr_curr_random_104.npz
01_06_12:15 __main__ INFO: Target labels, logits, features and scores saved in: experiments/ex_5/net_14/bce_binary_ensemble_combined_imagenet_test_arr_curr_random_105.npz
01_06_12:15 __main__ INFO: Target labels, logits, features and scores saved in: experiments/ex_5/net_14/bce_binary_ensemble_combined_imagenet_test_arr_curr_random_106.npz
01_06_12:16 __main__ INFO: Target labels, logits, features and scores saved in: experiments/ex_5/net_14/bce_binary_ensemble_combined_imagenet_test_arr_curr_random_107.npz
01_06_12:17 __main__ INFO: Target labels, logits, features and scores saved in: experiments/ex_5/net_14/bce_binary_ensemble_combined_imagenet_test_arr_curr_random_108.npz
01_06_12:17 __main__ INFO: Target labels, logits, features and scores saved in: experiments/ex_5/net_14/bce_binary_ensemble_combined_imagenet_test_arr_curr_random_109.npz
01_06_12:18 __main__ INFO: Target labels, logits, features and scores saved in: experiments/ex_5/net_14/bce_binary_ensemble_combined_imagenet_test_arr_curr_random_110.npz
01_06_12:18 __main__ INFO: Target labels, logits, features and scores saved in: experiments/ex_5/net_14/bce_binary_ensemble_combined_imagenet_test_arr_curr_random_111.npz
01_06_12:18 __main__ INFO: Target labels, logits, features and scores saved in: experiments/ex_5/net_14/bce_binary_ensemble_combined_imagenet_test_arr_curr_random_112.npz
01_06_12:19 __main__ INFO: Target labels, logits, features and scores saved in: experiments/ex_5/net_14/bce_binary_ensemble_combined_imagenet_test_arr_curr_random_113.npz
01_06_12:19 __main__ INFO: Target labels, logits, features and scores saved in: experiments/ex_5/net_14/bce_binary_ensemble_combined_imagenet_test_arr_curr_random_114.npz
01_06_12:20 __main__ INFO: Target labels, logits, features and scores saved in: experiments/ex_5/net_14/bce_binary_ensemble_combined_imagenet_test_arr_curr_random_115.npz
01_06_12:20 __main__ INFO: Target labels, logits, features and scores saved in: experiments/ex_5/net_14/bce_binary_ensemble_combined_imagenet_test_arr_curr_random_116.npz
01_06_12:21 __main__ INFO: Target labels, logits, features and scores saved in: experiments/ex_5/net_14/bce_binary_ensemble_combined_imagenet_test_arr_curr_random_117.npz
01_06_12:21 __main__ INFO: Target labels, logits, features and scores saved in: experiments/ex_5/net_14/bce_binary_ensemble_combined_imagenet_test_arr_curr_random_118.npz
01_06_12:22 __main__ INFO: Target labels, logits, features and scores saved in: experiments/ex_5/net_14/bce_binary_ensemble_combined_imagenet_test_arr_curr_random_119.npz
01_06_12:22 __main__ INFO: Target labels, logits, features and scores saved in: experiments/ex_5/net_14/bce_binary_ensemble_combined_imagenet_test_arr_curr_random_120.npz
01_06_12:23 __main__ INFO: Target labels, logits, features and scores saved in: experiments/ex_5/net_14/bce_binary_ensemble_combined_imagenet_test_arr_curr_random_121.npz
01_06_12:23 __main__ INFO: Target labels, logits, features and scores saved in: experiments/ex_5/net_14/bce_binary_ensemble_combined_imagenet_test_arr_curr_random_122.npz
01_06_12:24 __main__ INFO: Target labels, logits, features and scores saved in: experiments/ex_5/net_14/bce_binary_ensemble_combined_imagenet_test_arr_curr_random_123.npz
01_06_12:24 __main__ INFO: Target labels, logits, features and scores saved in: experiments/ex_5/net_14/bce_binary_ensemble_combined_imagenet_test_arr_curr_random_124.npz
01_06_12:25 __main__ INFO: Target labels, logits, features and scores saved in: experiments/ex_5/net_14/bce_binary_ensemble_combined_imagenet_test_arr_curr_random_125.npz
01_06_12:25 __main__ INFO: Target labels, logits, features and scores saved in: experiments/ex_5/net_14/bce_binary_ensemble_combined_imagenet_test_arr_curr_random_126.npz
01_06_12:25 __main__ INFO: Target labels, logits, features and scores saved in: experiments/ex_5/net_14/bce_binary_ensemble_combined_imagenet_test_arr_curr_random_127.npz
01_06_12:26 __main__ INFO: Target labels, logits, features and scores saved in: experiments/ex_5/net_14/bce_binary_ensemble_combined_imagenet_test_arr_curr_random_128.npz
01_06_12:26 __main__ INFO: Target labels, logits, features and scores saved in: experiments/ex_5/net_14/bce_binary_ensemble_combined_imagenet_test_arr_curr_random_129.npz
01_06_12:27 __main__ INFO: Target labels, logits, features and scores saved in: experiments/ex_5/net_14/bce_binary_ensemble_combined_imagenet_test_arr_curr_random_130.npz
01_06_12:27 __main__ INFO: Target labels, logits, features and scores saved in: experiments/ex_5/net_14/bce_binary_ensemble_combined_imagenet_test_arr_curr_random_131.npz
01_06_12:28 __main__ INFO: Target labels, logits, features and scores saved in: experiments/ex_5/net_14/bce_binary_ensemble_combined_imagenet_test_arr_curr_random_132.npz
01_06_12:28 __main__ INFO: Target labels, logits, features and scores saved in: experiments/ex_5/net_14/bce_binary_ensemble_combined_imagenet_test_arr_curr_random_133.npz
01_06_12:29 __main__ INFO: Target labels, logits, features and scores saved in: experiments/ex_5/net_14/bce_binary_ensemble_combined_imagenet_test_arr_curr_random_134.npz
01_06_12:29 __main__ INFO: Target labels, logits, features and scores saved in: experiments/ex_5/net_14/bce_binary_ensemble_combined_imagenet_test_arr_curr_random_135.npz
01_06_12:30 __main__ INFO: Target labels, logits, features and scores saved in: experiments/ex_5/net_14/bce_binary_ensemble_combined_imagenet_test_arr_curr_random_136.npz
01_06_12:30 __main__ INFO: Target labels, logits, features and scores saved in: experiments/ex_5/net_14/bce_binary_ensemble_combined_imagenet_test_arr_curr_random_137.npz
01_06_12:31 __main__ INFO: Target labels, logits, features and scores saved in: experiments/ex_5/net_14/bce_binary_ensemble_combined_imagenet_test_arr_curr_random_138.npz
01_06_12:31 __main__ INFO: Target labels, logits, features and scores saved in: experiments/ex_5/net_14/bce_binary_ensemble_combined_imagenet_test_arr_curr_random_139.npz
01_06_12:32 __main__ INFO: Target labels, logits, features and scores saved in: experiments/ex_5/net_14/bce_binary_ensemble_combined_imagenet_test_arr_curr_random_140.npz
01_06_12:32 __main__ INFO: Target labels, logits, features and scores saved in: experiments/ex_5/net_14/bce_binary_ensemble_combined_imagenet_test_arr_curr_random_141.npz
01_06_12:33 __main__ INFO: Target labels, logits, features and scores saved in: experiments/ex_5/net_14/bce_binary_ensemble_combined_imagenet_test_arr_curr_random_142.npz
01_06_12:33 __main__ INFO: Target labels, logits, features and scores saved in: experiments/ex_5/net_14/bce_binary_ensemble_combined_imagenet_test_arr_curr_random_143.npz
01_06_12:34 __main__ INFO: Target labels, logits, features and scores saved in: experiments/ex_5/net_14/bce_binary_ensemble_combined_imagenet_test_arr_curr_random_144.npz
01_06_12:34 __main__ INFO: Target labels, logits, features and scores saved in: experiments/ex_5/net_14/bce_binary_ensemble_combined_imagenet_test_arr_curr_random_145.npz
01_06_12:35 __main__ INFO: Target labels, logits, features and scores saved in: experiments/ex_5/net_14/bce_binary_ensemble_combined_imagenet_test_arr_curr_random_146.npz
01_06_12:35 __main__ INFO: Target labels, logits, features and scores saved in: experiments/ex_5/net_14/bce_binary_ensemble_combined_imagenet_test_arr_curr_random_147.npz
01_06_12:36 __main__ INFO: Target labels, logits, features and scores saved in: experiments/ex_5/net_14/bce_binary_ensemble_combined_imagenet_test_arr_curr_random_148.npz
01_06_12:36 __main__ INFO: Target labels, logits, features and scores saved in: experiments/ex_5/net_14/bce_binary_ensemble_combined_imagenet_test_arr_curr_random_149.npz
01_06_12:37 __main__ INFO: Target labels, logits, features and scores saved in: experiments/ex_5/net_14/bce_binary_ensemble_combined_imagenet_test_arr_curr_random_150.npz
01_06_12:37 __main__ INFO: Target labels, logits, features and scores saved in: experiments/ex_5/net_14/bce_binary_ensemble_combined_imagenet_test_arr_curr_random_151.npz
01_06_12:38 __main__ INFO: Target labels, logits, features and scores saved in: experiments/ex_5/net_14/bce_binary_ensemble_combined_imagenet_test_arr_curr_random_152.npz
01_06_12:38 __main__ INFO: Target labels, logits, features and scores saved in: experiments/ex_5/net_14/bce_binary_ensemble_combined_imagenet_test_arr_curr_random_153.npz
01_06_12:39 __main__ INFO: Target labels, logits, features and scores saved in: experiments/ex_5/net_14/bce_binary_ensemble_combined_imagenet_test_arr_curr_random_154.npz
01_06_12:39 __main__ INFO: Target labels, logits, features and scores saved in: experiments/ex_5/net_14/bce_binary_ensemble_combined_imagenet_test_arr_curr_random_155.npz
01_06_12:40 __main__ INFO: Target labels, logits, features and scores saved in: experiments/ex_5/net_14/bce_binary_ensemble_combined_imagenet_test_arr_curr_random_156.npz
01_06_12:40 __main__ INFO: Target labels, logits, features and scores saved in: experiments/ex_5/net_14/bce_binary_ensemble_combined_imagenet_test_arr_curr_random_157.npz
01_06_12:40 __main__ INFO: Target labels, logits, features and scores saved in: experiments/ex_5/net_14/bce_binary_ensemble_combined_imagenet_test_arr_curr_random_158.npz
01_06_12:41 __main__ INFO: Target labels, logits, features and scores saved in: experiments/ex_5/net_14/bce_binary_ensemble_combined_imagenet_test_arr_curr_random_159.npz
01_06_12:41 __main__ INFO: Target labels, logits, features and scores saved in: experiments/ex_5/net_14/bce_binary_ensemble_combined_imagenet_test_arr_curr_random_160.npz
01_06_12:42 __main__ INFO: Target labels, logits, features and scores saved in: experiments/ex_5/net_14/bce_binary_ensemble_combined_imagenet_test_arr_curr_random_161.npz
01_06_12:43 __main__ INFO: Target labels, logits, features and scores saved in: experiments/ex_5/net_14/bce_binary_ensemble_combined_imagenet_test_arr_curr_random_162.npz
01_06_12:43 __main__ INFO: Target labels, logits, features and scores saved in: experiments/ex_5/net_14/bce_binary_ensemble_combined_imagenet_test_arr_curr_random_163.npz
01_06_12:44 __main__ INFO: Target labels, logits, features and scores saved in: experiments/ex_5/net_14/bce_binary_ensemble_combined_imagenet_test_arr_curr_random_164.npz
01_06_12:44 __main__ INFO: Target labels, logits, features and scores saved in: experiments/ex_5/net_14/bce_binary_ensemble_combined_imagenet_test_arr_curr_random_165.npz
01_06_12:45 __main__ INFO: Target labels, logits, features and scores saved in: experiments/ex_5/net_14/bce_binary_ensemble_combined_imagenet_test_arr_curr_random_166.npz
01_06_12:45 __main__ INFO: Target labels, logits, features and scores saved in: experiments/ex_5/net_14/bce_binary_ensemble_combined_imagenet_test_arr_curr_random_167.npz
01_06_12:46 __main__ INFO: Target labels, logits, features and scores saved in: experiments/ex_5/net_14/bce_binary_ensemble_combined_imagenet_test_arr_curr_random_168.npz
01_06_12:46 __main__ INFO: Target labels, logits, features and scores saved in: experiments/ex_5/net_14/bce_binary_ensemble_combined_imagenet_test_arr_curr_random_169.npz
01_06_12:47 __main__ INFO: Target labels, logits, features and scores saved in: experiments/ex_5/net_14/bce_binary_ensemble_combined_imagenet_test_arr_curr_random_170.npz
01_06_12:47 __main__ INFO: Target labels, logits, features and scores saved in: experiments/ex_5/net_14/bce_binary_ensemble_combined_imagenet_test_arr_curr_random_171.npz
01_06_12:48 __main__ INFO: Target labels, logits, features and scores saved in: experiments/ex_5/net_14/bce_binary_ensemble_combined_imagenet_test_arr_curr_random_172.npz
01_06_12:48 __main__ INFO: Target labels, logits, features and scores saved in: experiments/ex_5/net_14/bce_binary_ensemble_combined_imagenet_test_arr_curr_random_173.npz
01_06_12:49 __main__ INFO: Target labels, logits, features and scores saved in: experiments/ex_5/net_14/bce_binary_ensemble_combined_imagenet_test_arr_curr_random_174.npz
01_06_12:49 __main__ INFO: Target labels, logits, features and scores saved in: experiments/ex_5/net_14/bce_binary_ensemble_combined_imagenet_test_arr_curr_random_175.npz
01_06_12:49 __main__ INFO: Target labels, logits, features and scores saved in: experiments/ex_5/net_14/bce_binary_ensemble_combined_imagenet_test_arr_curr_random_176.npz
01_06_12:50 __main__ INFO: Target labels, logits, features and scores saved in: experiments/ex_5/net_14/bce_binary_ensemble_combined_imagenet_test_arr_curr_random_177.npz
01_06_12:50 __main__ INFO: Target labels, logits, features and scores saved in: experiments/ex_5/net_14/bce_binary_ensemble_combined_imagenet_test_arr_curr_random_178.npz
01_06_12:51 __main__ INFO: Target labels, logits, features and scores saved in: experiments/ex_5/net_14/bce_binary_ensemble_combined_imagenet_test_arr_curr_random_179.npz
01_06_12:51 __main__ INFO: Target labels, logits, features and scores saved in: experiments/ex_5/net_14/bce_binary_ensemble_combined_imagenet_test_arr_curr_random_180.npz
01_06_12:52 __main__ INFO: Target labels, logits, features and scores saved in: experiments/ex_5/net_14/bce_binary_ensemble_combined_imagenet_test_arr_curr_random_181.npz
01_06_12:52 __main__ INFO: Target labels, logits, features and scores saved in: experiments/ex_5/net_14/bce_binary_ensemble_combined_imagenet_test_arr_curr_random_182.npz
01_06_12:53 __main__ INFO: Target labels, logits, features and scores saved in: experiments/ex_5/net_14/bce_binary_ensemble_combined_imagenet_test_arr_curr_random_183.npz
01_06_12:53 __main__ INFO: Target labels, logits, features and scores saved in: experiments/ex_5/net_14/bce_binary_ensemble_combined_imagenet_test_arr_curr_random_184.npz
01_06_12:54 __main__ INFO: Target labels, logits, features and scores saved in: experiments/ex_5/net_14/bce_binary_ensemble_combined_imagenet_test_arr_curr_random_185.npz
01_06_12:54 __main__ INFO: Target labels, logits, features and scores saved in: experiments/ex_5/net_14/bce_binary_ensemble_combined_imagenet_test_arr_curr_random_186.npz
01_06_12:55 __main__ INFO: Target labels, logits, features and scores saved in: experiments/ex_5/net_14/bce_binary_ensemble_combined_imagenet_test_arr_curr_random_187.npz
01_06_12:55 __main__ INFO: Target labels, logits, features and scores saved in: experiments/ex_5/net_14/bce_binary_ensemble_combined_imagenet_test_arr_curr_random_188.npz
01_06_12:56 __main__ INFO: Target labels, logits, features and scores saved in: experiments/ex_5/net_14/bce_binary_ensemble_combined_imagenet_test_arr_curr_random_189.npz
01_06_12:56 __main__ INFO: Target labels, logits, features and scores saved in: experiments/ex_5/net_14/bce_binary_ensemble_combined_imagenet_test_arr_curr_random_190.npz
01_06_12:57 __main__ INFO: Target labels, logits, features and scores saved in: experiments/ex_5/net_14/bce_binary_ensemble_combined_imagenet_test_arr_curr_random_191.npz
01_06_12:57 __main__ INFO: Target labels, logits, features and scores saved in: experiments/ex_5/net_14/bce_binary_ensemble_combined_imagenet_test_arr_curr_random_192.npz
01_06_12:58 __main__ INFO: Target labels, logits, features and scores saved in: experiments/ex_5/net_14/bce_binary_ensemble_combined_imagenet_test_arr_curr_random_193.npz
01_06_12:58 __main__ INFO: Target labels, logits, features and scores saved in: experiments/ex_5/net_14/bce_binary_ensemble_combined_imagenet_test_arr_curr_random_194.npz
01_06_12:58 __main__ INFO: Target labels, logits, features and scores saved in: experiments/ex_5/net_14/bce_binary_ensemble_combined_imagenet_test_arr_curr_random_195.npz
01_06_12:59 __main__ INFO: Target labels, logits, features and scores saved in: experiments/ex_5/net_14/bce_binary_ensemble_combined_imagenet_test_arr_curr_random_196.npz
01_06_12:59 __main__ INFO: Target labels, logits, features and scores saved in: experiments/ex_5/net_14/bce_binary_ensemble_combined_imagenet_test_arr_curr_random_197.npz
01_06_13:00 __main__ INFO: Target labels, logits, features and scores saved in: experiments/ex_5/net_14/bce_binary_ensemble_combined_imagenet_test_arr_curr_random_198.npz
01_06_13:00 __main__ INFO: Target labels, logits, features and scores saved in: experiments/ex_5/net_14/bce_binary_ensemble_combined_imagenet_test_arr_curr_random_199.npz
01_06_13:01 __main__ INFO: Target labels, logits, features and scores saved in: experiments/ex_5/net_14/bce_binary_ensemble_combined_imagenet_test_arr_curr_random_200.npz
01_06_13:01 __main__ INFO: Target labels, logits, features and scores saved in: experiments/ex_5/net_14/bce_binary_ensemble_combined_imagenet_test_arr_curr_random_201.npz
01_06_13:02 __main__ INFO: Target labels, logits, features and scores saved in: experiments/ex_5/net_14/bce_binary_ensemble_combined_imagenet_test_arr_curr_random_202.npz
01_06_13:02 __main__ INFO: Target labels, logits, features and scores saved in: experiments/ex_5/net_14/bce_binary_ensemble_combined_imagenet_test_arr_curr_random_203.npz
01_06_13:03 __main__ INFO: Target labels, logits, features and scores saved in: experiments/ex_5/net_14/bce_binary_ensemble_combined_imagenet_test_arr_curr_random_204.npz
01_06_13:03 __main__ INFO: Target labels, logits, features and scores saved in: experiments/ex_5/net_14/bce_binary_ensemble_combined_imagenet_test_arr_curr_random_205.npz
01_06_13:04 __main__ INFO: Target labels, logits, features and scores saved in: experiments/ex_5/net_14/bce_binary_ensemble_combined_imagenet_test_arr_curr_random_206.npz
01_06_13:04 __main__ INFO: Target labels, logits, features and scores saved in: experiments/ex_5/net_14/bce_binary_ensemble_combined_imagenet_test_arr_curr_random_207.npz
01_06_13:05 __main__ INFO: Target labels, logits, features and scores saved in: experiments/ex_5/net_14/bce_binary_ensemble_combined_imagenet_test_arr_curr_random_208.npz
01_06_13:05 __main__ INFO: Target labels, logits, features and scores saved in: experiments/ex_5/net_14/bce_binary_ensemble_combined_imagenet_test_arr_curr_random_209.npz
01_06_13:05 __main__ INFO: Target labels, logits, features and scores saved in: experiments/ex_5/net_14/bce_binary_ensemble_combined_imagenet_test_arr_curr_random_210.npz
01_06_13:06 __main__ INFO: Target labels, logits, features and scores saved in: experiments/ex_5/net_14/bce_binary_ensemble_combined_imagenet_test_arr_curr_random_211.npz
01_06_13:06 __main__ INFO: Target labels, logits, features and scores saved in: experiments/ex_5/net_14/bce_binary_ensemble_combined_imagenet_test_arr_curr_random_212.npz
01_06_13:07 __main__ INFO: Target labels, logits, features and scores saved in: experiments/ex_5/net_14/bce_binary_ensemble_combined_imagenet_test_arr_curr_random_213.npz
01_06_13:07 __main__ INFO: Target labels, logits, features and scores saved in: experiments/ex_5/net_14/bce_binary_ensemble_combined_imagenet_test_arr_curr_random_214.npz
01_06_13:08 __main__ INFO: Target labels, logits, features and scores saved in: experiments/ex_5/net_14/bce_binary_ensemble_combined_imagenet_test_arr_curr_random_215.npz
01_06_13:08 __main__ INFO: Target labels, logits, features and scores saved in: experiments/ex_5/net_14/bce_binary_ensemble_combined_imagenet_test_arr_curr_random_216.npz
01_06_13:09 __main__ INFO: Target labels, logits, features and scores saved in: experiments/ex_5/net_14/bce_binary_ensemble_combined_imagenet_test_arr_curr_random_217.npz
01_06_13:09 __main__ INFO: Target labels, logits, features and scores saved in: experiments/ex_5/net_14/bce_binary_ensemble_combined_imagenet_test_arr_curr_random_218.npz
01_06_13:10 __main__ INFO: Target labels, logits, features and scores saved in: experiments/ex_5/net_14/bce_binary_ensemble_combined_imagenet_test_arr_curr_random_219.npz
01_06_13:10 __main__ INFO: Target labels, logits, features and scores saved in: experiments/ex_5/net_14/bce_binary_ensemble_combined_imagenet_test_arr_curr_random_220.npz
01_06_13:11 __main__ INFO: Target labels, logits, features and scores saved in: experiments/ex_5/net_14/bce_binary_ensemble_combined_imagenet_test_arr_curr_random_221.npz
01_06_13:11 __main__ INFO: Target labels, logits, features and scores saved in: experiments/ex_5/net_14/bce_binary_ensemble_combined_imagenet_test_arr_curr_random_222.npz
01_06_13:12 __main__ INFO: Target labels, logits, features and scores saved in: experiments/ex_5/net_14/bce_binary_ensemble_combined_imagenet_test_arr_curr_random_223.npz
01_06_13:12 __main__ INFO: Target labels, logits, features and scores saved in: experiments/ex_5/net_14/bce_binary_ensemble_combined_imagenet_test_arr_curr_random_224.npz
01_06_13:13 __main__ INFO: Target labels, logits, features and scores saved in: experiments/ex_5/net_14/bce_binary_ensemble_combined_imagenet_test_arr_curr_random_225.npz
01_06_13:13 __main__ INFO: Target labels, logits, features and scores saved in: experiments/ex_5/net_14/bce_binary_ensemble_combined_imagenet_test_arr_curr_random_226.npz
01_06_13:14 __main__ INFO: Target labels, logits, features and scores saved in: experiments/ex_5/net_14/bce_binary_ensemble_combined_imagenet_test_arr_curr_random_227.npz
01_06_13:14 __main__ INFO: Target labels, logits, features and scores saved in: experiments/ex_5/net_14/bce_binary_ensemble_combined_imagenet_test_arr_curr_random_228.npz
01_06_13:15 __main__ INFO: Target labels, logits, features and scores saved in: experiments/ex_5/net_14/bce_binary_ensemble_combined_imagenet_test_arr_curr_random_229.npz
01_06_13:15 __main__ INFO: Target labels, logits, features and scores saved in: experiments/ex_5/net_14/bce_binary_ensemble_combined_imagenet_test_arr_curr_random_230.npz
01_06_13:16 __main__ INFO: Target labels, logits, features and scores saved in: experiments/ex_5/net_14/bce_binary_ensemble_combined_imagenet_test_arr_curr_random_231.npz
01_06_13:16 __main__ INFO: Target labels, logits, features and scores saved in: experiments/ex_5/net_14/bce_binary_ensemble_combined_imagenet_test_arr_curr_random_232.npz
01_06_13:17 __main__ INFO: Target labels, logits, features and scores saved in: experiments/ex_5/net_14/bce_binary_ensemble_combined_imagenet_test_arr_curr_random_233.npz
01_06_13:17 __main__ INFO: Target labels, logits, features and scores saved in: experiments/ex_5/net_14/bce_binary_ensemble_combined_imagenet_test_arr_curr_random_234.npz
01_06_13:18 __main__ INFO: Target labels, logits, features and scores saved in: experiments/ex_5/net_14/bce_binary_ensemble_combined_imagenet_test_arr_curr_random_235.npz
01_06_13:18 __main__ INFO: Target labels, logits, features and scores saved in: experiments/ex_5/net_14/bce_binary_ensemble_combined_imagenet_test_arr_curr_random_236.npz
01_06_13:19 __main__ INFO: Target labels, logits, features and scores saved in: experiments/ex_5/net_14/bce_binary_ensemble_combined_imagenet_test_arr_curr_random_237.npz
01_06_13:19 __main__ INFO: Target labels, logits, features and scores saved in: experiments/ex_5/net_14/bce_binary_ensemble_combined_imagenet_test_arr_curr_random_238.npz
01_06_13:20 __main__ INFO: Target labels, logits, features and scores saved in: experiments/ex_5/net_14/bce_binary_ensemble_combined_imagenet_test_arr_curr_random_239.npz
01_06_13:20 __main__ INFO: Target labels, logits, features and scores saved in: experiments/ex_5/net_14/bce_binary_ensemble_combined_imagenet_test_arr_curr_random_240.npz
01_06_13:21 __main__ INFO: Target labels, logits, features and scores saved in: experiments/ex_5/net_14/bce_binary_ensemble_combined_imagenet_test_arr_curr_random_241.npz
01_06_13:21 __main__ INFO: Target labels, logits, features and scores saved in: experiments/ex_5/net_14/bce_binary_ensemble_combined_imagenet_test_arr_curr_random_242.npz
01_06_13:22 __main__ INFO: Target labels, logits, features and scores saved in: experiments/ex_5/net_14/bce_binary_ensemble_combined_imagenet_test_arr_curr_random_243.npz
01_06_13:22 __main__ INFO: Target labels, logits, features and scores saved in: experiments/ex_5/net_14/bce_binary_ensemble_combined_imagenet_test_arr_curr_random_244.npz
01_06_13:22 __main__ INFO: Target labels, logits, features and scores saved in: experiments/ex_5/net_14/bce_binary_ensemble_combined_imagenet_test_arr_curr_random_245.npz
01_06_13:23 __main__ INFO: Target labels, logits, features and scores saved in: experiments/ex_5/net_14/bce_binary_ensemble_combined_imagenet_test_arr_curr_random_246.npz
01_06_13:23 __main__ INFO: Target labels, logits, features and scores saved in: experiments/ex_5/net_14/bce_binary_ensemble_combined_imagenet_test_arr_curr_random_247.npz
01_06_13:24 __main__ INFO: Target labels, logits, features and scores saved in: experiments/ex_5/net_14/bce_binary_ensemble_combined_imagenet_test_arr_curr_random_248.npz
01_06_13:24 __main__ INFO: Target labels, logits, features and scores saved in: experiments/ex_5/net_14/bce_binary_ensemble_combined_imagenet_test_arr_curr_random_249.npz
01_06_13:25 __main__ INFO: Target labels, logits, features and scores saved in: experiments/ex_5/net_14/bce_binary_ensemble_combined_imagenet_test_arr_curr_random_250.npz
01_06_13:25 __main__ INFO: Target labels, logits, features and scores saved in: experiments/ex_5/net_14/bce_binary_ensemble_combined_imagenet_test_arr_curr_random_251.npz
01_06_13:26 __main__ INFO: Target labels, logits, features and scores saved in: experiments/ex_5/net_14/bce_binary_ensemble_combined_imagenet_test_arr_curr_random_252.npz
01_06_13:26 __main__ INFO: Target labels, logits, features and scores saved in: experiments/ex_5/net_14/bce_binary_ensemble_combined_imagenet_test_arr_curr_random_253.npz
01_06_13:27 __main__ INFO: Target labels, logits, features and scores saved in: experiments/ex_5/net_14/bce_binary_ensemble_combined_imagenet_test_arr_curr_random_254.npz
01_06_13:27 __main__ INFO: Target labels, logits, features and scores saved in: experiments/ex_5/net_14/bce_binary_ensemble_combined_imagenet_test_arr_curr_random_255.npz
01_06_13:28 __main__ INFO: Target labels, logits, features and scores saved in: experiments/ex_5/net_14/bce_binary_ensemble_combined_imagenet_test_arr_curr_random_256.npz
01_06_13:28 __main__ INFO: Target labels, logits, features and scores saved in: experiments/ex_5/net_14/bce_binary_ensemble_combined_imagenet_test_arr_curr_random_257.npz
01_06_13:29 __main__ INFO: Target labels, logits, features and scores saved in: experiments/ex_5/net_14/bce_binary_ensemble_combined_imagenet_test_arr_curr_random_258.npz
01_06_13:30 __main__ INFO: Target labels, logits, features and scores saved in: experiments/ex_5/net_14/bce_binary_ensemble_combined_imagenet_test_arr_curr_random_259.npz
01_06_13:30 __main__ INFO: Target labels, logits, features and scores saved in: experiments/ex_5/net_14/bce_binary_ensemble_combined_imagenet_test_arr_curr_random_260.npz
01_06_13:31 __main__ INFO: Target labels, logits, features and scores saved in: experiments/ex_5/net_14/bce_binary_ensemble_combined_imagenet_test_arr_curr_random_261.npz
01_06_13:31 __main__ INFO: Target labels, logits, features and scores saved in: experiments/ex_5/net_14/bce_binary_ensemble_combined_imagenet_test_arr_curr_random_262.npz
01_06_13:32 __main__ INFO: Target labels, logits, features and scores saved in: experiments/ex_5/net_14/bce_binary_ensemble_combined_imagenet_test_arr_curr_random_263.npz
01_06_13:32 __main__ INFO: Target labels, logits, features and scores saved in: experiments/ex_5/net_14/bce_binary_ensemble_combined_imagenet_test_arr_curr_random_264.npz
01_06_13:33 __main__ INFO: Target labels, logits, features and scores saved in: experiments/ex_5/net_14/bce_binary_ensemble_combined_imagenet_test_arr_curr_random_265.npz
01_06_13:33 __main__ INFO: Target labels, logits, features and scores saved in: experiments/ex_5/net_14/bce_binary_ensemble_combined_imagenet_test_arr_curr_random_266.npz
01_06_13:34 __main__ INFO: Target labels, logits, features and scores saved in: experiments/ex_5/net_14/bce_binary_ensemble_combined_imagenet_test_arr_curr_random_267.npz
01_06_13:34 __main__ INFO: Target labels, logits, features and scores saved in: experiments/ex_5/net_14/bce_binary_ensemble_combined_imagenet_test_arr_curr_random_268.npz
01_06_13:35 __main__ INFO: Target labels, logits, features and scores saved in: experiments/ex_5/net_14/bce_binary_ensemble_combined_imagenet_test_arr_curr_random_269.npz
01_06_13:35 __main__ INFO: Target labels, logits, features and scores saved in: experiments/ex_5/net_14/bce_binary_ensemble_combined_imagenet_test_arr_curr_random_270.npz
01_06_13:36 __main__ INFO: Target labels, logits, features and scores saved in: experiments/ex_5/net_14/bce_binary_ensemble_combined_imagenet_test_arr_curr_random_271.npz
01_06_13:36 __main__ INFO: Target labels, logits, features and scores saved in: experiments/ex_5/net_14/bce_binary_ensemble_combined_imagenet_test_arr_curr_random_272.npz
01_06_13:37 __main__ INFO: Target labels, logits, features and scores saved in: experiments/ex_5/net_14/bce_binary_ensemble_combined_imagenet_test_arr_curr_random_273.npz
01_06_13:37 __main__ INFO: Target labels, logits, features and scores saved in: experiments/ex_5/net_14/bce_binary_ensemble_combined_imagenet_test_arr_curr_random_274.npz
01_06_13:38 __main__ INFO: Target labels, logits, features and scores saved in: experiments/ex_5/net_14/bce_binary_ensemble_combined_imagenet_test_arr_curr_random_275.npz
01_06_13:38 __main__ INFO: Target labels, logits, features and scores saved in: experiments/ex_5/net_14/bce_binary_ensemble_combined_imagenet_test_arr_curr_random_276.npz
01_06_13:39 __main__ INFO: Target labels, logits, features and scores saved in: experiments/ex_5/net_14/bce_binary_ensemble_combined_imagenet_test_arr_curr_random_277.npz
01_06_13:39 __main__ INFO: Target labels, logits, features and scores saved in: experiments/ex_5/net_14/bce_binary_ensemble_combined_imagenet_test_arr_curr_random_278.npz
01_06_13:40 __main__ INFO: Target labels, logits, features and scores saved in: experiments/ex_5/net_14/bce_binary_ensemble_combined_imagenet_test_arr_curr_random_279.npz
01_06_13:40 __main__ INFO: Target labels, logits, features and scores saved in: experiments/ex_5/net_14/bce_binary_ensemble_combined_imagenet_test_arr_curr_random_280.npz
01_06_13:41 __main__ INFO: Target labels, logits, features and scores saved in: experiments/ex_5/net_14/bce_binary_ensemble_combined_imagenet_test_arr_curr_random_281.npz
01_06_13:41 __main__ INFO: Target labels, logits, features and scores saved in: experiments/ex_5/net_14/bce_binary_ensemble_combined_imagenet_test_arr_curr_random_282.npz
01_06_13:42 __main__ INFO: Target labels, logits, features and scores saved in: experiments/ex_5/net_14/bce_binary_ensemble_combined_imagenet_test_arr_curr_random_283.npz
01_06_13:42 __main__ INFO: Target labels, logits, features and scores saved in: experiments/ex_5/net_14/bce_binary_ensemble_combined_imagenet_test_arr_curr_random_284.npz
01_06_13:43 __main__ INFO: Target labels, logits, features and scores saved in: experiments/ex_5/net_14/bce_binary_ensemble_combined_imagenet_test_arr_curr_random_285.npz
01_06_13:43 __main__ INFO: Target labels, logits, features and scores saved in: experiments/ex_5/net_14/bce_binary_ensemble_combined_imagenet_test_arr_curr_random_286.npz
01_06_13:44 __main__ INFO: Target labels, logits, features and scores saved in: experiments/ex_5/net_14/bce_binary_ensemble_combined_imagenet_test_arr_curr_random_287.npz
01_06_13:44 __main__ INFO: Target labels, logits, features and scores saved in: experiments/ex_5/net_14/bce_binary_ensemble_combined_imagenet_test_arr_curr_random_288.npz
01_06_13:45 __main__ INFO: Target labels, logits, features and scores saved in: experiments/ex_5/net_14/bce_binary_ensemble_combined_imagenet_test_arr_curr_random_289.npz
01_06_13:45 __main__ INFO: Target labels, logits, features and scores saved in: experiments/ex_5/net_14/bce_binary_ensemble_combined_imagenet_test_arr_curr_random_290.npz
01_06_13:46 __main__ INFO: Target labels, logits, features and scores saved in: experiments/ex_5/net_14/bce_binary_ensemble_combined_imagenet_test_arr_curr_random_291.npz
01_06_13:46 __main__ INFO: Target labels, logits, features and scores saved in: experiments/ex_5/net_14/bce_binary_ensemble_combined_imagenet_test_arr_curr_random_292.npz
01_06_13:47 __main__ INFO: Target labels, logits, features and scores saved in: experiments/ex_5/net_14/bce_binary_ensemble_combined_imagenet_test_arr_curr_random_293.npz
01_06_13:47 __main__ INFO: Target labels, logits, features and scores saved in: experiments/ex_5/net_14/bce_binary_ensemble_combined_imagenet_test_arr_curr_random_294.npz
01_06_13:48 __main__ INFO: Target labels, logits, features and scores saved in: experiments/ex_5/net_14/bce_binary_ensemble_combined_imagenet_test_arr_curr_random_295.npz
01_06_13:48 __main__ INFO: Target labels, logits, features and scores saved in: experiments/ex_5/net_14/bce_binary_ensemble_combined_imagenet_test_arr_curr_random_296.npz
01_06_13:49 __main__ INFO: Target labels, logits, features and scores saved in: experiments/ex_5/net_14/bce_binary_ensemble_combined_imagenet_test_arr_curr_random_297.npz
01_06_13:49 __main__ INFO: Target labels, logits, features and scores saved in: experiments/ex_5/net_14/bce_binary_ensemble_combined_imagenet_test_arr_curr_random_298.npz
01_06_13:50 __main__ INFO: Target labels, logits, features and scores saved in: experiments/ex_5/net_14/bce_binary_ensemble_combined_imagenet_test_arr_curr_random_299.npz
01_06_13:50 __main__ INFO: Target labels, logits, features and scores saved in: experiments/ex_5/net_14/bce_binary_ensemble_combined_imagenet_test_arr_curr_random_300.npz
01_06_13:51 __main__ INFO: Target labels, logits, features and scores saved in: experiments/ex_5/net_14/bce_binary_ensemble_combined_imagenet_test_arr_curr_random_301.npz
01_06_13:51 __main__ INFO: Target labels, logits, features and scores saved in: experiments/ex_5/net_14/bce_binary_ensemble_combined_imagenet_test_arr_curr_random_302.npz
01_06_13:52 __main__ INFO: Target labels, logits, features and scores saved in: experiments/ex_5/net_14/bce_binary_ensemble_combined_imagenet_test_arr_curr_random_303.npz
01_06_13:52 __main__ INFO: Target labels, logits, features and scores saved in: experiments/ex_5/net_14/bce_binary_ensemble_combined_imagenet_test_arr_curr_random_304.npz
01_06_13:53 __main__ INFO: Target labels, logits, features and scores saved in: experiments/ex_5/net_14/bce_binary_ensemble_combined_imagenet_test_arr_curr_random_305.npz
01_06_13:53 __main__ INFO: Target labels, logits, features and scores saved in: experiments/ex_5/net_14/bce_binary_ensemble_combined_imagenet_test_arr_curr_random_306.npz
01_06_13:54 __main__ INFO: Target labels, logits, features and scores saved in: experiments/ex_5/net_14/bce_binary_ensemble_combined_imagenet_test_arr_curr_random_307.npz
01_06_13:54 __main__ INFO: Target labels, logits, features and scores saved in: experiments/ex_5/net_14/bce_binary_ensemble_combined_imagenet_test_arr_curr_random_308.npz
01_06_13:55 __main__ INFO: Target labels, logits, features and scores saved in: experiments/ex_5/net_14/bce_binary_ensemble_combined_imagenet_test_arr_curr_random_309.npz
01_06_13:55 __main__ INFO: Target labels, logits, features and scores saved in: experiments/ex_5/net_14/bce_binary_ensemble_combined_imagenet_test_arr_curr_random_310.npz
01_06_13:56 __main__ INFO: Target labels, logits, features and scores saved in: experiments/ex_5/net_14/bce_binary_ensemble_combined_imagenet_test_arr_curr_random_311.npz
01_06_13:56 __main__ INFO: Target labels, logits, features and scores saved in: experiments/ex_5/net_14/bce_binary_ensemble_combined_imagenet_test_arr_curr_random_312.npz
01_06_13:57 __main__ INFO: Target labels, logits, features and scores saved in: experiments/ex_5/net_14/bce_binary_ensemble_combined_imagenet_test_arr_curr_random_313.npz
01_06_13:57 __main__ INFO: Target labels, logits, features and scores saved in: experiments/ex_5/net_14/bce_binary_ensemble_combined_imagenet_test_arr_curr_random_314.npz
01_06_13:58 __main__ INFO: Target labels, logits, features and scores saved in: experiments/ex_5/net_14/bce_binary_ensemble_combined_imagenet_test_arr_curr_random_315.npz
01_06_13:58 __main__ INFO: Target labels, logits, features and scores saved in: experiments/ex_5/net_14/bce_binary_ensemble_combined_imagenet_test_arr_curr_random_316.npz
01_06_13:59 __main__ INFO: Target labels, logits, features and scores saved in: experiments/ex_5/net_14/bce_binary_ensemble_combined_imagenet_test_arr_curr_random_317.npz
01_06_13:59 __main__ INFO: Target labels, logits, features and scores saved in: experiments/ex_5/net_14/bce_binary_ensemble_combined_imagenet_test_arr_curr_random_318.npz
01_06_14:00 __main__ INFO: Target labels, logits, features and scores saved in: experiments/ex_5/net_14/bce_binary_ensemble_combined_imagenet_test_arr_curr_random_319.npz
01_06_14:00 __main__ INFO: Target labels, logits, features and scores saved in: experiments/ex_5/net_14/bce_binary_ensemble_combined_imagenet_test_arr_curr_random_320.npz
01_06_14:00 __main__ INFO: Target labels, logits, features and scores saved in: experiments/ex_5/net_14/bce_binary_ensemble_combined_imagenet_test_arr_curr_random_321.npz
01_06_14:01 __main__ INFO: Target labels, logits, features and scores saved in: experiments/ex_5/net_14/bce_binary_ensemble_combined_imagenet_test_arr_curr_random_322.npz
01_06_14:01 __main__ INFO: Target labels, logits, features and scores saved in: experiments/ex_5/net_14/bce_binary_ensemble_combined_imagenet_test_arr_curr_random_323.npz
01_06_14:02 __main__ INFO: Target labels, logits, features and scores saved in: experiments/ex_5/net_14/bce_binary_ensemble_combined_imagenet_test_arr_curr_random_324.npz
01_06_14:02 __main__ INFO: Target labels, logits, features and scores saved in: experiments/ex_5/net_14/bce_binary_ensemble_combined_imagenet_test_arr_curr_random_325.npz
01_06_14:03 __main__ INFO: Target labels, logits, features and scores saved in: experiments/ex_5/net_14/bce_binary_ensemble_combined_imagenet_test_arr_curr_random_326.npz
01_06_14:03 __main__ INFO: Target labels, logits, features and scores saved in: experiments/ex_5/net_14/bce_binary_ensemble_combined_imagenet_test_arr_curr_random_327.npz
01_06_14:04 __main__ INFO: Target labels, logits, features and scores saved in: experiments/ex_5/net_14/bce_binary_ensemble_combined_imagenet_test_arr_curr_random_328.npz
01_06_14:05 __main__ INFO: Target labels, logits, features and scores saved in: experiments/ex_5/net_14/bce_binary_ensemble_combined_imagenet_test_arr_curr_random_329.npz
01_06_14:05 __main__ INFO: Target labels, logits, features and scores saved in: experiments/ex_5/net_14/bce_binary_ensemble_combined_imagenet_test_arr_curr_random_330.npz
01_06_14:05 __main__ INFO: Target labels, logits, features and scores saved in: experiments/ex_5/net_14/bce_binary_ensemble_combined_imagenet_test_arr_curr_random_331.npz
01_06_14:06 __main__ INFO: Target labels, logits, features and scores saved in: experiments/ex_5/net_14/bce_binary_ensemble_combined_imagenet_test_arr_curr_random_332.npz
01_06_14:07 __main__ INFO: Target labels, logits, features and scores saved in: experiments/ex_5/net_14/bce_binary_ensemble_combined_imagenet_test_arr_curr_random_333.npz
01_06_14:07 __main__ INFO: Target labels, logits, features and scores saved in: experiments/ex_5/net_14/bce_binary_ensemble_combined_imagenet_test_arr_curr_random_334.npz
01_06_14:07 __main__ INFO: Target labels, logits, features and scores saved in: experiments/ex_5/net_14/bce_binary_ensemble_combined_imagenet_test_arr_curr_random_335.npz
01_06_14:08 __main__ INFO: Target labels, logits, features and scores saved in: experiments/ex_5/net_14/bce_binary_ensemble_combined_imagenet_test_arr_curr_random_336.npz
01_06_14:09 __main__ INFO: Target labels, logits, features and scores saved in: experiments/ex_5/net_14/bce_binary_ensemble_combined_imagenet_test_arr_curr_random_337.npz
01_06_14:09 __main__ INFO: Target labels, logits, features and scores saved in: experiments/ex_5/net_14/bce_binary_ensemble_combined_imagenet_test_arr_curr_random_338.npz
01_06_14:10 __main__ INFO: Target labels, logits, features and scores saved in: experiments/ex_5/net_14/bce_binary_ensemble_combined_imagenet_test_arr_curr_random_339.npz
01_06_14:10 __main__ INFO: Target labels, logits, features and scores saved in: experiments/ex_5/net_14/bce_binary_ensemble_combined_imagenet_test_arr_curr_random_340.npz
01_06_14:11 __main__ INFO: Target labels, logits, features and scores saved in: experiments/ex_5/net_14/bce_binary_ensemble_combined_imagenet_test_arr_curr_random_341.npz
01_06_14:11 __main__ INFO: Target labels, logits, features and scores saved in: experiments/ex_5/net_14/bce_binary_ensemble_combined_imagenet_test_arr_curr_random_342.npz
01_06_14:12 __main__ INFO: Target labels, logits, features and scores saved in: experiments/ex_5/net_14/bce_binary_ensemble_combined_imagenet_test_arr_curr_random_343.npz
01_06_14:12 __main__ INFO: Target labels, logits, features and scores saved in: experiments/ex_5/net_14/bce_binary_ensemble_combined_imagenet_test_arr_curr_random_344.npz
01_06_14:13 __main__ INFO: Target labels, logits, features and scores saved in: experiments/ex_5/net_14/bce_binary_ensemble_combined_imagenet_test_arr_curr_random_345.npz
01_06_14:14 __main__ INFO: Target labels, logits, features and scores saved in: experiments/ex_5/net_14/bce_binary_ensemble_combined_imagenet_test_arr_curr_random_346.npz
01_06_14:14 __main__ INFO: Target labels, logits, features and scores saved in: experiments/ex_5/net_14/bce_binary_ensemble_combined_imagenet_test_arr_curr_random_347.npz
01_06_14:15 __main__ INFO: Target labels, logits, features and scores saved in: experiments/ex_5/net_14/bce_binary_ensemble_combined_imagenet_test_arr_curr_random_348.npz
01_06_14:15 __main__ INFO: Target labels, logits, features and scores saved in: experiments/ex_5/net_14/bce_binary_ensemble_combined_imagenet_test_arr_curr_random_349.npz
01_06_14:16 __main__ INFO: Target labels, logits, features and scores saved in: experiments/ex_5/net_14/bce_binary_ensemble_combined_imagenet_test_arr_curr_random_350.npz
01_06_14:16 __main__ INFO: Target labels, logits, features and scores saved in: experiments/ex_5/net_14/bce_binary_ensemble_combined_imagenet_test_arr_curr_random_351.npz
01_06_14:16 __main__ INFO: Target labels, logits, features and scores saved in: experiments/ex_5/net_14/bce_binary_ensemble_combined_imagenet_test_arr_curr_random_352.npz
01_06_14:17 __main__ INFO: Target labels, logits, features and scores saved in: experiments/ex_5/net_14/bce_binary_ensemble_combined_imagenet_test_arr_curr_random_353.npz
01_06_14:17 __main__ INFO: Target labels, logits, features and scores saved in: experiments/ex_5/net_14/bce_binary_ensemble_combined_imagenet_test_arr_curr_random_354.npz
01_06_14:18 __main__ INFO: Target labels, logits, features and scores saved in: experiments/ex_5/net_14/bce_binary_ensemble_combined_imagenet_test_arr_curr_random_355.npz
01_06_14:18 __main__ INFO: Target labels, logits, features and scores saved in: experiments/ex_5/net_14/bce_binary_ensemble_combined_imagenet_test_arr_curr_random_356.npz
01_06_14:19 __main__ INFO: Target labels, logits, features and scores saved in: experiments/ex_5/net_14/bce_binary_ensemble_combined_imagenet_test_arr_curr_random_357.npz
01_06_14:19 __main__ INFO: Target labels, logits, features and scores saved in: experiments/ex_5/net_14/bce_binary_ensemble_combined_imagenet_test_arr_curr_random_358.npz
01_06_14:20 __main__ INFO: Target labels, logits, features and scores saved in: experiments/ex_5/net_14/bce_binary_ensemble_combined_imagenet_test_arr_curr_random_359.npz
01_06_14:20 __main__ INFO: Target labels, logits, features and scores saved in: experiments/ex_5/net_14/bce_binary_ensemble_combined_imagenet_test_arr_curr_random_360.npz
01_06_14:21 __main__ INFO: Target labels, logits, features and scores saved in: experiments/ex_5/net_14/bce_binary_ensemble_combined_imagenet_test_arr_curr_random_361.npz
01_06_14:21 __main__ INFO: Target labels, logits, features and scores saved in: experiments/ex_5/net_14/bce_binary_ensemble_combined_imagenet_test_arr_curr_random_362.npz
01_06_14:22 __main__ INFO: Target labels, logits, features and scores saved in: experiments/ex_5/net_14/bce_binary_ensemble_combined_imagenet_test_arr_curr_random_363.npz
01_06_14:22 __main__ INFO: Target labels, logits, features and scores saved in: experiments/ex_5/net_14/bce_binary_ensemble_combined_imagenet_test_arr_curr_random_364.npz
01_06_14:23 __main__ INFO: Target labels, logits, features and scores saved in: experiments/ex_5/net_14/bce_binary_ensemble_combined_imagenet_test_arr_curr_random_365.npz
01_06_14:23 __main__ INFO: Target labels, logits, features and scores saved in: experiments/ex_5/net_14/bce_binary_ensemble_combined_imagenet_test_arr_curr_random_366.npz
01_06_14:24 __main__ INFO: Target labels, logits, features and scores saved in: experiments/ex_5/net_14/bce_binary_ensemble_combined_imagenet_test_arr_curr_random_367.npz
01_06_14:24 __main__ INFO: Target labels, logits, features and scores saved in: experiments/ex_5/net_14/bce_binary_ensemble_combined_imagenet_test_arr_curr_random_368.npz
01_06_14:25 __main__ INFO: Target labels, logits, features and scores saved in: experiments/ex_5/net_14/bce_binary_ensemble_combined_imagenet_test_arr_curr_random_369.npz
01_06_14:25 __main__ INFO: Target labels, logits, features and scores saved in: experiments/ex_5/net_14/bce_binary_ensemble_combined_imagenet_test_arr_curr_random_370.npz
01_06_14:26 __main__ INFO: Target labels, logits, features and scores saved in: experiments/ex_5/net_14/bce_binary_ensemble_combined_imagenet_test_arr_curr_random_371.npz
01_06_14:26 __main__ INFO: Target labels, logits, features and scores saved in: experiments/ex_5/net_14/bce_binary_ensemble_combined_imagenet_test_arr_curr_random_372.npz
01_06_14:27 __main__ INFO: Target labels, logits, features and scores saved in: experiments/ex_5/net_14/bce_binary_ensemble_combined_imagenet_test_arr_curr_random_373.npz
01_06_14:27 __main__ INFO: Target labels, logits, features and scores saved in: experiments/ex_5/net_14/bce_binary_ensemble_combined_imagenet_test_arr_curr_random_374.npz
01_06_14:27 __main__ INFO: Target labels, logits, features and scores saved in: experiments/ex_5/net_14/bce_binary_ensemble_combined_imagenet_test_arr_curr_random_375.npz
01_06_14:28 __main__ INFO: Target labels, logits, features and scores saved in: experiments/ex_5/net_14/bce_binary_ensemble_combined_imagenet_test_arr_curr_random_376.npz
01_06_14:28 __main__ INFO: Target labels, logits, features and scores saved in: experiments/ex_5/net_14/bce_binary_ensemble_combined_imagenet_test_arr_curr_random_377.npz
01_06_14:29 __main__ INFO: Target labels, logits, features and scores saved in: experiments/ex_5/net_14/bce_binary_ensemble_combined_imagenet_test_arr_curr_random_378.npz
01_06_14:29 __main__ INFO: Target labels, logits, features and scores saved in: experiments/ex_5/net_14/bce_binary_ensemble_combined_imagenet_test_arr_curr_random_379.npz
01_06_14:30 __main__ INFO: Target labels, logits, features and scores saved in: experiments/ex_5/net_14/bce_binary_ensemble_combined_imagenet_test_arr_curr_random_380.npz
01_06_14:30 __main__ INFO: Target labels, logits, features and scores saved in: experiments/ex_5/net_14/bce_binary_ensemble_combined_imagenet_test_arr_curr_random_381.npz
01_06_14:31 __main__ INFO: Target labels, logits, features and scores saved in: experiments/ex_5/net_14/bce_binary_ensemble_combined_imagenet_test_arr_curr_random_382.npz
01_06_14:31 __main__ INFO: Target labels, logits, features and scores saved in: experiments/ex_5/net_14/bce_binary_ensemble_combined_imagenet_test_arr_curr_random_383.npz
01_06_14:32 __main__ INFO: Target labels, logits, features and scores saved in: experiments/ex_5/net_14/bce_binary_ensemble_combined_imagenet_test_arr_curr_random_384.npz
01_06_14:32 __main__ INFO: Target labels, logits, features and scores saved in: experiments/ex_5/net_14/bce_binary_ensemble_combined_imagenet_test_arr_curr_random_385.npz
01_06_14:33 __main__ INFO: Target labels, logits, features and scores saved in: experiments/ex_5/net_14/bce_binary_ensemble_combined_imagenet_test_arr_curr_random_386.npz
01_06_14:33 __main__ INFO: Target labels, logits, features and scores saved in: experiments/ex_5/net_14/bce_binary_ensemble_combined_imagenet_test_arr_curr_random_387.npz
01_06_14:34 __main__ INFO: Target labels, logits, features and scores saved in: experiments/ex_5/net_14/bce_binary_ensemble_combined_imagenet_test_arr_curr_random_388.npz
01_06_14:34 __main__ INFO: Target labels, logits, features and scores saved in: experiments/ex_5/net_14/bce_binary_ensemble_combined_imagenet_test_arr_curr_random_389.npz
01_06_14:35 __main__ INFO: Target labels, logits, features and scores saved in: experiments/ex_5/net_14/bce_binary_ensemble_combined_imagenet_test_arr_curr_random_390.npz
01_06_14:35 __main__ INFO: Target labels, logits, features and scores saved in: experiments/ex_5/net_14/bce_binary_ensemble_combined_imagenet_test_arr_curr_random_391.npz
01_06_14:36 __main__ INFO: Target labels, logits, features and scores saved in: experiments/ex_5/net_14/bce_binary_ensemble_combined_imagenet_test_arr_curr_random_392.npz
01_06_14:36 __main__ INFO: Target labels, logits, features and scores saved in: experiments/ex_5/net_14/bce_binary_ensemble_combined_imagenet_test_arr_curr_random_393.npz
01_06_14:37 __main__ INFO: Target labels, logits, features and scores saved in: experiments/ex_5/net_14/bce_binary_ensemble_combined_imagenet_test_arr_curr_random_394.npz
01_06_14:37 __main__ INFO: Target labels, logits, features and scores saved in: experiments/ex_5/net_14/bce_binary_ensemble_combined_imagenet_test_arr_curr_random_395.npz
01_06_14:38 __main__ INFO: Target labels, logits, features and scores saved in: experiments/ex_5/net_14/bce_binary_ensemble_combined_imagenet_test_arr_curr_random_396.npz
01_06_14:38 __main__ INFO: Target labels, logits, features and scores saved in: experiments/ex_5/net_14/bce_binary_ensemble_combined_imagenet_test_arr_curr_random_397.npz
01_06_14:39 __main__ INFO: Target labels, logits, features and scores saved in: experiments/ex_5/net_14/bce_binary_ensemble_combined_imagenet_test_arr_curr_random_398.npz
01_06_14:39 __main__ INFO: Target labels, logits, features and scores saved in: experiments/ex_5/net_14/bce_binary_ensemble_combined_imagenet_test_arr_curr_random_399.npz
01_06_14:40 __main__ INFO: Target labels, logits, features and scores saved in: experiments/ex_5/net_14/bce_binary_ensemble_combined_imagenet_test_arr_curr_random_400.npz
01_06_14:40 __main__ INFO: Target labels, logits, features and scores saved in: experiments/ex_5/net_14/bce_binary_ensemble_combined_imagenet_test_arr_curr_random_401.npz
01_06_14:41 __main__ INFO: Target labels, logits, features and scores saved in: experiments/ex_5/net_14/bce_binary_ensemble_combined_imagenet_test_arr_curr_random_402.npz
01_06_14:41 __main__ INFO: Target labels, logits, features and scores saved in: experiments/ex_5/net_14/bce_binary_ensemble_combined_imagenet_test_arr_curr_random_403.npz
01_06_14:42 __main__ INFO: Target labels, logits, features and scores saved in: experiments/ex_5/net_14/bce_binary_ensemble_combined_imagenet_test_arr_curr_random_404.npz
01_06_14:42 __main__ INFO: Target labels, logits, features and scores saved in: experiments/ex_5/net_14/bce_binary_ensemble_combined_imagenet_test_arr_curr_random_405.npz
01_06_14:43 __main__ INFO: Target labels, logits, features and scores saved in: experiments/ex_5/net_14/bce_binary_ensemble_combined_imagenet_test_arr_curr_random_406.npz
01_06_14:43 __main__ INFO: Target labels, logits, features and scores saved in: experiments/ex_5/net_14/bce_binary_ensemble_combined_imagenet_test_arr_curr_random_407.npz
01_06_14:44 __main__ INFO: Target labels, logits, features and scores saved in: experiments/ex_5/net_14/bce_binary_ensemble_combined_imagenet_test_arr_curr_random_408.npz
01_06_14:44 __main__ INFO: Target labels, logits, features and scores saved in: experiments/ex_5/net_14/bce_binary_ensemble_combined_imagenet_test_arr_curr_random_409.npz
01_06_14:45 __main__ INFO: Target labels, logits, features and scores saved in: experiments/ex_5/net_14/bce_binary_ensemble_combined_imagenet_test_arr_curr_random_410.npz
01_06_14:45 __main__ INFO: Target labels, logits, features and scores saved in: experiments/ex_5/net_14/bce_binary_ensemble_combined_imagenet_test_arr_curr_random_411.npz
01_06_14:46 __main__ INFO: Target labels, logits, features and scores saved in: experiments/ex_5/net_14/bce_binary_ensemble_combined_imagenet_test_arr_curr_random_412.npz
01_06_14:46 __main__ INFO: Target labels, logits, features and scores saved in: experiments/ex_5/net_14/bce_binary_ensemble_combined_imagenet_test_arr_curr_random_413.npz
01_06_14:47 __main__ INFO: Target labels, logits, features and scores saved in: experiments/ex_5/net_14/bce_binary_ensemble_combined_imagenet_test_arr_curr_random_414.npz
01_06_14:47 __main__ INFO: Target labels, logits, features and scores saved in: experiments/ex_5/net_14/bce_binary_ensemble_combined_imagenet_test_arr_curr_random_415.npz
01_06_14:48 __main__ INFO: Target labels, logits, features and scores saved in: experiments/ex_5/net_14/bce_binary_ensemble_combined_imagenet_test_arr_curr_random_416.npz
01_06_14:49 __main__ INFO: Target labels, logits, features and scores saved in: experiments/ex_5/net_14/bce_binary_ensemble_combined_imagenet_test_arr_curr_random_417.npz
01_06_14:49 __main__ INFO: Target labels, logits, features and scores saved in: experiments/ex_5/net_14/bce_binary_ensemble_combined_imagenet_test_arr_curr_random_418.npz
01_06_14:50 __main__ INFO: Target labels, logits, features and scores saved in: experiments/ex_5/net_14/bce_binary_ensemble_combined_imagenet_test_arr_curr_random_419.npz
01_06_14:50 __main__ INFO: Target labels, logits, features and scores saved in: experiments/ex_5/net_14/bce_binary_ensemble_combined_imagenet_test_arr_curr_random_420.npz
01_06_14:51 __main__ INFO: Target labels, logits, features and scores saved in: experiments/ex_5/net_14/bce_binary_ensemble_combined_imagenet_test_arr_curr_random_421.npz
01_06_14:51 __main__ INFO: Target labels, logits, features and scores saved in: experiments/ex_5/net_14/bce_binary_ensemble_combined_imagenet_test_arr_curr_random_422.npz
01_06_14:52 __main__ INFO: Target labels, logits, features and scores saved in: experiments/ex_5/net_14/bce_binary_ensemble_combined_imagenet_test_arr_curr_random_423.npz
01_06_14:52 __main__ INFO: Target labels, logits, features and scores saved in: experiments/ex_5/net_14/bce_binary_ensemble_combined_imagenet_test_arr_curr_random_424.npz
01_06_14:53 __main__ INFO: Target labels, logits, features and scores saved in: experiments/ex_5/net_14/bce_binary_ensemble_combined_imagenet_test_arr_curr_random_425.npz
01_06_14:53 __main__ INFO: Target labels, logits, features and scores saved in: experiments/ex_5/net_14/bce_binary_ensemble_combined_imagenet_test_arr_curr_random_426.npz
01_06_14:54 __main__ INFO: Target labels, logits, features and scores saved in: experiments/ex_5/net_14/bce_binary_ensemble_combined_imagenet_test_arr_curr_random_427.npz
01_06_14:54 __main__ INFO: Target labels, logits, features and scores saved in: experiments/ex_5/net_14/bce_binary_ensemble_combined_imagenet_test_arr_curr_random_428.npz
01_06_14:55 __main__ INFO: Target labels, logits, features and scores saved in: experiments/ex_5/net_14/bce_binary_ensemble_combined_imagenet_test_arr_curr_random_429.npz
01_06_14:55 __main__ INFO: Target labels, logits, features and scores saved in: experiments/ex_5/net_14/bce_binary_ensemble_combined_imagenet_test_arr_curr_random_430.npz
01_06_14:56 __main__ INFO: Target labels, logits, features and scores saved in: experiments/ex_5/net_14/bce_binary_ensemble_combined_imagenet_test_arr_curr_random_431.npz
01_06_14:56 __main__ INFO: Target labels, logits, features and scores saved in: experiments/ex_5/net_14/bce_binary_ensemble_combined_imagenet_test_arr_curr_random_432.npz
01_06_14:57 __main__ INFO: Target labels, logits, features and scores saved in: experiments/ex_5/net_14/bce_binary_ensemble_combined_imagenet_test_arr_curr_random_433.npz
01_06_14:57 __main__ INFO: Target labels, logits, features and scores saved in: experiments/ex_5/net_14/bce_binary_ensemble_combined_imagenet_test_arr_curr_random_434.npz
01_06_14:58 __main__ INFO: Target labels, logits, features and scores saved in: experiments/ex_5/net_14/bce_binary_ensemble_combined_imagenet_test_arr_curr_random_435.npz
01_06_14:58 __main__ INFO: Target labels, logits, features and scores saved in: experiments/ex_5/net_14/bce_binary_ensemble_combined_imagenet_test_arr_curr_random_436.npz
01_06_14:59 __main__ INFO: Target labels, logits, features and scores saved in: experiments/ex_5/net_14/bce_binary_ensemble_combined_imagenet_test_arr_curr_random_437.npz
01_06_14:59 __main__ INFO: Target labels, logits, features and scores saved in: experiments/ex_5/net_14/bce_binary_ensemble_combined_imagenet_test_arr_curr_random_438.npz
01_06_15:00 __main__ INFO: Target labels, logits, features and scores saved in: experiments/ex_5/net_14/bce_binary_ensemble_combined_imagenet_test_arr_curr_random_439.npz
01_06_15:00 __main__ INFO: Target labels, logits, features and scores saved in: experiments/ex_5/net_14/bce_binary_ensemble_combined_imagenet_test_arr_curr_random_440.npz
01_06_15:01 __main__ INFO: Target labels, logits, features and scores saved in: experiments/ex_5/net_14/bce_binary_ensemble_combined_imagenet_test_arr_curr_random_441.npz
01_06_15:01 __main__ INFO: Target labels, logits, features and scores saved in: experiments/ex_5/net_14/bce_binary_ensemble_combined_imagenet_test_arr_curr_random_442.npz
01_06_15:02 __main__ INFO: Target labels, logits, features and scores saved in: experiments/ex_5/net_14/bce_binary_ensemble_combined_imagenet_test_arr_curr_random_443.npz
01_06_15:02 __main__ INFO: Target labels, logits, features and scores saved in: experiments/ex_5/net_14/bce_binary_ensemble_combined_imagenet_test_arr_curr_random_444.npz
01_06_15:03 __main__ INFO: Target labels, logits, features and scores saved in: experiments/ex_5/net_14/bce_binary_ensemble_combined_imagenet_test_arr_curr_random_445.npz
01_06_15:03 __main__ INFO: Target labels, logits, features and scores saved in: experiments/ex_5/net_14/bce_binary_ensemble_combined_imagenet_test_arr_curr_random_446.npz
01_06_15:04 __main__ INFO: Target labels, logits, features and scores saved in: experiments/ex_5/net_14/bce_binary_ensemble_combined_imagenet_test_arr_curr_random_447.npz
01_06_15:04 __main__ INFO: Target labels, logits, features and scores saved in: experiments/ex_5/net_14/bce_binary_ensemble_combined_imagenet_test_arr_curr_random_448.npz
01_06_15:05 __main__ INFO: Target labels, logits, features and scores saved in: experiments/ex_5/net_14/bce_binary_ensemble_combined_imagenet_test_arr_curr_random_449.npz
01_06_15:05 __main__ INFO: Target labels, logits, features and scores saved in: experiments/ex_5/net_14/bce_binary_ensemble_combined_imagenet_test_arr_curr_random_450.npz
01_06_15:06 __main__ INFO: Target labels, logits, features and scores saved in: experiments/ex_5/net_14/bce_binary_ensemble_combined_imagenet_test_arr_curr_random_451.npz
01_06_15:06 __main__ INFO: Target labels, logits, features and scores saved in: experiments/ex_5/net_14/bce_binary_ensemble_combined_imagenet_test_arr_curr_random_452.npz
01_06_15:07 __main__ INFO: Target labels, logits, features and scores saved in: experiments/ex_5/net_14/bce_binary_ensemble_combined_imagenet_test_arr_curr_random_453.npz
01_06_15:07 __main__ INFO: Target labels, logits, features and scores saved in: experiments/ex_5/net_14/bce_binary_ensemble_combined_imagenet_test_arr_curr_random_454.npz
01_06_15:08 __main__ INFO: Target labels, logits, features and scores saved in: experiments/ex_5/net_14/bce_binary_ensemble_combined_imagenet_test_arr_curr_random_455.npz
01_06_15:08 __main__ INFO: Target labels, logits, features and scores saved in: experiments/ex_5/net_14/bce_binary_ensemble_combined_imagenet_test_arr_curr_random_456.npz
01_06_15:09 __main__ INFO: Target labels, logits, features and scores saved in: experiments/ex_5/net_14/bce_binary_ensemble_combined_imagenet_test_arr_curr_random_457.npz
01_06_15:09 __main__ INFO: Target labels, logits, features and scores saved in: experiments/ex_5/net_14/bce_binary_ensemble_combined_imagenet_test_arr_curr_random_458.npz
01_06_15:10 __main__ INFO: Target labels, logits, features and scores saved in: experiments/ex_5/net_14/bce_binary_ensemble_combined_imagenet_test_arr_curr_random_459.npz
01_06_15:10 __main__ INFO: Target labels, logits, features and scores saved in: experiments/ex_5/net_14/bce_binary_ensemble_combined_imagenet_test_arr_curr_random_460.npz
01_06_15:11 __main__ INFO: Target labels, logits, features and scores saved in: experiments/ex_5/net_14/bce_binary_ensemble_combined_imagenet_test_arr_curr_random_461.npz
01_06_15:11 __main__ INFO: Target labels, logits, features and scores saved in: experiments/ex_5/net_14/bce_binary_ensemble_combined_imagenet_test_arr_curr_random_462.npz
01_06_15:12 __main__ INFO: Target labels, logits, features and scores saved in: experiments/ex_5/net_14/bce_binary_ensemble_combined_imagenet_test_arr_curr_random_463.npz
01_06_15:12 __main__ INFO: Target labels, logits, features and scores saved in: experiments/ex_5/net_14/bce_binary_ensemble_combined_imagenet_test_arr_curr_random_464.npz
01_06_15:13 __main__ INFO: Target labels, logits, features and scores saved in: experiments/ex_5/net_14/bce_binary_ensemble_combined_imagenet_test_arr_curr_random_465.npz
01_06_15:13 __main__ INFO: Target labels, logits, features and scores saved in: experiments/ex_5/net_14/bce_binary_ensemble_combined_imagenet_test_arr_curr_random_466.npz
01_06_15:14 __main__ INFO: Target labels, logits, features and scores saved in: experiments/ex_5/net_14/bce_binary_ensemble_combined_imagenet_test_arr_curr_random_467.npz
01_06_15:14 __main__ INFO: Target labels, logits, features and scores saved in: experiments/ex_5/net_14/bce_binary_ensemble_combined_imagenet_test_arr_curr_random_468.npz
01_06_15:15 __main__ INFO: Target labels, logits, features and scores saved in: experiments/ex_5/net_14/bce_binary_ensemble_combined_imagenet_test_arr_curr_random_469.npz
01_06_15:15 __main__ INFO: Target labels, logits, features and scores saved in: experiments/ex_5/net_14/bce_binary_ensemble_combined_imagenet_test_arr_curr_random_470.npz
01_06_15:16 __main__ INFO: Target labels, logits, features and scores saved in: experiments/ex_5/net_14/bce_binary_ensemble_combined_imagenet_test_arr_curr_random_471.npz
01_06_15:17 __main__ INFO: Target labels, logits, features and scores saved in: experiments/ex_5/net_14/bce_binary_ensemble_combined_imagenet_test_arr_curr_random_472.npz
01_06_15:17 __main__ INFO: Target labels, logits, features and scores saved in: experiments/ex_5/net_14/bce_binary_ensemble_combined_imagenet_test_arr_curr_random_473.npz
01_06_15:17 __main__ INFO: Target labels, logits, features and scores saved in: experiments/ex_5/net_14/bce_binary_ensemble_combined_imagenet_test_arr_curr_random_474.npz
01_06_15:18 __main__ INFO: Target labels, logits, features and scores saved in: experiments/ex_5/net_14/bce_binary_ensemble_combined_imagenet_test_arr_curr_random_475.npz
01_06_15:19 __main__ INFO: Target labels, logits, features and scores saved in: experiments/ex_5/net_14/bce_binary_ensemble_combined_imagenet_test_arr_curr_random_476.npz
01_06_15:19 __main__ INFO: Target labels, logits, features and scores saved in: experiments/ex_5/net_14/bce_binary_ensemble_combined_imagenet_test_arr_curr_random_477.npz
01_06_15:20 __main__ INFO: Target labels, logits, features and scores saved in: experiments/ex_5/net_14/bce_binary_ensemble_combined_imagenet_test_arr_curr_random_478.npz
01_06_15:20 __main__ INFO: Target labels, logits, features and scores saved in: experiments/ex_5/net_14/bce_binary_ensemble_combined_imagenet_test_arr_curr_random_479.npz
01_06_15:21 __main__ INFO: Target labels, logits, features and scores saved in: experiments/ex_5/net_14/bce_binary_ensemble_combined_imagenet_test_arr_curr_random_480.npz
01_06_15:21 __main__ INFO: Target labels, logits, features and scores saved in: experiments/ex_5/net_14/bce_binary_ensemble_combined_imagenet_test_arr_curr_random_481.npz
01_06_15:22 __main__ INFO: Target labels, logits, features and scores saved in: experiments/ex_5/net_14/bce_binary_ensemble_combined_imagenet_test_arr_curr_random_482.npz
01_06_15:22 __main__ INFO: Target labels, logits, features and scores saved in: experiments/ex_5/net_14/bce_binary_ensemble_combined_imagenet_test_arr_curr_random_483.npz
01_06_15:23 __main__ INFO: Target labels, logits, features and scores saved in: experiments/ex_5/net_14/bce_binary_ensemble_combined_imagenet_test_arr_curr_random_484.npz
01_06_15:23 __main__ INFO: Target labels, logits, features and scores saved in: experiments/ex_5/net_14/bce_binary_ensemble_combined_imagenet_test_arr_curr_random_485.npz
01_06_15:23 __main__ INFO: Target labels, logits, features and scores saved in: experiments/ex_5/net_14/bce_binary_ensemble_combined_imagenet_test_arr_curr_random_486.npz
01_06_15:24 __main__ INFO: Target labels, logits, features and scores saved in: experiments/ex_5/net_14/bce_binary_ensemble_combined_imagenet_test_arr_curr_random_487.npz
01_06_15:24 __main__ INFO: Target labels, logits, features and scores saved in: experiments/ex_5/net_14/bce_binary_ensemble_combined_imagenet_test_arr_curr_random_488.npz
01_06_15:25 __main__ INFO: Target labels, logits, features and scores saved in: experiments/ex_5/net_14/bce_binary_ensemble_combined_imagenet_test_arr_curr_random_489.npz
01_06_15:25 __main__ INFO: Target labels, logits, features and scores saved in: experiments/ex_5/net_14/bce_binary_ensemble_combined_imagenet_test_arr_curr_random_490.npz
01_06_15:26 __main__ INFO: Target labels, logits, features and scores saved in: experiments/ex_5/net_14/bce_binary_ensemble_combined_imagenet_test_arr_curr_random_491.npz
01_06_15:26 __main__ INFO: Target labels, logits, features and scores saved in: experiments/ex_5/net_14/bce_binary_ensemble_combined_imagenet_test_arr_curr_random_492.npz
01_06_15:27 __main__ INFO: Target labels, logits, features and scores saved in: experiments/ex_5/net_14/bce_binary_ensemble_combined_imagenet_test_arr_curr_random_493.npz
01_06_15:27 __main__ INFO: Target labels, logits, features and scores saved in: experiments/ex_5/net_14/bce_binary_ensemble_combined_imagenet_test_arr_curr_random_494.npz
01_06_15:28 __main__ INFO: Target labels, logits, features and scores saved in: experiments/ex_5/net_14/bce_binary_ensemble_combined_imagenet_test_arr_curr_random_495.npz
01_06_15:29 __main__ INFO: Target labels, logits, features and scores saved in: experiments/ex_5/net_14/bce_binary_ensemble_combined_imagenet_test_arr_curr_random_496.npz
01_06_15:29 __main__ INFO: Target labels, logits, features and scores saved in: experiments/ex_5/net_14/bce_binary_ensemble_combined_imagenet_test_arr_curr_random_497.npz
01_06_15:30 __main__ INFO: Target labels, logits, features and scores saved in: experiments/ex_5/net_14/bce_binary_ensemble_combined_imagenet_test_arr_curr_random_498.npz
01_06_15:31 __main__ INFO: Target labels, logits, features and scores saved in: experiments/ex_5/net_14/bce_binary_ensemble_combined_imagenet_test_arr_curr_random_499.npz
01_06_15:31 __main__ INFO: Target labels, logits, features and scores saved in: experiments/ex_5/net_14/bce_binary_ensemble_combined_imagenet_test_arr_curr_random_500.npz
01_06_15:31 __main__ INFO: Finished processing protocol 2, bce
