07_06_12:20 openset_imagenet.binary_ensemble_combined_emnist INFO: ============ Data ============
07_06_12:20 openset_imagenet.binary_ensemble_combined_emnist INFO: train_len:154522, labels:151
07_06_12:20 openset_imagenet.binary_ensemble_combined_emnist INFO: val_len:63182, labels:152
07_06_12:20 openset_imagenet.binary_ensemble_combined_emnist INFO: Using Negatives for Training: False
07_06_12:20 openset_imagenet.binary_ensemble_combined_emnist INFO: ========== Training ==========
07_06_12:20 openset_imagenet.binary_ensemble_combined_emnist INFO: Initial epoch: 0
07_06_12:20 openset_imagenet.binary_ensemble_combined_emnist INFO: Last epoch: 120
07_06_12:20 openset_imagenet.binary_ensemble_combined_emnist INFO: Batch size: 32
07_06_12:20 openset_imagenet.binary_ensemble_combined_emnist INFO: workers: 4
07_06_12:20 openset_imagenet.binary_ensemble_combined_emnist INFO: Loss: bce
07_06_12:20 openset_imagenet.binary_ensemble_combined_emnist INFO: optimizer: adam
07_06_12:20 openset_imagenet.binary_ensemble_combined_emnist INFO: Learning rate: 0.001
07_06_12:20 openset_imagenet.binary_ensemble_combined_emnist INFO: Device: 0
07_06_12:20 openset_imagenet.binary_ensemble_combined_emnist INFO: Number of binary outputs: 40
07_06_12:20 openset_imagenet.binary_ensemble_combined_emnist INFO: Using following approach to generate sets: random
07_06_12:20 openset_imagenet.binary_ensemble_combined_emnist INFO: Using Model: resnet50Plus
07_06_12:20 openset_imagenet.binary_ensemble_combined_emnist INFO: Training...
07_06_12:38 openset_imagenet.binary_ensemble_combined_emnist INFO: loss:bce protocol:3 ep:0 train:{'j': 0.689} val:{'j': 0.730, 'conf_kn': 0.042, 'conf_unk': 0.458} t:798.0s v:298.1s
07_06_12:38 openset_imagenet.binary_ensemble_combined_emnist INFO: Saving best model experiments/ex_7/net_9/bce_binary_ensemble_combined_imagenet_best.pth at epoch: 0
07_06_12:57 openset_imagenet.binary_ensemble_combined_emnist INFO: loss:bce protocol:3 ep:1 train:{'j': 0.679} val:{'j': 0.708, 'conf_kn': 0.079, 'conf_unk': 0.455} t:821.5s v:324.6s
07_06_12:57 openset_imagenet.binary_ensemble_combined_emnist INFO: Saving best model experiments/ex_7/net_9/bce_binary_ensemble_combined_imagenet_best.pth at epoch: 1
07_06_13:15 openset_imagenet.binary_ensemble_combined_emnist INFO: loss:bce protocol:3 ep:2 train:{'j': 0.667} val:{'j': 0.701, 'conf_kn': 0.115, 'conf_unk': 0.423} t:775.2s v:293.6s
07_06_13:15 openset_imagenet.binary_ensemble_combined_emnist INFO: Saving best model experiments/ex_7/net_9/bce_binary_ensemble_combined_imagenet_best.pth at epoch: 2
07_06_13:33 openset_imagenet.binary_ensemble_combined_emnist INFO: loss:bce protocol:3 ep:3 train:{'j': 0.652} val:{'j': 0.686, 'conf_kn': 0.160, 'conf_unk': 0.429} t:804.5s v:290.9s
07_06_13:33 openset_imagenet.binary_ensemble_combined_emnist INFO: Saving best model experiments/ex_7/net_9/bce_binary_ensemble_combined_imagenet_best.pth at epoch: 3
07_06_13:51 openset_imagenet.binary_ensemble_combined_emnist INFO: loss:bce protocol:3 ep:4 train:{'j': 0.635} val:{'j': 0.676, 'conf_kn': 0.224, 'conf_unk': 0.416} t:791.0s v:289.3s
07_06_13:51 openset_imagenet.binary_ensemble_combined_emnist INFO: Saving best model experiments/ex_7/net_9/bce_binary_ensemble_combined_imagenet_best.pth at epoch: 4
07_06_14:10 openset_imagenet.binary_ensemble_combined_emnist INFO: loss:bce protocol:3 ep:5 train:{'j': 0.614} val:{'j': 0.671, 'conf_kn': 0.254, 'conf_unk': 0.405} t:808.3s v:317.8s
07_06_14:10 openset_imagenet.binary_ensemble_combined_emnist INFO: Saving best model experiments/ex_7/net_9/bce_binary_ensemble_combined_imagenet_best.pth at epoch: 5
07_06_14:29 openset_imagenet.binary_ensemble_combined_emnist INFO: loss:bce protocol:3 ep:6 train:{'j': 0.590} val:{'j': 0.668, 'conf_kn': 0.280, 'conf_unk': 0.402} t:815.5s v:327.1s
07_06_14:29 openset_imagenet.binary_ensemble_combined_emnist INFO: Saving best model experiments/ex_7/net_9/bce_binary_ensemble_combined_imagenet_best.pth at epoch: 6
07_06_14:49 openset_imagenet.binary_ensemble_combined_emnist INFO: loss:bce protocol:3 ep:7 train:{'j': 0.565} val:{'j': 0.699, 'conf_kn': 0.319, 'conf_unk': 0.377} t:823.9s v:346.8s
07_06_14:49 openset_imagenet.binary_ensemble_combined_emnist INFO: Saving best model experiments/ex_7/net_9/bce_binary_ensemble_combined_imagenet_best.pth at epoch: 7
07_06_15:09 openset_imagenet.binary_ensemble_combined_emnist INFO: loss:bce protocol:3 ep:8 train:{'j': 0.548} val:{'j': 0.668, 'conf_kn': 0.399, 'conf_unk': 0.372} t:873.8s v:343.7s
07_06_15:09 openset_imagenet.binary_ensemble_combined_emnist INFO: Saving best model experiments/ex_7/net_9/bce_binary_ensemble_combined_imagenet_best.pth at epoch: 8
07_06_15:28 openset_imagenet.binary_ensemble_combined_emnist INFO: loss:bce protocol:3 ep:9 train:{'j': 0.523} val:{'j': 0.664, 'conf_kn': 0.419, 'conf_unk': 0.352} t:839.7s v:311.6s
07_06_15:28 openset_imagenet.binary_ensemble_combined_emnist INFO: Saving best model experiments/ex_7/net_9/bce_binary_ensemble_combined_imagenet_best.pth at epoch: 9
07_06_15:47 openset_imagenet.binary_ensemble_combined_emnist INFO: loss:bce protocol:3 ep:10 train:{'j': 0.503} val:{'j': 0.662, 'conf_kn': 0.446, 'conf_unk': 0.356} t:840.7s v:301.4s
07_06_15:47 openset_imagenet.binary_ensemble_combined_emnist INFO: Saving best model experiments/ex_7/net_9/bce_binary_ensemble_combined_imagenet_best.pth at epoch: 10
07_06_16:06 openset_imagenet.binary_ensemble_combined_emnist INFO: loss:bce protocol:3 ep:11 train:{'j': 0.480} val:{'j': 0.657, 'conf_kn': 0.500, 'conf_unk': 0.344} t:845.8s v:299.7s
07_06_16:06 openset_imagenet.binary_ensemble_combined_emnist INFO: Saving best model experiments/ex_7/net_9/bce_binary_ensemble_combined_imagenet_best.pth at epoch: 11
07_06_16:25 openset_imagenet.binary_ensemble_combined_emnist INFO: loss:bce protocol:3 ep:12 train:{'j': 0.465} val:{'j': 0.656, 'conf_kn': 0.520, 'conf_unk': 0.331} t:834.4s v:280.8s
07_06_16:25 openset_imagenet.binary_ensemble_combined_emnist INFO: Saving best model experiments/ex_7/net_9/bce_binary_ensemble_combined_imagenet_best.pth at epoch: 12
07_06_16:43 openset_imagenet.binary_ensemble_combined_emnist INFO: loss:bce protocol:3 ep:13 train:{'j': 0.449} val:{'j': 0.675, 'conf_kn': 0.511, 'conf_unk': 0.320} t:781.7s v:288.7s
07_06_17:01 openset_imagenet.binary_ensemble_combined_emnist INFO: loss:bce protocol:3 ep:14 train:{'j': 0.434} val:{'j': 0.676, 'conf_kn': 0.555, 'conf_unk': 0.312} t:791.4s v:281.2s
07_06_17:01 openset_imagenet.binary_ensemble_combined_emnist INFO: Saving best model experiments/ex_7/net_9/bce_binary_ensemble_combined_imagenet_best.pth at epoch: 14
07_06_17:18 openset_imagenet.binary_ensemble_combined_emnist INFO: loss:bce protocol:3 ep:15 train:{'j': 0.417} val:{'j': 0.676, 'conf_kn': 0.576, 'conf_unk': 0.307} t:772.1s v:282.1s
07_06_17:18 openset_imagenet.binary_ensemble_combined_emnist INFO: Saving best model experiments/ex_7/net_9/bce_binary_ensemble_combined_imagenet_best.pth at epoch: 15
07_06_17:45 openset_imagenet.binary_ensemble_combined_emnist INFO: loss:bce protocol:3 ep:16 train:{'j': 0.404} val:{'j': 0.667, 'conf_kn': 0.596, 'conf_unk': 0.302} t:1121.6s v:451.3s
07_06_17:45 openset_imagenet.binary_ensemble_combined_emnist INFO: Saving best model experiments/ex_7/net_9/bce_binary_ensemble_combined_imagenet_best.pth at epoch: 16
07_06_18:22 openset_imagenet.binary_ensemble_combined_emnist INFO: loss:bce protocol:3 ep:17 train:{'j': 0.390} val:{'j': 0.683, 'conf_kn': 0.610, 'conf_unk': 0.287} t:1764.7s v:460.0s
07_06_18:22 openset_imagenet.binary_ensemble_combined_emnist INFO: Saving best model experiments/ex_7/net_9/bce_binary_ensemble_combined_imagenet_best.pth at epoch: 17
07_06_18:59 openset_imagenet.binary_ensemble_combined_emnist INFO: loss:bce protocol:3 ep:18 train:{'j': 0.383} val:{'j': 0.689, 'conf_kn': 0.611, 'conf_unk': 0.293} t:1770.4s v:461.7s
07_06_18:59 openset_imagenet.binary_ensemble_combined_emnist INFO: Saving best model experiments/ex_7/net_9/bce_binary_ensemble_combined_imagenet_best.pth at epoch: 18
07_06_19:36 openset_imagenet.binary_ensemble_combined_emnist INFO: loss:bce protocol:3 ep:19 train:{'j': 0.365} val:{'j': 0.664, 'conf_kn': 0.640, 'conf_unk': 0.283} t:1774.4s v:456.8s
07_06_19:36 openset_imagenet.binary_ensemble_combined_emnist INFO: Saving best model experiments/ex_7/net_9/bce_binary_ensemble_combined_imagenet_best.pth at epoch: 19
07_06_20:12 openset_imagenet.binary_ensemble_combined_emnist INFO: loss:bce protocol:3 ep:20 train:{'j': 0.356} val:{'j': 0.684, 'conf_kn': 0.631, 'conf_unk': 0.284} t:1716.1s v:453.5s
07_06_20:51 openset_imagenet.binary_ensemble_combined_emnist INFO: loss:bce protocol:3 ep:21 train:{'j': 0.346} val:{'j': 0.673, 'conf_kn': 0.646, 'conf_unk': 0.279} t:1829.2s v:482.3s
07_06_20:51 openset_imagenet.binary_ensemble_combined_emnist INFO: Saving best model experiments/ex_7/net_9/bce_binary_ensemble_combined_imagenet_best.pth at epoch: 21
07_06_21:28 openset_imagenet.binary_ensemble_combined_emnist INFO: loss:bce protocol:3 ep:22 train:{'j': 0.338} val:{'j': 0.702, 'conf_kn': 0.643, 'conf_unk': 0.272} t:1762.3s v:449.5s
07_06_22:03 openset_imagenet.binary_ensemble_combined_emnist INFO: loss:bce protocol:3 ep:23 train:{'j': 0.323} val:{'j': 0.640, 'conf_kn': 0.668, 'conf_unk': 0.283} t:1663.6s v:447.3s
07_06_22:03 openset_imagenet.binary_ensemble_combined_emnist INFO: Saving best model experiments/ex_7/net_9/bce_binary_ensemble_combined_imagenet_best.pth at epoch: 23
07_06_22:38 openset_imagenet.binary_ensemble_combined_emnist INFO: loss:bce protocol:3 ep:24 train:{'j': 0.317} val:{'j': 0.726, 'conf_kn': 0.658, 'conf_unk': 0.264} t:1617.0s v:456.7s
07_06_23:14 openset_imagenet.binary_ensemble_combined_emnist INFO: loss:bce protocol:3 ep:25 train:{'j': 0.311} val:{'j': 0.710, 'conf_kn': 0.666, 'conf_unk': 0.267} t:1717.0s v:449.6s
07_06_23:50 openset_imagenet.binary_ensemble_combined_emnist INFO: loss:bce protocol:3 ep:26 train:{'j': 0.301} val:{'j': 0.698, 'conf_kn': 0.666, 'conf_unk': 0.263} t:1720.9s v:450.4s
08_06_00:26 openset_imagenet.binary_ensemble_combined_emnist INFO: loss:bce protocol:3 ep:27 train:{'j': 0.292} val:{'j': 0.740, 'conf_kn': 0.672, 'conf_unk': 0.260} t:1713.2s v:457.5s
08_06_01:05 openset_imagenet.binary_ensemble_combined_emnist INFO: loss:bce protocol:3 ep:28 train:{'j': 0.289} val:{'j': 0.809, 'conf_kn': 0.679, 'conf_unk': 0.240} t:1886.7s v:429.7s
08_06_01:38 openset_imagenet.binary_ensemble_combined_emnist INFO: loss:bce protocol:3 ep:29 train:{'j': 0.283} val:{'j': 0.721, 'conf_kn': 0.688, 'conf_unk': 0.250} t:1543.2s v:431.9s
08_06_02:11 openset_imagenet.binary_ensemble_combined_emnist INFO: loss:bce protocol:3 ep:30 train:{'j': 0.269} val:{'j': 0.777, 'conf_kn': 0.678, 'conf_unk': 0.250} t:1561.0s v:424.9s
08_06_02:44 openset_imagenet.binary_ensemble_combined_emnist INFO: loss:bce protocol:3 ep:31 train:{'j': 0.267} val:{'j': 0.744, 'conf_kn': 0.688, 'conf_unk': 0.248} t:1575.8s v:430.5s
08_06_03:18 openset_imagenet.binary_ensemble_combined_emnist INFO: loss:bce protocol:3 ep:32 train:{'j': 0.259} val:{'j': 0.796, 'conf_kn': 0.675, 'conf_unk': 0.245} t:1575.2s v:429.5s
08_06_03:52 openset_imagenet.binary_ensemble_combined_emnist INFO: loss:bce protocol:3 ep:33 train:{'j': 0.257} val:{'j': 0.755, 'conf_kn': 0.700, 'conf_unk': 0.238} t:1596.3s v:447.2s
08_06_04:27 openset_imagenet.binary_ensemble_combined_emnist INFO: loss:bce protocol:3 ep:34 train:{'j': 0.245} val:{'j': 0.773, 'conf_kn': 0.712, 'conf_unk': 0.237} t:1641.8s v:445.9s
08_06_05:01 openset_imagenet.binary_ensemble_combined_emnist INFO: loss:bce protocol:3 ep:35 train:{'j': 0.242} val:{'j': 0.826, 'conf_kn': 0.705, 'conf_unk': 0.231} t:1624.4s v:446.1s
08_06_05:36 openset_imagenet.binary_ensemble_combined_emnist INFO: loss:bce protocol:3 ep:36 train:{'j': 0.234} val:{'j': 0.805, 'conf_kn': 0.714, 'conf_unk': 0.230} t:1628.3s v:440.1s
08_06_06:08 openset_imagenet.binary_ensemble_combined_emnist INFO: loss:bce protocol:3 ep:37 train:{'j': 0.231} val:{'j': 0.819, 'conf_kn': 0.713, 'conf_unk': 0.225} t:1516.2s v:424.0s
08_06_06:40 openset_imagenet.binary_ensemble_combined_emnist INFO: loss:bce protocol:3 ep:38 train:{'j': 0.222} val:{'j': 0.831, 'conf_kn': 0.701, 'conf_unk': 0.229} t:1475.1s v:414.6s
08_06_07:11 openset_imagenet.binary_ensemble_combined_emnist INFO: loss:bce protocol:3 ep:39 train:{'j': 0.220} val:{'j': 0.834, 'conf_kn': 0.727, 'conf_unk': 0.217} t:1465.3s v:418.6s
08_06_07:43 openset_imagenet.binary_ensemble_combined_emnist INFO: loss:bce protocol:3 ep:40 train:{'j': 0.216} val:{'j': 0.805, 'conf_kn': 0.706, 'conf_unk': 0.229} t:1491.8s v:420.5s
08_06_08:15 openset_imagenet.binary_ensemble_combined_emnist INFO: loss:bce protocol:3 ep:41 train:{'j': 0.210} val:{'j': 0.766, 'conf_kn': 0.706, 'conf_unk': 0.225} t:1504.3s v:421.9s
08_06_08:47 openset_imagenet.binary_ensemble_combined_emnist INFO: loss:bce protocol:3 ep:42 train:{'j': 0.209} val:{'j': 0.852, 'conf_kn': 0.729, 'conf_unk': 0.215} t:1479.9s v:426.5s
08_06_09:20 openset_imagenet.binary_ensemble_combined_emnist INFO: loss:bce protocol:3 ep:43 train:{'j': 0.200} val:{'j': 0.842, 'conf_kn': 0.718, 'conf_unk': 0.222} t:1543.3s v:431.4s
08_06_09:53 openset_imagenet.binary_ensemble_combined_emnist INFO: loss:bce protocol:3 ep:44 train:{'j': 0.203} val:{'j': 0.877, 'conf_kn': 0.724, 'conf_unk': 0.214} t:1550.1s v:427.1s
08_06_10:26 openset_imagenet.binary_ensemble_combined_emnist INFO: loss:bce protocol:3 ep:45 train:{'j': 0.194} val:{'j': 0.830, 'conf_kn': 0.729, 'conf_unk': 0.217} t:1553.6s v:437.4s
08_06_10:59 openset_imagenet.binary_ensemble_combined_emnist INFO: loss:bce protocol:3 ep:46 train:{'j': 0.189} val:{'j': 0.865, 'conf_kn': 0.710, 'conf_unk': 0.216} t:1542.7s v:420.3s
08_06_11:28 openset_imagenet.binary_ensemble_combined_emnist INFO: loss:bce protocol:3 ep:47 train:{'j': 0.188} val:{'j': 0.902, 'conf_kn': 0.719, 'conf_unk': 0.211} t:1380.3s v:409.0s
08_06_11:58 openset_imagenet.binary_ensemble_combined_emnist INFO: loss:bce protocol:3 ep:48 train:{'j': 0.183} val:{'j': 0.864, 'conf_kn': 0.732, 'conf_unk': 0.215} t:1406.2s v:392.2s
08_06_12:31 openset_imagenet.binary_ensemble_combined_emnist INFO: loss:bce protocol:3 ep:49 train:{'j': 0.179} val:{'j': 0.908, 'conf_kn': 0.724, 'conf_unk': 0.207} t:1531.8s v:455.2s
08_06_13:08 openset_imagenet.binary_ensemble_combined_emnist INFO: loss:bce protocol:3 ep:50 train:{'j': 0.178} val:{'j': 0.844, 'conf_kn': 0.709, 'conf_unk': 0.219} t:1730.7s v:449.5s
08_06_13:45 openset_imagenet.binary_ensemble_combined_emnist INFO: loss:bce protocol:3 ep:51 train:{'j': 0.173} val:{'j': 0.910, 'conf_kn': 0.736, 'conf_unk': 0.207} t:1750.9s v:472.4s
08_06_14:22 openset_imagenet.binary_ensemble_combined_emnist INFO: loss:bce protocol:3 ep:52 train:{'j': 0.171} val:{'j': 0.930, 'conf_kn': 0.736, 'conf_unk': 0.205} t:1743.5s v:459.8s
08_06_14:58 openset_imagenet.binary_ensemble_combined_emnist INFO: loss:bce protocol:3 ep:53 train:{'j': 0.170} val:{'j': 1.034, 'conf_kn': 0.732, 'conf_unk': 0.192} t:1726.6s v:441.7s
08_06_15:35 openset_imagenet.binary_ensemble_combined_emnist INFO: loss:bce protocol:3 ep:54 train:{'j': 0.164} val:{'j': 0.941, 'conf_kn': 0.718, 'conf_unk': 0.206} t:1742.1s v:471.3s
08_06_16:12 openset_imagenet.binary_ensemble_combined_emnist INFO: loss:bce protocol:3 ep:55 train:{'j': 0.161} val:{'j': 0.995, 'conf_kn': 0.736, 'conf_unk': 0.196} t:1743.7s v:466.5s
08_06_16:48 openset_imagenet.binary_ensemble_combined_emnist INFO: loss:bce protocol:3 ep:56 train:{'j': 0.158} val:{'j': 1.007, 'conf_kn': 0.736, 'conf_unk': 0.199} t:1739.6s v:464.5s
08_06_17:24 openset_imagenet.binary_ensemble_combined_emnist INFO: loss:bce protocol:3 ep:57 train:{'j': 0.155} val:{'j': 0.960, 'conf_kn': 0.729, 'conf_unk': 0.205} t:1692.9s v:451.5s
08_06_18:01 openset_imagenet.binary_ensemble_combined_emnist INFO: loss:bce protocol:3 ep:58 train:{'j': 0.153} val:{'j': 0.958, 'conf_kn': 0.734, 'conf_unk': 0.209} t:1753.9s v:445.4s
08_06_18:38 openset_imagenet.binary_ensemble_combined_emnist INFO: loss:bce protocol:3 ep:59 train:{'j': 0.151} val:{'j': 1.007, 'conf_kn': 0.735, 'conf_unk': 0.197} t:1765.8s v:446.5s
08_06_19:14 openset_imagenet.binary_ensemble_combined_emnist INFO: loss:bce protocol:3 ep:60 train:{'j': 0.148} val:{'j': 0.966, 'conf_kn': 0.739, 'conf_unk': 0.201} t:1742.4s v:425.0s
08_06_19:51 openset_imagenet.binary_ensemble_combined_emnist INFO: loss:bce protocol:3 ep:61 train:{'j': 0.152} val:{'j': 1.011, 'conf_kn': 0.745, 'conf_unk': 0.194} t:1740.0s v:449.1s
08_06_20:28 openset_imagenet.binary_ensemble_combined_emnist INFO: loss:bce protocol:3 ep:62 train:{'j': 0.140} val:{'j': 1.069, 'conf_kn': 0.732, 'conf_unk': 0.191} t:1793.6s v:444.9s
08_06_21:06 openset_imagenet.binary_ensemble_combined_emnist INFO: loss:bce protocol:3 ep:63 train:{'j': 0.141} val:{'j': 1.030, 'conf_kn': 0.739, 'conf_unk': 0.196} t:1804.5s v:453.6s
08_06_21:43 openset_imagenet.binary_ensemble_combined_emnist INFO: loss:bce protocol:3 ep:64 train:{'j': 0.137} val:{'j': 0.994, 'conf_kn': 0.736, 'conf_unk': 0.196} t:1774.9s v:452.2s
08_06_22:20 openset_imagenet.binary_ensemble_combined_emnist INFO: loss:bce protocol:3 ep:65 train:{'j': 0.137} val:{'j': 0.984, 'conf_kn': 0.737, 'conf_unk': 0.193} t:1803.0s v:453.3s
08_06_22:58 openset_imagenet.binary_ensemble_combined_emnist INFO: loss:bce protocol:3 ep:66 train:{'j': 0.135} val:{'j': 1.066, 'conf_kn': 0.746, 'conf_unk': 0.187} t:1803.2s v:445.0s
08_06_23:35 openset_imagenet.binary_ensemble_combined_emnist INFO: loss:bce protocol:3 ep:67 train:{'j': 0.133} val:{'j': 1.040, 'conf_kn': 0.738, 'conf_unk': 0.193} t:1751.1s v:466.3s
09_06_00:11 openset_imagenet.binary_ensemble_combined_emnist INFO: loss:bce protocol:3 ep:68 train:{'j': 0.130} val:{'j': 1.072, 'conf_kn': 0.738, 'conf_unk': 0.187} t:1714.2s v:467.1s
09_06_00:47 openset_imagenet.binary_ensemble_combined_emnist INFO: loss:bce protocol:3 ep:69 train:{'j': 0.127} val:{'j': 1.104, 'conf_kn': 0.733, 'conf_unk': 0.188} t:1694.7s v:467.7s
09_06_01:24 openset_imagenet.binary_ensemble_combined_emnist INFO: loss:bce protocol:3 ep:70 train:{'j': 0.128} val:{'j': 1.083, 'conf_kn': 0.743, 'conf_unk': 0.184} t:1750.5s v:476.5s
09_06_02:01 openset_imagenet.binary_ensemble_combined_emnist INFO: loss:bce protocol:3 ep:71 train:{'j': 0.125} val:{'j': 1.167, 'conf_kn': 0.750, 'conf_unk': 0.180} t:1703.7s v:479.8s
09_06_02:37 openset_imagenet.binary_ensemble_combined_emnist INFO: loss:bce protocol:3 ep:72 train:{'j': 0.122} val:{'j': 1.082, 'conf_kn': 0.730, 'conf_unk': 0.195} t:1725.5s v:462.2s
09_06_03:13 openset_imagenet.binary_ensemble_combined_emnist INFO: loss:bce protocol:3 ep:73 train:{'j': 0.122} val:{'j': 1.085, 'conf_kn': 0.742, 'conf_unk': 0.189} t:1711.1s v:462.3s
09_06_03:50 openset_imagenet.binary_ensemble_combined_emnist INFO: loss:bce protocol:3 ep:74 train:{'j': 0.119} val:{'j': 1.133, 'conf_kn': 0.738, 'conf_unk': 0.187} t:1715.3s v:453.1s
09_06_04:25 openset_imagenet.binary_ensemble_combined_emnist INFO: loss:bce protocol:3 ep:75 train:{'j': 0.119} val:{'j': 1.030, 'conf_kn': 0.707, 'conf_unk': 0.198} t:1697.9s v:442.0s
09_06_05:02 openset_imagenet.binary_ensemble_combined_emnist INFO: loss:bce protocol:3 ep:76 train:{'j': 0.115} val:{'j': 1.033, 'conf_kn': 0.733, 'conf_unk': 0.194} t:1741.6s v:464.4s
09_06_05:40 openset_imagenet.binary_ensemble_combined_emnist INFO: loss:bce protocol:3 ep:77 train:{'j': 0.114} val:{'j': 1.132, 'conf_kn': 0.746, 'conf_unk': 0.183} t:1821.4s v:449.8s
09_06_06:18 openset_imagenet.binary_ensemble_combined_emnist INFO: loss:bce protocol:3 ep:78 train:{'j': 0.114} val:{'j': 1.235, 'conf_kn': 0.746, 'conf_unk': 0.178} t:1829.0s v:445.0s
09_06_06:54 openset_imagenet.binary_ensemble_combined_emnist INFO: loss:bce protocol:3 ep:79 train:{'j': 0.111} val:{'j': 1.170, 'conf_kn': 0.747, 'conf_unk': 0.178} t:1752.5s v:444.7s
09_06_07:33 openset_imagenet.binary_ensemble_combined_emnist INFO: loss:bce protocol:3 ep:80 train:{'j': 0.109} val:{'j': 1.098, 'conf_kn': 0.744, 'conf_unk': 0.184} t:1805.2s v:486.4s
09_06_08:10 openset_imagenet.binary_ensemble_combined_emnist INFO: loss:bce protocol:3 ep:81 train:{'j': 0.108} val:{'j': 1.146, 'conf_kn': 0.735, 'conf_unk': 0.182} t:1792.9s v:451.2s
09_06_08:47 openset_imagenet.binary_ensemble_combined_emnist INFO: loss:bce protocol:3 ep:82 train:{'j': 0.108} val:{'j': 1.151, 'conf_kn': 0.743, 'conf_unk': 0.178} t:1746.0s v:445.0s
09_06_09:24 openset_imagenet.binary_ensemble_combined_emnist INFO: loss:bce protocol:3 ep:83 train:{'j': 0.104} val:{'j': 1.233, 'conf_kn': 0.741, 'conf_unk': 0.181} t:1768.6s v:444.6s
09_06_10:00 openset_imagenet.binary_ensemble_combined_emnist INFO: loss:bce protocol:3 ep:84 train:{'j': 0.103} val:{'j': 1.219, 'conf_kn': 0.734, 'conf_unk': 0.177} t:1771.2s v:441.6s
09_06_10:37 openset_imagenet.binary_ensemble_combined_emnist INFO: loss:bce protocol:3 ep:85 train:{'j': 0.102} val:{'j': 1.196, 'conf_kn': 0.735, 'conf_unk': 0.180} t:1723.5s v:443.9s
09_06_11:14 openset_imagenet.binary_ensemble_combined_emnist INFO: loss:bce protocol:3 ep:86 train:{'j': 0.101} val:{'j': 1.148, 'conf_kn': 0.743, 'conf_unk': 0.180} t:1767.5s v:448.7s
09_06_11:51 openset_imagenet.binary_ensemble_combined_emnist INFO: loss:bce protocol:3 ep:87 train:{'j': 0.099} val:{'j': 1.296, 'conf_kn': 0.743, 'conf_unk': 0.173} t:1818.4s v:445.2s
09_06_12:28 openset_imagenet.binary_ensemble_combined_emnist INFO: loss:bce protocol:3 ep:88 train:{'j': 0.099} val:{'j': 1.166, 'conf_kn': 0.732, 'conf_unk': 0.182} t:1806.1s v:384.6s
09_06_13:05 openset_imagenet.binary_ensemble_combined_emnist INFO: loss:bce protocol:3 ep:89 train:{'j': 0.097} val:{'j': 1.206, 'conf_kn': 0.738, 'conf_unk': 0.178} t:1770.4s v:446.2s
09_06_13:42 openset_imagenet.binary_ensemble_combined_emnist INFO: loss:bce protocol:3 ep:90 train:{'j': 0.097} val:{'j': 1.214, 'conf_kn': 0.744, 'conf_unk': 0.177} t:1772.2s v:444.0s
09_06_14:19 openset_imagenet.binary_ensemble_combined_emnist INFO: loss:bce protocol:3 ep:91 train:{'j': 0.096} val:{'j': 1.119, 'conf_kn': 0.722, 'conf_unk': 0.186} t:1771.2s v:445.5s
09_06_14:55 openset_imagenet.binary_ensemble_combined_emnist INFO: loss:bce protocol:3 ep:92 train:{'j': 0.094} val:{'j': 1.289, 'conf_kn': 0.745, 'conf_unk': 0.172} t:1735.4s v:465.3s
09_06_15:32 openset_imagenet.binary_ensemble_combined_emnist INFO: loss:bce protocol:3 ep:93 train:{'j': 0.091} val:{'j': 1.243, 'conf_kn': 0.743, 'conf_unk': 0.170} t:1757.8s v:442.1s
09_06_16:09 openset_imagenet.binary_ensemble_combined_emnist INFO: loss:bce protocol:3 ep:94 train:{'j': 0.091} val:{'j': 1.364, 'conf_kn': 0.742, 'conf_unk': 0.169} t:1754.4s v:450.8s
09_06_16:46 openset_imagenet.binary_ensemble_combined_emnist INFO: loss:bce protocol:3 ep:95 train:{'j': 0.091} val:{'j': 1.318, 'conf_kn': 0.732, 'conf_unk': 0.173} t:1750.4s v:447.7s
09_06_17:23 openset_imagenet.binary_ensemble_combined_emnist INFO: loss:bce protocol:3 ep:96 train:{'j': 0.089} val:{'j': 1.281, 'conf_kn': 0.752, 'conf_unk': 0.169} t:1775.5s v:441.2s
09_06_18:00 openset_imagenet.binary_ensemble_combined_emnist INFO: loss:bce protocol:3 ep:97 train:{'j': 0.088} val:{'j': 1.557, 'conf_kn': 0.734, 'conf_unk': 0.176} t:1772.5s v:446.1s
09_06_18:36 openset_imagenet.binary_ensemble_combined_emnist INFO: loss:bce protocol:3 ep:98 train:{'j': 0.087} val:{'j': 1.287, 'conf_kn': 0.742, 'conf_unk': 0.174} t:1773.5s v:401.5s
09_06_19:14 openset_imagenet.binary_ensemble_combined_emnist INFO: loss:bce protocol:3 ep:99 train:{'j': 0.086} val:{'j': 1.342, 'conf_kn': 0.746, 'conf_unk': 0.171} t:1822.5s v:452.5s
09_06_19:52 openset_imagenet.binary_ensemble_combined_emnist INFO: loss:bce protocol:3 ep:100 train:{'j': 0.085} val:{'j': 1.385, 'conf_kn': 0.744, 'conf_unk': 0.165} t:1852.1s v:450.7s
09_06_20:30 openset_imagenet.binary_ensemble_combined_emnist INFO: loss:bce protocol:3 ep:101 train:{'j': 0.084} val:{'j': 1.332, 'conf_kn': 0.744, 'conf_unk': 0.171} t:1829.1s v:452.9s
09_06_21:08 openset_imagenet.binary_ensemble_combined_emnist INFO: loss:bce protocol:3 ep:102 train:{'j': 0.084} val:{'j': 1.209, 'conf_kn': 0.738, 'conf_unk': 0.174} t:1790.7s v:447.0s
09_06_21:45 openset_imagenet.binary_ensemble_combined_emnist INFO: loss:bce protocol:3 ep:103 train:{'j': 0.083} val:{'j': 1.418, 'conf_kn': 0.745, 'conf_unk': 0.164} t:1754.7s v:510.9s
09_06_22:23 openset_imagenet.binary_ensemble_combined_emnist INFO: loss:bce protocol:3 ep:104 train:{'j': 0.083} val:{'j': 1.332, 'conf_kn': 0.749, 'conf_unk': 0.169} t:1813.9s v:447.4s
09_06_23:01 openset_imagenet.binary_ensemble_combined_emnist INFO: loss:bce protocol:3 ep:105 train:{'j': 0.082} val:{'j': 1.387, 'conf_kn': 0.750, 'conf_unk': 0.163} t:1796.3s v:457.2s
09_06_23:39 openset_imagenet.binary_ensemble_combined_emnist INFO: loss:bce protocol:3 ep:106 train:{'j': 0.080} val:{'j': 1.350, 'conf_kn': 0.743, 'conf_unk': 0.168} t:1825.5s v:448.9s
10_06_00:17 openset_imagenet.binary_ensemble_combined_emnist INFO: loss:bce protocol:3 ep:107 train:{'j': 0.079} val:{'j': 1.465, 'conf_kn': 0.740, 'conf_unk': 0.170} t:1825.6s v:450.4s
10_06_01:00 openset_imagenet.binary_ensemble_combined_emnist INFO: loss:bce protocol:3 ep:108 train:{'j': 0.081} val:{'j': 1.289, 'conf_kn': 0.751, 'conf_unk': 0.167} t:2205.7s v:386.9s
10_06_01:37 openset_imagenet.binary_ensemble_combined_emnist INFO: loss:bce protocol:3 ep:109 train:{'j': 0.077} val:{'j': 1.236, 'conf_kn': 0.744, 'conf_unk': 0.171} t:1761.6s v:452.0s
10_06_02:14 openset_imagenet.binary_ensemble_combined_emnist INFO: loss:bce protocol:3 ep:110 train:{'j': 0.077} val:{'j': 1.350, 'conf_kn': 0.746, 'conf_unk': 0.171} t:1766.2s v:450.7s
10_06_02:50 openset_imagenet.binary_ensemble_combined_emnist INFO: loss:bce protocol:3 ep:111 train:{'j': 0.076} val:{'j': 1.381, 'conf_kn': 0.754, 'conf_unk': 0.162} t:1757.8s v:441.7s
10_06_03:27 openset_imagenet.binary_ensemble_combined_emnist INFO: loss:bce protocol:3 ep:112 train:{'j': 0.076} val:{'j': 1.337, 'conf_kn': 0.730, 'conf_unk': 0.170} t:1732.4s v:446.6s
10_06_04:03 openset_imagenet.binary_ensemble_combined_emnist INFO: loss:bce protocol:3 ep:113 train:{'j': 0.075} val:{'j': 1.429, 'conf_kn': 0.752, 'conf_unk': 0.160} t:1751.4s v:447.6s
10_06_04:40 openset_imagenet.binary_ensemble_combined_emnist INFO: loss:bce protocol:3 ep:114 train:{'j': 0.073} val:{'j': 1.448, 'conf_kn': 0.748, 'conf_unk': 0.161} t:1748.9s v:443.6s
10_06_05:16 openset_imagenet.binary_ensemble_combined_emnist INFO: loss:bce protocol:3 ep:115 train:{'j': 0.074} val:{'j': 1.401, 'conf_kn': 0.747, 'conf_unk': 0.163} t:1739.8s v:446.0s
10_06_05:52 openset_imagenet.binary_ensemble_combined_emnist INFO: loss:bce protocol:3 ep:116 train:{'j': 0.073} val:{'j': 1.412, 'conf_kn': 0.748, 'conf_unk': 0.166} t:1713.6s v:444.8s
10_06_06:29 openset_imagenet.binary_ensemble_combined_emnist INFO: loss:bce protocol:3 ep:117 train:{'j': 0.073} val:{'j': 1.422, 'conf_kn': 0.742, 'conf_unk': 0.164} t:1734.7s v:442.0s
10_06_07:05 openset_imagenet.binary_ensemble_combined_emnist INFO: loss:bce protocol:3 ep:118 train:{'j': 0.072} val:{'j': 1.472, 'conf_kn': 0.748, 'conf_unk': 0.161} t:1744.9s v:445.3s
10_06_07:42 openset_imagenet.binary_ensemble_combined_emnist INFO: loss:bce protocol:3 ep:119 train:{'j': 0.072} val:{'j': 1.375, 'conf_kn': 0.746, 'conf_unk': 0.164} t:1748.6s v:446.7s
10_06_07:42 openset_imagenet.binary_ensemble_combined_emnist INFO: Training finished
